# JRE version: Java(TM) SE Runtime Environment (8.0_201-b09) (build 1.8.0_201-b09)
# Java VM: Java HotSpot(TM) 64-Bit Server VM (25.201-b09 mixed mode windows-amd64 compressed oops)
Heap:
 PSYoungGen      total 125952K, used 49574K [0x00000000d5580000, 0x00000000e2900000, 0x0000000100000000)
  eden space 110080K, 44% used [0x00000000d5580000,0x00000000d84cfb20,0x00000000dc100000)
  from space 15872K, 7% used [0x00000000e0b00000,0x00000000e0c19d90,0x00000000e1a80000)
  to   space 14848K, 0% used [0x00000000e1a80000,0x00000000e1a80000,0x00000000e2900000)
 ParOldGen       total 87552K, used 44623K [0x0000000080000000, 0x0000000085580000, 0x00000000d5580000)
  object space 87552K, 50% used [0x0000000080000000,0x0000000082b93da0,0x0000000085580000)
 Metaspace       used 55100K, capacity 58732K, committed 58880K, reserved 1099776K
  class space    used 7444K, capacity 8086K, committed 8192K, reserved 1048576K
GC Heap History (10 events):
Event: 2869.084 GC heap before
{Heap before GC invocations=23 (full 0):
 PSYoungGen      total 134144K, used 133848K [0x00000000d5580000, 0x00000000e4a80000, 0x0000000100000000)
  eden space 133120K, 99% used [0x00000000d5580000,0x00000000dd77b6b0,0x00000000dd780000)
  from space 1024K, 72% used [0x00000000e4980000,0x00000000e4a3abb8,0x00000000e4a80000)
  to   space 18944K, 0% used [0x00000000e2580000,0x00000000e2580000,0x00000000e3800000)
 ParOldGen       total 87552K, used 43559K [0x0000000080000000, 0x0000000085580000, 0x00000000d5580000)
  object space 87552K, 49% used [0x0000000080000000,0x0000000082a89ce0,0x0000000085580000)
 Metaspace       used 54904K, capacity 58582K, committed 58880K, reserved 1099776K
  class space    used 7441K, capacity 8083K, committed 8192K, reserved 1048576K
Event: 2869.088 GC heap after
Heap after GC invocations=23 (full 0):
 PSYoungGen      total 146944K, used 652K [0x00000000d5580000, 0x00000000e4a00000, 0x0000000100000000)
  eden space 128000K, 0% used [0x00000000d5580000,0x00000000d5580000,0x00000000dd280000)
  from space 18944K, 3% used [0x00000000e2580000,0x00000000e2623230,0x00000000e3800000)
  to   space 18432K, 0% used [0x00000000e3800000,0x00000000e3800000,0x00000000e4a00000)
 ParOldGen       total 87552K, used 43807K [0x0000000080000000, 0x0000000085580000, 0x00000000d5580000)
  object space 87552K, 50% used [0x0000000080000000,0x0000000082ac7d10,0x0000000085580000)
 Metaspace       used 54904K, capacity 58582K, committed 58880K, reserved 1099776K
  class space    used 7441K, capacity 8083K, committed 8192K, reserved 1048576K
}
Event: 4097.555 GC heap before
{Heap before GC invocations=24 (full 0):
 PSYoungGen      total 146944K, used 128652K [0x00000000d5580000, 0x00000000e4a00000, 0x0000000100000000)
  eden space 128000K, 100% used [0x00000000d5580000,0x00000000dd280000,0x00000000dd280000)
  from space 18944K, 3% used [0x00000000e2580000,0x00000000e2623230,0x00000000e3800000)
  to   space 18432K, 0% used [0x00000000e3800000,0x00000000e3800000,0x00000000e4a00000)
 ParOldGen       total 87552K, used 43807K [0x0000000080000000, 0x0000000085580000, 0x00000000d5580000)
  object space 87552K, 50% used [0x0000000080000000,0x0000000082ac7d10,0x0000000085580000)
 Metaspace       used 54913K, capacity 58586K, committed 58880K, reserved 1099776K
  class space    used 7442K, capacity 8083K, committed 8192K, reserved 1048576K
Event: 4097.560 GC heap after
Heap after GC invocations=24 (full 0):
 PSYoungGen      total 123904K, used 288K [0x00000000d5580000, 0x00000000e3880000, 0x0000000100000000)
  eden space 123392K, 0% used [0x00000000d5580000,0x00000000d5580000,0x00000000dce00000)
  from space 512K, 56% used [0x00000000e3800000,0x00000000e3848000,0x00000000e3880000)
  to   space 17408K, 0% used [0x00000000e1680000,0x00000000e1680000,0x00000000e2780000)
 ParOldGen       total 87552K, used 44071K [0x0000000080000000, 0x0000000085580000, 0x00000000d5580000)
  object space 87552K, 50% used [0x0000000080000000,0x0000000082b09d40,0x0000000085580000)
 Metaspace       used 54913K, capacity 58586K, committed 58880K, reserved 1099776K
  class space    used 7442K, capacity 8083K, committed 8192K, reserved 1048576K
}
Event: 6073.093 GC heap before
{Heap before GC invocations=25 (full 0):
 PSYoungGen      total 123904K, used 123669K [0x00000000d5580000, 0x00000000e3880000, 0x0000000100000000)
  eden space 123392K, 99% used [0x00000000d5580000,0x00000000dcdfd430,0x00000000dce00000)
  from space 512K, 56% used [0x00000000e3800000,0x00000000e3848000,0x00000000e3880000)
  to   space 17408K, 0% used [0x00000000e1680000,0x00000000e1680000,0x00000000e2780000)
 ParOldGen       total 87552K, used 44071K [0x0000000080000000, 0x0000000085580000, 0x00000000d5580000)
  object space 87552K, 50% used [0x0000000080000000,0x0000000082b09d40,0x0000000085580000)
 Metaspace       used 54969K, capacity 58604K, committed 58880K, reserved 1099776K
  class space    used 7444K, capacity 8086K, committed 8192K, reserved 1048576K
Event: 6073.108 GC heap after
Heap after GC invocations=25 (full 0):
 PSYoungGen      total 136192K, used 1107K [0x00000000d5580000, 0x00000000e3880000, 0x0000000100000000)
  eden space 118784K, 0% used [0x00000000d5580000,0x00000000d5580000,0x00000000dc980000)
  from space 17408K, 6% used [0x00000000e1680000,0x00000000e1794e18,0x00000000e2780000)
  to   space 16384K, 0% used [0x00000000e2880000,0x00000000e2880000,0x00000000e3880000)
 ParOldGen       total 87552K, used 44103K [0x0000000080000000, 0x0000000085580000, 0x00000000d5580000)
  object space 87552K, 50% used [0x0000000080000000,0x0000000082b11d40,0x0000000085580000)
 Metaspace       used 54969K, capacity 58604K, committed 58880K, reserved 1099776K
  class space    used 7444K, capacity 8086K, committed 8192K, reserved 1048576K
}
Event: 6229.525 GC heap before
{Heap before GC invocations=26 (full 0):
 PSYoungGen      total 136192K, used 119891K [0x00000000d5580000, 0x00000000e3880000, 0x0000000100000000)
  eden space 118784K, 100% used [0x00000000d5580000,0x00000000dc980000,0x00000000dc980000)
  from space 17408K, 6% used [0x00000000e1680000,0x00000000e1794e18,0x00000000e2780000)
  to   space 16384K, 0% used [0x00000000e2880000,0x00000000e2880000,0x00000000e3880000)
 ParOldGen       total 87552K, used 44103K [0x0000000080000000, 0x0000000085580000, 0x00000000d5580000)
  object space 87552K, 50% used [0x0000000080000000,0x0000000082b11d40,0x0000000085580000)
 Metaspace       used 54969K, capacity 58604K, committed 58880K, reserved 1099776K
  class space    used 7444K, capacity 8086K, committed 8192K, reserved 1048576K
Event: 6229.530 GC heap after
Heap after GC invocations=26 (full 0):
 PSYoungGen      total 115712K, used 1468K [0x00000000d5580000, 0x00000000e2a00000, 0x0000000100000000)
  eden space 114176K, 0% used [0x00000000d5580000,0x00000000d5580000,0x00000000dc500000)
  from space 1536K, 95% used [0x00000000e2880000,0x00000000e29ef180,0x00000000e2a00000)
  to   space 15872K, 0% used [0x00000000e0b00000,0x00000000e0b00000,0x00000000e1a80000)
 ParOldGen       total 87552K, used 44607K [0x0000000080000000, 0x0000000085580000, 0x00000000d5580000)
  object space 87552K, 50% used [0x0000000080000000,0x0000000082b8fda0,0x0000000085580000)
 Metaspace       used 54969K, capacity 58604K, committed 58880K, reserved 1099776K
  class space    used 7444K, capacity 8086K, committed 8192K, reserved 1048576K
}
Event: 6258.007 GC heap before
{Heap before GC invocations=27 (full 0):
 PSYoungGen      total 115712K, used 115644K [0x00000000d5580000, 0x00000000e2a00000, 0x0000000100000000)
  eden space 114176K, 100% used [0x00000000d5580000,0x00000000dc500000,0x00000000dc500000)
  from space 1536K, 95% used [0x00000000e2880000,0x00000000e29ef180,0x00000000e2a00000)
  to   space 15872K, 0% used [0x00000000e0b00000,0x00000000e0b00000,0x00000000e1a80000)
 ParOldGen       total 87552K, used 44607K [0x0000000080000000, 0x0000000085580000, 0x00000000d5580000)
  object space 87552K, 50% used [0x0000000080000000,0x0000000082b8fda0,0x0000000085580000)
 Metaspace       used 54987K, capacity 58668K, committed 58880K, reserved 1099776K
  class space    used 7444K, capacity 8086K, committed 8192K, reserved 1048576K
Event: 6258.037 GC heap after
Heap after GC invocations=27 (full 0):
 PSYoungGen      total 125952K, used 1127K [0x00000000d5580000, 0x00000000e2900000, 0x0000000100000000)
  eden space 110080K, 0% used [0x00000000d5580000,0x00000000d5580000,0x00000000dc100000)
  from space 15872K, 7% used [0x00000000e0b00000,0x00000000e0c19d90,0x00000000e1a80000)
  to   space 14848K, 0% used [0x00000000e1a80000,0x00000000e1a80000,0x00000000e2900000)
 ParOldGen       total 87552K, used 44623K [0x0000000080000000, 0x0000000085580000, 0x00000000d5580000)
  object space 87552K, 50% used [0x0000000080000000,0x0000000082b93da0,0x0000000085580000)
 Metaspace       used 54987K, capacity 58668K, committed 58880K, reserved 1099776K
  class space    used 7444K, capacity 8086K, committed 8192K, reserved 1048576K
}

