# JRE version: Java(TM) SE Runtime Environment (8.0_201-b09) (build 1.8.0_201-b09)
# Java VM: Java HotSpot(TM) 64-Bit Server VM (25.201-b09 mixed mode windows-amd64 compressed oops)
Heap:
 PSYoungGen      total 245760K, used 83584K [0x00000000d5b80000, 0x00000000e6880000, 0x0000000100000000)
  eden space 227328K, 28% used [0x00000000d5b80000,0x00000000d9b97828,0x00000000e3980000)
  from space 18432K, 97% used [0x00000000e4480000,0x00000000e5608ac0,0x00000000e5680000)
  to   space 18432K, 0% used [0x00000000e5680000,0x00000000e5680000,0x00000000e6880000)
 ParOldGen       total 83456K, used 40298K [0x0000000081200000, 0x0000000086380000, 0x00000000d5b80000)
  object space 83456K, 48% used [0x0000000081200000,0x000000008395a800,0x0000000086380000)
 Metaspace       used 54405K, capacity 58028K, committed 58328K, reserved 1099776K
  class space    used 7434K, capacity 8106K, committed 8192K, reserved 1048576K
GC Heap History (10 events):
Event: 10.117 GC heap before
{Heap before GC invocations=13 (full 2):
 PSYoungGen      total 167936K, used 158208K [0x00000000d5b80000, 0x00000000e2280000, 0x0000000100000000)
  eden space 158208K, 100% used [0x00000000d5b80000,0x00000000df600000,0x00000000df600000)
  from space 9728K, 0% used [0x00000000e0180000,0x00000000e0180000,0x00000000e0b00000)
  to   space 11776K, 0% used [0x00000000df600000,0x00000000df600000,0x00000000e0180000)
 ParOldGen       total 83456K, used 18438K [0x0000000081200000, 0x0000000086380000, 0x00000000d5b80000)
  object space 83456K, 22% used [0x0000000081200000,0x0000000082401938,0x0000000086380000)
 Metaspace       used 42463K, capacity 45254K, committed 45528K, reserved 1089536K
  class space    used 5842K, capacity 6339K, committed 6400K, reserved 1048576K
Event: 10.133 GC heap after
Heap after GC invocations=13 (full 2):
 PSYoungGen      total 169984K, used 11765K [0x00000000d5b80000, 0x00000000e3f80000, 0x0000000100000000)
  eden space 158208K, 0% used [0x00000000d5b80000,0x00000000d5b80000,0x00000000df600000)
  from space 11776K, 99% used [0x00000000df600000,0x00000000e017d798,0x00000000e0180000)
  to   space 13824K, 0% used [0x00000000e3200000,0x00000000e3200000,0x00000000e3f80000)
 ParOldGen       total 83456K, used 21184K [0x0000000081200000, 0x0000000086380000, 0x00000000d5b80000)
  object space 83456K, 25% used [0x0000000081200000,0x00000000826b0270,0x0000000086380000)
 Metaspace       used 42463K, capacity 45254K, committed 45528K, reserved 1089536K
  class space    used 5842K, capacity 6339K, committed 6400K, reserved 1048576K
}
Event: 85.467 GC heap before
{Heap before GC invocations=14 (full 2):
 PSYoungGen      total 169984K, used 169657K [0x00000000d5b80000, 0x00000000e3f80000, 0x0000000100000000)
  eden space 158208K, 99% used [0x00000000d5b80000,0x00000000df5b0ee8,0x00000000df600000)
  from space 11776K, 99% used [0x00000000df600000,0x00000000e017d798,0x00000000e0180000)
  to   space 13824K, 0% used [0x00000000e3200000,0x00000000e3200000,0x00000000e3f80000)
 ParOldGen       total 83456K, used 21184K [0x0000000081200000, 0x0000000086380000, 0x00000000d5b80000)
  object space 83456K, 25% used [0x0000000081200000,0x00000000826b0270,0x0000000086380000)
 Metaspace       used 54031K, capacity 57638K, committed 57944K, reserved 1099776K
  class space    used 7384K, capacity 8027K, committed 8064K, reserved 1048576K
Event: 85.489 GC heap after
Heap after GC invocations=14 (full 2):
 PSYoungGen      total 212992K, used 13812K [0x00000000d5b80000, 0x00000000e4300000, 0x0000000100000000)
  eden space 199168K, 0% used [0x00000000d5b80000,0x00000000d5b80000,0x00000000e1e00000)
  from space 13824K, 99% used [0x00000000e3200000,0x00000000e3f7d090,0x00000000e3f80000)
  to   space 18944K, 0% used [0x00000000e1e00000,0x00000000e1e00000,0x00000000e3080000)
 ParOldGen       total 83456K, used 30143K [0x0000000081200000, 0x0000000086380000, 0x00000000d5b80000)
  object space 83456K, 36% used [0x0000000081200000,0x0000000082f6fee0,0x0000000086380000)
 Metaspace       used 54031K, capacity 57638K, committed 57944K, reserved 1099776K
  class space    used 7384K, capacity 8027K, committed 8064K, reserved 1048576K
}
Event: 88.978 GC heap before
{Heap before GC invocations=15 (full 2):
 PSYoungGen      total 212992K, used 212980K [0x00000000d5b80000, 0x00000000e4300000, 0x0000000100000000)
  eden space 199168K, 100% used [0x00000000d5b80000,0x00000000e1e00000,0x00000000e1e00000)
  from space 13824K, 99% used [0x00000000e3200000,0x00000000e3f7d090,0x00000000e3f80000)
  to   space 18944K, 0% used [0x00000000e1e00000,0x00000000e1e00000,0x00000000e3080000)
 ParOldGen       total 83456K, used 30143K [0x0000000081200000, 0x0000000086380000, 0x00000000d5b80000)
  object space 83456K, 36% used [0x0000000081200000,0x0000000082f6fee0,0x0000000086380000)
 Metaspace       used 54311K, capacity 57912K, committed 58072K, reserved 1099776K
  class space    used 7422K, capacity 8096K, committed 8192K, reserved 1048576K
Event: 88.986 GC heap after
Heap after GC invocations=15 (full 2):
 PSYoungGen      total 218112K, used 521K [0x00000000d5b80000, 0x00000000e7000000, 0x0000000100000000)
  eden space 199168K, 0% used [0x00000000d5b80000,0x00000000d5b80000,0x00000000e1e00000)
  from space 18944K, 2% used [0x00000000e1e00000,0x00000000e1e824e0,0x00000000e3080000)
  to   space 19456K, 0% used [0x00000000e5d00000,0x00000000e5d00000,0x00000000e7000000)
 ParOldGen       total 83456K, used 38225K [0x0000000081200000, 0x0000000086380000, 0x00000000d5b80000)
  object space 83456K, 45% used [0x0000000081200000,0x00000000837547e0,0x0000000086380000)
 Metaspace       used 54311K, capacity 57912K, committed 58072K, reserved 1099776K
  class space    used 7422K, capacity 8096K, committed 8192K, reserved 1048576K
}
Event: 135.445 GC heap before
{Heap before GC invocations=16 (full 2):
 PSYoungGen      total 218112K, used 199689K [0x00000000d5b80000, 0x00000000e7000000, 0x0000000100000000)
  eden space 199168K, 100% used [0x00000000d5b80000,0x00000000e1e00000,0x00000000e1e00000)
  from space 18944K, 2% used [0x00000000e1e00000,0x00000000e1e824e0,0x00000000e3080000)
  to   space 19456K, 0% used [0x00000000e5d00000,0x00000000e5d00000,0x00000000e7000000)
 ParOldGen       total 83456K, used 38225K [0x0000000081200000, 0x0000000086380000, 0x00000000d5b80000)
  object space 83456K, 45% used [0x0000000081200000,0x00000000837547e0,0x0000000086380000)
 Metaspace       used 54370K, capacity 58028K, committed 58328K, reserved 1099776K
  class space    used 7433K, capacity 8106K, committed 8192K, reserved 1048576K
Event: 135.455 GC heap after
Heap after GC invocations=16 (full 2):
 PSYoungGen      total 255488K, used 18861K [0x00000000d5b80000, 0x00000000e6f80000, 0x0000000100000000)
  eden space 236544K, 0% used [0x00000000d5b80000,0x00000000d5b80000,0x00000000e4280000)
  from space 18944K, 99% used [0x00000000e5d00000,0x00000000e6f6b450,0x00000000e6f80000)
  to   space 22016K, 0% used [0x00000000e4480000,0x00000000e4480000,0x00000000e5a00000)
 ParOldGen       total 83456K, used 40290K [0x0000000081200000, 0x0000000086380000, 0x00000000d5b80000)
  object space 83456K, 48% used [0x0000000081200000,0x0000000083958800,0x0000000086380000)
 Metaspace       used 54370K, capacity 58028K, committed 58328K, reserved 1099776K
  class space    used 7433K, capacity 8106K, committed 8192K, reserved 1048576K
}
Event: 146.017 GC heap before
{Heap before GC invocations=17 (full 2):
 PSYoungGen      total 255488K, used 255311K [0x00000000d5b80000, 0x00000000e6f80000, 0x0000000100000000)
  eden space 236544K, 99% used [0x00000000d5b80000,0x00000000e4268810,0x00000000e4280000)
  from space 18944K, 99% used [0x00000000e5d00000,0x00000000e6f6b450,0x00000000e6f80000)
  to   space 22016K, 0% used [0x00000000e4480000,0x00000000e4480000,0x00000000e5a00000)
 ParOldGen       total 83456K, used 40290K [0x0000000081200000, 0x0000000086380000, 0x00000000d5b80000)
  object space 83456K, 48% used [0x0000000081200000,0x0000000083958800,0x0000000086380000)
 Metaspace       used 54404K, capacity 58028K, committed 58328K, reserved 1099776K
  class space    used 7434K, capacity 8106K, committed 8192K, reserved 1048576K
Event: 146.024 GC heap after
Heap after GC invocations=17 (full 2):
 PSYoungGen      total 245760K, used 17954K [0x00000000d5b80000, 0x00000000e6880000, 0x0000000100000000)
  eden space 227328K, 0% used [0x00000000d5b80000,0x00000000d5b80000,0x00000000e3980000)
  from space 18432K, 97% used [0x00000000e4480000,0x00000000e5608ac0,0x00000000e5680000)
  to   space 18432K, 0% used [0x00000000e5680000,0x00000000e5680000,0x00000000e6880000)
 ParOldGen       total 83456K, used 40298K [0x0000000081200000, 0x0000000086380000, 0x00000000d5b80000)
  object space 83456K, 48% used [0x0000000081200000,0x000000008395a800,0x0000000086380000)
 Metaspace       used 54404K, capacity 58028K, committed 58328K, reserved 1099776K
  class space    used 7434K, capacity 8106K, committed 8192K, reserved 1048576K
}

