# JRE version: Java(TM) SE Runtime Environment (8.0_201-b09) (build 1.8.0_201-b09)
# Java VM: Java HotSpot(TM) 64-Bit Server VM (25.201-b09 mixed mode windows-amd64 compressed oops)
Heap:
 PSYoungGen      total 243712K, used 135704K [0x00000000d5b80000, 0x00000000e6600000, 0x0000000100000000)
  eden space 226304K, 54% used [0x00000000d5b80000,0x00000000dd335460,0x00000000e3880000)
  from space 17408K, 75% used [0x00000000e4a00000,0x00000000e56d0e20,0x00000000e5b00000)
  to   space 17920K, 0% used [0x00000000e3880000,0x00000000e3880000,0x00000000e4a00000)
 ParOldGen       total 123904K, used 72000K [0x0000000081200000, 0x0000000088b00000, 0x00000000d5b80000)
  object space 123904K, 58% used [0x0000000081200000,0x0000000085850348,0x0000000088b00000)
 Metaspace       used 55505K, capacity 59182K, committed 59480K, reserved 1099776K
  class space    used 7599K, capacity 8248K, committed 8320K, reserved 1048576K
GC Heap History (10 events):
Event: 14.885 GC heap before
{Heap before GC invocations=13 (full 2):
 PSYoungGen      total 160256K, used 150528K [0x00000000d5b80000, 0x00000000e0280000, 0x0000000100000000)
  eden space 150528K, 100% used [0x00000000d5b80000,0x00000000dee80000,0x00000000dee80000)
  from space 9728K, 0% used [0x00000000df900000,0x00000000df900000,0x00000000e0280000)
  to   space 10240K, 0% used [0x00000000dee80000,0x00000000dee80000,0x00000000df880000)
 ParOldGen       total 85504K, used 16892K [0x0000000081200000, 0x0000000086580000, 0x00000000d5b80000)
  object space 85504K, 19% used [0x0000000081200000,0x000000008227f0d8,0x0000000086580000)
 Metaspace       used 41171K, capacity 44088K, committed 44376K, reserved 1087488K
  class space    used 5694K, capacity 6227K, committed 6272K, reserved 1048576K
Event: 14.899 GC heap after
Heap after GC invocations=13 (full 2):
 PSYoungGen      total 160768K, used 10216K [0x00000000d5b80000, 0x00000000e3080000, 0x0000000100000000)
  eden space 150528K, 0% used [0x00000000d5b80000,0x00000000d5b80000,0x00000000dee80000)
  from space 10240K, 99% used [0x00000000dee80000,0x00000000df87a100,0x00000000df880000)
  to   space 12288K, 0% used [0x00000000e2480000,0x00000000e2480000,0x00000000e3080000)
 ParOldGen       total 85504K, used 19217K [0x0000000081200000, 0x0000000086580000, 0x00000000d5b80000)
  object space 85504K, 22% used [0x0000000081200000,0x00000000824c4668,0x0000000086580000)
 Metaspace       used 41171K, capacity 44088K, committed 44376K, reserved 1087488K
  class space    used 5694K, capacity 6227K, committed 6272K, reserved 1048576K
}
Event: 79.882 GC heap before
{Heap before GC invocations=14 (full 2):
 PSYoungGen      total 160768K, used 160744K [0x00000000d5b80000, 0x00000000e3080000, 0x0000000100000000)
  eden space 150528K, 100% used [0x00000000d5b80000,0x00000000dee80000,0x00000000dee80000)
  from space 10240K, 99% used [0x00000000dee80000,0x00000000df87a100,0x00000000df880000)
  to   space 12288K, 0% used [0x00000000e2480000,0x00000000e2480000,0x00000000e3080000)
 ParOldGen       total 85504K, used 19217K [0x0000000081200000, 0x0000000086580000, 0x00000000d5b80000)
  object space 85504K, 22% used [0x0000000081200000,0x00000000824c4668,0x0000000086580000)
 Metaspace       used 52674K, capacity 56242K, committed 56536K, reserved 1097728K
  class space    used 7228K, capacity 7862K, committed 7936K, reserved 1048576K
Event: 79.900 GC heap after
Heap after GC invocations=14 (full 2):
 PSYoungGen      total 199680K, used 12284K [0x00000000d5b80000, 0x00000000e3380000, 0x0000000100000000)
  eden space 187392K, 0% used [0x00000000d5b80000,0x00000000d5b80000,0x00000000e1280000)
  from space 12288K, 99% used [0x00000000e2480000,0x00000000e307f210,0x00000000e3080000)
  to   space 16896K, 0% used [0x00000000e1280000,0x00000000e1280000,0x00000000e2300000)
 ParOldGen       total 85504K, used 28930K [0x0000000081200000, 0x0000000086580000, 0x00000000d5b80000)
  object space 85504K, 33% used [0x0000000081200000,0x0000000082e40ad0,0x0000000086580000)
 Metaspace       used 52674K, capacity 56242K, committed 56536K, reserved 1097728K
  class space    used 7228K, capacity 7862K, committed 7936K, reserved 1048576K
}
Event: 89.510 GC heap before
{Heap before GC invocations=15 (full 2):
 PSYoungGen      total 199680K, used 43968K [0x00000000d5b80000, 0x00000000e3380000, 0x0000000100000000)
  eden space 187392K, 16% used [0x00000000d5b80000,0x00000000d7a70f70,0x00000000e1280000)
  from space 12288K, 99% used [0x00000000e2480000,0x00000000e307f210,0x00000000e3080000)
  to   space 16896K, 0% used [0x00000000e1280000,0x00000000e1280000,0x00000000e2300000)
 ParOldGen       total 85504K, used 28930K [0x0000000081200000, 0x0000000086580000, 0x00000000d5b80000)
  object space 85504K, 33% used [0x0000000081200000,0x0000000082e40ad0,0x0000000086580000)
 Metaspace       used 55083K, capacity 58778K, committed 58968K, reserved 1099776K
  class space    used 7539K, capacity 8204K, committed 8320K, reserved 1048576K
Event: 89.522 GC heap after
Heap after GC invocations=15 (full 2):
 PSYoungGen      total 204288K, used 3291K [0x00000000d5b80000, 0x00000000e5b00000, 0x0000000100000000)
  eden space 187392K, 0% used [0x00000000d5b80000,0x00000000d5b80000,0x00000000e1280000)
  from space 16896K, 19% used [0x00000000e1280000,0x00000000e15b6d40,0x00000000e2300000)
  to   space 17408K, 0% used [0x00000000e4a00000,0x00000000e4a00000,0x00000000e5b00000)
 ParOldGen       total 85504K, used 37209K [0x0000000081200000, 0x0000000086580000, 0x00000000d5b80000)
  object space 85504K, 43% used [0x0000000081200000,0x0000000083656428,0x0000000086580000)
 Metaspace       used 55083K, capacity 58778K, committed 58968K, reserved 1099776K
  class space    used 7539K, capacity 8204K, committed 8320K, reserved 1048576K
}
Event: 89.522 GC heap before
{Heap before GC invocations=16 (full 3):
 PSYoungGen      total 204288K, used 3291K [0x00000000d5b80000, 0x00000000e5b00000, 0x0000000100000000)
  eden space 187392K, 0% used [0x00000000d5b80000,0x00000000d5b80000,0x00000000e1280000)
  from space 16896K, 19% used [0x00000000e1280000,0x00000000e15b6d40,0x00000000e2300000)
  to   space 17408K, 0% used [0x00000000e4a00000,0x00000000e4a00000,0x00000000e5b00000)
 ParOldGen       total 85504K, used 37209K [0x0000000081200000, 0x0000000086580000, 0x00000000d5b80000)
  object space 85504K, 43% used [0x0000000081200000,0x0000000083656428,0x0000000086580000)
 Metaspace       used 55083K, capacity 58778K, committed 58968K, reserved 1099776K
  class space    used 7539K, capacity 8204K, committed 8320K, reserved 1048576K
Event: 89.702 GC heap after
Heap after GC invocations=16 (full 3):
 PSYoungGen      total 204288K, used 0K [0x00000000d5b80000, 0x00000000e5b00000, 0x0000000100000000)
  eden space 187392K, 0% used [0x00000000d5b80000,0x00000000d5b80000,0x00000000e1280000)
  from space 16896K, 0% used [0x00000000e1280000,0x00000000e1280000,0x00000000e2300000)
  to   space 17408K, 0% used [0x00000000e4a00000,0x00000000e4a00000,0x00000000e5b00000)
 ParOldGen       total 123904K, used 28111K [0x0000000081200000, 0x0000000088b00000, 0x00000000d5b80000)
  object space 123904K, 22% used [0x0000000081200000,0x0000000082d73dc0,0x0000000088b00000)
 Metaspace       used 55083K, capacity 58778K, committed 58968K, reserved 1099776K
  class space    used 7539K, capacity 8204K, committed 8320K, reserved 1048576K
}
Event: 91.388 GC heap before
{Heap before GC invocations=17 (full 3):
 PSYoungGen      total 204288K, used 185791K [0x00000000d5b80000, 0x00000000e5b00000, 0x0000000100000000)
  eden space 187392K, 99% used [0x00000000d5b80000,0x00000000e10eff68,0x00000000e1280000)
  from space 16896K, 0% used [0x00000000e1280000,0x00000000e1280000,0x00000000e2300000)
  to   space 17408K, 0% used [0x00000000e4a00000,0x00000000e4a00000,0x00000000e5b00000)
 ParOldGen       total 123904K, used 28111K [0x0000000081200000, 0x0000000088b00000, 0x00000000d5b80000)
  object space 123904K, 22% used [0x0000000081200000,0x0000000082d73dc0,0x0000000088b00000)
 Metaspace       used 55458K, capacity 59148K, committed 59480K, reserved 1099776K
  class space    used 7589K, capacity 8241K, committed 8320K, reserved 1048576K
Event: 91.405 GC heap after
Heap after GC invocations=17 (full 3):
 PSYoungGen      total 243712K, used 13123K [0x00000000d5b80000, 0x00000000e6600000, 0x0000000100000000)
  eden space 226304K, 0% used [0x00000000d5b80000,0x00000000d5b80000,0x00000000e3880000)
  from space 17408K, 75% used [0x00000000e4a00000,0x00000000e56d0e20,0x00000000e5b00000)
  to   space 17920K, 0% used [0x00000000e3880000,0x00000000e3880000,0x00000000e4a00000)
 ParOldGen       total 123904K, used 72000K [0x0000000081200000, 0x0000000088b00000, 0x00000000d5b80000)
  object space 123904K, 58% used [0x0000000081200000,0x0000000085850348,0x0000000088b00000)
 Metaspace       used 55458K, capacity 59148K, committed 59480K, reserved 1099776K
  class space    used 7589K, capacity 8241K, committed 8320K, reserved 1048576K
}

