# JRE version: Java(TM) SE Runtime Environment (8.0_201-b09) (build 1.8.0_201-b09)
# Java VM: Java HotSpot(TM) 64-Bit Server VM (25.201-b09 mixed mode windows-amd64 compressed oops)
Heap:
 PSYoungGen      total 300032K, used 232732K [0x00000000d5b80000, 0x00000000ece00000, 0x0000000100000000)
  eden space 279040K, 77% used [0x00000000d5b80000,0x00000000e2efb048,0x00000000e6c00000)
  from space 20992K, 77% used [0x00000000e6c00000,0x00000000e7bcc200,0x00000000e8080000)
  to   space 22016K, 0% used [0x00000000eb880000,0x00000000eb880000,0x00000000ece00000)
 ParOldGen       total 111104K, used 66729K [0x0000000081200000, 0x0000000087e80000, 0x00000000d5b80000)
  object space 111104K, 60% used [0x0000000081200000,0x000000008532a780,0x0000000087e80000)
 Metaspace       used 55815K, capacity 59564K, committed 59736K, reserved 1101824K
  class space    used 7640K, capacity 8295K, committed 8320K, reserved 1048576K
GC Heap History (10 events):
Event: 78.271 GC heap before
{Heap before GC invocations=14 (full 2):
 PSYoungGen      total 180736K, used 175617K [0x00000000d5b80000, 0x00000000e5200000, 0x0000000100000000)
  eden space 169984K, 96% used [0x00000000d5b80000,0x00000000dfc83350,0x00000000e0180000)
  from space 10752K, 99% used [0x00000000e0180000,0x00000000e0bfd198,0x00000000e0c00000)
  to   space 12800K, 0% used [0x00000000e4580000,0x00000000e4580000,0x00000000e5200000)
 ParOldGen       total 74752K, used 19489K [0x0000000081200000, 0x0000000085b00000, 0x00000000d5b80000)
  object space 74752K, 26% used [0x0000000081200000,0x0000000082508468,0x0000000085b00000)
 Metaspace       used 55096K, capacity 58780K, committed 58968K, reserved 1099776K
  class space    used 7532K, capacity 8203K, committed 8320K, reserved 1048576K
Event: 78.288 GC heap after
Heap after GC invocations=14 (full 2):
 PSYoungGen      total 232448K, used 12781K [0x00000000d5b80000, 0x00000000e5500000, 0x0000000100000000)
  eden space 219648K, 0% used [0x00000000d5b80000,0x00000000d5b80000,0x00000000e3200000)
  from space 12800K, 99% used [0x00000000e4580000,0x00000000e51fb5e8,0x00000000e5200000)
  to   space 17920K, 0% used [0x00000000e3200000,0x00000000e3200000,0x00000000e4380000)
 ParOldGen       total 74752K, used 30166K [0x0000000081200000, 0x0000000085b00000, 0x00000000d5b80000)
  object space 74752K, 40% used [0x0000000081200000,0x0000000082f759f8,0x0000000085b00000)
 Metaspace       used 55096K, capacity 58780K, committed 58968K, reserved 1099776K
  class space    used 7532K, capacity 8203K, committed 8320K, reserved 1048576K
}
Event: 78.288 GC heap before
{Heap before GC invocations=15 (full 3):
 PSYoungGen      total 232448K, used 12781K [0x00000000d5b80000, 0x00000000e5500000, 0x0000000100000000)
  eden space 219648K, 0% used [0x00000000d5b80000,0x00000000d5b80000,0x00000000e3200000)
  from space 12800K, 99% used [0x00000000e4580000,0x00000000e51fb5e8,0x00000000e5200000)
  to   space 17920K, 0% used [0x00000000e3200000,0x00000000e3200000,0x00000000e4380000)
 ParOldGen       total 74752K, used 30166K [0x0000000081200000, 0x0000000085b00000, 0x00000000d5b80000)
  object space 74752K, 40% used [0x0000000081200000,0x0000000082f759f8,0x0000000085b00000)
 Metaspace       used 55096K, capacity 58780K, committed 58968K, reserved 1099776K
  class space    used 7532K, capacity 8203K, committed 8320K, reserved 1048576K
Event: 78.420 GC heap after
Heap after GC invocations=15 (full 3):
 PSYoungGen      total 232448K, used 0K [0x00000000d5b80000, 0x00000000e5500000, 0x0000000100000000)
  eden space 219648K, 0% used [0x00000000d5b80000,0x00000000d5b80000,0x00000000e3200000)
  from space 12800K, 0% used [0x00000000e4580000,0x00000000e4580000,0x00000000e5200000)
  to   space 17920K, 0% used [0x00000000e3200000,0x00000000e3200000,0x00000000e4380000)
 ParOldGen       total 111104K, used 34415K [0x0000000081200000, 0x0000000087e80000, 0x00000000d5b80000)
  object space 111104K, 30% used [0x0000000081200000,0x000000008339bf68,0x0000000087e80000)
 Metaspace       used 55096K, capacity 58780K, committed 58968K, reserved 1099776K
  class space    used 7532K, capacity 8203K, committed 8320K, reserved 1048576K
}
Event: 334.219 GC heap before
{Heap before GC invocations=16 (full 3):
 PSYoungGen      total 232448K, used 219648K [0x00000000d5b80000, 0x00000000e5500000, 0x0000000100000000)
  eden space 219648K, 100% used [0x00000000d5b80000,0x00000000e3200000,0x00000000e3200000)
  from space 12800K, 0% used [0x00000000e4580000,0x00000000e4580000,0x00000000e5200000)
  to   space 17920K, 0% used [0x00000000e3200000,0x00000000e3200000,0x00000000e4380000)
 ParOldGen       total 111104K, used 34415K [0x0000000081200000, 0x0000000087e80000, 0x00000000d5b80000)
  object space 111104K, 30% used [0x0000000081200000,0x000000008339bf68,0x0000000087e80000)
 Metaspace       used 55567K, capacity 59256K, committed 59480K, reserved 1099776K
  class space    used 7593K, capacity 8247K, committed 8320K, reserved 1048576K
Event: 334.232 GC heap after
Heap after GC invocations=16 (full 3):
 PSYoungGen      total 237568K, used 15706K [0x00000000d5b80000, 0x00000000e9800000, 0x0000000100000000)
  eden space 219648K, 0% used [0x00000000d5b80000,0x00000000d5b80000,0x00000000e3200000)
  from space 17920K, 87% used [0x00000000e3200000,0x00000000e4156a70,0x00000000e4380000)
  to   space 19456K, 0% used [0x00000000e8500000,0x00000000e8500000,0x00000000e9800000)
 ParOldGen       total 111104K, used 66341K [0x0000000081200000, 0x0000000087e80000, 0x00000000d5b80000)
  object space 111104K, 59% used [0x0000000081200000,0x00000000852c9610,0x0000000087e80000)
 Metaspace       used 55567K, capacity 59256K, committed 59480K, reserved 1099776K
  class space    used 7593K, capacity 8247K, committed 8320K, reserved 1048576K
}
Event: 483.270 GC heap before
{Heap before GC invocations=17 (full 3):
 PSYoungGen      total 237568K, used 235354K [0x00000000d5b80000, 0x00000000e9800000, 0x0000000100000000)
  eden space 219648K, 100% used [0x00000000d5b80000,0x00000000e3200000,0x00000000e3200000)
  from space 17920K, 87% used [0x00000000e3200000,0x00000000e4156a70,0x00000000e4380000)
  to   space 19456K, 0% used [0x00000000e8500000,0x00000000e8500000,0x00000000e9800000)
 ParOldGen       total 111104K, used 66341K [0x0000000081200000, 0x0000000087e80000, 0x00000000d5b80000)
  object space 111104K, 59% used [0x0000000081200000,0x00000000852c9610,0x0000000087e80000)
 Metaspace       used 55791K, capacity 59564K, committed 59736K, reserved 1101824K
  class space    used 7639K, capacity 8295K, committed 8320K, reserved 1048576K
Event: 483.276 GC heap after
Heap after GC invocations=17 (full 3):
 PSYoungGen      total 291840K, used 16286K [0x00000000d5b80000, 0x00000000e9500000, 0x0000000100000000)
  eden space 275456K, 0% used [0x00000000d5b80000,0x00000000d5b80000,0x00000000e6880000)
  from space 16384K, 99% used [0x00000000e8500000,0x00000000e94e7ba0,0x00000000e9500000)
  to   space 20992K, 0% used [0x00000000e6c00000,0x00000000e6c00000,0x00000000e8080000)
 ParOldGen       total 111104K, used 66721K [0x0000000081200000, 0x0000000087e80000, 0x00000000d5b80000)
  object space 111104K, 60% used [0x0000000081200000,0x0000000085328780,0x0000000087e80000)
 Metaspace       used 55791K, capacity 59564K, committed 59736K, reserved 1101824K
  class space    used 7639K, capacity 8295K, committed 8320K, reserved 1048576K
}
Event: 492.882 GC heap before
{Heap before GC invocations=18 (full 3):
 PSYoungGen      total 291840K, used 291742K [0x00000000d5b80000, 0x00000000e9500000, 0x0000000100000000)
  eden space 275456K, 100% used [0x00000000d5b80000,0x00000000e6880000,0x00000000e6880000)
  from space 16384K, 99% used [0x00000000e8500000,0x00000000e94e7ba0,0x00000000e9500000)
  to   space 20992K, 0% used [0x00000000e6c00000,0x00000000e6c00000,0x00000000e8080000)
 ParOldGen       total 111104K, used 66721K [0x0000000081200000, 0x0000000087e80000, 0x00000000d5b80000)
  object space 111104K, 60% used [0x0000000081200000,0x0000000085328780,0x0000000087e80000)
 Metaspace       used 55793K, capacity 59564K, committed 59736K, reserved 1101824K
  class space    used 7640K, capacity 8295K, committed 8320K, reserved 1048576K
Event: 492.890 GC heap after
Heap after GC invocations=18 (full 3):
 PSYoungGen      total 300032K, used 16176K [0x00000000d5b80000, 0x00000000ece00000, 0x0000000100000000)
  eden space 279040K, 0% used [0x00000000d5b80000,0x00000000d5b80000,0x00000000e6c00000)
  from space 20992K, 77% used [0x00000000e6c00000,0x00000000e7bcc200,0x00000000e8080000)
  to   space 22016K, 0% used [0x00000000eb880000,0x00000000eb880000,0x00000000ece00000)
 ParOldGen       total 111104K, used 66729K [0x0000000081200000, 0x0000000087e80000, 0x00000000d5b80000)
  object space 111104K, 60% used [0x0000000081200000,0x000000008532a780,0x0000000087e80000)
 Metaspace       used 55793K, capacity 59564K, committed 59736K, reserved 1101824K
  class space    used 7640K, capacity 8295K, committed 8320K, reserved 1048576K
}

