# JRE version: Java(TM) SE Runtime Environment (8.0_201-b09) (build 1.8.0_201-b09)
# Java VM: Java HotSpot(TM) 64-Bit Server VM (25.201-b09 mixed mode windows-amd64 compressed oops)
Heap:
 PSYoungGen      total 440832K, used 353127K [0x00000000d5580000, 0x00000000f1f80000, 0x0000000100000000)
  eden space 414208K, 81% used [0x00000000d5580000,0x00000000e9e13f20,0x00000000eea00000)
  from space 26624K, 62% used [0x00000000f0480000,0x00000000f14c60a8,0x00000000f1e80000)
  to   space 27136K, 0% used [0x00000000eea00000,0x00000000eea00000,0x00000000f0480000)
 ParOldGen       total 87552K, used 35152K [0x0000000080000000, 0x0000000085580000, 0x00000000d5580000)
  object space 87552K, 40% used [0x0000000080000000,0x00000000822542b0,0x0000000085580000)
 Metaspace       used 54481K, capacity 58106K, committed 58240K, reserved 1099776K
  class space    used 7416K, capacity 8043K, committed 8064K, reserved 1048576K
GC Heap History (10 events):
Event: 3.237 GC heap before
{Heap before GC invocations=6 (full 0):
 PSYoungGen      total 71680K, used 71654K [0x00000000d5580000, 0x00000000dea80000, 0x0000000100000000)
  eden space 66560K, 100% used [0x00000000d5580000,0x00000000d9680000,0x00000000d9680000)
  from space 5120K, 99% used [0x00000000d9680000,0x00000000d9b79980,0x00000000d9b80000)
  to   space 9728K, 0% used [0x00000000de100000,0x00000000de100000,0x00000000dea80000)
 ParOldGen       total 87552K, used 7517K [0x0000000080000000, 0x0000000085580000, 0x00000000d5580000)
  object space 87552K, 8% used [0x0000000080000000,0x0000000080757778,0x0000000085580000)
 Metaspace       used 21699K, capacity 22756K, committed 23040K, reserved 1069056K
  class space    used 2967K, capacity 3212K, committed 3328K, reserved 1048576K
Event: 3.244 GC heap after
Heap after GC invocations=6 (full 0):
 PSYoungGen      total 140288K, used 9717K [0x00000000d5580000, 0x00000000def80000, 0x0000000100000000)
  eden space 130560K, 0% used [0x00000000d5580000,0x00000000d5580000,0x00000000dd500000)
  from space 9728K, 99% used [0x00000000de100000,0x00000000dea7d6e8,0x00000000dea80000)
  to   space 12288K, 0% used [0x00000000dd500000,0x00000000dd500000,0x00000000de100000)
 ParOldGen       total 87552K, used 9246K [0x0000000080000000, 0x0000000085580000, 0x00000000d5580000)
  object space 87552K, 10% used [0x0000000080000000,0x0000000080907a18,0x0000000085580000)
 Metaspace       used 21699K, capacity 22756K, committed 23040K, reserved 1069056K
  class space    used 2967K, capacity 3212K, committed 3328K, reserved 1048576K
}
Event: 3.931 GC heap before
{Heap before GC invocations=7 (full 0):
 PSYoungGen      total 140288K, used 140277K [0x00000000d5580000, 0x00000000def80000, 0x0000000100000000)
  eden space 130560K, 100% used [0x00000000d5580000,0x00000000dd500000,0x00000000dd500000)
  from space 9728K, 99% used [0x00000000de100000,0x00000000dea7d6e8,0x00000000dea80000)
  to   space 12288K, 0% used [0x00000000dd500000,0x00000000dd500000,0x00000000de100000)
 ParOldGen       total 87552K, used 9246K [0x0000000080000000, 0x0000000085580000, 0x00000000d5580000)
  object space 87552K, 10% used [0x0000000080000000,0x0000000080907a18,0x0000000085580000)
 Metaspace       used 27222K, capacity 28652K, committed 28928K, reserved 1075200K
  class space    used 3744K, capacity 4038K, committed 4096K, reserved 1048576K
Event: 3.945 GC heap after
Heap after GC invocations=7 (full 0):
 PSYoungGen      total 142848K, used 12274K [0x00000000d5580000, 0x00000000e7480000, 0x0000000100000000)
  eden space 130560K, 0% used [0x00000000d5580000,0x00000000d5580000,0x00000000dd500000)
  from space 12288K, 99% used [0x00000000dd500000,0x00000000de0fc9e8,0x00000000de100000)
  to   space 16384K, 0% used [0x00000000e6480000,0x00000000e6480000,0x00000000e7480000)
 ParOldGen       total 87552K, used 13603K [0x0000000080000000, 0x0000000085580000, 0x00000000d5580000)
  object space 87552K, 15% used [0x0000000080000000,0x0000000080d48eb0,0x0000000085580000)
 Metaspace       used 27222K, capacity 28652K, committed 28928K, reserved 1075200K
  class space    used 3744K, capacity 4038K, committed 4096K, reserved 1048576K
}
Event: 4.896 GC heap before
{Heap before GC invocations=8 (full 0):
 PSYoungGen      total 142848K, used 142834K [0x00000000d5580000, 0x00000000e7480000, 0x0000000100000000)
  eden space 130560K, 100% used [0x00000000d5580000,0x00000000dd500000,0x00000000dd500000)
  from space 12288K, 99% used [0x00000000dd500000,0x00000000de0fc9e8,0x00000000de100000)
  to   space 16384K, 0% used [0x00000000e6480000,0x00000000e6480000,0x00000000e7480000)
 ParOldGen       total 87552K, used 13603K [0x0000000080000000, 0x0000000085580000, 0x00000000d5580000)
  object space 87552K, 15% used [0x0000000080000000,0x0000000080d48eb0,0x0000000085580000)
 Metaspace       used 34656K, capacity 36936K, committed 36992K, reserved 1081344K
  class space    used 4773K, capacity 5218K, committed 5248K, reserved 1048576K
Event: 4.906 GC heap after
Heap after GC invocations=8 (full 0):
 PSYoungGen      total 275456K, used 15547K [0x00000000d5580000, 0x00000000e7880000, 0x0000000100000000)
  eden space 259072K, 0% used [0x00000000d5580000,0x00000000d5580000,0x00000000e5280000)
  from space 16384K, 94% used [0x00000000e6480000,0x00000000e73aefc0,0x00000000e7480000)
  to   space 18432K, 0% used [0x00000000e5280000,0x00000000e5280000,0x00000000e6480000)
 ParOldGen       total 87552K, used 14842K [0x0000000080000000, 0x0000000085580000, 0x00000000d5580000)
  object space 87552K, 16% used [0x0000000080000000,0x0000000080e7e9d8,0x0000000085580000)
 Metaspace       used 34656K, capacity 36936K, committed 36992K, reserved 1081344K
  class space    used 4773K, capacity 5218K, committed 5248K, reserved 1048576K
}
Event: 15.967 GC heap before
{Heap before GC invocations=9 (full 0):
 PSYoungGen      total 275456K, used 274619K [0x00000000d5580000, 0x00000000e7880000, 0x0000000100000000)
  eden space 259072K, 100% used [0x00000000d5580000,0x00000000e5280000,0x00000000e5280000)
  from space 16384K, 94% used [0x00000000e6480000,0x00000000e73aefc0,0x00000000e7480000)
  to   space 18432K, 0% used [0x00000000e5280000,0x00000000e5280000,0x00000000e6480000)
 ParOldGen       total 87552K, used 14842K [0x0000000080000000, 0x0000000085580000, 0x00000000d5580000)
  object space 87552K, 16% used [0x0000000080000000,0x0000000080e7e9d8,0x0000000085580000)
 Metaspace       used 52017K, capacity 55540K, committed 55680K, reserved 1097728K
  class space    used 7128K, capacity 7758K, committed 7808K, reserved 1048576K
Event: 15.987 GC heap after
Heap after GC invocations=9 (full 0):
 PSYoungGen      total 277504K, used 18400K [0x00000000d5580000, 0x00000000f1e80000, 0x0000000100000000)
  eden space 259072K, 0% used [0x00000000d5580000,0x00000000d5580000,0x00000000e5280000)
  from space 18432K, 99% used [0x00000000e5280000,0x00000000e64780e0,0x00000000e6480000)
  to   space 26624K, 0% used [0x00000000f0480000,0x00000000f0480000,0x00000000f1e80000)
 ParOldGen       total 87552K, used 28748K [0x0000000080000000, 0x0000000085580000, 0x00000000d5580000)
  object space 87552K, 32% used [0x0000000080000000,0x0000000081c131a0,0x0000000085580000)
 Metaspace       used 52017K, capacity 55540K, committed 55680K, reserved 1097728K
  class space    used 7128K, capacity 7758K, committed 7808K, reserved 1048576K
}
Event: 40.581 GC heap before
{Heap before GC invocations=10 (full 0):
 PSYoungGen      total 277504K, used 276980K [0x00000000d5580000, 0x00000000f1e80000, 0x0000000100000000)
  eden space 259072K, 99% used [0x00000000d5580000,0x00000000e5204fc8,0x00000000e5280000)
  from space 18432K, 99% used [0x00000000e5280000,0x00000000e64780e0,0x00000000e6480000)
  to   space 26624K, 0% used [0x00000000f0480000,0x00000000f0480000,0x00000000f1e80000)
 ParOldGen       total 87552K, used 28748K [0x0000000080000000, 0x0000000085580000, 0x00000000d5580000)
  object space 87552K, 32% used [0x0000000080000000,0x0000000081c131a0,0x0000000085580000)
 Metaspace       used 54429K, capacity 58058K, committed 58240K, reserved 1099776K
  class space    used 7409K, capacity 8035K, committed 8064K, reserved 1048576K
Event: 40.595 GC heap after
Heap after GC invocations=10 (full 0):
 PSYoungGen      total 440832K, used 16664K [0x00000000d5580000, 0x00000000f1f80000, 0x0000000100000000)
  eden space 414208K, 0% used [0x00000000d5580000,0x00000000d5580000,0x00000000eea00000)
  from space 26624K, 62% used [0x00000000f0480000,0x00000000f14c60a8,0x00000000f1e80000)
  to   space 27136K, 0% used [0x00000000eea00000,0x00000000eea00000,0x00000000f0480000)
 ParOldGen       total 87552K, used 35152K [0x0000000080000000, 0x0000000085580000, 0x00000000d5580000)
  object space 87552K, 40% used [0x0000000080000000,0x00000000822542b0,0x0000000085580000)
 Metaspace       used 54429K, capacity 58058K, committed 58240K, reserved 1099776K
  class space    used 7409K, capacity 8035K, committed 8064K, reserved 1048576K
}

