# JRE version: Java(TM) SE Runtime Environment (8.0_201-b09) (build 1.8.0_201-b09)
# Java VM: Java HotSpot(TM) 64-Bit Server VM (25.201-b09 mixed mode windows-amd64 compressed oops)
Heap:
 PSYoungGen      total 240640K, used 41217K [0x00000000d5b80000, 0x00000000eac80000, 0x0000000100000000)
  eden space 222720K, 10% used [0x00000000d5b80000,0x00000000d7241890,0x00000000e3500000)
  from space 17920K, 99% used [0x00000000e3500000,0x00000000e467ec10,0x00000000e4680000)
  to   space 28160K, 0% used [0x00000000e9100000,0x00000000e9100000,0x00000000eac80000)
 ParOldGen       total 112640K, used 55487K [0x0000000081200000, 0x0000000088000000, 0x00000000d5b80000)
  object space 112640K, 49% used [0x0000000081200000,0x000000008482fe28,0x0000000088000000)
 Metaspace       used 55505K, capacity 59218K, committed 59480K, reserved 1099776K
  class space    used 7592K, capacity 8242K, committed 8320K, reserved 1048576K
GC Heap History (10 events):
Event: 5.680 GC heap before
{Heap before GC invocations=12 (full 2):
 PSYoungGen      total 182272K, used 7864K [0x00000000d5b80000, 0x00000000e1900000, 0x0000000100000000)
  eden space 172544K, 0% used [0x00000000d5b80000,0x00000000d5b80000,0x00000000e0400000)
  from space 9728K, 80% used [0x00000000e0f80000,0x00000000e172e390,0x00000000e1900000)
  to   space 10752K, 0% used [0x00000000e0400000,0x00000000e0400000,0x00000000e0e80000)
 ParOldGen       total 49664K, used 14167K [0x0000000081200000, 0x0000000084280000, 0x00000000d5b80000)
  object space 49664K, 28% used [0x0000000081200000,0x0000000081fd5c50,0x0000000084280000)
 Metaspace       used 33262K, capacity 35328K, committed 35416K, reserved 1079296K
  class space    used 4583K, capacity 4960K, committed 4992K, reserved 1048576K
Event: 5.736 GC heap after
Heap after GC invocations=12 (full 2):
 PSYoungGen      total 182272K, used 0K [0x00000000d5b80000, 0x00000000e1900000, 0x0000000100000000)
  eden space 172544K, 0% used [0x00000000d5b80000,0x00000000d5b80000,0x00000000e0400000)
  from space 9728K, 0% used [0x00000000e0f80000,0x00000000e0f80000,0x00000000e1900000)
  to   space 10752K, 0% used [0x00000000e0400000,0x00000000e0400000,0x00000000e0e80000)
 ParOldGen       total 75776K, used 16191K [0x0000000081200000, 0x0000000085c00000, 0x00000000d5b80000)
  object space 75776K, 21% used [0x0000000081200000,0x00000000821cfc88,0x0000000085c00000)
 Metaspace       used 33262K, capacity 35328K, committed 35416K, reserved 1079296K
  class space    used 4583K, capacity 4960K, committed 4992K, reserved 1048576K
}
Event: 9.032 GC heap before
{Heap before GC invocations=13 (full 2):
 PSYoungGen      total 182272K, used 172544K [0x00000000d5b80000, 0x00000000e1900000, 0x0000000100000000)
  eden space 172544K, 100% used [0x00000000d5b80000,0x00000000e0400000,0x00000000e0400000)
  from space 9728K, 0% used [0x00000000e0f80000,0x00000000e0f80000,0x00000000e1900000)
  to   space 10752K, 0% used [0x00000000e0400000,0x00000000e0400000,0x00000000e0e80000)
 ParOldGen       total 75776K, used 16191K [0x0000000081200000, 0x0000000085c00000, 0x00000000d5b80000)
  object space 75776K, 21% used [0x0000000081200000,0x00000000821cfc88,0x0000000085c00000)
 Metaspace       used 42079K, capacity 45014K, committed 45272K, reserved 1087488K
  class space    used 5828K, capacity 6372K, committed 6400K, reserved 1048576K
Event: 9.053 GC heap after
Heap after GC invocations=13 (full 2):
 PSYoungGen      total 183296K, used 10749K [0x00000000d5b80000, 0x00000000e5500000, 0x0000000100000000)
  eden space 172544K, 0% used [0x00000000d5b80000,0x00000000d5b80000,0x00000000e0400000)
  from space 10752K, 99% used [0x00000000e0400000,0x00000000e0e7f5e0,0x00000000e0e80000)
  to   space 12800K, 0% used [0x00000000e4880000,0x00000000e4880000,0x00000000e5500000)
 ParOldGen       total 75776K, used 19564K [0x0000000081200000, 0x0000000085c00000, 0x00000000d5b80000)
  object space 75776K, 25% used [0x0000000081200000,0x000000008251b1c0,0x0000000085c00000)
 Metaspace       used 42079K, capacity 45014K, committed 45272K, reserved 1087488K
  class space    used 5828K, capacity 6372K, committed 6400K, reserved 1048576K
}
Event: 57.737 GC heap before
{Heap before GC invocations=14 (full 2):
 PSYoungGen      total 183296K, used 174971K [0x00000000d5b80000, 0x00000000e5500000, 0x0000000100000000)
  eden space 172544K, 95% used [0x00000000d5b80000,0x00000000dfbdf6e8,0x00000000e0400000)
  from space 10752K, 99% used [0x00000000e0400000,0x00000000e0e7f5e0,0x00000000e0e80000)
  to   space 12800K, 0% used [0x00000000e4880000,0x00000000e4880000,0x00000000e5500000)
 ParOldGen       total 75776K, used 19564K [0x0000000081200000, 0x0000000085c00000, 0x00000000d5b80000)
  object space 75776K, 25% used [0x0000000081200000,0x000000008251b1c0,0x0000000085c00000)
 Metaspace       used 55066K, capacity 58752K, committed 58968K, reserved 1099776K
  class space    used 7531K, capacity 8199K, committed 8320K, reserved 1048576K
Event: 57.754 GC heap after
Heap after GC invocations=14 (full 2):
 PSYoungGen      total 235520K, used 12786K [0x00000000d5b80000, 0x00000000e5800000, 0x0000000100000000)
  eden space 222720K, 0% used [0x00000000d5b80000,0x00000000d5b80000,0x00000000e3500000)
  from space 12800K, 99% used [0x00000000e4880000,0x00000000e54fcb30,0x00000000e5500000)
  to   space 17920K, 0% used [0x00000000e3500000,0x00000000e3500000,0x00000000e4680000)
 ParOldGen       total 75776K, used 30223K [0x0000000081200000, 0x0000000085c00000, 0x00000000d5b80000)
  object space 75776K, 39% used [0x0000000081200000,0x0000000082f83eb8,0x0000000085c00000)
 Metaspace       used 55066K, capacity 58752K, committed 58968K, reserved 1099776K
  class space    used 7531K, capacity 8199K, committed 8320K, reserved 1048576K
}
Event: 57.754 GC heap before
{Heap before GC invocations=15 (full 3):
 PSYoungGen      total 235520K, used 12786K [0x00000000d5b80000, 0x00000000e5800000, 0x0000000100000000)
  eden space 222720K, 0% used [0x00000000d5b80000,0x00000000d5b80000,0x00000000e3500000)
  from space 12800K, 99% used [0x00000000e4880000,0x00000000e54fcb30,0x00000000e5500000)
  to   space 17920K, 0% used [0x00000000e3500000,0x00000000e3500000,0x00000000e4680000)
 ParOldGen       total 75776K, used 30223K [0x0000000081200000, 0x0000000085c00000, 0x00000000d5b80000)
  object space 75776K, 39% used [0x0000000081200000,0x0000000082f83eb8,0x0000000085c00000)
 Metaspace       used 55066K, capacity 58752K, committed 58968K, reserved 1099776K
  class space    used 7531K, capacity 8199K, committed 8320K, reserved 1048576K
Event: 57.872 GC heap after
Heap after GC invocations=15 (full 3):
 PSYoungGen      total 235520K, used 0K [0x00000000d5b80000, 0x00000000e5800000, 0x0000000100000000)
  eden space 222720K, 0% used [0x00000000d5b80000,0x00000000d5b80000,0x00000000e3500000)
  from space 12800K, 0% used [0x00000000e4880000,0x00000000e4880000,0x00000000e5500000)
  to   space 17920K, 0% used [0x00000000e3500000,0x00000000e3500000,0x00000000e4680000)
 ParOldGen       total 112640K, used 34324K [0x0000000081200000, 0x0000000088000000, 0x00000000d5b80000)
  object space 112640K, 30% used [0x0000000081200000,0x0000000083385160,0x0000000088000000)
 Metaspace       used 55066K, capacity 58752K, committed 58968K, reserved 1099776K
  class space    used 7531K, capacity 8199K, committed 8320K, reserved 1048576K
}
Event: 86.335 GC heap before
{Heap before GC invocations=16 (full 3):
 PSYoungGen      total 235520K, used 222661K [0x00000000d5b80000, 0x00000000e5800000, 0x0000000100000000)
  eden space 222720K, 99% used [0x00000000d5b80000,0x00000000e34f1508,0x00000000e3500000)
  from space 12800K, 0% used [0x00000000e4880000,0x00000000e4880000,0x00000000e5500000)
  to   space 17920K, 0% used [0x00000000e3500000,0x00000000e3500000,0x00000000e4680000)
 ParOldGen       total 112640K, used 34324K [0x0000000081200000, 0x0000000088000000, 0x00000000d5b80000)
  object space 112640K, 30% used [0x0000000081200000,0x0000000083385160,0x0000000088000000)
 Metaspace       used 55505K, capacity 59218K, committed 59480K, reserved 1099776K
  class space    used 7592K, capacity 8242K, committed 8320K, reserved 1048576K
Event: 86.348 GC heap after
Heap after GC invocations=16 (full 3):
 PSYoungGen      total 240640K, used 17915K [0x00000000d5b80000, 0x00000000eac80000, 0x0000000100000000)
  eden space 222720K, 0% used [0x00000000d5b80000,0x00000000d5b80000,0x00000000e3500000)
  from space 17920K, 99% used [0x00000000e3500000,0x00000000e467ec10,0x00000000e4680000)
  to   space 28160K, 0% used [0x00000000e9100000,0x00000000e9100000,0x00000000eac80000)
 ParOldGen       total 112640K, used 55487K [0x0000000081200000, 0x0000000088000000, 0x00000000d5b80000)
  object space 112640K, 49% used [0x0000000081200000,0x000000008482fe28,0x0000000088000000)
 Metaspace       used 55505K, capacity 59218K, committed 59480K, reserved 1099776K
  class space    used 7592K, capacity 8242K, committed 8320K, reserved 1048576K
}

