# JRE version: Java(TM) SE Runtime Environment (8.0_201-b09) (build 1.8.0_201-b09)
# Java VM: Java HotSpot(TM) 64-Bit Server VM (25.201-b09 mixed mode windows-amd64 compressed oops)
Heap:
 PSYoungGen      total 305664K, used 225003K [0x00000000d5b80000, 0x00000000ef180000, 0x0000000100000000)
  eden space 270336K, 81% used [0x00000000d5b80000,0x00000000e3307f78,0x00000000e6380000)
  from space 35328K, 12% used [0x00000000e6380000,0x00000000e67b2db8,0x00000000e8600000)
  to   space 34304K, 0% used [0x00000000ed000000,0x00000000ed000000,0x00000000ef180000)
 ParOldGen       total 143872K, used 53846K [0x0000000081200000, 0x0000000089e80000, 0x00000000d5b80000)
  object space 143872K, 37% used [0x0000000081200000,0x0000000084695968,0x0000000089e80000)
 Metaspace       used 54344K, capacity 58046K, committed 58368K, reserved 1099776K
  class space    used 7429K, capacity 8107K, committed 8192K, reserved 1048576K
GC Heap History (10 events):
Event: 8.525 GC heap before
{Heap before GC invocations=14 (full 2):
 PSYoungGen      total 174592K, used 174590K [0x00000000d5b80000, 0x00000000e4d00000, 0x0000000100000000)
  eden space 162816K, 100% used [0x00000000d5b80000,0x00000000dfa80000,0x00000000dfa80000)
  from space 11776K, 99% used [0x00000000dfa80000,0x00000000e05ffaa0,0x00000000e0600000)
  to   space 13824K, 0% used [0x00000000e3f80000,0x00000000e3f80000,0x00000000e4d00000)
 ParOldGen       total 78336K, used 21640K [0x0000000081200000, 0x0000000085e80000, 0x00000000d5b80000)
  object space 78336K, 27% used [0x0000000081200000,0x0000000082722028,0x0000000085e80000)
 Metaspace       used 48974K, capacity 52026K, committed 52096K, reserved 1093632K
  class space    used 6722K, capacity 7265K, committed 7296K, reserved 1048576K
Event: 8.548 GC heap after
Heap after GC invocations=14 (full 2):
 PSYoungGen      total 223744K, used 13796K [0x00000000d5b80000, 0x00000000e6200000, 0x0000000100000000)
  eden space 209920K, 0% used [0x00000000d5b80000,0x00000000d5b80000,0x00000000e2880000)
  from space 13824K, 99% used [0x00000000e3f80000,0x00000000e4cf91d0,0x00000000e4d00000)
  to   space 23552K, 0% used [0x00000000e2880000,0x00000000e2880000,0x00000000e3f80000)
 ParOldGen       total 78336K, used 42373K [0x0000000081200000, 0x0000000085e80000, 0x00000000d5b80000)
  object space 78336K, 54% used [0x0000000081200000,0x0000000083b617c8,0x0000000085e80000)
 Metaspace       used 48974K, capacity 52026K, committed 52096K, reserved 1093632K
  class space    used 6722K, capacity 7265K, committed 7296K, reserved 1048576K
}
Event: 9.301 GC heap before
{Heap before GC invocations=15 (full 2):
 PSYoungGen      total 223744K, used 223716K [0x00000000d5b80000, 0x00000000e6200000, 0x0000000100000000)
  eden space 209920K, 100% used [0x00000000d5b80000,0x00000000e2880000,0x00000000e2880000)
  from space 13824K, 99% used [0x00000000e3f80000,0x00000000e4cf91d0,0x00000000e4d00000)
  to   space 23552K, 0% used [0x00000000e2880000,0x00000000e2880000,0x00000000e3f80000)
 ParOldGen       total 78336K, used 42375K [0x0000000081200000, 0x0000000085e80000, 0x00000000d5b80000)
  object space 78336K, 54% used [0x0000000081200000,0x0000000083b61fa8,0x0000000085e80000)
 Metaspace       used 49406K, capacity 52824K, committed 53120K, reserved 1095680K
  class space    used 6829K, capacity 7436K, committed 7552K, reserved 1048576K
Event: 9.310 GC heap after
Heap after GC invocations=15 (full 2):
 PSYoungGen      total 233472K, used 1965K [0x00000000d5b80000, 0x00000000e9d00000, 0x0000000100000000)
  eden space 209920K, 0% used [0x00000000d5b80000,0x00000000d5b80000,0x00000000e2880000)
  from space 23552K, 8% used [0x00000000e2880000,0x00000000e2a6b580,0x00000000e3f80000)
  to   space 23552K, 0% used [0x00000000e8600000,0x00000000e8600000,0x00000000e9d00000)
 ParOldGen       total 78336K, used 52674K [0x0000000081200000, 0x0000000085e80000, 0x00000000d5b80000)
  object space 78336K, 67% used [0x0000000081200000,0x0000000084570860,0x0000000085e80000)
 Metaspace       used 49406K, capacity 52824K, committed 53120K, reserved 1095680K
  class space    used 6829K, capacity 7436K, committed 7552K, reserved 1048576K
}
Event: 29.641 GC heap before
{Heap before GC invocations=16 (full 2):
 PSYoungGen      total 233472K, used 203921K [0x00000000d5b80000, 0x00000000e9d00000, 0x0000000100000000)
  eden space 209920K, 96% used [0x00000000d5b80000,0x00000000e20b91d8,0x00000000e2880000)
  from space 23552K, 8% used [0x00000000e2880000,0x00000000e2a6b580,0x00000000e3f80000)
  to   space 23552K, 0% used [0x00000000e8600000,0x00000000e8600000,0x00000000e9d00000)
 ParOldGen       total 78336K, used 52674K [0x0000000081200000, 0x0000000085e80000, 0x00000000d5b80000)
  object space 78336K, 67% used [0x0000000081200000,0x0000000084570860,0x0000000085e80000)
 Metaspace       used 54168K, capacity 57794K, committed 57984K, reserved 1099776K
  class space    used 7389K, capacity 8029K, committed 8064K, reserved 1048576K
Event: 29.658 GC heap after
Heap after GC invocations=16 (full 2):
 PSYoungGen      total 293888K, used 23520K [0x00000000d5b80000, 0x00000000eab80000, 0x0000000100000000)
  eden space 270336K, 0% used [0x00000000d5b80000,0x00000000d5b80000,0x00000000e6380000)
  from space 23552K, 99% used [0x00000000e8600000,0x00000000e9cf82d0,0x00000000e9d00000)
  to   space 35328K, 0% used [0x00000000e6380000,0x00000000e6380000,0x00000000e8600000)
 ParOldGen       total 78336K, used 74007K [0x0000000081200000, 0x0000000085e80000, 0x00000000d5b80000)
  object space 78336K, 94% used [0x0000000081200000,0x0000000085a45d78,0x0000000085e80000)
 Metaspace       used 54168K, capacity 57794K, committed 57984K, reserved 1099776K
  class space    used 7389K, capacity 8029K, committed 8064K, reserved 1048576K
}
Event: 29.658 GC heap before
{Heap before GC invocations=17 (full 3):
 PSYoungGen      total 293888K, used 23520K [0x00000000d5b80000, 0x00000000eab80000, 0x0000000100000000)
  eden space 270336K, 0% used [0x00000000d5b80000,0x00000000d5b80000,0x00000000e6380000)
  from space 23552K, 99% used [0x00000000e8600000,0x00000000e9cf82d0,0x00000000e9d00000)
  to   space 35328K, 0% used [0x00000000e6380000,0x00000000e6380000,0x00000000e8600000)
 ParOldGen       total 78336K, used 74007K [0x0000000081200000, 0x0000000085e80000, 0x00000000d5b80000)
  object space 78336K, 94% used [0x0000000081200000,0x0000000085a45d78,0x0000000085e80000)
 Metaspace       used 54168K, capacity 57794K, committed 57984K, reserved 1099776K
  class space    used 7389K, capacity 8029K, committed 8064K, reserved 1048576K
Event: 29.836 GC heap after
Heap after GC invocations=17 (full 3):
 PSYoungGen      total 293888K, used 0K [0x00000000d5b80000, 0x00000000eab80000, 0x0000000100000000)
  eden space 270336K, 0% used [0x00000000d5b80000,0x00000000d5b80000,0x00000000e6380000)
  from space 23552K, 0% used [0x00000000e8600000,0x00000000e8600000,0x00000000e9d00000)
  to   space 35328K, 0% used [0x00000000e6380000,0x00000000e6380000,0x00000000e8600000)
 ParOldGen       total 143872K, used 53838K [0x0000000081200000, 0x0000000089e80000, 0x00000000d5b80000)
  object space 143872K, 37% used [0x0000000081200000,0x0000000084693968,0x0000000089e80000)
 Metaspace       used 54168K, capacity 57794K, committed 57984K, reserved 1099776K
  class space    used 7389K, capacity 8029K, committed 8064K, reserved 1048576K
}
Event: 53.158 GC heap before
{Heap before GC invocations=18 (full 3):
 PSYoungGen      total 293888K, used 270336K [0x00000000d5b80000, 0x00000000eab80000, 0x0000000100000000)
  eden space 270336K, 100% used [0x00000000d5b80000,0x00000000e6380000,0x00000000e6380000)
  from space 23552K, 0% used [0x00000000e8600000,0x00000000e8600000,0x00000000e9d00000)
  to   space 35328K, 0% used [0x00000000e6380000,0x00000000e6380000,0x00000000e8600000)
 ParOldGen       total 143872K, used 53838K [0x0000000081200000, 0x0000000089e80000, 0x00000000d5b80000)
  object space 143872K, 37% used [0x0000000081200000,0x0000000084693968,0x0000000089e80000)
 Metaspace       used 54323K, capacity 58022K, committed 58368K, reserved 1099776K
  class space    used 7426K, capacity 8103K, committed 8192K, reserved 1048576K
Event: 53.161 GC heap after
Heap after GC invocations=18 (full 3):
 PSYoungGen      total 305664K, used 4299K [0x00000000d5b80000, 0x00000000ef180000, 0x0000000100000000)
  eden space 270336K, 0% used [0x00000000d5b80000,0x00000000d5b80000,0x00000000e6380000)
  from space 35328K, 12% used [0x00000000e6380000,0x00000000e67b2db8,0x00000000e8600000)
  to   space 34304K, 0% used [0x00000000ed000000,0x00000000ed000000,0x00000000ef180000)
 ParOldGen       total 143872K, used 53846K [0x0000000081200000, 0x0000000089e80000, 0x00000000d5b80000)
  object space 143872K, 37% used [0x0000000081200000,0x0000000084695968,0x0000000089e80000)
 Metaspace       used 54323K, capacity 58022K, committed 58368K, reserved 1099776K
  class space    used 7426K, capacity 8103K, committed 8192K, reserved 1048576K
}

