# JRE version: Java(TM) SE Runtime Environment (8.0_201-b09) (build 1.8.0_201-b09)
# Java VM: Java HotSpot(TM) 64-Bit Server VM (25.201-b09 mixed mode windows-amd64 compressed oops)
Heap:
 PSYoungGen      total 553984K, used 233277K [0x00000000d5b80000, 0x00000000f9a80000, 0x0000000100000000)
  eden space 548352K, 41% used [0x00000000d5b80000,0x00000000e39d6a60,0x00000000f7300000)
  from space 5632K, 99% used [0x00000000f9500000,0x00000000f9a78ae8,0x00000000f9a80000)
  to   space 18944K, 0% used [0x00000000f7580000,0x00000000f7580000,0x00000000f8800000)
 ParOldGen       total 97280K, used 50114K [0x0000000081200000, 0x0000000087100000, 0x00000000d5b80000)
  object space 97280K, 51% used [0x0000000081200000,0x00000000842f0a80,0x0000000087100000)
 Metaspace       used 55744K, capacity 59494K, committed 59736K, reserved 1101824K
  class space    used 7629K, capacity 8282K, committed 8320K, reserved 1048576K
GC Heap History (10 events):
Event: 127.864 GC heap before
{Heap before GC invocations=13 (full 2):
 PSYoungGen      total 296448K, used 165337K [0x00000000d5b80000, 0x00000000e9780000, 0x0000000100000000)
  eden space 283648K, 53% used [0x00000000d5b80000,0x00000000df07c7e8,0x00000000e7080000)
  from space 12800K, 99% used [0x00000000e8b00000,0x00000000e9779c28,0x00000000e9780000)
  to   space 15872K, 0% used [0x00000000e7880000,0x00000000e7880000,0x00000000e8800000)
 ParOldGen       total 68096K, used 18864K [0x0000000081200000, 0x0000000085480000, 0x00000000d5b80000)
  object space 68096K, 27% used [0x0000000081200000,0x000000008246c098,0x0000000085480000)
 Metaspace       used 55080K, capacity 58744K, committed 58968K, reserved 1099776K
  class space    used 7530K, capacity 8197K, committed 8320K, reserved 1048576K
Event: 127.879 GC heap after
Heap after GC invocations=13 (full 2):
 PSYoungGen      total 307712K, used 14771K [0x00000000d5b80000, 0x00000000f0880000, 0x0000000100000000)
  eden space 291840K, 0% used [0x00000000d5b80000,0x00000000d5b80000,0x00000000e7880000)
  from space 15872K, 93% used [0x00000000e7880000,0x00000000e86ecda0,0x00000000e8800000)
  to   space 17408K, 0% used [0x00000000ef780000,0x00000000ef780000,0x00000000f0880000)
 ParOldGen       total 68096K, used 27100K [0x0000000081200000, 0x0000000085480000, 0x00000000d5b80000)
  object space 68096K, 39% used [0x0000000081200000,0x0000000082c77188,0x0000000085480000)
 Metaspace       used 55080K, capacity 58744K, committed 58968K, reserved 1099776K
  class space    used 7530K, capacity 8197K, committed 8320K, reserved 1048576K
}
Event: 127.879 GC heap before
{Heap before GC invocations=14 (full 3):
 PSYoungGen      total 307712K, used 14771K [0x00000000d5b80000, 0x00000000f0880000, 0x0000000100000000)
  eden space 291840K, 0% used [0x00000000d5b80000,0x00000000d5b80000,0x00000000e7880000)
  from space 15872K, 93% used [0x00000000e7880000,0x00000000e86ecda0,0x00000000e8800000)
  to   space 17408K, 0% used [0x00000000ef780000,0x00000000ef780000,0x00000000f0880000)
 ParOldGen       total 68096K, used 27100K [0x0000000081200000, 0x0000000085480000, 0x00000000d5b80000)
  object space 68096K, 39% used [0x0000000081200000,0x0000000082c77188,0x0000000085480000)
 Metaspace       used 55080K, capacity 58744K, committed 58968K, reserved 1099776K
  class space    used 7530K, capacity 8197K, committed 8320K, reserved 1048576K
Event: 127.998 GC heap after
Heap after GC invocations=14 (full 3):
 PSYoungGen      total 307712K, used 0K [0x00000000d5b80000, 0x00000000f0880000, 0x0000000100000000)
  eden space 291840K, 0% used [0x00000000d5b80000,0x00000000d5b80000,0x00000000e7880000)
  from space 15872K, 0% used [0x00000000e7880000,0x00000000e7880000,0x00000000e8800000)
  to   space 17408K, 0% used [0x00000000ef780000,0x00000000ef780000,0x00000000f0880000)
 ParOldGen       total 97280K, used 32983K [0x0000000081200000, 0x0000000087100000, 0x00000000d5b80000)
  object space 97280K, 33% used [0x0000000081200000,0x0000000083235c98,0x0000000087100000)
 Metaspace       used 55080K, capacity 58744K, committed 58968K, reserved 1099776K
  class space    used 7530K, capacity 8197K, committed 8320K, reserved 1048576K
}
Event: 163.578 GC heap before
{Heap before GC invocations=15 (full 3):
 PSYoungGen      total 307712K, used 291840K [0x00000000d5b80000, 0x00000000f0880000, 0x0000000100000000)
  eden space 291840K, 100% used [0x00000000d5b80000,0x00000000e7880000,0x00000000e7880000)
  from space 15872K, 0% used [0x00000000e7880000,0x00000000e7880000,0x00000000e8800000)
  to   space 17408K, 0% used [0x00000000ef780000,0x00000000ef780000,0x00000000f0880000)
 ParOldGen       total 97280K, used 32983K [0x0000000081200000, 0x0000000087100000, 0x00000000d5b80000)
  object space 97280K, 33% used [0x0000000081200000,0x0000000083235c98,0x0000000087100000)
 Metaspace       used 55701K, capacity 59412K, committed 59480K, reserved 1099776K
  class space    used 7626K, capacity 8279K, committed 8320K, reserved 1048576K
Event: 163.585 GC heap after
Heap after GC invocations=15 (full 3):
 PSYoungGen      total 420352K, used 14957K [0x00000000d5b80000, 0x00000000f1980000, 0x0000000100000000)
  eden space 402944K, 0% used [0x00000000d5b80000,0x00000000d5b80000,0x00000000ee500000)
  from space 17408K, 85% used [0x00000000ef780000,0x00000000f061b5e8,0x00000000f0880000)
  to   space 18944K, 0% used [0x00000000ee500000,0x00000000ee500000,0x00000000ef780000)
 ParOldGen       total 97280K, used 32991K [0x0000000081200000, 0x0000000087100000, 0x00000000d5b80000)
  object space 97280K, 33% used [0x0000000081200000,0x0000000083237c98,0x0000000087100000)
 Metaspace       used 55701K, capacity 59412K, committed 59480K, reserved 1099776K
  class space    used 7626K, capacity 8279K, committed 8320K, reserved 1048576K
}
Event: 174.155 GC heap before
{Heap before GC invocations=16 (full 3):
 PSYoungGen      total 420352K, used 417901K [0x00000000d5b80000, 0x00000000f1980000, 0x0000000100000000)
  eden space 402944K, 100% used [0x00000000d5b80000,0x00000000ee500000,0x00000000ee500000)
  from space 17408K, 85% used [0x00000000ef780000,0x00000000f061b5e8,0x00000000f0880000)
  to   space 18944K, 0% used [0x00000000ee500000,0x00000000ee500000,0x00000000ef780000)
 ParOldGen       total 97280K, used 32991K [0x0000000081200000, 0x0000000087100000, 0x00000000d5b80000)
  object space 97280K, 33% used [0x0000000081200000,0x0000000083237c98,0x0000000087100000)
 Metaspace       used 55709K, capacity 59430K, committed 59480K, reserved 1099776K
  class space    used 7628K, capacity 8282K, committed 8320K, reserved 1048576K
Event: 174.163 GC heap after
Heap after GC invocations=16 (full 3):
 PSYoungGen      total 421888K, used 2737K [0x00000000d5b80000, 0x00000000fa780000, 0x0000000100000000)
  eden space 402944K, 0% used [0x00000000d5b80000,0x00000000d5b80000,0x00000000ee500000)
  from space 18944K, 14% used [0x00000000ee500000,0x00000000ee7ac768,0x00000000ef780000)
  to   space 18944K, 0% used [0x00000000f9500000,0x00000000f9500000,0x00000000fa780000)
 ParOldGen       total 97280K, used 50050K [0x0000000081200000, 0x0000000087100000, 0x00000000d5b80000)
  object space 97280K, 51% used [0x0000000081200000,0x00000000842e0a80,0x0000000087100000)
 Metaspace       used 55709K, capacity 59430K, committed 59480K, reserved 1099776K
  class space    used 7628K, capacity 8282K, committed 8320K, reserved 1048576K
}
Event: 181.122 GC heap before
{Heap before GC invocations=17 (full 3):
 PSYoungGen      total 421888K, used 405681K [0x00000000d5b80000, 0x00000000fa780000, 0x0000000100000000)
  eden space 402944K, 100% used [0x00000000d5b80000,0x00000000ee500000,0x00000000ee500000)
  from space 18944K, 14% used [0x00000000ee500000,0x00000000ee7ac768,0x00000000ef780000)
  to   space 18944K, 0% used [0x00000000f9500000,0x00000000f9500000,0x00000000fa780000)
 ParOldGen       total 97280K, used 50050K [0x0000000081200000, 0x0000000087100000, 0x00000000d5b80000)
  object space 97280K, 51% used [0x0000000081200000,0x00000000842e0a80,0x0000000087100000)
 Metaspace       used 55735K, capacity 59494K, committed 59736K, reserved 1101824K
  class space    used 7629K, capacity 8282K, committed 8320K, reserved 1048576K
Event: 181.125 GC heap after
Heap after GC invocations=17 (full 3):
 PSYoungGen      total 553984K, used 5602K [0x00000000d5b80000, 0x00000000f9a80000, 0x0000000100000000)
  eden space 548352K, 0% used [0x00000000d5b80000,0x00000000d5b80000,0x00000000f7300000)
  from space 5632K, 99% used [0x00000000f9500000,0x00000000f9a78ae8,0x00000000f9a80000)
  to   space 18944K, 0% used [0x00000000f7580000,0x00000000f7580000,0x00000000f8800000)
 ParOldGen       total 97280K, used 50114K [0x0000000081200000, 0x0000000087100000, 0x00000000d5b80000)
  object space 97280K, 51% used [0x0000000081200000,0x00000000842f0a80,0x0000000087100000)
 Metaspace       used 55735K, capacity 59494K, committed 59736K, reserved 1101824K
  class space    used 7629K, capacity 8282K, committed 8320K, reserved 1048576K
}

