# JRE version: Java(TM) SE Runtime Environment (8.0_201-b09) (build 1.8.0_201-b09)
# Java VM: Java HotSpot(TM) 64-Bit Server VM (25.201-b09 mixed mode windows-amd64 compressed oops)
Heap:
 PSYoungGen      total 409600K, used 220970K [0x00000000d5b80000, 0x00000000f8a00000, 0x0000000100000000)
  eden space 390656K, 55% used [0x00000000d5b80000,0x00000000e31b7c28,0x00000000ed900000)
  from space 18944K, 12% used [0x00000000ed900000,0x00000000edb67758,0x00000000eeb80000)
  to   space 19456K, 0% used [0x00000000f7700000,0x00000000f7700000,0x00000000f8a00000)
 ParOldGen       total 100864K, used 70983K [0x0000000081200000, 0x0000000087480000, 0x00000000d5b80000)
  object space 100864K, 70% used [0x0000000081200000,0x0000000085751ee8,0x0000000087480000)
 Metaspace       used 55824K, capacity 59601K, committed 59736K, reserved 1101824K
  class space    used 7631K, capacity 8280K, committed 8320K, reserved 1048576K
GC Heap History (10 events):
Event: 5.889 GC heap before
{Heap before GC invocations=12 (full 2):
 PSYoungGen      total 206848K, used 194048K [0x00000000d5b80000, 0x00000000e9880000, 0x0000000100000000)
  eden space 194048K, 100% used [0x00000000d5b80000,0x00000000e1900000,0x00000000e1900000)
  from space 12800K, 0% used [0x00000000e1900000,0x00000000e1900000,0x00000000e2580000)
  to   space 12800K, 0% used [0x00000000e8c00000,0x00000000e8c00000,0x00000000e9880000)
 ParOldGen       total 69632K, used 13946K [0x0000000081200000, 0x0000000085600000, 0x00000000d5b80000)
  object space 69632K, 20% used [0x0000000081200000,0x0000000081f9eb28,0x0000000085600000)
 Metaspace       used 44434K, capacity 47341K, committed 47704K, reserved 1089536K
  class space    used 6113K, capacity 6668K, committed 6784K, reserved 1048576K
Event: 5.902 GC heap after
Heap after GC invocations=12 (full 2):
 PSYoungGen      total 292352K, used 12788K [0x00000000d5b80000, 0x00000000e9880000, 0x0000000100000000)
  eden space 279552K, 0% used [0x00000000d5b80000,0x00000000d5b80000,0x00000000e6c80000)
  from space 12800K, 99% used [0x00000000e8c00000,0x00000000e987d1a0,0x00000000e9880000)
  to   space 15872K, 0% used [0x00000000e7980000,0x00000000e7980000,0x00000000e8900000)
 ParOldGen       total 69632K, used 18397K [0x0000000081200000, 0x0000000085600000, 0x00000000d5b80000)
  object space 69632K, 26% used [0x0000000081200000,0x00000000823f74c0,0x0000000085600000)
 Metaspace       used 44434K, capacity 47341K, committed 47704K, reserved 1089536K
  class space    used 6113K, capacity 6668K, committed 6784K, reserved 1048576K
}
Event: 22.412 GC heap before
{Heap before GC invocations=13 (full 2):
 PSYoungGen      total 292352K, used 168152K [0x00000000d5b80000, 0x00000000e9880000, 0x0000000100000000)
  eden space 279552K, 55% used [0x00000000d5b80000,0x00000000df339250,0x00000000e6c80000)
  from space 12800K, 99% used [0x00000000e8c00000,0x00000000e987d1a0,0x00000000e9880000)
  to   space 15872K, 0% used [0x00000000e7980000,0x00000000e7980000,0x00000000e8900000)
 ParOldGen       total 69632K, used 18397K [0x0000000081200000, 0x0000000085600000, 0x00000000d5b80000)
  object space 69632K, 26% used [0x0000000081200000,0x00000000823f74c0,0x0000000085600000)
 Metaspace       used 55132K, capacity 58787K, committed 58968K, reserved 1099776K
  class space    used 7523K, capacity 8193K, committed 8320K, reserved 1048576K
Event: 22.427 GC heap after
Heap after GC invocations=13 (full 2):
 PSYoungGen      total 308736K, used 14346K [0x00000000d5b80000, 0x00000000efc00000, 0x0000000100000000)
  eden space 292864K, 0% used [0x00000000d5b80000,0x00000000d5b80000,0x00000000e7980000)
  from space 15872K, 90% used [0x00000000e7980000,0x00000000e8782bd8,0x00000000e8900000)
  to   space 16896K, 0% used [0x00000000eeb80000,0x00000000eeb80000,0x00000000efc00000)
 ParOldGen       total 69632K, used 26585K [0x0000000081200000, 0x0000000085600000, 0x00000000d5b80000)
  object space 69632K, 38% used [0x0000000081200000,0x0000000082bf65b0,0x0000000085600000)
 Metaspace       used 55132K, capacity 58787K, committed 58968K, reserved 1099776K
  class space    used 7523K, capacity 8193K, committed 8320K, reserved 1048576K
}
Event: 22.427 GC heap before
{Heap before GC invocations=14 (full 3):
 PSYoungGen      total 308736K, used 14346K [0x00000000d5b80000, 0x00000000efc00000, 0x0000000100000000)
  eden space 292864K, 0% used [0x00000000d5b80000,0x00000000d5b80000,0x00000000e7980000)
  from space 15872K, 90% used [0x00000000e7980000,0x00000000e8782bd8,0x00000000e8900000)
  to   space 16896K, 0% used [0x00000000eeb80000,0x00000000eeb80000,0x00000000efc00000)
 ParOldGen       total 69632K, used 26585K [0x0000000081200000, 0x0000000085600000, 0x00000000d5b80000)
  object space 69632K, 38% used [0x0000000081200000,0x0000000082bf65b0,0x0000000085600000)
 Metaspace       used 55132K, capacity 58787K, committed 58968K, reserved 1099776K
  class space    used 7523K, capacity 8193K, committed 8320K, reserved 1048576K
Event: 22.549 GC heap after
Heap after GC invocations=14 (full 3):
 PSYoungGen      total 308736K, used 0K [0x00000000d5b80000, 0x00000000efc00000, 0x0000000100000000)
  eden space 292864K, 0% used [0x00000000d5b80000,0x00000000d5b80000,0x00000000e7980000)
  from space 15872K, 0% used [0x00000000e7980000,0x00000000e7980000,0x00000000e8900000)
  to   space 16896K, 0% used [0x00000000eeb80000,0x00000000eeb80000,0x00000000efc00000)
 ParOldGen       total 100864K, used 33334K [0x0000000081200000, 0x0000000087480000, 0x00000000d5b80000)
  object space 100864K, 33% used [0x0000000081200000,0x000000008328db68,0x0000000087480000)
 Metaspace       used 55132K, capacity 58787K, committed 58968K, reserved 1099776K
  class space    used 7523K, capacity 8193K, committed 8320K, reserved 1048576K
}
Event: 52.089 GC heap before
{Heap before GC invocations=15 (full 3):
 PSYoungGen      total 308736K, used 292864K [0x00000000d5b80000, 0x00000000efc00000, 0x0000000100000000)
  eden space 292864K, 100% used [0x00000000d5b80000,0x00000000e7980000,0x00000000e7980000)
  from space 15872K, 0% used [0x00000000e7980000,0x00000000e7980000,0x00000000e8900000)
  to   space 16896K, 0% used [0x00000000eeb80000,0x00000000eeb80000,0x00000000efc00000)
 ParOldGen       total 100864K, used 33334K [0x0000000081200000, 0x0000000087480000, 0x00000000d5b80000)
  object space 100864K, 33% used [0x0000000081200000,0x000000008328db68,0x0000000087480000)
 Metaspace       used 55578K, capacity 59321K, committed 59480K, reserved 1099776K
  class space    used 7592K, capacity 8238K, committed 8320K, reserved 1048576K
Event: 52.103 GC heap after
Heap after GC invocations=15 (full 3):
 PSYoungGen      total 407552K, used 16805K [0x00000000d5b80000, 0x00000000f1200000, 0x0000000100000000)
  eden space 390656K, 0% used [0x00000000d5b80000,0x00000000d5b80000,0x00000000ed900000)
  from space 16896K, 99% used [0x00000000eeb80000,0x00000000efbe94d8,0x00000000efc00000)
  to   space 18944K, 0% used [0x00000000ed900000,0x00000000ed900000,0x00000000eeb80000)
 ParOldGen       total 100864K, used 55814K [0x0000000081200000, 0x0000000087480000, 0x00000000d5b80000)
  object space 100864K, 55% used [0x0000000081200000,0x0000000084881878,0x0000000087480000)
 Metaspace       used 55578K, capacity 59321K, committed 59480K, reserved 1099776K
  class space    used 7592K, capacity 8238K, committed 8320K, reserved 1048576K
}
Event: 64.692 GC heap before
{Heap before GC invocations=16 (full 3):
 PSYoungGen      total 407552K, used 407461K [0x00000000d5b80000, 0x00000000f1200000, 0x0000000100000000)
  eden space 390656K, 100% used [0x00000000d5b80000,0x00000000ed900000,0x00000000ed900000)
  from space 16896K, 99% used [0x00000000eeb80000,0x00000000efbe94d8,0x00000000efc00000)
  to   space 18944K, 0% used [0x00000000ed900000,0x00000000ed900000,0x00000000eeb80000)
 ParOldGen       total 100864K, used 55814K [0x0000000081200000, 0x0000000087480000, 0x00000000d5b80000)
  object space 100864K, 55% used [0x0000000081200000,0x0000000084881878,0x0000000087480000)
 Metaspace       used 55811K, capacity 59537K, committed 59736K, reserved 1101824K
  class space    used 7631K, capacity 8280K, committed 8320K, reserved 1048576K
Event: 64.698 GC heap after
Heap after GC invocations=16 (full 3):
 PSYoungGen      total 409600K, used 2461K [0x00000000d5b80000, 0x00000000f8a00000, 0x0000000100000000)
  eden space 390656K, 0% used [0x00000000d5b80000,0x00000000d5b80000,0x00000000ed900000)
  from space 18944K, 12% used [0x00000000ed900000,0x00000000edb67758,0x00000000eeb80000)
  to   space 19456K, 0% used [0x00000000f7700000,0x00000000f7700000,0x00000000f8a00000)
 ParOldGen       total 100864K, used 70983K [0x0000000081200000, 0x0000000087480000, 0x00000000d5b80000)
  object space 100864K, 70% used [0x0000000081200000,0x0000000085751ee8,0x0000000087480000)
 Metaspace       used 55811K, capacity 59537K, committed 59736K, reserved 1101824K
  class space    used 7631K, capacity 8280K, committed 8320K, reserved 1048576K
}

