# JRE version: Java(TM) SE Runtime Environment (8.0_201-b09) (build 1.8.0_201-b09)
# Java VM: Java HotSpot(TM) 64-Bit Server VM (25.201-b09 mixed mode windows-amd64 compressed oops)
Heap:
 PSYoungGen      total 53248K, used 10933K [0x00000000d5580000, 0x00000000d9600000, 0x0000000100000000)
  eden space 41472K, 16% used [0x00000000d5580000,0x00000000d5c09310,0x00000000d7e00000)
  from space 11776K, 36% used [0x00000000d8a80000,0x00000000d8ea4378,0x00000000d9600000)
  to   space 12288K, 0% used [0x00000000d7e00000,0x00000000d7e00000,0x00000000d8a00000)
 ParOldGen       total 80896K, used 56458K [0x0000000080000000, 0x0000000084f00000, 0x00000000d5580000)
  object space 80896K, 69% used [0x0000000080000000,0x00000000837229f0,0x0000000084f00000)
 Metaspace       used 54983K, capacity 58496K, committed 59136K, reserved 1099776K
  class space    used 7430K, capacity 8058K, committed 8192K, reserved 1048576K
GC Heap History (10 events):
Event: 4214.707 GC heap before
{Heap before GC invocations=3540 (full 9):
 PSYoungGen      total 32768K, used 25088K [0x00000000d5580000, 0x00000000d8000000, 0x0000000100000000)
  eden space 25088K, 100% used [0x00000000d5580000,0x00000000d6e00000,0x00000000d6e00000)
  from space 7680K, 0% used [0x00000000d7680000,0x00000000d7680000,0x00000000d7e00000)
  to   space 8704K, 0% used [0x00000000d6e00000,0x00000000d6e00000,0x00000000d7680000)
 ParOldGen       total 80896K, used 36317K [0x0000000080000000, 0x0000000084f00000, 0x00000000d5580000)
  object space 80896K, 44% used [0x0000000080000000,0x0000000082377748,0x0000000084f00000)
 Metaspace       used 54983K, capacity 58496K, committed 59136K, reserved 1099776K
  class space    used 7430K, capacity 8058K, committed 8192K, reserved 1048576K
Event: 4214.711 GC heap after
Heap after GC invocations=3540 (full 9):
 PSYoungGen      total 33792K, used 4376K [0x00000000d5580000, 0x00000000d8280000, 0x0000000100000000)
  eden space 25088K, 0% used [0x00000000d5580000,0x00000000d5580000,0x00000000d6e00000)
  from space 8704K, 50% used [0x00000000d6e00000,0x00000000d72463d8,0x00000000d7680000)
  to   space 8192K, 0% used [0x00000000d7a80000,0x00000000d7a80000,0x00000000d8280000)
 ParOldGen       total 80896K, used 36317K [0x0000000080000000, 0x0000000084f00000, 0x00000000d5580000)
  object space 80896K, 44% used [0x0000000080000000,0x0000000082377748,0x0000000084f00000)
 Metaspace       used 54983K, capacity 58496K, committed 59136K, reserved 1099776K
  class space    used 7430K, capacity 8058K, committed 8192K, reserved 1048576K
}
Event: 4214.932 GC heap before
{Heap before GC invocations=3541 (full 9):
 PSYoungGen      total 33792K, used 29464K [0x00000000d5580000, 0x00000000d8280000, 0x0000000100000000)
  eden space 25088K, 100% used [0x00000000d5580000,0x00000000d6e00000,0x00000000d6e00000)
  from space 8704K, 50% used [0x00000000d6e00000,0x00000000d72463d8,0x00000000d7680000)
  to   space 8192K, 0% used [0x00000000d7a80000,0x00000000d7a80000,0x00000000d8280000)
 ParOldGen       total 80896K, used 36317K [0x0000000080000000, 0x0000000084f00000, 0x00000000d5580000)
  object space 80896K, 44% used [0x0000000080000000,0x0000000082377768,0x0000000084f00000)
 Metaspace       used 54983K, capacity 58496K, committed 59136K, reserved 1099776K
  class space    used 7430K, capacity 8058K, committed 8192K, reserved 1048576K
Event: 4214.939 GC heap after
Heap after GC invocations=3541 (full 9):
 PSYoungGen      total 36864K, used 7555K [0x00000000d5580000, 0x00000000d8500000, 0x0000000100000000)
  eden space 28672K, 0% used [0x00000000d5580000,0x00000000d5580000,0x00000000d7180000)
  from space 8192K, 92% used [0x00000000d7a80000,0x00000000d81e0cb0,0x00000000d8280000)
  to   space 9216K, 0% used [0x00000000d7180000,0x00000000d7180000,0x00000000d7a80000)
 ParOldGen       total 80896K, used 36769K [0x0000000080000000, 0x0000000084f00000, 0x00000000d5580000)
  object space 80896K, 45% used [0x0000000080000000,0x00000000823e85a0,0x0000000084f00000)
 Metaspace       used 54983K, capacity 58496K, committed 59136K, reserved 1099776K
  class space    used 7430K, capacity 8058K, committed 8192K, reserved 1048576K
}
Event: 4214.992 GC heap before
{Heap before GC invocations=3542 (full 9):
 PSYoungGen      total 36864K, used 36227K [0x00000000d5580000, 0x00000000d8500000, 0x0000000100000000)
  eden space 28672K, 100% used [0x00000000d5580000,0x00000000d7180000,0x00000000d7180000)
  from space 8192K, 92% used [0x00000000d7a80000,0x00000000d81e0cb0,0x00000000d8280000)
  to   space 9216K, 0% used [0x00000000d7180000,0x00000000d7180000,0x00000000d7a80000)
 ParOldGen       total 80896K, used 36771K [0x0000000080000000, 0x0000000084f00000, 0x00000000d5580000)
  object space 80896K, 45% used [0x0000000080000000,0x00000000823e8d80,0x0000000084f00000)
 Metaspace       used 54983K, capacity 58496K, committed 59136K, reserved 1099776K
  class space    used 7430K, capacity 8058K, committed 8192K, reserved 1048576K
Event: 4214.999 GC heap after
Heap after GC invocations=3542 (full 9):
 PSYoungGen      total 37888K, used 9065K [0x00000000d5580000, 0x00000000d8c80000, 0x0000000100000000)
  eden space 28672K, 0% used [0x00000000d5580000,0x00000000d5580000,0x00000000d7180000)
  from space 9216K, 98% used [0x00000000d7180000,0x00000000d7a5a6a8,0x00000000d7a80000)
  to   space 10752K, 0% used [0x00000000d8200000,0x00000000d8200000,0x00000000d8c80000)
 ParOldGen       total 80896K, used 43356K [0x0000000080000000, 0x0000000084f00000, 0x00000000d5580000)
  object space 80896K, 53% used [0x0000000080000000,0x0000000082a573d0,0x0000000084f00000)
 Metaspace       used 54983K, capacity 58496K, committed 59136K, reserved 1099776K
  class space    used 7430K, capacity 8058K, committed 8192K, reserved 1048576K
}
Event: 4215.114 GC heap before
{Heap before GC invocations=3543 (full 9):
 PSYoungGen      total 37888K, used 37737K [0x00000000d5580000, 0x00000000d8c80000, 0x0000000100000000)
  eden space 28672K, 100% used [0x00000000d5580000,0x00000000d7180000,0x00000000d7180000)
  from space 9216K, 98% used [0x00000000d7180000,0x00000000d7a5a6a8,0x00000000d7a80000)
  to   space 10752K, 0% used [0x00000000d8200000,0x00000000d8200000,0x00000000d8c80000)
 ParOldGen       total 80896K, used 43356K [0x0000000080000000, 0x0000000084f00000, 0x00000000d5580000)
  object space 80896K, 53% used [0x0000000080000000,0x0000000082a573d0,0x0000000084f00000)
 Metaspace       used 54983K, capacity 58496K, committed 59136K, reserved 1099776K
  class space    used 7430K, capacity 8058K, committed 8192K, reserved 1048576K
Event: 4215.121 GC heap after
Heap after GC invocations=3543 (full 9):
 PSYoungGen      total 45056K, used 7222K [0x00000000d5580000, 0x00000000d8d80000, 0x0000000100000000)
  eden space 34304K, 0% used [0x00000000d5580000,0x00000000d5580000,0x00000000d7700000)
  from space 10752K, 67% used [0x00000000d8200000,0x00000000d890d950,0x00000000d8c80000)
  to   space 11264K, 0% used [0x00000000d7700000,0x00000000d7700000,0x00000000d8200000)
 ParOldGen       total 80896K, used 46849K [0x0000000080000000, 0x0000000084f00000, 0x00000000d5580000)
  object space 80896K, 57% used [0x0000000080000000,0x0000000082dc06f0,0x0000000084f00000)
 Metaspace       used 54983K, capacity 58496K, committed 59136K, reserved 1099776K
  class space    used 7430K, capacity 8058K, committed 8192K, reserved 1048576K
}
Event: 4215.326 GC heap before
{Heap before GC invocations=3544 (full 9):
 PSYoungGen      total 45056K, used 41526K [0x00000000d5580000, 0x00000000d8d80000, 0x0000000100000000)
  eden space 34304K, 100% used [0x00000000d5580000,0x00000000d7700000,0x00000000d7700000)
  from space 10752K, 67% used [0x00000000d8200000,0x00000000d890d950,0x00000000d8c80000)
  to   space 11264K, 0% used [0x00000000d7700000,0x00000000d7700000,0x00000000d8200000)
 ParOldGen       total 80896K, used 46849K [0x0000000080000000, 0x0000000084f00000, 0x00000000d5580000)
  object space 80896K, 57% used [0x0000000080000000,0x0000000082dc06f0,0x0000000084f00000)
 Metaspace       used 54983K, capacity 58496K, committed 59136K, reserved 1099776K
  class space    used 7430K, capacity 8058K, committed 8192K, reserved 1048576K
Event: 4215.332 GC heap after
Heap after GC invocations=3544 (full 9):
 PSYoungGen      total 45568K, used 11043K [0x00000000d5580000, 0x00000000d9700000, 0x0000000100000000)
  eden space 34304K, 0% used [0x00000000d5580000,0x00000000d5580000,0x00000000d7700000)
  from space 11264K, 98% used [0x00000000d7700000,0x00000000d81c8f60,0x00000000d8200000)
  to   space 12800K, 0% used [0x00000000d8a80000,0x00000000d8a80000,0x00000000d9700000)
 ParOldGen       total 80896K, used 53006K [0x0000000080000000, 0x0000000084f00000, 0x00000000d5580000)
  object space 80896K, 65% used [0x0000000080000000,0x00000000833c3a70,0x0000000084f00000)
 Metaspace       used 54983K, capacity 58496K, committed 59136K, reserved 1099776K
  class space    used 7430K, capacity 8058K, committed 8192K, reserved 1048576K
}

