# JRE version: Java(TM) SE Runtime Environment (8.0_201-b09) (build 1.8.0_201-b09)
# Java VM: Java HotSpot(TM) 64-Bit Server VM (25.201-b09 mixed mode windows-amd64 compressed oops)
Heap:
 PSYoungGen      total 525312K, used 305043K [0x00000000d5b80000, 0x00000000f9700000, 0x0000000100000000)
  eden space 506880K, 59% used [0x00000000d5b80000,0x00000000e8082958,0x00000000f4a80000)
  from space 18432K, 27% used [0x00000000f4a80000,0x00000000f4f62540,0x00000000f5c80000)
  to   space 17408K, 0% used [0x00000000f8600000,0x00000000f8600000,0x00000000f9700000)
 ParOldGen       total 135168K, used 40676K [0x0000000081200000, 0x0000000089600000, 0x00000000d5b80000)
  object space 135168K, 30% used [0x0000000081200000,0x00000000839b9048,0x0000000089600000)
 Metaspace       used 56079K, capacity 59816K, committed 60248K, reserved 1101824K
  class space    used 7636K, capacity 8283K, committed 8320K, reserved 1048576K
GC Heap History (10 events):
Event: 33.098 GC heap before
{Heap before GC invocations=22 (full 2):
 PSYoungGen      total 438784K, used 419659K [0x00000000d5b80000, 0x00000000f5600000, 0x0000000100000000)
  eden space 417792K, 100% used [0x00000000d5b80000,0x00000000ef380000,0x00000000ef380000)
  from space 20992K, 8% used [0x00000000ef380000,0x00000000ef552c50,0x00000000f0800000)
  to   space 20480K, 0% used [0x00000000f4200000,0x00000000f4200000,0x00000000f5600000)
 ParOldGen       total 77824K, used 59057K [0x0000000081200000, 0x0000000085e00000, 0x00000000d5b80000)
  object space 77824K, 75% used [0x0000000081200000,0x0000000084bac4a8,0x0000000085e00000)
 Metaspace       used 51131K, capacity 54838K, committed 55128K, reserved 1097728K
  class space    used 7073K, capacity 7742K, committed 7808K, reserved 1048576K
Event: 33.100 GC heap after
Heap after GC invocations=22 (full 2):
 PSYoungGen      total 477696K, used 1190K [0x00000000d5b80000, 0x00000000f4b80000, 0x0000000100000000)
  eden space 467968K, 0% used [0x00000000d5b80000,0x00000000d5b80000,0x00000000f2480000)
  from space 9728K, 12% used [0x00000000f4200000,0x00000000f4329a90,0x00000000f4b80000)
  to   space 19968K, 0% used [0x00000000f2480000,0x00000000f2480000,0x00000000f3800000)
 ParOldGen       total 77824K, used 59065K [0x0000000081200000, 0x0000000085e00000, 0x00000000d5b80000)
  object space 77824K, 75% used [0x0000000081200000,0x0000000084bae4a8,0x0000000085e00000)
 Metaspace       used 51131K, capacity 54838K, committed 55128K, reserved 1097728K
  class space    used 7073K, capacity 7742K, committed 7808K, reserved 1048576K
}
Event: 41.862 GC heap before
{Heap before GC invocations=23 (full 2):
 PSYoungGen      total 477696K, used 469158K [0x00000000d5b80000, 0x00000000f4b80000, 0x0000000100000000)
  eden space 467968K, 100% used [0x00000000d5b80000,0x00000000f2480000,0x00000000f2480000)
  from space 9728K, 12% used [0x00000000f4200000,0x00000000f4329a90,0x00000000f4b80000)
  to   space 19968K, 0% used [0x00000000f2480000,0x00000000f2480000,0x00000000f3800000)
 ParOldGen       total 77824K, used 59065K [0x0000000081200000, 0x0000000085e00000, 0x00000000d5b80000)
  object space 77824K, 75% used [0x0000000081200000,0x0000000084bae4a8,0x0000000085e00000)
 Metaspace       used 51536K, capacity 55236K, committed 55384K, reserved 1097728K
  class space    used 7096K, capacity 7745K, committed 7808K, reserved 1048576K
Event: 41.864 GC heap after
Heap after GC invocations=23 (full 2):
 PSYoungGen      total 487936K, used 635K [0x00000000d5b80000, 0x00000000f7880000, 0x0000000100000000)
  eden space 467968K, 0% used [0x00000000d5b80000,0x00000000d5b80000,0x00000000f2480000)
  from space 19968K, 3% used [0x00000000f2480000,0x00000000f251ed90,0x00000000f3800000)
  to   space 19968K, 0% used [0x00000000f6500000,0x00000000f6500000,0x00000000f7880000)
 ParOldGen       total 77824K, used 59073K [0x0000000081200000, 0x0000000085e00000, 0x00000000d5b80000)
  object space 77824K, 75% used [0x0000000081200000,0x0000000084bb04a8,0x0000000085e00000)
 Metaspace       used 51536K, capacity 55236K, committed 55384K, reserved 1097728K
  class space    used 7096K, capacity 7745K, committed 7808K, reserved 1048576K
}
Event: 45.818 GC heap before
{Heap before GC invocations=24 (full 2):
 PSYoungGen      total 487936K, used 148157K [0x00000000d5b80000, 0x00000000f7880000, 0x0000000100000000)
  eden space 467968K, 31% used [0x00000000d5b80000,0x00000000deb90968,0x00000000f2480000)
  from space 19968K, 3% used [0x00000000f2480000,0x00000000f251ed90,0x00000000f3800000)
  to   space 19968K, 0% used [0x00000000f6500000,0x00000000f6500000,0x00000000f7880000)
 ParOldGen       total 77824K, used 59073K [0x0000000081200000, 0x0000000085e00000, 0x00000000d5b80000)
  object space 77824K, 75% used [0x0000000081200000,0x0000000084bb04a8,0x0000000085e00000)
 Metaspace       used 55165K, capacity 58954K, committed 59028K, reserved 1099776K
  class space    used 7487K, capacity 8154K, committed 8192K, reserved 1048576K
Event: 45.823 GC heap after
Heap after GC invocations=24 (full 2):
 PSYoungGen      total 516608K, used 5371K [0x00000000d5b80000, 0x00000000f6e80000, 0x0000000100000000)
  eden space 506880K, 0% used [0x00000000d5b80000,0x00000000d5b80000,0x00000000f4a80000)
  from space 9728K, 55% used [0x00000000f6500000,0x00000000f6a3efb0,0x00000000f6e80000)
  to   space 18432K, 0% used [0x00000000f4a80000,0x00000000f4a80000,0x00000000f5c80000)
 ParOldGen       total 77824K, used 59081K [0x0000000081200000, 0x0000000085e00000, 0x00000000d5b80000)
  object space 77824K, 75% used [0x0000000081200000,0x0000000084bb24a8,0x0000000085e00000)
 Metaspace       used 55165K, capacity 58954K, committed 59028K, reserved 1099776K
  class space    used 7487K, capacity 8154K, committed 8192K, reserved 1048576K
}
Event: 45.823 GC heap before
{Heap before GC invocations=25 (full 3):
 PSYoungGen      total 516608K, used 5371K [0x00000000d5b80000, 0x00000000f6e80000, 0x0000000100000000)
  eden space 506880K, 0% used [0x00000000d5b80000,0x00000000d5b80000,0x00000000f4a80000)
  from space 9728K, 55% used [0x00000000f6500000,0x00000000f6a3efb0,0x00000000f6e80000)
  to   space 18432K, 0% used [0x00000000f4a80000,0x00000000f4a80000,0x00000000f5c80000)
 ParOldGen       total 77824K, used 59081K [0x0000000081200000, 0x0000000085e00000, 0x00000000d5b80000)
  object space 77824K, 75% used [0x0000000081200000,0x0000000084bb24a8,0x0000000085e00000)
 Metaspace       used 55165K, capacity 58954K, committed 59028K, reserved 1099776K
  class space    used 7487K, capacity 8154K, committed 8192K, reserved 1048576K
Event: 45.935 GC heap after
Heap after GC invocations=25 (full 3):
 PSYoungGen      total 516608K, used 0K [0x00000000d5b80000, 0x00000000f6e80000, 0x0000000100000000)
  eden space 506880K, 0% used [0x00000000d5b80000,0x00000000d5b80000,0x00000000f4a80000)
  from space 9728K, 0% used [0x00000000f6500000,0x00000000f6500000,0x00000000f6e80000)
  to   space 18432K, 0% used [0x00000000f4a80000,0x00000000f4a80000,0x00000000f5c80000)
 ParOldGen       total 135168K, used 40668K [0x0000000081200000, 0x0000000089600000, 0x00000000d5b80000)
  object space 135168K, 30% used [0x0000000081200000,0x00000000839b7048,0x0000000089600000)
 Metaspace       used 55041K, capacity 58582K, committed 59028K, reserved 1099776K
  class space    used 7448K, capacity 8088K, committed 8192K, reserved 1048576K
}
Event: 71.131 GC heap before
{Heap before GC invocations=26 (full 3):
 PSYoungGen      total 516608K, used 506880K [0x00000000d5b80000, 0x00000000f6e80000, 0x0000000100000000)
  eden space 506880K, 100% used [0x00000000d5b80000,0x00000000f4a80000,0x00000000f4a80000)
  from space 9728K, 0% used [0x00000000f6500000,0x00000000f6500000,0x00000000f6e80000)
  to   space 18432K, 0% used [0x00000000f4a80000,0x00000000f4a80000,0x00000000f5c80000)
 ParOldGen       total 135168K, used 40668K [0x0000000081200000, 0x0000000089600000, 0x00000000d5b80000)
  object space 135168K, 30% used [0x0000000081200000,0x00000000839b7048,0x0000000089600000)
 Metaspace       used 56067K, capacity 59816K, committed 60248K, reserved 1101824K
  class space    used 7636K, capacity 8283K, committed 8320K, reserved 1048576K
Event: 71.137 GC heap after
Heap after GC invocations=26 (full 3):
 PSYoungGen      total 525312K, used 5001K [0x00000000d5b80000, 0x00000000f9700000, 0x0000000100000000)
  eden space 506880K, 0% used [0x00000000d5b80000,0x00000000d5b80000,0x00000000f4a80000)
  from space 18432K, 27% used [0x00000000f4a80000,0x00000000f4f62540,0x00000000f5c80000)
  to   space 17408K, 0% used [0x00000000f8600000,0x00000000f8600000,0x00000000f9700000)
 ParOldGen       total 135168K, used 40676K [0x0000000081200000, 0x0000000089600000, 0x00000000d5b80000)
  object space 135168K, 30% used [0x0000000081200000,0x00000000839b9048,0x0000000089600000)
 Metaspace       used 56067K, capacity 59816K, committed 60248K, reserved 1101824K
  class space    used 7636K, capacity 8283K, committed 8320K, reserved 1048576K
}

