# JRE version: Java(TM) SE Runtime Environment (8.0_201-b09) (build 1.8.0_201-b09)
# Java VM: Java HotSpot(TM) 64-Bit Server VM (25.201-b09 mixed mode windows-amd64 compressed oops)
Heap:
 PSYoungGen      total 275968K, used 74234K [0x00000000d5b80000, 0x00000000ec880000, 0x0000000100000000)
  eden space 260608K, 22% used [0x00000000d5b80000,0x00000000d95054c0,0x00000000e5a00000)
  from space 15360K, 99% used [0x00000000e5a00000,0x00000000e68f9358,0x00000000e6900000)
  to   space 24064K, 0% used [0x00000000eb100000,0x00000000eb100000,0x00000000ec880000)
 ParOldGen       total 77824K, used 37537K [0x0000000081200000, 0x0000000085e00000, 0x00000000d5b80000)
  object space 77824K, 48% used [0x0000000081200000,0x00000000836a8550,0x0000000085e00000)
 Metaspace       used 54722K, capacity 58350K, committed 58584K, reserved 1099776K
  class space    used 7509K, capacity 8172K, committed 8192K, reserved 1048576K
GC Heap History (10 events):
Event: 3.749 GC heap before
{Heap before GC invocations=9 (full 1):
 PSYoungGen      total 140288K, used 140257K [0x00000000d5b80000, 0x00000000e2500000, 0x0000000100000000)
  eden space 131072K, 100% used [0x00000000d5b80000,0x00000000ddb80000,0x00000000ddb80000)
  from space 9216K, 99% used [0x00000000ddb80000,0x00000000de478598,0x00000000de480000)
  to   space 10752K, 0% used [0x00000000e1a80000,0x00000000e1a80000,0x00000000e2500000)
 ParOldGen       total 56320K, used 9195K [0x0000000081200000, 0x0000000084900000, 0x00000000d5b80000)
  object space 56320K, 16% used [0x0000000081200000,0x0000000081afae98,0x0000000084900000)
 Metaspace       used 32759K, capacity 34826K, committed 35200K, reserved 1079296K
  class space    used 4494K, capacity 4873K, committed 4992K, reserved 1048576K
Event: 3.757 GC heap after
Heap after GC invocations=9 (full 1):
 PSYoungGen      total 193536K, used 10746K [0x00000000d5b80000, 0x00000000e4480000, 0x0000000100000000)
  eden space 182784K, 0% used [0x00000000d5b80000,0x00000000d5b80000,0x00000000e0e00000)
  from space 10752K, 99% used [0x00000000e1a80000,0x00000000e24fe9b0,0x00000000e2500000)
  to   space 12800K, 0% used [0x00000000e0e00000,0x00000000e0e00000,0x00000000e1a80000)
 ParOldGen       total 56320K, used 11616K [0x0000000081200000, 0x0000000084900000, 0x00000000d5b80000)
  object space 56320K, 20% used [0x0000000081200000,0x0000000081d58350,0x0000000084900000)
 Metaspace       used 32759K, capacity 34826K, committed 35200K, reserved 1079296K
  class space    used 4494K, capacity 4873K, committed 4992K, reserved 1048576K
}
Event: 3.801 GC heap before
{Heap before GC invocations=10 (full 1):
 PSYoungGen      total 193536K, used 20492K [0x00000000d5b80000, 0x00000000e4480000, 0x0000000100000000)
  eden space 182784K, 5% used [0x00000000d5b80000,0x00000000d6504720,0x00000000e0e00000)
  from space 10752K, 99% used [0x00000000e1a80000,0x00000000e24fe9b0,0x00000000e2500000)
  to   space 12800K, 0% used [0x00000000e0e00000,0x00000000e0e00000,0x00000000e1a80000)
 ParOldGen       total 56320K, used 11616K [0x0000000081200000, 0x0000000084900000, 0x00000000d5b80000)
  object space 56320K, 20% used [0x0000000081200000,0x0000000081d58350,0x0000000084900000)
 Metaspace       used 33256K, capacity 35320K, committed 35416K, reserved 1079296K
  class space    used 4576K, capacity 4958K, committed 4992K, reserved 1048576K
Event: 3.806 GC heap after
Heap after GC invocations=10 (full 1):
 PSYoungGen      total 195584K, used 7321K [0x00000000d5b80000, 0x00000000e7800000, 0x0000000100000000)
  eden space 182784K, 0% used [0x00000000d5b80000,0x00000000d5b80000,0x00000000e0e00000)
  from space 12800K, 57% used [0x00000000e0e00000,0x00000000e1526508,0x00000000e1a80000)
  to   space 12288K, 0% used [0x00000000e6c00000,0x00000000e6c00000,0x00000000e7800000)
 ParOldGen       total 56320K, used 12828K [0x0000000081200000, 0x0000000084900000, 0x00000000d5b80000)
  object space 56320K, 22% used [0x0000000081200000,0x0000000081e871c8,0x0000000084900000)
 Metaspace       used 33256K, capacity 35320K, committed 35416K, reserved 1079296K
  class space    used 4576K, capacity 4958K, committed 4992K, reserved 1048576K
}
Event: 3.806 GC heap before
{Heap before GC invocations=11 (full 2):
 PSYoungGen      total 195584K, used 7321K [0x00000000d5b80000, 0x00000000e7800000, 0x0000000100000000)
  eden space 182784K, 0% used [0x00000000d5b80000,0x00000000d5b80000,0x00000000e0e00000)
  from space 12800K, 57% used [0x00000000e0e00000,0x00000000e1526508,0x00000000e1a80000)
  to   space 12288K, 0% used [0x00000000e6c00000,0x00000000e6c00000,0x00000000e7800000)
 ParOldGen       total 56320K, used 12828K [0x0000000081200000, 0x0000000084900000, 0x00000000d5b80000)
  object space 56320K, 22% used [0x0000000081200000,0x0000000081e871c8,0x0000000084900000)
 Metaspace       used 33256K, capacity 35320K, committed 35416K, reserved 1079296K
  class space    used 4576K, capacity 4958K, committed 4992K, reserved 1048576K
Event: 3.845 GC heap after
Heap after GC invocations=11 (full 2):
 PSYoungGen      total 195584K, used 0K [0x00000000d5b80000, 0x00000000e7800000, 0x0000000100000000)
  eden space 182784K, 0% used [0x00000000d5b80000,0x00000000d5b80000,0x00000000e0e00000)
  from space 12800K, 0% used [0x00000000e0e00000,0x00000000e0e00000,0x00000000e1a80000)
  to   space 12288K, 0% used [0x00000000e6c00000,0x00000000e6c00000,0x00000000e7800000)
 ParOldGen       total 77824K, used 14213K [0x0000000081200000, 0x0000000085e00000, 0x00000000d5b80000)
  object space 77824K, 18% used [0x0000000081200000,0x0000000081fe16a8,0x0000000085e00000)
 Metaspace       used 33256K, capacity 35320K, committed 35416K, reserved 1079296K
  class space    used 4576K, capacity 4958K, committed 4992K, reserved 1048576K
}
Event: 5.971 GC heap before
{Heap before GC invocations=12 (full 2):
 PSYoungGen      total 195584K, used 182784K [0x00000000d5b80000, 0x00000000e7800000, 0x0000000100000000)
  eden space 182784K, 100% used [0x00000000d5b80000,0x00000000e0e00000,0x00000000e0e00000)
  from space 12800K, 0% used [0x00000000e0e00000,0x00000000e0e00000,0x00000000e1a80000)
  to   space 12288K, 0% used [0x00000000e6c00000,0x00000000e6c00000,0x00000000e7800000)
 ParOldGen       total 77824K, used 14213K [0x0000000081200000, 0x0000000085e00000, 0x00000000d5b80000)
  object space 77824K, 18% used [0x0000000081200000,0x0000000081fe16a8,0x0000000085e00000)
 Metaspace       used 43923K, capacity 46790K, committed 47064K, reserved 1089536K
  class space    used 6038K, capacity 6572K, committed 6656K, reserved 1048576K
Event: 5.981 GC heap after
Heap after GC invocations=12 (full 2):
 PSYoungGen      total 260096K, used 12270K [0x00000000d5b80000, 0x00000000e7800000, 0x0000000100000000)
  eden space 247808K, 0% used [0x00000000d5b80000,0x00000000d5b80000,0x00000000e4d80000)
  from space 12288K, 99% used [0x00000000e6c00000,0x00000000e77fba50,0x00000000e7800000)
  to   space 15360K, 0% used [0x00000000e5a00000,0x00000000e5a00000,0x00000000e6900000)
 ParOldGen       total 77824K, used 18752K [0x0000000081200000, 0x0000000085e00000, 0x00000000d5b80000)
  object space 77824K, 24% used [0x0000000081200000,0x0000000082450340,0x0000000085e00000)
 Metaspace       used 43923K, capacity 46790K, committed 47064K, reserved 1089536K
  class space    used 6038K, capacity 6572K, committed 6656K, reserved 1048576K
}
Event: 59.571 GC heap before
{Heap before GC invocations=13 (full 2):
 PSYoungGen      total 260096K, used 260078K [0x00000000d5b80000, 0x00000000e7800000, 0x0000000100000000)
  eden space 247808K, 100% used [0x00000000d5b80000,0x00000000e4d80000,0x00000000e4d80000)
  from space 12288K, 99% used [0x00000000e6c00000,0x00000000e77fba50,0x00000000e7800000)
  to   space 15360K, 0% used [0x00000000e5a00000,0x00000000e5a00000,0x00000000e6900000)
 ParOldGen       total 77824K, used 18752K [0x0000000081200000, 0x0000000085e00000, 0x00000000d5b80000)
  object space 77824K, 24% used [0x0000000081200000,0x0000000082450340,0x0000000085e00000)
 Metaspace       used 54722K, capacity 58350K, committed 58584K, reserved 1099776K
  class space    used 7509K, capacity 8172K, committed 8192K, reserved 1048576K
Event: 59.595 GC heap after
Heap after GC invocations=13 (full 2):
 PSYoungGen      total 275968K, used 15332K [0x00000000d5b80000, 0x00000000ec880000, 0x0000000100000000)
  eden space 260608K, 0% used [0x00000000d5b80000,0x00000000d5b80000,0x00000000e5a00000)
  from space 15360K, 99% used [0x00000000e5a00000,0x00000000e68f9358,0x00000000e6900000)
  to   space 24064K, 0% used [0x00000000eb100000,0x00000000eb100000,0x00000000ec880000)
 ParOldGen       total 77824K, used 37537K [0x0000000081200000, 0x0000000085e00000, 0x00000000d5b80000)
  object space 77824K, 48% used [0x0000000081200000,0x00000000836a8550,0x0000000085e00000)
 Metaspace       used 54722K, capacity 58350K, committed 58584K, reserved 1099776K
  class space    used 7509K, capacity 8172K, committed 8192K, reserved 1048576K
}

