# JRE version: Java(TM) SE Runtime Environment (8.0_201-b09) (build 1.8.0_201-b09)
# Java VM: Java HotSpot(TM) 64-Bit Server VM (25.201-b09 mixed mode windows-amd64 compressed oops)
Heap:
 PSYoungGen      total 318464K, used 182572K [0x00000000d5b80000, 0x00000000ed680000, 0x0000000100000000)
  eden space 301056K, 56% used [0x00000000d5b80000,0x00000000e02fc300,0x00000000e8180000)
  from space 17408K, 63% used [0x00000000e8180000,0x00000000e8c4ee38,0x00000000e9280000)
  to   space 16896K, 0% used [0x00000000ec600000,0x00000000ec600000,0x00000000ed680000)
 ParOldGen       total 81920K, used 29318K [0x0000000081200000, 0x0000000086200000, 0x00000000d5b80000)
  object space 81920K, 35% used [0x0000000081200000,0x0000000082ea19d8,0x0000000086200000)
 Metaspace       used 54500K, capacity 58188K, committed 58328K, reserved 1099776K
  class space    used 7447K, capacity 8102K, committed 8192K, reserved 1048576K
GC Heap History (10 events):
Event: 4.625 GC heap before
{Heap before GC invocations=9 (full 1):
 PSYoungGen      total 142848K, used 142843K [0x00000000d5b80000, 0x00000000e4e00000, 0x0000000100000000)
  eden space 132608K, 100% used [0x00000000d5b80000,0x00000000ddd00000,0x00000000ddd00000)
  from space 10240K, 99% used [0x00000000ddd00000,0x00000000de6fed00,0x00000000de700000)
  to   space 12288K, 0% used [0x00000000e4200000,0x00000000e4200000,0x00000000e4e00000)
 ParOldGen       total 57344K, used 10729K [0x0000000081200000, 0x0000000084a00000, 0x00000000d5b80000)
  object space 57344K, 18% used [0x0000000081200000,0x0000000081c7a5b8,0x0000000084a00000)
 Metaspace       used 31498K, capacity 33534K, committed 33664K, reserved 1079296K
  class space    used 4335K, capacity 4709K, committed 4736K, reserved 1048576K
Event: 4.634 GC heap after
Heap after GC invocations=9 (full 1):
 PSYoungGen      total 229888K, used 12265K [0x00000000d5b80000, 0x00000000e4e00000, 0x0000000100000000)
  eden space 217600K, 0% used [0x00000000d5b80000,0x00000000d5b80000,0x00000000e3000000)
  from space 12288K, 99% used [0x00000000e4200000,0x00000000e4dfa6e8,0x00000000e4e00000)
  to   space 13824K, 0% used [0x00000000e3300000,0x00000000e3300000,0x00000000e4080000)
 ParOldGen       total 57344K, used 10888K [0x0000000081200000, 0x0000000084a00000, 0x00000000d5b80000)
  object space 57344K, 18% used [0x0000000081200000,0x0000000081ca2328,0x0000000084a00000)
 Metaspace       used 31498K, capacity 33534K, committed 33664K, reserved 1079296K
  class space    used 4335K, capacity 4709K, committed 4736K, reserved 1048576K
}
Event: 4.780 GC heap before
{Heap before GC invocations=10 (full 1):
 PSYoungGen      total 229888K, used 34420K [0x00000000d5b80000, 0x00000000e4e00000, 0x0000000100000000)
  eden space 217600K, 10% used [0x00000000d5b80000,0x00000000d7122928,0x00000000e3000000)
  from space 12288K, 99% used [0x00000000e4200000,0x00000000e4dfa6e8,0x00000000e4e00000)
  to   space 13824K, 0% used [0x00000000e3300000,0x00000000e3300000,0x00000000e4080000)
 ParOldGen       total 57344K, used 10888K [0x0000000081200000, 0x0000000084a00000, 0x00000000d5b80000)
  object space 57344K, 18% used [0x0000000081200000,0x0000000081ca2328,0x0000000084a00000)
 Metaspace       used 33191K, capacity 35336K, committed 35416K, reserved 1079296K
  class space    used 4568K, capacity 4962K, committed 4992K, reserved 1048576K
Event: 4.787 GC heap after
Heap after GC invocations=10 (full 1):
 PSYoungGen      total 234496K, used 9215K [0x00000000d5b80000, 0x00000000ea380000, 0x0000000100000000)
  eden space 220672K, 0% used [0x00000000d5b80000,0x00000000d5b80000,0x00000000e3300000)
  from space 13824K, 66% used [0x00000000e3300000,0x00000000e3bffd18,0x00000000e4080000)
  to   space 13824K, 0% used [0x00000000e9600000,0x00000000e9600000,0x00000000ea380000)
 ParOldGen       total 57344K, used 10896K [0x0000000081200000, 0x0000000084a00000, 0x00000000d5b80000)
  object space 57344K, 19% used [0x0000000081200000,0x0000000081ca4328,0x0000000084a00000)
 Metaspace       used 33191K, capacity 35336K, committed 35416K, reserved 1079296K
  class space    used 4568K, capacity 4962K, committed 4992K, reserved 1048576K
}
Event: 4.787 GC heap before
{Heap before GC invocations=11 (full 2):
 PSYoungGen      total 234496K, used 9215K [0x00000000d5b80000, 0x00000000ea380000, 0x0000000100000000)
  eden space 220672K, 0% used [0x00000000d5b80000,0x00000000d5b80000,0x00000000e3300000)
  from space 13824K, 66% used [0x00000000e3300000,0x00000000e3bffd18,0x00000000e4080000)
  to   space 13824K, 0% used [0x00000000e9600000,0x00000000e9600000,0x00000000ea380000)
 ParOldGen       total 57344K, used 10896K [0x0000000081200000, 0x0000000084a00000, 0x00000000d5b80000)
  object space 57344K, 19% used [0x0000000081200000,0x0000000081ca4328,0x0000000084a00000)
 Metaspace       used 33191K, capacity 35336K, committed 35416K, reserved 1079296K
  class space    used 4568K, capacity 4962K, committed 4992K, reserved 1048576K
Event: 4.863 GC heap after
Heap after GC invocations=11 (full 2):
 PSYoungGen      total 234496K, used 0K [0x00000000d5b80000, 0x00000000ea380000, 0x0000000100000000)
  eden space 220672K, 0% used [0x00000000d5b80000,0x00000000d5b80000,0x00000000e3300000)
  from space 13824K, 0% used [0x00000000e3300000,0x00000000e3300000,0x00000000e4080000)
  to   space 13824K, 0% used [0x00000000e9600000,0x00000000e9600000,0x00000000ea380000)
 ParOldGen       total 81920K, used 15021K [0x0000000081200000, 0x0000000086200000, 0x00000000d5b80000)
  object space 81920K, 18% used [0x0000000081200000,0x00000000820ab4e8,0x0000000086200000)
 Metaspace       used 33191K, capacity 35336K, committed 35416K, reserved 1079296K
  class space    used 4568K, capacity 4962K, committed 4992K, reserved 1048576K
}
Event: 8.528 GC heap before
{Heap before GC invocations=12 (full 2):
 PSYoungGen      total 234496K, used 220672K [0x00000000d5b80000, 0x00000000ea380000, 0x0000000100000000)
  eden space 220672K, 100% used [0x00000000d5b80000,0x00000000e3300000,0x00000000e3300000)
  from space 13824K, 0% used [0x00000000e3300000,0x00000000e3300000,0x00000000e4080000)
  to   space 13824K, 0% used [0x00000000e9600000,0x00000000e9600000,0x00000000ea380000)
 ParOldGen       total 81920K, used 15021K [0x0000000081200000, 0x0000000086200000, 0x00000000d5b80000)
  object space 81920K, 18% used [0x0000000081200000,0x00000000820ab4e8,0x0000000086200000)
 Metaspace       used 47053K, capacity 50308K, committed 50392K, reserved 1093632K
  class space    used 6553K, capacity 7154K, committed 7168K, reserved 1048576K
Event: 8.543 GC heap after
Heap after GC invocations=12 (full 2):
 PSYoungGen      total 297984K, used 13821K [0x00000000d5b80000, 0x00000000ea380000, 0x0000000100000000)
  eden space 284160K, 0% used [0x00000000d5b80000,0x00000000d5b80000,0x00000000e7100000)
  from space 13824K, 99% used [0x00000000e9600000,0x00000000ea37f4b8,0x00000000ea380000)
  to   space 17408K, 0% used [0x00000000e8180000,0x00000000e8180000,0x00000000e9280000)
 ParOldGen       total 81920K, used 20106K [0x0000000081200000, 0x0000000086200000, 0x00000000d5b80000)
  object space 81920K, 24% used [0x0000000081200000,0x00000000825a2a40,0x0000000086200000)
 Metaspace       used 47053K, capacity 50308K, committed 50392K, reserved 1093632K
  class space    used 6553K, capacity 7154K, committed 7168K, reserved 1048576K
}
Event: 32.314 GC heap before
{Heap before GC invocations=13 (full 2):
 PSYoungGen      total 297984K, used 297981K [0x00000000d5b80000, 0x00000000ea380000, 0x0000000100000000)
  eden space 284160K, 100% used [0x00000000d5b80000,0x00000000e7100000,0x00000000e7100000)
  from space 13824K, 99% used [0x00000000e9600000,0x00000000ea37f4b8,0x00000000ea380000)
  to   space 17408K, 0% used [0x00000000e8180000,0x00000000e8180000,0x00000000e9280000)
 ParOldGen       total 81920K, used 20106K [0x0000000081200000, 0x0000000086200000, 0x00000000d5b80000)
  object space 81920K, 24% used [0x0000000081200000,0x00000000825a2a40,0x0000000086200000)
 Metaspace       used 54174K, capacity 57760K, committed 57944K, reserved 1099776K
  class space    used 7393K, capacity 8028K, committed 8064K, reserved 1048576K
Event: 32.328 GC heap after
Heap after GC invocations=13 (full 2):
 PSYoungGen      total 318464K, used 11067K [0x00000000d5b80000, 0x00000000ed680000, 0x0000000100000000)
  eden space 301056K, 0% used [0x00000000d5b80000,0x00000000d5b80000,0x00000000e8180000)
  from space 17408K, 63% used [0x00000000e8180000,0x00000000e8c4ee38,0x00000000e9280000)
  to   space 16896K, 0% used [0x00000000ec600000,0x00000000ec600000,0x00000000ed680000)
 ParOldGen       total 81920K, used 29318K [0x0000000081200000, 0x0000000086200000, 0x00000000d5b80000)
  object space 81920K, 35% used [0x0000000081200000,0x0000000082ea19d8,0x0000000086200000)
 Metaspace       used 54174K, capacity 57760K, committed 57944K, reserved 1099776K
  class space    used 7393K, capacity 8028K, committed 8064K, reserved 1048576K
}

