# JRE version: Java(TM) SE Runtime Environment (8.0_201-b09) (build 1.8.0_201-b09)
# Java VM: Java HotSpot(TM) 64-Bit Server VM (25.201-b09 mixed mode windows-amd64 compressed oops)
Heap:
 PSYoungGen      total 312320K, used 150320K [0x00000000d5b80000, 0x00000000eb100000, 0x0000000100000000)
  eden space 293376K, 44% used [0x00000000d5b80000,0x00000000ddbcff10,0x00000000e7a00000)
  from space 18944K, 99% used [0x00000000e9200000,0x00000000ea47c190,0x00000000ea480000)
  to   space 24576K, 0% used [0x00000000e7a00000,0x00000000e7a00000,0x00000000e9200000)
 ParOldGen       total 102400K, used 34453K [0x0000000081200000, 0x0000000087600000, 0x00000000d5b80000)
  object space 102400K, 33% used [0x0000000081200000,0x00000000833a56a8,0x0000000087600000)
 Metaspace       used 55706K, capacity 59416K, committed 59480K, reserved 1099776K
  class space    used 7633K, capacity 8281K, committed 8320K, reserved 1048576K
GC Heap History (10 events):
Event: 8.001 GC heap before
{Heap before GC invocations=13 (full 2):
 PSYoungGen      total 174592K, used 164352K [0x00000000d5b80000, 0x00000000e1000000, 0x0000000100000000)
  eden space 164352K, 100% used [0x00000000d5b80000,0x00000000dfc00000,0x00000000dfc00000)
  from space 10240K, 0% used [0x00000000e0600000,0x00000000e0600000,0x00000000e1000000)
  to   space 10240K, 0% used [0x00000000dfc00000,0x00000000dfc00000,0x00000000e0600000)
 ParOldGen       total 78336K, used 16334K [0x0000000081200000, 0x0000000085e80000, 0x00000000d5b80000)
  object space 78336K, 20% used [0x0000000081200000,0x00000000821f3b10,0x0000000085e80000)
 Metaspace       used 42038K, capacity 44958K, committed 45016K, reserved 1087488K
  class space    used 5825K, capacity 6372K, committed 6400K, reserved 1048576K
Event: 8.012 GC heap after
Heap after GC invocations=13 (full 2):
 PSYoungGen      total 174592K, used 10220K [0x00000000d5b80000, 0x00000000e4900000, 0x0000000100000000)
  eden space 164352K, 0% used [0x00000000d5b80000,0x00000000d5b80000,0x00000000dfc00000)
  from space 10240K, 99% used [0x00000000dfc00000,0x00000000e05fb0a0,0x00000000e0600000)
  to   space 12800K, 0% used [0x00000000e3c80000,0x00000000e3c80000,0x00000000e4900000)
 ParOldGen       total 78336K, used 20165K [0x0000000081200000, 0x0000000085e80000, 0x00000000d5b80000)
  object space 78336K, 25% used [0x0000000081200000,0x00000000825b1548,0x0000000085e80000)
 Metaspace       used 42038K, capacity 44958K, committed 45016K, reserved 1087488K
  class space    used 5825K, capacity 6372K, committed 6400K, reserved 1048576K
}
Event: 67.352 GC heap before
{Heap before GC invocations=14 (full 2):
 PSYoungGen      total 174592K, used 174572K [0x00000000d5b80000, 0x00000000e4900000, 0x0000000100000000)
  eden space 164352K, 100% used [0x00000000d5b80000,0x00000000dfc00000,0x00000000dfc00000)
  from space 10240K, 99% used [0x00000000dfc00000,0x00000000e05fb0a0,0x00000000e0600000)
  to   space 12800K, 0% used [0x00000000e3c80000,0x00000000e3c80000,0x00000000e4900000)
 ParOldGen       total 78336K, used 20165K [0x0000000081200000, 0x0000000085e80000, 0x00000000d5b80000)
  object space 78336K, 25% used [0x0000000081200000,0x00000000825b1548,0x0000000085e80000)
 Metaspace       used 54248K, capacity 57924K, committed 58072K, reserved 1099776K
  class space    used 7416K, capacity 8069K, committed 8192K, reserved 1048576K
Event: 67.368 GC heap after
Heap after GC invocations=14 (full 2):
 PSYoungGen      total 223744K, used 12779K [0x00000000d5b80000, 0x00000000e4d80000, 0x0000000100000000)
  eden space 210944K, 0% used [0x00000000d5b80000,0x00000000d5b80000,0x00000000e2980000)
  from space 12800K, 99% used [0x00000000e3c80000,0x00000000e48fac40,0x00000000e4900000)
  to   space 18432K, 0% used [0x00000000e2980000,0x00000000e2980000,0x00000000e3b80000)
 ParOldGen       total 78336K, used 31551K [0x0000000081200000, 0x0000000085e80000, 0x00000000d5b80000)
  object space 78336K, 40% used [0x0000000081200000,0x00000000830cff98,0x0000000085e80000)
 Metaspace       used 54248K, capacity 57924K, committed 58072K, reserved 1099776K
  class space    used 7416K, capacity 8069K, committed 8192K, reserved 1048576K
}
Event: 67.421 GC heap before
{Heap before GC invocations=15 (full 2):
 PSYoungGen      total 223744K, used 17853K [0x00000000d5b80000, 0x00000000e4d80000, 0x0000000100000000)
  eden space 210944K, 2% used [0x00000000d5b80000,0x00000000d6074860,0x00000000e2980000)
  from space 12800K, 99% used [0x00000000e3c80000,0x00000000e48fac40,0x00000000e4900000)
  to   space 18432K, 0% used [0x00000000e2980000,0x00000000e2980000,0x00000000e3b80000)
 ParOldGen       total 78336K, used 31551K [0x0000000081200000, 0x0000000085e80000, 0x00000000d5b80000)
  object space 78336K, 40% used [0x0000000081200000,0x00000000830cff98,0x0000000085e80000)
 Metaspace       used 55073K, capacity 58760K, committed 58968K, reserved 1099776K
  class space    used 7533K, capacity 8199K, committed 8320K, reserved 1048576K
Event: 67.427 GC heap after
Heap after GC invocations=15 (full 2):
 PSYoungGen      total 229376K, used 480K [0x00000000d5b80000, 0x00000000ea480000, 0x0000000100000000)
  eden space 210944K, 0% used [0x00000000d5b80000,0x00000000d5b80000,0x00000000e2980000)
  from space 18432K, 2% used [0x00000000e2980000,0x00000000e29f8000,0x00000000e3b80000)
  to   space 18944K, 0% used [0x00000000e9200000,0x00000000e9200000,0x00000000ea480000)
 ParOldGen       total 78336K, used 41103K [0x0000000081200000, 0x0000000085e80000, 0x00000000d5b80000)
  object space 78336K, 52% used [0x0000000081200000,0x0000000083a23ce0,0x0000000085e80000)
 Metaspace       used 55073K, capacity 58760K, committed 58968K, reserved 1099776K
  class space    used 7533K, capacity 8199K, committed 8320K, reserved 1048576K
}
Event: 67.427 GC heap before
{Heap before GC invocations=16 (full 3):
 PSYoungGen      total 229376K, used 480K [0x00000000d5b80000, 0x00000000ea480000, 0x0000000100000000)
  eden space 210944K, 0% used [0x00000000d5b80000,0x00000000d5b80000,0x00000000e2980000)
  from space 18432K, 2% used [0x00000000e2980000,0x00000000e29f8000,0x00000000e3b80000)
  to   space 18944K, 0% used [0x00000000e9200000,0x00000000e9200000,0x00000000ea480000)
 ParOldGen       total 78336K, used 41103K [0x0000000081200000, 0x0000000085e80000, 0x00000000d5b80000)
  object space 78336K, 52% used [0x0000000081200000,0x0000000083a23ce0,0x0000000085e80000)
 Metaspace       used 55073K, capacity 58760K, committed 58968K, reserved 1099776K
  class space    used 7533K, capacity 8199K, committed 8320K, reserved 1048576K
Event: 67.548 GC heap after
Heap after GC invocations=16 (full 3):
 PSYoungGen      total 229376K, used 0K [0x00000000d5b80000, 0x00000000ea480000, 0x0000000100000000)
  eden space 210944K, 0% used [0x00000000d5b80000,0x00000000d5b80000,0x00000000e2980000)
  from space 18432K, 0% used [0x00000000e2980000,0x00000000e2980000,0x00000000e3b80000)
  to   space 18944K, 0% used [0x00000000e9200000,0x00000000e9200000,0x00000000ea480000)
 ParOldGen       total 102400K, used 26195K [0x0000000081200000, 0x0000000087600000, 0x00000000d5b80000)
  object space 102400K, 25% used [0x0000000081200000,0x0000000082b94ff0,0x0000000087600000)
 Metaspace       used 55073K, capacity 58760K, committed 58968K, reserved 1099776K
  class space    used 7533K, capacity 8199K, committed 8320K, reserved 1048576K
}
Event: 95.054 GC heap before
{Heap before GC invocations=17 (full 3):
 PSYoungGen      total 229376K, used 210944K [0x00000000d5b80000, 0x00000000ea480000, 0x0000000100000000)
  eden space 210944K, 100% used [0x00000000d5b80000,0x00000000e2980000,0x00000000e2980000)
  from space 18432K, 0% used [0x00000000e2980000,0x00000000e2980000,0x00000000e3b80000)
  to   space 18944K, 0% used [0x00000000e9200000,0x00000000e9200000,0x00000000ea480000)
 ParOldGen       total 102400K, used 26195K [0x0000000081200000, 0x0000000087600000, 0x00000000d5b80000)
  object space 102400K, 25% used [0x0000000081200000,0x0000000082b94ff0,0x0000000087600000)
 Metaspace       used 55513K, capacity 59220K, committed 59480K, reserved 1099776K
  class space    used 7592K, capacity 8241K, committed 8320K, reserved 1048576K
Event: 95.063 GC heap after
Heap after GC invocations=17 (full 3):
 PSYoungGen      total 312320K, used 18928K [0x00000000d5b80000, 0x00000000eb100000, 0x0000000100000000)
  eden space 293376K, 0% used [0x00000000d5b80000,0x00000000d5b80000,0x00000000e7a00000)
  from space 18944K, 99% used [0x00000000e9200000,0x00000000ea47c190,0x00000000ea480000)
  to   space 24576K, 0% used [0x00000000e7a00000,0x00000000e7a00000,0x00000000e9200000)
 ParOldGen       total 102400K, used 34453K [0x0000000081200000, 0x0000000087600000, 0x00000000d5b80000)
  object space 102400K, 33% used [0x0000000081200000,0x00000000833a56a8,0x0000000087600000)
 Metaspace       used 55513K, capacity 59220K, committed 59480K, reserved 1099776K
  class space    used 7592K, capacity 8241K, committed 8320K, reserved 1048576K
}

