# JRE version: Java(TM) SE Runtime Environment (8.0_201-b09) (build 1.8.0_201-b09)
# Java VM: Java HotSpot(TM) 64-Bit Server VM (25.201-b09 mixed mode windows-amd64 compressed oops)
Heap:
 PSYoungGen      total 324096K, used 128520K [0x00000000d5580000, 0x00000000ebb00000, 0x0000000100000000)
  eden space 318976K, 38% used [0x00000000d5580000,0x00000000dce74b60,0x00000000e8d00000)
  from space 5120K, 91% used [0x00000000e9b80000,0x00000000ea00d4c0,0x00000000ea080000)
  to   space 23552K, 0% used [0x00000000ea400000,0x00000000ea400000,0x00000000ebb00000)
 ParOldGen       total 87552K, used 57211K [0x0000000080000000, 0x0000000085580000, 0x00000000d5580000)
  object space 87552K, 65% used [0x0000000080000000,0x00000000837def88,0x0000000085580000)
 Metaspace       used 53701K, capacity 57292K, committed 57472K, reserved 1099776K
  class space    used 7333K, capacity 7970K, committed 8064K, reserved 1048576K
GC Heap History (10 events):
Event: 3.706 GC heap before
{Heap before GC invocations=9 (full 0):
 PSYoungGen      total 143360K, used 140086K [0x00000000d5580000, 0x00000000dec80000, 0x0000000100000000)
  eden space 132096K, 100% used [0x00000000d5580000,0x00000000dd680000,0x00000000dd680000)
  from space 11264K, 70% used [0x00000000de180000,0x00000000de94db30,0x00000000dec80000)
  to   space 11264K, 0% used [0x00000000dd680000,0x00000000dd680000,0x00000000de180000)
 ParOldGen       total 87552K, used 9722K [0x0000000080000000, 0x0000000085580000, 0x00000000d5580000)
  object space 87552K, 11% used [0x0000000080000000,0x000000008097ea08,0x0000000085580000)
 Metaspace       used 30543K, capacity 32524K, committed 32768K, reserved 1077248K
  class space    used 4178K, capacity 4550K, committed 4608K, reserved 1048576K
Event: 3.717 GC heap after
Heap after GC invocations=9 (full 0):
 PSYoungGen      total 143360K, used 11263K [0x00000000d5580000, 0x00000000e3f00000, 0x0000000100000000)
  eden space 132096K, 0% used [0x00000000d5580000,0x00000000d5580000,0x00000000dd680000)
  from space 11264K, 99% used [0x00000000dd680000,0x00000000de17fec8,0x00000000de180000)
  to   space 13824K, 0% used [0x00000000e3180000,0x00000000e3180000,0x00000000e3f00000)
 ParOldGen       total 87552K, used 12650K [0x0000000080000000, 0x0000000085580000, 0x00000000d5580000)
  object space 87552K, 14% used [0x0000000080000000,0x0000000080c5a880,0x0000000085580000)
 Metaspace       used 30543K, capacity 32524K, committed 32768K, reserved 1077248K
  class space    used 4178K, capacity 4550K, committed 4608K, reserved 1048576K
}
Event: 4.581 GC heap before
{Heap before GC invocations=10 (full 0):
 PSYoungGen      total 143360K, used 143359K [0x00000000d5580000, 0x00000000e3f00000, 0x0000000100000000)
  eden space 132096K, 100% used [0x00000000d5580000,0x00000000dd680000,0x00000000dd680000)
  from space 11264K, 99% used [0x00000000dd680000,0x00000000de17fec8,0x00000000de180000)
  to   space 13824K, 0% used [0x00000000e3180000,0x00000000e3180000,0x00000000e3f00000)
 ParOldGen       total 87552K, used 12650K [0x0000000080000000, 0x0000000085580000, 0x00000000d5580000)
  object space 87552K, 14% used [0x0000000080000000,0x0000000080c5a880,0x0000000085580000)
 Metaspace       used 38208K, capacity 40856K, committed 41088K, reserved 1085440K
  class space    used 5238K, capacity 5724K, committed 5760K, reserved 1048576K
Event: 4.594 GC heap after
Heap after GC invocations=10 (full 0):
 PSYoungGen      total 222208K, used 13823K [0x00000000d5580000, 0x00000000e4500000, 0x0000000100000000)
  eden space 208384K, 0% used [0x00000000d5580000,0x00000000d5580000,0x00000000e2100000)
  from space 13824K, 99% used [0x00000000e3180000,0x00000000e3efffe0,0x00000000e3f00000)
  to   space 16896K, 0% used [0x00000000e2100000,0x00000000e2100000,0x00000000e3180000)
 ParOldGen       total 87552K, used 17046K [0x0000000080000000, 0x0000000085580000, 0x00000000d5580000)
  object space 87552K, 19% used [0x0000000080000000,0x00000000810a5920,0x0000000085580000)
 Metaspace       used 38208K, capacity 40856K, committed 41088K, reserved 1085440K
  class space    used 5238K, capacity 5724K, committed 5760K, reserved 1048576K
}
Event: 20.743 GC heap before
{Heap before GC invocations=11 (full 0):
 PSYoungGen      total 222208K, used 222207K [0x00000000d5580000, 0x00000000e4500000, 0x0000000100000000)
  eden space 208384K, 100% used [0x00000000d5580000,0x00000000e2100000,0x00000000e2100000)
  from space 13824K, 99% used [0x00000000e3180000,0x00000000e3efffe0,0x00000000e3f00000)
  to   space 16896K, 0% used [0x00000000e2100000,0x00000000e2100000,0x00000000e3180000)
 ParOldGen       total 87552K, used 17046K [0x0000000080000000, 0x0000000085580000, 0x00000000d5580000)
  object space 87552K, 19% used [0x0000000080000000,0x00000000810a5920,0x0000000085580000)
 Metaspace       used 53298K, capacity 56866K, committed 57088K, reserved 1097728K
  class space    used 7274K, capacity 7923K, committed 7936K, reserved 1048576K
Event: 20.786 GC heap after
Heap after GC invocations=11 (full 0):
 PSYoungGen      total 225280K, used 16871K [0x00000000d5580000, 0x00000000eca80000, 0x0000000100000000)
  eden space 208384K, 0% used [0x00000000d5580000,0x00000000d5580000,0x00000000e2100000)
  from space 16896K, 99% used [0x00000000e2100000,0x00000000e3179f60,0x00000000e3180000)
  to   space 24064K, 0% used [0x00000000eb300000,0x00000000eb300000,0x00000000eca80000)
 ParOldGen       total 87552K, used 30869K [0x0000000080000000, 0x0000000085580000, 0x00000000d5580000)
  object space 87552K, 35% used [0x0000000080000000,0x0000000081e25720,0x0000000085580000)
 Metaspace       used 53298K, capacity 56866K, committed 57088K, reserved 1097728K
  class space    used 7274K, capacity 7923K, committed 7936K, reserved 1048576K
}
Event: 38.844 GC heap before
{Heap before GC invocations=12 (full 0):
 PSYoungGen      total 225280K, used 225255K [0x00000000d5580000, 0x00000000eca80000, 0x0000000100000000)
  eden space 208384K, 100% used [0x00000000d5580000,0x00000000e2100000,0x00000000e2100000)
  from space 16896K, 99% used [0x00000000e2100000,0x00000000e3179f60,0x00000000e3180000)
  to   space 24064K, 0% used [0x00000000eb300000,0x00000000eb300000,0x00000000eca80000)
 ParOldGen       total 87552K, used 30869K [0x0000000080000000, 0x0000000085580000, 0x00000000d5580000)
  object space 87552K, 35% used [0x0000000080000000,0x0000000081e25720,0x0000000085580000)
 Metaspace       used 53658K, capacity 57228K, committed 57472K, reserved 1099776K
  class space    used 7332K, capacity 7970K, committed 8064K, reserved 1048576K
Event: 38.856 GC heap after
Heap after GC invocations=12 (full 0):
 PSYoungGen      total 356864K, used 12402K [0x00000000d5580000, 0x00000000ec980000, 0x0000000100000000)
  eden space 333824K, 0% used [0x00000000d5580000,0x00000000d5580000,0x00000000e9b80000)
  from space 23040K, 53% used [0x00000000eb300000,0x00000000ebf1caf0,0x00000000ec980000)
  to   space 23552K, 0% used [0x00000000e9b80000,0x00000000e9b80000,0x00000000eb280000)
 ParOldGen       total 87552K, used 48182K [0x0000000080000000, 0x0000000085580000, 0x00000000d5580000)
  object space 87552K, 55% used [0x0000000080000000,0x0000000082f0d8a8,0x0000000085580000)
 Metaspace       used 53658K, capacity 57228K, committed 57472K, reserved 1099776K
  class space    used 7332K, capacity 7970K, committed 8064K, reserved 1048576K
}
Event: 68.213 GC heap before
{Heap before GC invocations=13 (full 0):
 PSYoungGen      total 356864K, used 346226K [0x00000000d5580000, 0x00000000ec980000, 0x0000000100000000)
  eden space 333824K, 100% used [0x00000000d5580000,0x00000000e9b80000,0x00000000e9b80000)
  from space 23040K, 53% used [0x00000000eb300000,0x00000000ebf1caf0,0x00000000ec980000)
  to   space 23552K, 0% used [0x00000000e9b80000,0x00000000e9b80000,0x00000000eb280000)
 ParOldGen       total 87552K, used 48182K [0x0000000080000000, 0x0000000085580000, 0x00000000d5580000)
  object space 87552K, 55% used [0x0000000080000000,0x0000000082f0d8a8,0x0000000085580000)
 Metaspace       used 53681K, capacity 57228K, committed 57472K, reserved 1099776K
  class space    used 7333K, capacity 7970K, committed 8064K, reserved 1048576K
Event: 68.219 GC heap after
Heap after GC invocations=13 (full 0):
 PSYoungGen      total 324096K, used 4661K [0x00000000d5580000, 0x00000000ebb00000, 0x0000000100000000)
  eden space 318976K, 0% used [0x00000000d5580000,0x00000000d5580000,0x00000000e8d00000)
  from space 5120K, 91% used [0x00000000e9b80000,0x00000000ea00d4c0,0x00000000ea080000)
  to   space 23552K, 0% used [0x00000000ea400000,0x00000000ea400000,0x00000000ebb00000)
 ParOldGen       total 87552K, used 57211K [0x0000000080000000, 0x0000000085580000, 0x00000000d5580000)
  object space 87552K, 65% used [0x0000000080000000,0x00000000837def88,0x0000000085580000)
 Metaspace       used 53681K, capacity 57228K, committed 57472K, reserved 1099776K
  class space    used 7333K, capacity 7970K, committed 8064K, reserved 1048576K
}

