# JRE version: Java(TM) SE Runtime Environment (8.0_201-b09) (build 1.8.0_201-b09)
# Java VM: Java HotSpot(TM) 64-Bit Server VM (25.201-b09 mixed mode windows-amd64 compressed oops)
Heap:
 PSYoungGen      total 224768K, used 126139K [0x00000000d5580000, 0x00000000ec800000, 0x0000000100000000)
  eden space 206848K, 52% used [0x00000000d5580000,0x00000000dbf34000,0x00000000e1f80000)
  from space 17920K, 99% used [0x00000000e1f80000,0x00000000e30faee8,0x00000000e3100000)
  to   space 24064K, 0% used [0x00000000eb080000,0x00000000eb080000,0x00000000ec800000)
 ParOldGen       total 87552K, used 28372K [0x0000000080000000, 0x0000000085580000, 0x00000000d5580000)
  object space 87552K, 32% used [0x0000000080000000,0x0000000081bb52b0,0x0000000085580000)
 Metaspace       used 53637K, capacity 57214K, committed 57472K, reserved 1099776K
  class space    used 7329K, capacity 7967K, committed 8064K, reserved 1048576K
GC Heap History (10 events):
Event: 2.956 GC heap before
{Heap before GC invocations=7 (full 0):
 PSYoungGen      total 73728K, used 73673K [0x00000000d5580000, 0x00000000da880000, 0x0000000100000000)
  eden space 65536K, 100% used [0x00000000d5580000,0x00000000d9580000,0x00000000d9580000)
  from space 8192K, 99% used [0x00000000d9e80000,0x00000000da6725d8,0x00000000da680000)
  to   space 9216K, 0% used [0x00000000d9580000,0x00000000d9580000,0x00000000d9e80000)
 ParOldGen       total 87552K, used 4730K [0x0000000080000000, 0x0000000085580000, 0x00000000d5580000)
  object space 87552K, 5% used [0x0000000080000000,0x000000008049e918,0x0000000085580000)
 Metaspace       used 21665K, capacity 22696K, committed 23040K, reserved 1069056K
  class space    used 2950K, capacity 3212K, committed 3328K, reserved 1048576K
Event: 2.964 GC heap after
Heap after GC invocations=7 (full 0):
 PSYoungGen      total 74752K, used 9198K [0x00000000d5580000, 0x00000000dec80000, 0x0000000100000000)
  eden space 65536K, 0% used [0x00000000d5580000,0x00000000d5580000,0x00000000d9580000)
  from space 9216K, 99% used [0x00000000d9580000,0x00000000d9e7bb30,0x00000000d9e80000)
  to   space 11776K, 0% used [0x00000000de100000,0x00000000de100000,0x00000000dec80000)
 ParOldGen       total 87552K, used 7659K [0x0000000080000000, 0x0000000085580000, 0x00000000d5580000)
  object space 87552K, 8% used [0x0000000080000000,0x000000008077ad10,0x0000000085580000)
 Metaspace       used 21665K, capacity 22696K, committed 23040K, reserved 1069056K
  class space    used 2950K, capacity 3212K, committed 3328K, reserved 1048576K
}
Event: 3.317 GC heap before
{Heap before GC invocations=8 (full 0):
 PSYoungGen      total 74752K, used 74734K [0x00000000d5580000, 0x00000000dec80000, 0x0000000100000000)
  eden space 65536K, 100% used [0x00000000d5580000,0x00000000d9580000,0x00000000d9580000)
  from space 9216K, 99% used [0x00000000d9580000,0x00000000d9e7bb30,0x00000000d9e80000)
  to   space 11776K, 0% used [0x00000000de100000,0x00000000de100000,0x00000000dec80000)
 ParOldGen       total 87552K, used 7659K [0x0000000080000000, 0x0000000085580000, 0x00000000d5580000)
  object space 87552K, 8% used [0x0000000080000000,0x000000008077ad10,0x0000000085580000)
 Metaspace       used 23646K, capacity 24860K, committed 25088K, reserved 1071104K
  class space    used 3215K, capacity 3492K, committed 3584K, reserved 1048576K
Event: 3.323 GC heap after
Heap after GC invocations=8 (full 0):
 PSYoungGen      total 141824K, used 7902K [0x00000000d5580000, 0x00000000deb80000, 0x0000000100000000)
  eden space 131072K, 0% used [0x00000000d5580000,0x00000000d5580000,0x00000000dd580000)
  from space 10752K, 73% used [0x00000000de100000,0x00000000de8b79e8,0x00000000deb80000)
  to   space 11264K, 0% used [0x00000000dd580000,0x00000000dd580000,0x00000000de080000)
 ParOldGen       total 87552K, used 9135K [0x0000000080000000, 0x0000000085580000, 0x00000000d5580000)
  object space 87552K, 10% used [0x0000000080000000,0x00000000808ebe78,0x0000000085580000)
 Metaspace       used 23646K, capacity 24860K, committed 25088K, reserved 1071104K
  class space    used 3215K, capacity 3492K, committed 3584K, reserved 1048576K
}
Event: 4.426 GC heap before
{Heap before GC invocations=9 (full 0):
 PSYoungGen      total 141824K, used 138974K [0x00000000d5580000, 0x00000000deb80000, 0x0000000100000000)
  eden space 131072K, 100% used [0x00000000d5580000,0x00000000dd580000,0x00000000dd580000)
  from space 10752K, 73% used [0x00000000de100000,0x00000000de8b79e8,0x00000000deb80000)
  to   space 11264K, 0% used [0x00000000dd580000,0x00000000dd580000,0x00000000de080000)
 ParOldGen       total 87552K, used 9135K [0x0000000080000000, 0x0000000085580000, 0x00000000d5580000)
  object space 87552K, 10% used [0x0000000080000000,0x00000000808ebe78,0x0000000085580000)
 Metaspace       used 30539K, capacity 32528K, committed 32768K, reserved 1077248K
  class space    used 4183K, capacity 4550K, committed 4608K, reserved 1048576K
Event: 4.435 GC heap after
Heap after GC invocations=9 (full 0):
 PSYoungGen      total 142336K, used 11238K [0x00000000d5580000, 0x00000000e3f80000, 0x0000000100000000)
  eden space 131072K, 0% used [0x00000000d5580000,0x00000000d5580000,0x00000000dd580000)
  from space 11264K, 99% used [0x00000000dd580000,0x00000000de079a60,0x00000000de080000)
  to   space 14848K, 0% used [0x00000000e3100000,0x00000000e3100000,0x00000000e3f80000)
 ParOldGen       total 87552K, used 14232K [0x0000000080000000, 0x0000000085580000, 0x00000000d5580000)
  object space 87552K, 16% used [0x0000000080000000,0x0000000080de60b8,0x0000000085580000)
 Metaspace       used 30539K, capacity 32528K, committed 32768K, reserved 1077248K
  class space    used 4183K, capacity 4550K, committed 4608K, reserved 1048576K
}
Event: 5.330 GC heap before
{Heap before GC invocations=10 (full 0):
 PSYoungGen      total 142336K, used 142310K [0x00000000d5580000, 0x00000000e3f80000, 0x0000000100000000)
  eden space 131072K, 100% used [0x00000000d5580000,0x00000000dd580000,0x00000000dd580000)
  from space 11264K, 99% used [0x00000000dd580000,0x00000000de079a60,0x00000000de080000)
  to   space 14848K, 0% used [0x00000000e3100000,0x00000000e3100000,0x00000000e3f80000)
 ParOldGen       total 87552K, used 14232K [0x0000000080000000, 0x0000000085580000, 0x00000000d5580000)
  object space 87552K, 16% used [0x0000000080000000,0x0000000080de60b8,0x0000000085580000)
 Metaspace       used 38062K, capacity 40700K, committed 40832K, reserved 1085440K
  class space    used 5222K, capacity 5692K, committed 5760K, reserved 1048576K
Event: 5.343 GC heap after
Heap after GC invocations=10 (full 0):
 PSYoungGen      total 221696K, used 14845K [0x00000000d5580000, 0x00000000e4580000, 0x0000000100000000)
  eden space 206848K, 0% used [0x00000000d5580000,0x00000000d5580000,0x00000000e1f80000)
  from space 14848K, 99% used [0x00000000e3100000,0x00000000e3f7f568,0x00000000e3f80000)
  to   space 17920K, 0% used [0x00000000e1f80000,0x00000000e1f80000,0x00000000e3100000)
 ParOldGen       total 87552K, used 17456K [0x0000000080000000, 0x0000000085580000, 0x00000000d5580000)
  object space 87552K, 19% used [0x0000000080000000,0x000000008110c350,0x0000000085580000)
 Metaspace       used 38062K, capacity 40700K, committed 40832K, reserved 1085440K
  class space    used 5222K, capacity 5692K, committed 5760K, reserved 1048576K
}
Event: 68.991 GC heap before
{Heap before GC invocations=11 (full 0):
 PSYoungGen      total 221696K, used 221693K [0x00000000d5580000, 0x00000000e4580000, 0x0000000100000000)
  eden space 206848K, 100% used [0x00000000d5580000,0x00000000e1f80000,0x00000000e1f80000)
  from space 14848K, 99% used [0x00000000e3100000,0x00000000e3f7f568,0x00000000e3f80000)
  to   space 17920K, 0% used [0x00000000e1f80000,0x00000000e1f80000,0x00000000e3100000)
 ParOldGen       total 87552K, used 17456K [0x0000000080000000, 0x0000000085580000, 0x00000000d5580000)
  object space 87552K, 19% used [0x0000000080000000,0x000000008110c350,0x0000000085580000)
 Metaspace       used 53306K, capacity 56878K, committed 57088K, reserved 1097728K
  class space    used 7275K, capacity 7925K, committed 7936K, reserved 1048576K
Event: 69.013 GC heap after
Heap after GC invocations=11 (full 0):
 PSYoungGen      total 224768K, used 17899K [0x00000000d5580000, 0x00000000ec800000, 0x0000000100000000)
  eden space 206848K, 0% used [0x00000000d5580000,0x00000000d5580000,0x00000000e1f80000)
  from space 17920K, 99% used [0x00000000e1f80000,0x00000000e30faee8,0x00000000e3100000)
  to   space 24064K, 0% used [0x00000000eb080000,0x00000000eb080000,0x00000000ec800000)
 ParOldGen       total 87552K, used 28372K [0x0000000080000000, 0x0000000085580000, 0x00000000d5580000)
  object space 87552K, 32% used [0x0000000080000000,0x0000000081bb52b0,0x0000000085580000)
 Metaspace       used 53306K, capacity 56878K, committed 57088K, reserved 1097728K
  class space    used 7275K, capacity 7925K, committed 7936K, reserved 1048576K
}

