# JRE version: Java(TM) SE Runtime Environment (8.0_201-b09) (build 1.8.0_201-b09)
# Java VM: Java HotSpot(TM) 64-Bit Server VM (25.201-b09 mixed mode windows-amd64 compressed oops)
Heap:
 PSYoungGen      total 252416K, used 106060K [0x00000000d5580000, 0x00000000f0500000, 0x0000000100000000)
  eden space 237056K, 38% used [0x00000000d5580000,0x00000000dae79d58,0x00000000e3d00000)
  from space 15360K, 97% used [0x00000000ee100000,0x00000000eef993f0,0x00000000ef000000)
  to   space 21504K, 0% used [0x00000000ef000000,0x00000000ef000000,0x00000000f0500000)
 ParOldGen       total 87552K, used 53286K [0x0000000080000000, 0x0000000085580000, 0x00000000d5580000)
  object space 87552K, 60% used [0x0000000080000000,0x0000000083409a00,0x0000000085580000)
 Metaspace       used 54777K, capacity 58454K, committed 58624K, reserved 1099776K
  class space    used 7453K, capacity 8111K, committed 8192K, reserved 1048576K
GC Heap History (10 events):
Event: 3.574 GC heap before
{Heap before GC invocations=7 (full 0):
 PSYoungGen      total 140288K, used 140257K [0x00000000d5580000, 0x00000000def80000, 0x0000000100000000)
  eden space 130560K, 100% used [0x00000000d5580000,0x00000000dd500000,0x00000000dd500000)
  from space 9728K, 99% used [0x00000000de100000,0x00000000dea785e0,0x00000000dea80000)
  to   space 12288K, 0% used [0x00000000dd500000,0x00000000dd500000,0x00000000de100000)
 ParOldGen       total 87552K, used 9270K [0x0000000080000000, 0x0000000085580000, 0x00000000d5580000)
  object space 87552K, 10% used [0x0000000080000000,0x000000008090db88,0x0000000085580000)
 Metaspace       used 27233K, capacity 28660K, committed 28928K, reserved 1075200K
  class space    used 3738K, capacity 4038K, committed 4096K, reserved 1048576K
Event: 3.584 GC heap after
Heap after GC invocations=7 (full 0):
 PSYoungGen      total 142848K, used 12282K [0x00000000d5580000, 0x00000000e7480000, 0x0000000100000000)
  eden space 130560K, 0% used [0x00000000d5580000,0x00000000d5580000,0x00000000dd500000)
  from space 12288K, 99% used [0x00000000dd500000,0x00000000de0fe8c8,0x00000000de100000)
  to   space 16384K, 0% used [0x00000000e6480000,0x00000000e6480000,0x00000000e7480000)
 ParOldGen       total 87552K, used 13646K [0x0000000080000000, 0x0000000085580000, 0x00000000d5580000)
  object space 87552K, 15% used [0x0000000080000000,0x0000000080d53b70,0x0000000085580000)
 Metaspace       used 27233K, capacity 28660K, committed 28928K, reserved 1075200K
  class space    used 3738K, capacity 4038K, committed 4096K, reserved 1048576K
}
Event: 4.843 GC heap before
{Heap before GC invocations=8 (full 0):
 PSYoungGen      total 142848K, used 142842K [0x00000000d5580000, 0x00000000e7480000, 0x0000000100000000)
  eden space 130560K, 100% used [0x00000000d5580000,0x00000000dd500000,0x00000000dd500000)
  from space 12288K, 99% used [0x00000000dd500000,0x00000000de0fe8c8,0x00000000de100000)
  to   space 16384K, 0% used [0x00000000e6480000,0x00000000e6480000,0x00000000e7480000)
 ParOldGen       total 87552K, used 13646K [0x0000000080000000, 0x0000000085580000, 0x00000000d5580000)
  object space 87552K, 15% used [0x0000000080000000,0x0000000080d53b70,0x0000000085580000)
 Metaspace       used 34648K, capacity 36912K, committed 36992K, reserved 1081344K
  class space    used 4757K, capacity 5186K, committed 5248K, reserved 1048576K
Event: 4.854 GC heap after
Heap after GC invocations=8 (full 0):
 PSYoungGen      total 275456K, used 15476K [0x00000000d5580000, 0x00000000e7880000, 0x0000000100000000)
  eden space 259072K, 0% used [0x00000000d5580000,0x00000000d5580000,0x00000000e5280000)
  from space 16384K, 94% used [0x00000000e6480000,0x00000000e739d388,0x00000000e7480000)
  to   space 18432K, 0% used [0x00000000e5280000,0x00000000e5280000,0x00000000e6480000)
 ParOldGen       total 87552K, used 14869K [0x0000000080000000, 0x0000000085580000, 0x00000000d5580000)
  object space 87552K, 16% used [0x0000000080000000,0x0000000080e85698,0x0000000085580000)
 Metaspace       used 34648K, capacity 36912K, committed 36992K, reserved 1081344K
  class space    used 4757K, capacity 5186K, committed 5248K, reserved 1048576K
}
Event: 19.228 GC heap before
{Heap before GC invocations=9 (full 0):
 PSYoungGen      total 275456K, used 274548K [0x00000000d5580000, 0x00000000e7880000, 0x0000000100000000)
  eden space 259072K, 100% used [0x00000000d5580000,0x00000000e5280000,0x00000000e5280000)
  from space 16384K, 94% used [0x00000000e6480000,0x00000000e739d388,0x00000000e7480000)
  to   space 18432K, 0% used [0x00000000e5280000,0x00000000e5280000,0x00000000e6480000)
 ParOldGen       total 87552K, used 14869K [0x0000000080000000, 0x0000000085580000, 0x00000000d5580000)
  object space 87552K, 16% used [0x0000000080000000,0x0000000080e85698,0x0000000085580000)
 Metaspace       used 52031K, capacity 55548K, committed 55680K, reserved 1097728K
  class space    used 7128K, capacity 7758K, committed 7808K, reserved 1048576K
Event: 19.253 GC heap after
Heap after GC invocations=9 (full 0):
 PSYoungGen      total 277504K, used 18400K [0x00000000d5580000, 0x00000000f1e80000, 0x0000000100000000)
  eden space 259072K, 0% used [0x00000000d5580000,0x00000000d5580000,0x00000000e5280000)
  from space 18432K, 99% used [0x00000000e5280000,0x00000000e6478100,0x00000000e6480000)
  to   space 26624K, 0% used [0x00000000f0480000,0x00000000f0480000,0x00000000f1e80000)
 ParOldGen       total 87552K, used 28710K [0x0000000080000000, 0x0000000085580000, 0x00000000d5580000)
  object space 87552K, 32% used [0x0000000080000000,0x0000000081c099e8,0x0000000085580000)
 Metaspace       used 52031K, capacity 55548K, committed 55680K, reserved 1097728K
  class space    used 7128K, capacity 7758K, committed 7808K, reserved 1048576K
}
Event: 42.702 GC heap before
{Heap before GC invocations=10 (full 0):
 PSYoungGen      total 277504K, used 277472K [0x00000000d5580000, 0x00000000f1e80000, 0x0000000100000000)
  eden space 259072K, 100% used [0x00000000d5580000,0x00000000e5280000,0x00000000e5280000)
  from space 18432K, 99% used [0x00000000e5280000,0x00000000e6478100,0x00000000e6480000)
  to   space 26624K, 0% used [0x00000000f0480000,0x00000000f0480000,0x00000000f1e80000)
 ParOldGen       total 87552K, used 28710K [0x0000000080000000, 0x0000000085580000, 0x00000000d5580000)
  object space 87552K, 32% used [0x0000000080000000,0x0000000081c099e8,0x0000000085580000)
 Metaspace       used 54460K, capacity 58066K, committed 58240K, reserved 1099776K
  class space    used 7406K, capacity 8035K, committed 8064K, reserved 1048576K
Event: 42.716 GC heap after
Heap after GC invocations=10 (full 0):
 PSYoungGen      total 266752K, used 18503K [0x00000000d5580000, 0x00000000f1700000, 0x0000000100000000)
  eden space 247808K, 0% used [0x00000000d5580000,0x00000000d5580000,0x00000000e4780000)
  from space 18944K, 97% used [0x00000000f0480000,0x00000000f1691d40,0x00000000f1700000)
  to   space 27648K, 0% used [0x00000000ee100000,0x00000000ee100000,0x00000000efc00000)
 ParOldGen       total 87552K, used 35146K [0x0000000080000000, 0x0000000085580000, 0x00000000d5580000)
  object space 87552K, 40% used [0x0000000080000000,0x0000000082252af8,0x0000000085580000)
 Metaspace       used 54460K, capacity 58066K, committed 58240K, reserved 1099776K
  class space    used 7406K, capacity 8035K, committed 8064K, reserved 1048576K
}
Event: 126.352 GC heap before
{Heap before GC invocations=11 (full 0):
 PSYoungGen      total 266752K, used 266311K [0x00000000d5580000, 0x00000000f1700000, 0x0000000100000000)
  eden space 247808K, 100% used [0x00000000d5580000,0x00000000e4780000,0x00000000e4780000)
  from space 18944K, 97% used [0x00000000f0480000,0x00000000f1691d40,0x00000000f1700000)
  to   space 27648K, 0% used [0x00000000ee100000,0x00000000ee100000,0x00000000efc00000)
 ParOldGen       total 87552K, used 35146K [0x0000000080000000, 0x0000000085580000, 0x00000000d5580000)
  object space 87552K, 40% used [0x0000000080000000,0x0000000082252af8,0x0000000085580000)
 Metaspace       used 54750K, capacity 58390K, committed 58624K, reserved 1099776K
  class space    used 7452K, capacity 8111K, committed 8192K, reserved 1048576K
Event: 126.368 GC heap after
Heap after GC invocations=11 (full 0):
 PSYoungGen      total 252416K, used 14948K [0x00000000d5580000, 0x00000000f0500000, 0x0000000100000000)
  eden space 237056K, 0% used [0x00000000d5580000,0x00000000d5580000,0x00000000e3d00000)
  from space 15360K, 97% used [0x00000000ee100000,0x00000000eef993f0,0x00000000ef000000)
  to   space 21504K, 0% used [0x00000000ef000000,0x00000000ef000000,0x00000000f0500000)
 ParOldGen       total 87552K, used 53286K [0x0000000080000000, 0x0000000085580000, 0x00000000d5580000)
  object space 87552K, 60% used [0x0000000080000000,0x0000000083409a00,0x0000000085580000)
 Metaspace       used 54750K, capacity 58390K, committed 58624K, reserved 1099776K
  class space    used 7452K, capacity 8111K, committed 8192K, reserved 1048576K
}

