# JRE version: Java(TM) SE Runtime Environment (8.0_201-b09) (build 1.8.0_201-b09)
# Java VM: Java HotSpot(TM) 64-Bit Server VM (25.201-b09 mixed mode windows-amd64 compressed oops)
Heap:
 PSYoungGen      total 318464K, used 163955K [0x00000000e0000000, 0x00000000fe500000, 0x0000000100000000)
  eden space 289280K, 46% used [0x00000000e0000000,0x00000000e840fd60,0x00000000f1a80000)
  from space 29184K, 98% used [0x00000000fc880000,0x00000000fe48d000,0x00000000fe500000)
  to   space 41984K, 0% used [0x00000000f9300000,0x00000000f9300000,0x00000000fbc00000)
 ParOldGen       total 349696K, used 57976K [0x00000000c0000000, 0x00000000d5580000, 0x00000000e0000000)
  object space 349696K, 16% used [0x00000000c0000000,0x00000000c389e260,0x00000000d5580000)
 Metaspace       used 54520K, capacity 58188K, committed 58368K, reserved 1099776K
  class space    used 7454K, capacity 8112K, committed 8192K, reserved 1048576K
GC Heap History (10 events):
Event: 7.461 GC heap before
{Heap before GC invocations=6 (full 1):
 PSYoungGen      total 212992K, used 32061K [0x00000000e0000000, 0x00000000eea00000, 0x0000000100000000)
  eden space 196608K, 9% used [0x00000000e0000000,0x00000000e12d1328,0x00000000ec000000)
  from space 16384K, 78% used [0x00000000eda00000,0x00000000ee67e318,0x00000000eea00000)
  to   space 21504K, 0% used [0x00000000ec000000,0x00000000ec000000,0x00000000ed500000)
 ParOldGen       total 349696K, used 12928K [0x00000000c0000000, 0x00000000d5580000, 0x00000000e0000000)
  object space 349696K, 3% used [0x00000000c0000000,0x00000000c0ca0080,0x00000000d5580000)
 Metaspace       used 33220K, capacity 35364K, committed 35416K, reserved 1079296K
  class space    used 4573K, capacity 4964K, committed 4992K, reserved 1048576K
Event: 7.468 GC heap after
Heap after GC invocations=6 (full 1):
 PSYoungGen      total 218112K, used 8678K [0x00000000e0000000, 0x00000000f4380000, 0x0000000100000000)
  eden space 196608K, 0% used [0x00000000e0000000,0x00000000e0000000,0x00000000ec000000)
  from space 21504K, 40% used [0x00000000ec000000,0x00000000ec879940,0x00000000ed500000)
  to   space 14848K, 0% used [0x00000000f3500000,0x00000000f3500000,0x00000000f4380000)
 ParOldGen       total 349696K, used 12936K [0x00000000c0000000, 0x00000000d5580000, 0x00000000e0000000)
  object space 349696K, 3% used [0x00000000c0000000,0x00000000c0ca2080,0x00000000d5580000)
 Metaspace       used 33220K, capacity 35364K, committed 35416K, reserved 1079296K
  class space    used 4573K, capacity 4964K, committed 4992K, reserved 1048576K
}
Event: 7.468 GC heap before
{Heap before GC invocations=7 (full 2):
 PSYoungGen      total 218112K, used 8678K [0x00000000e0000000, 0x00000000f4380000, 0x0000000100000000)
  eden space 196608K, 0% used [0x00000000e0000000,0x00000000e0000000,0x00000000ec000000)
  from space 21504K, 40% used [0x00000000ec000000,0x00000000ec879940,0x00000000ed500000)
  to   space 14848K, 0% used [0x00000000f3500000,0x00000000f3500000,0x00000000f4380000)
 ParOldGen       total 349696K, used 12936K [0x00000000c0000000, 0x00000000d5580000, 0x00000000e0000000)
  object space 349696K, 3% used [0x00000000c0000000,0x00000000c0ca2080,0x00000000d5580000)
 Metaspace       used 33220K, capacity 35364K, committed 35416K, reserved 1079296K
  class space    used 4573K, capacity 4964K, committed 4992K, reserved 1048576K
Event: 7.508 GC heap after
Heap after GC invocations=7 (full 2):
 PSYoungGen      total 218112K, used 0K [0x00000000e0000000, 0x00000000f4380000, 0x0000000100000000)
  eden space 196608K, 0% used [0x00000000e0000000,0x00000000e0000000,0x00000000ec000000)
  from space 21504K, 0% used [0x00000000ec000000,0x00000000ec000000,0x00000000ed500000)
  to   space 14848K, 0% used [0x00000000f3500000,0x00000000f3500000,0x00000000f4380000)
 ParOldGen       total 349696K, used 15356K [0x00000000c0000000, 0x00000000d5580000, 0x00000000e0000000)
  object space 349696K, 4% used [0x00000000c0000000,0x00000000c0eff328,0x00000000d5580000)
 Metaspace       used 33220K, capacity 35364K, committed 35416K, reserved 1079296K
  class space    used 4573K, capacity 4964K, committed 4992K, reserved 1048576K
}
Event: 11.298 GC heap before
{Heap before GC invocations=8 (full 2):
 PSYoungGen      total 218112K, used 196608K [0x00000000e0000000, 0x00000000f4380000, 0x0000000100000000)
  eden space 196608K, 100% used [0x00000000e0000000,0x00000000ec000000,0x00000000ec000000)
  from space 21504K, 0% used [0x00000000ec000000,0x00000000ec000000,0x00000000ed500000)
  to   space 14848K, 0% used [0x00000000f3500000,0x00000000f3500000,0x00000000f4380000)
 ParOldGen       total 349696K, used 15356K [0x00000000c0000000, 0x00000000d5580000, 0x00000000e0000000)
  object space 349696K, 4% used [0x00000000c0000000,0x00000000c0eff328,0x00000000d5580000)
 Metaspace       used 45814K, capacity 48686K, committed 48896K, reserved 1091584K
  class space    used 6325K, capacity 6851K, committed 6912K, reserved 1048576K
Event: 11.313 GC heap after
Heap after GC invocations=8 (full 2):
 PSYoungGen      total 311808K, used 14842K [0x00000000e0000000, 0x00000000f4600000, 0x0000000100000000)
  eden space 296960K, 0% used [0x00000000e0000000,0x00000000e0000000,0x00000000f2200000)
  from space 14848K, 99% used [0x00000000f3500000,0x00000000f437e8f8,0x00000000f4380000)
  to   space 18432K, 0% used [0x00000000f2200000,0x00000000f2200000,0x00000000f3400000)
 ParOldGen       total 349696K, used 19042K [0x00000000c0000000, 0x00000000d5580000, 0x00000000e0000000)
  object space 349696K, 5% used [0x00000000c0000000,0x00000000c1298ab8,0x00000000d5580000)
 Metaspace       used 45814K, capacity 48686K, committed 48896K, reserved 1091584K
  class space    used 6325K, capacity 6851K, committed 6912K, reserved 1048576K
}
Event: 137.919 GC heap before
{Heap before GC invocations=9 (full 2):
 PSYoungGen      total 311808K, used 311802K [0x00000000e0000000, 0x00000000f4600000, 0x0000000100000000)
  eden space 296960K, 100% used [0x00000000e0000000,0x00000000f2200000,0x00000000f2200000)
  from space 14848K, 99% used [0x00000000f3500000,0x00000000f437e8f8,0x00000000f4380000)
  to   space 18432K, 0% used [0x00000000f2200000,0x00000000f2200000,0x00000000f3400000)
 ParOldGen       total 349696K, used 19042K [0x00000000c0000000, 0x00000000d5580000, 0x00000000e0000000)
  object space 349696K, 5% used [0x00000000c0000000,0x00000000c1298ab8,0x00000000d5580000)
 Metaspace       used 54168K, capacity 57786K, committed 57984K, reserved 1099776K
  class space    used 7401K, capacity 8031K, committed 8064K, reserved 1048576K
Event: 137.940 GC heap after
Heap after GC invocations=9 (full 2):
 PSYoungGen      total 315392K, used 18431K [0x00000000e0000000, 0x00000000fef80000, 0x0000000100000000)
  eden space 296960K, 0% used [0x00000000e0000000,0x00000000e0000000,0x00000000f2200000)
  from space 18432K, 99% used [0x00000000f2200000,0x00000000f33ffee0,0x00000000f3400000)
  to   space 39936K, 0% used [0x00000000fc880000,0x00000000fc880000,0x00000000fef80000)
 ParOldGen       total 349696K, used 57968K [0x00000000c0000000, 0x00000000d5580000, 0x00000000e0000000)
  object space 349696K, 16% used [0x00000000c0000000,0x00000000c389c260,0x00000000d5580000)
 Metaspace       used 54168K, capacity 57786K, committed 57984K, reserved 1099776K
  class space    used 7401K, capacity 8031K, committed 8064K, reserved 1048576K
}
Event: 188.791 GC heap before
{Heap before GC invocations=10 (full 2):
 PSYoungGen      total 315392K, used 315391K [0x00000000e0000000, 0x00000000fef80000, 0x0000000100000000)
  eden space 296960K, 100% used [0x00000000e0000000,0x00000000f2200000,0x00000000f2200000)
  from space 18432K, 99% used [0x00000000f2200000,0x00000000f33ffee0,0x00000000f3400000)
  to   space 39936K, 0% used [0x00000000fc880000,0x00000000fc880000,0x00000000fef80000)
 ParOldGen       total 349696K, used 57968K [0x00000000c0000000, 0x00000000d5580000, 0x00000000e0000000)
  object space 349696K, 16% used [0x00000000c0000000,0x00000000c389c260,0x00000000d5580000)
 Metaspace       used 54503K, capacity 58188K, committed 58368K, reserved 1099776K
  class space    used 7454K, capacity 8112K, committed 8192K, reserved 1048576K
Event: 188.808 GC heap after
Heap after GC invocations=10 (full 2):
 PSYoungGen      total 318464K, used 28724K [0x00000000e0000000, 0x00000000fe500000, 0x0000000100000000)
  eden space 289280K, 0% used [0x00000000e0000000,0x00000000e0000000,0x00000000f1a80000)
  from space 29184K, 98% used [0x00000000fc880000,0x00000000fe48d000,0x00000000fe500000)
  to   space 41984K, 0% used [0x00000000f9300000,0x00000000f9300000,0x00000000fbc00000)
 ParOldGen       total 349696K, used 57976K [0x00000000c0000000, 0x00000000d5580000, 0x00000000e0000000)
  object space 349696K, 16% used [0x00000000c0000000,0x00000000c389e260,0x00000000d5580000)
 Metaspace       used 54503K, capacity 58188K, committed 58368K, reserved 1099776K
  class space    used 7454K, capacity 8112K, committed 8192K, reserved 1048576K
}

