# JRE version: Java(TM) SE Runtime Environment (8.0_201-b09) (build 1.8.0_201-b09)
# Java VM: Java HotSpot(TM) 64-Bit Server VM (25.201-b09 mixed mode windows-amd64 compressed oops)
Heap:
 PSYoungGen      total 277504K, used 105612K [0x00000000d5580000, 0x00000000f1e80000, 0x0000000100000000)
  eden space 259584K, 33% used [0x00000000d5580000,0x00000000dab26af8,0x00000000e5300000)
  from space 17920K, 99% used [0x00000000e5300000,0x00000000e647c518,0x00000000e6480000)
  to   space 26112K, 0% used [0x00000000f0500000,0x00000000f0500000,0x00000000f1e80000)
 ParOldGen       total 87552K, used 28471K [0x0000000080000000, 0x0000000085580000, 0x00000000d5580000)
  object space 87552K, 32% used [0x0000000080000000,0x0000000081bcdcb8,0x0000000085580000)
 Metaspace       used 53184K, capacity 56796K, committed 56960K, reserved 1097728K
  class space    used 7274K, capacity 7938K, committed 8064K, reserved 1048576K
GC Heap History (10 events):
Event: 2.814 GC heap before
{Heap before GC invocations=5 (full 0):
 PSYoungGen      total 71680K, used 71664K [0x00000000d5580000, 0x00000000da080000, 0x0000000100000000)
  eden space 66560K, 100% used [0x00000000d5580000,0x00000000d9680000,0x00000000d9680000)
  from space 5120K, 99% used [0x00000000d9b80000,0x00000000da07c160,0x00000000da080000)
  to   space 5120K, 0% used [0x00000000d9680000,0x00000000d9680000,0x00000000d9b80000)
 ParOldGen       total 87552K, used 2841K [0x0000000080000000, 0x0000000085580000, 0x00000000d5580000)
  object space 87552K, 3% used [0x0000000080000000,0x00000000802c6470,0x0000000085580000)
 Metaspace       used 18471K, capacity 19382K, committed 19456K, reserved 1067008K
  class space    used 2563K, capacity 2799K, committed 2816K, reserved 1048576K
Event: 2.830 GC heap after
Heap after GC invocations=5 (full 0):
 PSYoungGen      total 71680K, used 5090K [0x00000000d5580000, 0x00000000dea80000, 0x0000000100000000)
  eden space 66560K, 0% used [0x00000000d5580000,0x00000000d5580000,0x00000000d9680000)
  from space 5120K, 99% used [0x00000000d9680000,0x00000000d9b78af8,0x00000000d9b80000)
  to   space 9728K, 0% used [0x00000000de100000,0x00000000de100000,0x00000000dea80000)
 ParOldGen       total 87552K, used 6995K [0x0000000080000000, 0x0000000085580000, 0x00000000d5580000)
  object space 87552K, 7% used [0x0000000080000000,0x00000000806d4f28,0x0000000085580000)
 Metaspace       used 18471K, capacity 19382K, committed 19456K, reserved 1067008K
  class space    used 2563K, capacity 2799K, committed 2816K, reserved 1048576K
}
Event: 3.254 GC heap before
{Heap before GC invocations=6 (full 0):
 PSYoungGen      total 71680K, used 71650K [0x00000000d5580000, 0x00000000dea80000, 0x0000000100000000)
  eden space 66560K, 100% used [0x00000000d5580000,0x00000000d9680000,0x00000000d9680000)
  from space 5120K, 99% used [0x00000000d9680000,0x00000000d9b78af8,0x00000000d9b80000)
  to   space 9728K, 0% used [0x00000000de100000,0x00000000de100000,0x00000000dea80000)
 ParOldGen       total 87552K, used 6995K [0x0000000080000000, 0x0000000085580000, 0x00000000d5580000)
  object space 87552K, 7% used [0x0000000080000000,0x00000000806d4f28,0x0000000085580000)
 Metaspace       used 21552K, capacity 22588K, committed 22656K, reserved 1069056K
  class space    used 2939K, capacity 3180K, committed 3200K, reserved 1048576K
Event: 3.265 GC heap after
Heap after GC invocations=6 (full 0):
 PSYoungGen      total 140288K, used 9713K [0x00000000d5580000, 0x00000000def80000, 0x0000000100000000)
  eden space 130560K, 0% used [0x00000000d5580000,0x00000000d5580000,0x00000000dd500000)
  from space 9728K, 99% used [0x00000000de100000,0x00000000dea7c6b0,0x00000000dea80000)
  to   space 12288K, 0% used [0x00000000dd500000,0x00000000dd500000,0x00000000de100000)
 ParOldGen       total 87552K, used 9143K [0x0000000080000000, 0x0000000085580000, 0x00000000d5580000)
  object space 87552K, 10% used [0x0000000080000000,0x00000000808edc60,0x0000000085580000)
 Metaspace       used 21552K, capacity 22588K, committed 22656K, reserved 1069056K
  class space    used 2939K, capacity 3180K, committed 3200K, reserved 1048576K
}
Event: 4.225 GC heap before
{Heap before GC invocations=7 (full 0):
 PSYoungGen      total 140288K, used 140273K [0x00000000d5580000, 0x00000000def80000, 0x0000000100000000)
  eden space 130560K, 100% used [0x00000000d5580000,0x00000000dd500000,0x00000000dd500000)
  from space 9728K, 99% used [0x00000000de100000,0x00000000dea7c6b0,0x00000000dea80000)
  to   space 12288K, 0% used [0x00000000dd500000,0x00000000dd500000,0x00000000de100000)
 ParOldGen       total 87552K, used 9143K [0x0000000080000000, 0x0000000085580000, 0x00000000d5580000)
  object space 87552K, 10% used [0x0000000080000000,0x00000000808edc60,0x0000000085580000)
 Metaspace       used 26758K, capacity 28152K, committed 28288K, reserved 1073152K
  class space    used 3663K, capacity 3954K, committed 3968K, reserved 1048576K
Event: 4.239 GC heap after
Heap after GC invocations=7 (full 0):
 PSYoungGen      total 142848K, used 12276K [0x00000000d5580000, 0x00000000e7480000, 0x0000000100000000)
  eden space 130560K, 0% used [0x00000000d5580000,0x00000000d5580000,0x00000000dd500000)
  from space 12288K, 99% used [0x00000000dd500000,0x00000000de0fd378,0x00000000de100000)
  to   space 16384K, 0% used [0x00000000e6480000,0x00000000e6480000,0x00000000e7480000)
 ParOldGen       total 87552K, used 13255K [0x0000000080000000, 0x0000000085580000, 0x00000000d5580000)
  object space 87552K, 15% used [0x0000000080000000,0x0000000080cf1e28,0x0000000085580000)
 Metaspace       used 26758K, capacity 28152K, committed 28288K, reserved 1073152K
  class space    used 3663K, capacity 3954K, committed 3968K, reserved 1048576K
}
Event: 5.853 GC heap before
{Heap before GC invocations=8 (full 0):
 PSYoungGen      total 142848K, used 142836K [0x00000000d5580000, 0x00000000e7480000, 0x0000000100000000)
  eden space 130560K, 100% used [0x00000000d5580000,0x00000000dd500000,0x00000000dd500000)
  from space 12288K, 99% used [0x00000000dd500000,0x00000000de0fd378,0x00000000de100000)
  to   space 16384K, 0% used [0x00000000e6480000,0x00000000e6480000,0x00000000e7480000)
 ParOldGen       total 87552K, used 13255K [0x0000000080000000, 0x0000000085580000, 0x00000000d5580000)
  object space 87552K, 15% used [0x0000000080000000,0x0000000080cf1e28,0x0000000085580000)
 Metaspace       used 33961K, capacity 36256K, committed 36480K, reserved 1081344K
  class space    used 4677K, capacity 5122K, committed 5248K, reserved 1048576K
Event: 5.871 GC heap after
Heap after GC invocations=8 (full 0):
 PSYoungGen      total 275968K, used 14976K [0x00000000d5580000, 0x00000000e7780000, 0x0000000100000000)
  eden space 259584K, 0% used [0x00000000d5580000,0x00000000d5580000,0x00000000e5300000)
  from space 16384K, 91% used [0x00000000e6480000,0x00000000e7320050,0x00000000e7480000)
  to   space 17920K, 0% used [0x00000000e5300000,0x00000000e5300000,0x00000000e6480000)
 ParOldGen       total 87552K, used 14435K [0x0000000080000000, 0x0000000085580000, 0x00000000d5580000)
  object space 87552K, 16% used [0x0000000080000000,0x0000000080e18f90,0x0000000085580000)
 Metaspace       used 33961K, capacity 36256K, committed 36480K, reserved 1081344K
  class space    used 4677K, capacity 5122K, committed 5248K, reserved 1048576K
}
Event: 56.610 GC heap before
{Heap before GC invocations=9 (full 0):
 PSYoungGen      total 275968K, used 274560K [0x00000000d5580000, 0x00000000e7780000, 0x0000000100000000)
  eden space 259584K, 100% used [0x00000000d5580000,0x00000000e5300000,0x00000000e5300000)
  from space 16384K, 91% used [0x00000000e6480000,0x00000000e7320050,0x00000000e7480000)
  to   space 17920K, 0% used [0x00000000e5300000,0x00000000e5300000,0x00000000e6480000)
 ParOldGen       total 87552K, used 14435K [0x0000000080000000, 0x0000000085580000, 0x00000000d5580000)
  object space 87552K, 16% used [0x0000000080000000,0x0000000080e18f90,0x0000000085580000)
 Metaspace       used 51047K, capacity 54414K, committed 54528K, reserved 1095680K
  class space    used 6971K, capacity 7575K, committed 7680K, reserved 1048576K
Event: 56.632 GC heap after
Heap after GC invocations=9 (full 0):
 PSYoungGen      total 277504K, used 17905K [0x00000000d5580000, 0x00000000f1e80000, 0x0000000100000000)
  eden space 259584K, 0% used [0x00000000d5580000,0x00000000d5580000,0x00000000e5300000)
  from space 17920K, 99% used [0x00000000e5300000,0x00000000e647c518,0x00000000e6480000)
  to   space 26112K, 0% used [0x00000000f0500000,0x00000000f0500000,0x00000000f1e80000)
 ParOldGen       total 87552K, used 28471K [0x0000000080000000, 0x0000000085580000, 0x00000000d5580000)
  object space 87552K, 32% used [0x0000000080000000,0x0000000081bcdcb8,0x0000000085580000)
 Metaspace       used 51047K, capacity 54414K, committed 54528K, reserved 1095680K
  class space    used 6971K, capacity 7575K, committed 7680K, reserved 1048576K
}

