# JRE version: Java(TM) SE Runtime Environment (8.0_201-b09) (build 1.8.0_201-b09)
# Java VM: Java HotSpot(TM) 64-Bit Server VM (25.201-b09 mixed mode windows-amd64 compressed oops)
Heap:
 PSYoungGen      total 388096K, used 83564K [0x00000000d5b80000, 0x00000000f6c80000, 0x0000000100000000)
  eden space 365568K, 18% used [0x00000000d5b80000,0x00000000d9db4188,0x00000000ec080000)
  from space 22528K, 70% used [0x00000000ec080000,0x00000000ecfe6ed0,0x00000000ed680000)
  to   space 23040K, 0% used [0x00000000f5600000,0x00000000f5600000,0x00000000f6c80000)
 ParOldGen       total 156160K, used 50124K [0x0000000081200000, 0x000000008aa80000, 0x00000000d5b80000)
  object space 156160K, 32% used [0x0000000081200000,0x00000000842f31e8,0x000000008aa80000)
 Metaspace       used 55800K, capacity 59510K, committed 59736K, reserved 1101824K
  class space    used 7635K, capacity 8312K, committed 8320K, reserved 1048576K
GC Heap History (10 events):
Event: 16.995 GC heap before
{Heap before GC invocations=13 (full 2):
 PSYoungGen      total 279552K, used 168792K [0x00000000d5b80000, 0x00000000e8a80000, 0x0000000100000000)
  eden space 267264K, 58% used [0x00000000d5b80000,0x00000000df45abd8,0x00000000e6080000)
  from space 12288K, 99% used [0x00000000e7e80000,0x00000000e8a7b630,0x00000000e8a80000)
  to   space 15360K, 0% used [0x00000000e6c80000,0x00000000e6c80000,0x00000000e7b80000)
 ParOldGen       total 73216K, used 18581K [0x0000000081200000, 0x0000000085980000, 0x00000000d5b80000)
  object space 73216K, 25% used [0x0000000081200000,0x0000000082425420,0x0000000085980000)
 Metaspace       used 55147K, capacity 58792K, committed 58968K, reserved 1099776K
  class space    used 7525K, capacity 8193K, committed 8320K, reserved 1048576K
Event: 17.010 GC heap after
Heap after GC invocations=13 (full 2):
 PSYoungGen      total 294912K, used 15347K [0x00000000d5b80000, 0x00000000eea80000, 0x0000000100000000)
  eden space 279552K, 0% used [0x00000000d5b80000,0x00000000d5b80000,0x00000000e6c80000)
  from space 15360K, 99% used [0x00000000e6c80000,0x00000000e7b7cfa0,0x00000000e7b80000)
  to   space 20480K, 0% used [0x00000000ed680000,0x00000000ed680000,0x00000000eea80000)
 ParOldGen       total 73216K, used 26990K [0x0000000081200000, 0x0000000085980000, 0x00000000d5b80000)
  object space 73216K, 36% used [0x0000000081200000,0x0000000082c5b890,0x0000000085980000)
 Metaspace       used 55147K, capacity 58792K, committed 58968K, reserved 1099776K
  class space    used 7525K, capacity 8193K, committed 8320K, reserved 1048576K
}
Event: 17.010 GC heap before
{Heap before GC invocations=14 (full 3):
 PSYoungGen      total 294912K, used 15347K [0x00000000d5b80000, 0x00000000eea80000, 0x0000000100000000)
  eden space 279552K, 0% used [0x00000000d5b80000,0x00000000d5b80000,0x00000000e6c80000)
  from space 15360K, 99% used [0x00000000e6c80000,0x00000000e7b7cfa0,0x00000000e7b80000)
  to   space 20480K, 0% used [0x00000000ed680000,0x00000000ed680000,0x00000000eea80000)
 ParOldGen       total 73216K, used 26990K [0x0000000081200000, 0x0000000085980000, 0x00000000d5b80000)
  object space 73216K, 36% used [0x0000000081200000,0x0000000082c5b890,0x0000000085980000)
 Metaspace       used 55147K, capacity 58792K, committed 58968K, reserved 1099776K
  class space    used 7525K, capacity 8193K, committed 8320K, reserved 1048576K
Event: 17.152 GC heap after
Heap after GC invocations=14 (full 3):
 PSYoungGen      total 294912K, used 0K [0x00000000d5b80000, 0x00000000eea80000, 0x0000000100000000)
  eden space 279552K, 0% used [0x00000000d5b80000,0x00000000d5b80000,0x00000000e6c80000)
  from space 15360K, 0% used [0x00000000e6c80000,0x00000000e6c80000,0x00000000e7b80000)
  to   space 20480K, 0% used [0x00000000ed680000,0x00000000ed680000,0x00000000eea80000)
 ParOldGen       total 107520K, used 33644K [0x0000000081200000, 0x0000000087b00000, 0x00000000d5b80000)
  object space 107520K, 31% used [0x0000000081200000,0x00000000832db3b0,0x0000000087b00000)
 Metaspace       used 55147K, capacity 58792K, committed 58968K, reserved 1099776K
  class space    used 7525K, capacity 8193K, committed 8320K, reserved 1048576K
}
Event: 91.518 GC heap before
{Heap before GC invocations=15 (full 3):
 PSYoungGen      total 294912K, used 279552K [0x00000000d5b80000, 0x00000000eea80000, 0x0000000100000000)
  eden space 279552K, 100% used [0x00000000d5b80000,0x00000000e6c80000,0x00000000e6c80000)
  from space 15360K, 0% used [0x00000000e6c80000,0x00000000e6c80000,0x00000000e7b80000)
  to   space 20480K, 0% used [0x00000000ed680000,0x00000000ed680000,0x00000000eea80000)
 ParOldGen       total 107520K, used 33644K [0x0000000081200000, 0x0000000087b00000, 0x00000000d5b80000)
  object space 107520K, 31% used [0x0000000081200000,0x00000000832db3b0,0x0000000087b00000)
 Metaspace       used 55554K, capacity 59234K, committed 59480K, reserved 1099776K
  class space    used 7588K, capacity 8232K, committed 8320K, reserved 1048576K
Event: 91.539 GC heap after
Heap after GC invocations=15 (full 3):
 PSYoungGen      total 386048K, used 18789K [0x00000000d5b80000, 0x00000000efa00000, 0x0000000100000000)
  eden space 365568K, 0% used [0x00000000d5b80000,0x00000000d5b80000,0x00000000ec080000)
  from space 20480K, 91% used [0x00000000ed680000,0x00000000ee8d97e8,0x00000000eea80000)
  to   space 22528K, 0% used [0x00000000ec080000,0x00000000ec080000,0x00000000ed680000)
 ParOldGen       total 107520K, used 84725K [0x0000000081200000, 0x0000000087b00000, 0x00000000d5b80000)
  object space 107520K, 78% used [0x0000000081200000,0x00000000864bd6b8,0x0000000087b00000)
 Metaspace       used 55554K, capacity 59234K, committed 59480K, reserved 1099776K
  class space    used 7588K, capacity 8232K, committed 8320K, reserved 1048576K
}
Event: 91.539 GC heap before
{Heap before GC invocations=16 (full 4):
 PSYoungGen      total 386048K, used 18789K [0x00000000d5b80000, 0x00000000efa00000, 0x0000000100000000)
  eden space 365568K, 0% used [0x00000000d5b80000,0x00000000d5b80000,0x00000000ec080000)
  from space 20480K, 91% used [0x00000000ed680000,0x00000000ee8d97e8,0x00000000eea80000)
  to   space 22528K, 0% used [0x00000000ec080000,0x00000000ec080000,0x00000000ed680000)
 ParOldGen       total 107520K, used 84725K [0x0000000081200000, 0x0000000087b00000, 0x00000000d5b80000)
  object space 107520K, 78% used [0x0000000081200000,0x00000000864bd6b8,0x0000000087b00000)
 Metaspace       used 55554K, capacity 59234K, committed 59480K, reserved 1099776K
  class space    used 7588K, capacity 8232K, committed 8320K, reserved 1048576K
Event: 91.586 GC heap after
Heap after GC invocations=16 (full 4):
 PSYoungGen      total 386048K, used 0K [0x00000000d5b80000, 0x00000000efa00000, 0x0000000100000000)
  eden space 365568K, 0% used [0x00000000d5b80000,0x00000000d5b80000,0x00000000ec080000)
  from space 20480K, 0% used [0x00000000ed680000,0x00000000ed680000,0x00000000eea80000)
  to   space 22528K, 0% used [0x00000000ec080000,0x00000000ec080000,0x00000000ed680000)
 ParOldGen       total 156160K, used 50116K [0x0000000081200000, 0x000000008aa80000, 0x00000000d5b80000)
  object space 156160K, 32% used [0x0000000081200000,0x00000000842f11e8,0x000000008aa80000)
 Metaspace       used 55554K, capacity 59234K, committed 59480K, reserved 1099776K
  class space    used 7588K, capacity 8232K, committed 8320K, reserved 1048576K
}
Event: 113.203 GC heap before
{Heap before GC invocations=17 (full 4):
 PSYoungGen      total 386048K, used 365568K [0x00000000d5b80000, 0x00000000efa00000, 0x0000000100000000)
  eden space 365568K, 100% used [0x00000000d5b80000,0x00000000ec080000,0x00000000ec080000)
  from space 20480K, 0% used [0x00000000ed680000,0x00000000ed680000,0x00000000eea80000)
  to   space 22528K, 0% used [0x00000000ec080000,0x00000000ec080000,0x00000000ed680000)
 ParOldGen       total 156160K, used 50116K [0x0000000081200000, 0x000000008aa80000, 0x00000000d5b80000)
  object space 156160K, 32% used [0x0000000081200000,0x00000000842f11e8,0x000000008aa80000)
 Metaspace       used 55795K, capacity 59498K, committed 59736K, reserved 1101824K
  class space    used 7634K, capacity 8310K, committed 8320K, reserved 1048576K
Event: 113.212 GC heap after
Heap after GC invocations=17 (full 4):
 PSYoungGen      total 388096K, used 15771K [0x00000000d5b80000, 0x00000000f6c80000, 0x0000000100000000)
  eden space 365568K, 0% used [0x00000000d5b80000,0x00000000d5b80000,0x00000000ec080000)
  from space 22528K, 70% used [0x00000000ec080000,0x00000000ecfe6ed0,0x00000000ed680000)
  to   space 23040K, 0% used [0x00000000f5600000,0x00000000f5600000,0x00000000f6c80000)
 ParOldGen       total 156160K, used 50124K [0x0000000081200000, 0x000000008aa80000, 0x00000000d5b80000)
  object space 156160K, 32% used [0x0000000081200000,0x00000000842f31e8,0x000000008aa80000)
 Metaspace       used 55795K, capacity 59498K, committed 59736K, reserved 1101824K
  class space    used 7634K, capacity 8310K, committed 8320K, reserved 1048576K
}

