# JRE version: Java(TM) SE Runtime Environment (8.0_201-b09) (build 1.8.0_201-b09)
# Java VM: Java HotSpot(TM) 64-Bit Server VM (25.201-b09 mixed mode windows-amd64 compressed oops)
Heap:
 PSYoungGen      total 339968K, used 105027K [0x00000000d5b80000, 0x00000000ef100000, 0x0000000100000000)
  eden space 322048K, 29% used [0x00000000d5b80000,0x00000000db970de8,0x00000000e9600000)
  from space 17920K, 49% used [0x00000000e9600000,0x00000000e9e9fe38,0x00000000ea780000)
  to   space 17408K, 0% used [0x00000000ee000000,0x00000000ee000000,0x00000000ef100000)
 ParOldGen       total 77312K, used 34056K [0x0000000081200000, 0x0000000085d80000, 0x00000000d5b80000)
  object space 77312K, 44% used [0x0000000081200000,0x00000000833423d0,0x0000000085d80000)
 Metaspace       used 54460K, capacity 58060K, committed 58368K, reserved 1099776K
  class space    used 7443K, capacity 8100K, committed 8192K, reserved 1048576K
GC Heap History (10 events):
Event: 5.033 GC heap before
{Heap before GC invocations=9 (full 1):
 PSYoungGen      total 142848K, used 142844K [0x00000000d5b80000, 0x00000000e5580000, 0x0000000100000000)
  eden space 132608K, 100% used [0x00000000d5b80000,0x00000000ddd00000,0x00000000ddd00000)
  from space 10240K, 99% used [0x00000000ddd00000,0x00000000de6ff158,0x00000000de700000)
  to   space 12288K, 0% used [0x00000000e4980000,0x00000000e4980000,0x00000000e5580000)
 ParOldGen       total 54272K, used 9980K [0x0000000081200000, 0x0000000084700000, 0x00000000d5b80000)
  object space 54272K, 18% used [0x0000000081200000,0x0000000081bbf0d8,0x0000000084700000)
 Metaspace       used 31406K, capacity 33482K, committed 33664K, reserved 1079296K
  class space    used 4321K, capacity 4709K, committed 4736K, reserved 1048576K
Event: 5.044 GC heap after
Heap after GC invocations=9 (full 1):
 PSYoungGen      total 239616K, used 12284K [0x00000000d5b80000, 0x00000000e5580000, 0x0000000100000000)
  eden space 227328K, 0% used [0x00000000d5b80000,0x00000000d5b80000,0x00000000e3980000)
  from space 12288K, 99% used [0x00000000e4980000,0x00000000e557f138,0x00000000e5580000)
  to   space 13824K, 0% used [0x00000000e3a80000,0x00000000e3a80000,0x00000000e4800000)
 ParOldGen       total 54272K, used 10175K [0x0000000081200000, 0x0000000084700000, 0x00000000d5b80000)
  object space 54272K, 18% used [0x0000000081200000,0x0000000081befd20,0x0000000084700000)
 Metaspace       used 31406K, capacity 33482K, committed 33664K, reserved 1079296K
  class space    used 4321K, capacity 4709K, committed 4736K, reserved 1048576K
}
Event: 5.182 GC heap before
{Heap before GC invocations=10 (full 1):
 PSYoungGen      total 239616K, used 39041K [0x00000000d5b80000, 0x00000000e5580000, 0x0000000100000000)
  eden space 227328K, 11% used [0x00000000d5b80000,0x00000000d75a15d8,0x00000000e3980000)
  from space 12288K, 99% used [0x00000000e4980000,0x00000000e557f138,0x00000000e5580000)
  to   space 13824K, 0% used [0x00000000e3a80000,0x00000000e3a80000,0x00000000e4800000)
 ParOldGen       total 54272K, used 10175K [0x0000000081200000, 0x0000000084700000, 0x00000000d5b80000)
  object space 54272K, 18% used [0x0000000081200000,0x0000000081befd20,0x0000000084700000)
 Metaspace       used 33247K, capacity 35360K, committed 35416K, reserved 1079296K
  class space    used 4573K, capacity 4964K, committed 4992K, reserved 1048576K
Event: 5.188 GC heap after
Heap after GC invocations=10 (full 1):
 PSYoungGen      total 242176K, used 9358K [0x00000000d5b80000, 0x00000000eb900000, 0x0000000100000000)
  eden space 228352K, 0% used [0x00000000d5b80000,0x00000000d5b80000,0x00000000e3a80000)
  from space 13824K, 67% used [0x00000000e3a80000,0x00000000e43a3858,0x00000000e4800000)
  to   space 13824K, 0% used [0x00000000eab80000,0x00000000eab80000,0x00000000eb900000)
 ParOldGen       total 54272K, used 10183K [0x0000000081200000, 0x0000000084700000, 0x00000000d5b80000)
  object space 54272K, 18% used [0x0000000081200000,0x0000000081bf1d20,0x0000000084700000)
 Metaspace       used 33247K, capacity 35360K, committed 35416K, reserved 1079296K
  class space    used 4573K, capacity 4964K, committed 4992K, reserved 1048576K
}
Event: 5.189 GC heap before
{Heap before GC invocations=11 (full 2):
 PSYoungGen      total 242176K, used 9358K [0x00000000d5b80000, 0x00000000eb900000, 0x0000000100000000)
  eden space 228352K, 0% used [0x00000000d5b80000,0x00000000d5b80000,0x00000000e3a80000)
  from space 13824K, 67% used [0x00000000e3a80000,0x00000000e43a3858,0x00000000e4800000)
  to   space 13824K, 0% used [0x00000000eab80000,0x00000000eab80000,0x00000000eb900000)
 ParOldGen       total 54272K, used 10183K [0x0000000081200000, 0x0000000084700000, 0x00000000d5b80000)
  object space 54272K, 18% used [0x0000000081200000,0x0000000081bf1d20,0x0000000084700000)
 Metaspace       used 33247K, capacity 35360K, committed 35416K, reserved 1079296K
  class space    used 4573K, capacity 4964K, committed 4992K, reserved 1048576K
Event: 5.249 GC heap after
Heap after GC invocations=11 (full 2):
 PSYoungGen      total 242176K, used 0K [0x00000000d5b80000, 0x00000000eb900000, 0x0000000100000000)
  eden space 228352K, 0% used [0x00000000d5b80000,0x00000000d5b80000,0x00000000e3a80000)
  from space 13824K, 0% used [0x00000000e3a80000,0x00000000e3a80000,0x00000000e4800000)
  to   space 13824K, 0% used [0x00000000eab80000,0x00000000eab80000,0x00000000eb900000)
 ParOldGen       total 77312K, used 15245K [0x0000000081200000, 0x0000000085d80000, 0x00000000d5b80000)
  object space 77312K, 19% used [0x0000000081200000,0x00000000820e35c8,0x0000000085d80000)
 Metaspace       used 33247K, capacity 35360K, committed 35416K, reserved 1079296K
  class space    used 4573K, capacity 4964K, committed 4992K, reserved 1048576K
}
Event: 10.103 GC heap before
{Heap before GC invocations=12 (full 2):
 PSYoungGen      total 242176K, used 228352K [0x00000000d5b80000, 0x00000000eb900000, 0x0000000100000000)
  eden space 228352K, 100% used [0x00000000d5b80000,0x00000000e3a80000,0x00000000e3a80000)
  from space 13824K, 0% used [0x00000000e3a80000,0x00000000e3a80000,0x00000000e4800000)
  to   space 13824K, 0% used [0x00000000eab80000,0x00000000eab80000,0x00000000eb900000)
 ParOldGen       total 77312K, used 15245K [0x0000000081200000, 0x0000000085d80000, 0x00000000d5b80000)
  object space 77312K, 19% used [0x0000000081200000,0x00000000820e35c8,0x0000000085d80000)
 Metaspace       used 47626K, capacity 50892K, committed 51072K, reserved 1093632K
  class space    used 6611K, capacity 7218K, committed 7296K, reserved 1048576K
Event: 10.119 GC heap after
Heap after GC invocations=12 (full 2):
 PSYoungGen      total 313344K, used 13814K [0x00000000d5b80000, 0x00000000eb900000, 0x0000000100000000)
  eden space 299520K, 0% used [0x00000000d5b80000,0x00000000d5b80000,0x00000000e8000000)
  from space 13824K, 99% used [0x00000000eab80000,0x00000000eb8fda88,0x00000000eb900000)
  to   space 17920K, 0% used [0x00000000e9600000,0x00000000e9600000,0x00000000ea780000)
 ParOldGen       total 77312K, used 22716K [0x0000000081200000, 0x0000000085d80000, 0x00000000d5b80000)
  object space 77312K, 29% used [0x0000000081200000,0x000000008282f3f0,0x0000000085d80000)
 Metaspace       used 47626K, capacity 50892K, committed 51072K, reserved 1093632K
  class space    used 6611K, capacity 7218K, committed 7296K, reserved 1048576K
}
Event: 26.064 GC heap before
{Heap before GC invocations=13 (full 2):
 PSYoungGen      total 313344K, used 313334K [0x00000000d5b80000, 0x00000000eb900000, 0x0000000100000000)
  eden space 299520K, 100% used [0x00000000d5b80000,0x00000000e8000000,0x00000000e8000000)
  from space 13824K, 99% used [0x00000000eab80000,0x00000000eb8fda88,0x00000000eb900000)
  to   space 17920K, 0% used [0x00000000e9600000,0x00000000e9600000,0x00000000ea780000)
 ParOldGen       total 77312K, used 22716K [0x0000000081200000, 0x0000000085d80000, 0x00000000d5b80000)
  object space 77312K, 29% used [0x0000000081200000,0x000000008282f3f0,0x0000000085d80000)
 Metaspace       used 54431K, capacity 58044K, committed 58368K, reserved 1099776K
  class space    used 7436K, capacity 8096K, committed 8192K, reserved 1048576K
Event: 26.080 GC heap after
Heap after GC invocations=13 (full 2):
 PSYoungGen      total 339968K, used 8831K [0x00000000d5b80000, 0x00000000ef100000, 0x0000000100000000)
  eden space 322048K, 0% used [0x00000000d5b80000,0x00000000d5b80000,0x00000000e9600000)
  from space 17920K, 49% used [0x00000000e9600000,0x00000000e9e9fe38,0x00000000ea780000)
  to   space 17408K, 0% used [0x00000000ee000000,0x00000000ee000000,0x00000000ef100000)
 ParOldGen       total 77312K, used 34056K [0x0000000081200000, 0x0000000085d80000, 0x00000000d5b80000)
  object space 77312K, 44% used [0x0000000081200000,0x00000000833423d0,0x0000000085d80000)
 Metaspace       used 54431K, capacity 58044K, committed 58368K, reserved 1099776K
  class space    used 7436K, capacity 8096K, committed 8192K, reserved 1048576K
}

