# JRE version: Java(TM) SE Runtime Environment (8.0_201-b09) (build 1.8.0_201-b09)
# Java VM: Java HotSpot(TM) 64-Bit Server VM (25.201-b09 mixed mode windows-amd64 compressed oops)
Heap:
 PSYoungGen      total 413696K, used 166535K [0x00000000d5b80000, 0x00000000f8e00000, 0x0000000100000000)
  eden space 387584K, 42% used [0x00000000d5b80000,0x00000000dfc7ffb8,0x00000000ed600000)
  from space 26112K, 6% used [0x00000000ed600000,0x00000000ed7a1fb0,0x00000000eef80000)
  to   space 26624K, 0% used [0x00000000f7400000,0x00000000f7400000,0x00000000f8e00000)
 ParOldGen       total 101888K, used 79476K [0x0000000081200000, 0x0000000087580000, 0x00000000d5b80000)
  object space 101888K, 78% used [0x0000000081200000,0x0000000085f9d190,0x0000000087580000)
 Metaspace       used 55780K, capacity 59460K, committed 59736K, reserved 1101824K
  class space    used 7629K, capacity 8277K, committed 8320K, reserved 1048576K
GC Heap History (10 events):
Event: 6.448 GC heap before
{Heap before GC invocations=12 (full 2):
 PSYoungGen      total 208896K, used 196096K [0x00000000d5b80000, 0x00000000e9a00000, 0x0000000100000000)
  eden space 196096K, 100% used [0x00000000d5b80000,0x00000000e1b00000,0x00000000e1b00000)
  from space 12800K, 0% used [0x00000000e1b00000,0x00000000e1b00000,0x00000000e2780000)
  to   space 12800K, 0% used [0x00000000e8d80000,0x00000000e8d80000,0x00000000e9a00000)
 ParOldGen       total 70144K, used 14022K [0x0000000081200000, 0x0000000085680000, 0x00000000d5b80000)
  object space 70144K, 19% used [0x0000000081200000,0x0000000081fb1b48,0x0000000085680000)
 Metaspace       used 44728K, capacity 47558K, committed 47704K, reserved 1089536K
  class space    used 6169K, capacity 6676K, committed 6784K, reserved 1048576K
Event: 6.460 GC heap after
Heap after GC invocations=12 (full 2):
 PSYoungGen      total 294912K, used 12798K [0x00000000d5b80000, 0x00000000e9a00000, 0x0000000100000000)
  eden space 282112K, 0% used [0x00000000d5b80000,0x00000000d5b80000,0x00000000e6f00000)
  from space 12800K, 99% used [0x00000000e8d80000,0x00000000e99ffb40,0x00000000e9a00000)
  to   space 15872K, 0% used [0x00000000e7b00000,0x00000000e7b00000,0x00000000e8a80000)
 ParOldGen       total 70144K, used 18711K [0x0000000081200000, 0x0000000085680000, 0x00000000d5b80000)
  object space 70144K, 26% used [0x0000000081200000,0x0000000082445c28,0x0000000085680000)
 Metaspace       used 44728K, capacity 47558K, committed 47704K, reserved 1089536K
  class space    used 6169K, capacity 6676K, committed 6784K, reserved 1048576K
}
Event: 16.295 GC heap before
{Heap before GC invocations=13 (full 2):
 PSYoungGen      total 294912K, used 166777K [0x00000000d5b80000, 0x00000000e9a00000, 0x0000000100000000)
  eden space 282112K, 54% used [0x00000000d5b80000,0x00000000df1deb58,0x00000000e6f00000)
  from space 12800K, 99% used [0x00000000e8d80000,0x00000000e99ffb40,0x00000000e9a00000)
  to   space 15872K, 0% used [0x00000000e7b00000,0x00000000e7b00000,0x00000000e8a80000)
 ParOldGen       total 70144K, used 18711K [0x0000000081200000, 0x0000000085680000, 0x00000000d5b80000)
  object space 70144K, 26% used [0x0000000081200000,0x0000000082445c28,0x0000000085680000)
 Metaspace       used 55141K, capacity 58792K, committed 58968K, reserved 1099776K
  class space    used 7528K, capacity 8193K, committed 8320K, reserved 1048576K
Event: 16.311 GC heap after
Heap after GC invocations=13 (full 2):
 PSYoungGen      total 310272K, used 15067K [0x00000000d5b80000, 0x00000000f0080000, 0x0000000100000000)
  eden space 294400K, 0% used [0x00000000d5b80000,0x00000000d5b80000,0x00000000e7b00000)
  from space 15872K, 94% used [0x00000000e7b00000,0x00000000e89b6c48,0x00000000e8a80000)
  to   space 17408K, 0% used [0x00000000eef80000,0x00000000eef80000,0x00000000f0080000)
 ParOldGen       total 70144K, used 27047K [0x0000000081200000, 0x0000000085680000, 0x00000000d5b80000)
  object space 70144K, 38% used [0x0000000081200000,0x0000000082c69cd0,0x0000000085680000)
 Metaspace       used 55141K, capacity 58792K, committed 58968K, reserved 1099776K
  class space    used 7528K, capacity 8193K, committed 8320K, reserved 1048576K
}
Event: 16.311 GC heap before
{Heap before GC invocations=14 (full 3):
 PSYoungGen      total 310272K, used 15067K [0x00000000d5b80000, 0x00000000f0080000, 0x0000000100000000)
  eden space 294400K, 0% used [0x00000000d5b80000,0x00000000d5b80000,0x00000000e7b00000)
  from space 15872K, 94% used [0x00000000e7b00000,0x00000000e89b6c48,0x00000000e8a80000)
  to   space 17408K, 0% used [0x00000000eef80000,0x00000000eef80000,0x00000000f0080000)
 ParOldGen       total 70144K, used 27047K [0x0000000081200000, 0x0000000085680000, 0x00000000d5b80000)
  object space 70144K, 38% used [0x0000000081200000,0x0000000082c69cd0,0x0000000085680000)
 Metaspace       used 55141K, capacity 58792K, committed 58968K, reserved 1099776K
  class space    used 7528K, capacity 8193K, committed 8320K, reserved 1048576K
Event: 16.438 GC heap after
Heap after GC invocations=14 (full 3):
 PSYoungGen      total 310272K, used 0K [0x00000000d5b80000, 0x00000000f0080000, 0x0000000100000000)
  eden space 294400K, 0% used [0x00000000d5b80000,0x00000000d5b80000,0x00000000e7b00000)
  from space 15872K, 0% used [0x00000000e7b00000,0x00000000e7b00000,0x00000000e8a80000)
  to   space 17408K, 0% used [0x00000000eef80000,0x00000000eef80000,0x00000000f0080000)
 ParOldGen       total 101888K, used 33184K [0x0000000081200000, 0x0000000087580000, 0x00000000d5b80000)
  object space 101888K, 32% used [0x0000000081200000,0x00000000832682e8,0x0000000087580000)
 Metaspace       used 55141K, capacity 58792K, committed 58968K, reserved 1099776K
  class space    used 7528K, capacity 8193K, committed 8320K, reserved 1048576K
}
Event: 43.258 GC heap before
{Heap before GC invocations=15 (full 3):
 PSYoungGen      total 310272K, used 294400K [0x00000000d5b80000, 0x00000000f0080000, 0x0000000100000000)
  eden space 294400K, 100% used [0x00000000d5b80000,0x00000000e7b00000,0x00000000e7b00000)
  from space 15872K, 0% used [0x00000000e7b00000,0x00000000e7b00000,0x00000000e8a80000)
  to   space 17408K, 0% used [0x00000000eef80000,0x00000000eef80000,0x00000000f0080000)
 ParOldGen       total 101888K, used 33184K [0x0000000081200000, 0x0000000087580000, 0x00000000d5b80000)
  object space 101888K, 32% used [0x0000000081200000,0x00000000832682e8,0x0000000087580000)
 Metaspace       used 55546K, capacity 59262K, committed 59480K, reserved 1099776K
  class space    used 7591K, capacity 8238K, committed 8320K, reserved 1048576K
Event: 43.273 GC heap after
Heap after GC invocations=15 (full 3):
 PSYoungGen      total 404992K, used 17405K [0x00000000d5b80000, 0x00000000f1d80000, 0x0000000100000000)
  eden space 387584K, 0% used [0x00000000d5b80000,0x00000000d5b80000,0x00000000ed600000)
  from space 17408K, 99% used [0x00000000eef80000,0x00000000f007f4f8,0x00000000f0080000)
  to   space 26112K, 0% used [0x00000000ed600000,0x00000000ed600000,0x00000000eef80000)
 ParOldGen       total 101888K, used 50709K [0x0000000081200000, 0x0000000087580000, 0x00000000d5b80000)
  object space 101888K, 49% used [0x0000000081200000,0x00000000843857c8,0x0000000087580000)
 Metaspace       used 55546K, capacity 59262K, committed 59480K, reserved 1099776K
  class space    used 7591K, capacity 8238K, committed 8320K, reserved 1048576K
}
Event: 55.562 GC heap before
{Heap before GC invocations=16 (full 3):
 PSYoungGen      total 404992K, used 404989K [0x00000000d5b80000, 0x00000000f1d80000, 0x0000000100000000)
  eden space 387584K, 100% used [0x00000000d5b80000,0x00000000ed600000,0x00000000ed600000)
  from space 17408K, 99% used [0x00000000eef80000,0x00000000f007f4f8,0x00000000f0080000)
  to   space 26112K, 0% used [0x00000000ed600000,0x00000000ed600000,0x00000000eef80000)
 ParOldGen       total 101888K, used 50709K [0x0000000081200000, 0x0000000087580000, 0x00000000d5b80000)
  object space 101888K, 49% used [0x0000000081200000,0x00000000843857c8,0x0000000087580000)
 Metaspace       used 55769K, capacity 59460K, committed 59736K, reserved 1101824K
  class space    used 7629K, capacity 8277K, committed 8320K, reserved 1048576K
Event: 55.578 GC heap after
Heap after GC invocations=16 (full 3):
 PSYoungGen      total 413696K, used 1671K [0x00000000d5b80000, 0x00000000f8e00000, 0x0000000100000000)
  eden space 387584K, 0% used [0x00000000d5b80000,0x00000000d5b80000,0x00000000ed600000)
  from space 26112K, 6% used [0x00000000ed600000,0x00000000ed7a1fb0,0x00000000eef80000)
  to   space 26624K, 0% used [0x00000000f7400000,0x00000000f7400000,0x00000000f8e00000)
 ParOldGen       total 101888K, used 79476K [0x0000000081200000, 0x0000000087580000, 0x00000000d5b80000)
  object space 101888K, 78% used [0x0000000081200000,0x0000000085f9d190,0x0000000087580000)
 Metaspace       used 55769K, capacity 59460K, committed 59736K, reserved 1101824K
  class space    used 7629K, capacity 8277K, committed 8320K, reserved 1048576K
}

