# JRE version: Java(TM) SE Runtime Environment (8.0_201-b09) (build 1.8.0_201-b09)
# Java VM: Java HotSpot(TM) 64-Bit Server VM (25.201-b09 mixed mode windows-amd64 compressed oops)
Heap:
 PSYoungGen      total 350720K, used 54291K [0x00000000d5580000, 0x00000000ec580000, 0x0000000100000000)
  eden space 327680K, 11% used [0x00000000d5580000,0x00000000d7a3d068,0x00000000e9580000)
  from space 23040K, 72% used [0x00000000ead00000,0x00000000ebd47bb0,0x00000000ec380000)
  to   space 24064K, 0% used [0x00000000e9580000,0x00000000e9580000,0x00000000ead00000)
 ParOldGen       total 87552K, used 40423K [0x0000000080000000, 0x0000000085580000, 0x00000000d5580000)
  object space 87552K, 46% used [0x0000000080000000,0x0000000082779e00,0x0000000085580000)
 Metaspace       used 53301K, capacity 56854K, committed 57088K, reserved 1097728K
  class space    used 7293K, capacity 7935K, committed 7936K, reserved 1048576K
GC Heap History (10 events):
Event: 9.515 GC heap before
{Heap before GC invocations=8 (full 0):
 PSYoungGen      total 74240K, used 74228K [0x00000000d5580000, 0x00000000de880000, 0x0000000100000000)
  eden space 65024K, 100% used [0x00000000d5580000,0x00000000d9500000,0x00000000d9500000)
  from space 9216K, 99% used [0x00000000d9500000,0x00000000d9dfd218,0x00000000d9e00000)
  to   space 10240K, 0% used [0x00000000dde80000,0x00000000dde80000,0x00000000de880000)
 ParOldGen       total 87552K, used 7883K [0x0000000080000000, 0x0000000085580000, 0x00000000d5580000)
  object space 87552K, 9% used [0x0000000080000000,0x00000000807b2cb0,0x0000000085580000)
 Metaspace       used 23568K, capacity 24784K, committed 25088K, reserved 1071104K
  class space    used 3211K, capacity 3492K, committed 3584K, reserved 1048576K
Event: 9.580 GC heap after
Heap after GC invocations=8 (full 0):
 PSYoungGen      total 140288K, used 7983K [0x00000000d5580000, 0x00000000de880000, 0x0000000100000000)
  eden space 130048K, 0% used [0x00000000d5580000,0x00000000d5580000,0x00000000dd480000)
  from space 10240K, 77% used [0x00000000dde80000,0x00000000de64bcc0,0x00000000de880000)
  to   space 10240K, 0% used [0x00000000dd480000,0x00000000dd480000,0x00000000dde80000)
 ParOldGen       total 87552K, used 9271K [0x0000000080000000, 0x0000000085580000, 0x00000000d5580000)
  object space 87552K, 10% used [0x0000000080000000,0x000000008090de18,0x0000000085580000)
 Metaspace       used 23568K, capacity 24784K, committed 25088K, reserved 1071104K
  class space    used 3211K, capacity 3492K, committed 3584K, reserved 1048576K
}
Event: 12.354 GC heap before
{Heap before GC invocations=9 (full 0):
 PSYoungGen      total 140288K, used 138031K [0x00000000d5580000, 0x00000000de880000, 0x0000000100000000)
  eden space 130048K, 100% used [0x00000000d5580000,0x00000000dd480000,0x00000000dd480000)
  from space 10240K, 77% used [0x00000000dde80000,0x00000000de64bcc0,0x00000000de880000)
  to   space 10240K, 0% used [0x00000000dd480000,0x00000000dd480000,0x00000000dde80000)
 ParOldGen       total 87552K, used 9271K [0x0000000080000000, 0x0000000085580000, 0x00000000d5580000)
  object space 87552K, 10% used [0x0000000080000000,0x000000008090de18,0x0000000085580000)
 Metaspace       used 30479K, capacity 32388K, committed 32512K, reserved 1077248K
  class space    used 4183K, capacity 4550K, committed 4608K, reserved 1048576K
Event: 12.365 GC heap after
Heap after GC invocations=9 (full 0):
 PSYoungGen      total 140288K, used 10223K [0x00000000d5580000, 0x00000000e3b00000, 0x0000000100000000)
  eden space 130048K, 0% used [0x00000000d5580000,0x00000000d5580000,0x00000000dd480000)
  from space 10240K, 99% used [0x00000000dd480000,0x00000000dde7bd68,0x00000000dde80000)
  to   space 13312K, 0% used [0x00000000e2e00000,0x00000000e2e00000,0x00000000e3b00000)
 ParOldGen       total 87552K, used 13870K [0x0000000080000000, 0x0000000085580000, 0x00000000d5580000)
  object space 87552K, 15% used [0x0000000080000000,0x0000000080d8b9d8,0x0000000085580000)
 Metaspace       used 30479K, capacity 32388K, committed 32512K, reserved 1077248K
  class space    used 4183K, capacity 4550K, committed 4608K, reserved 1048576K
}
Event: 15.104 GC heap before
{Heap before GC invocations=10 (full 0):
 PSYoungGen      total 140288K, used 140271K [0x00000000d5580000, 0x00000000e3b00000, 0x0000000100000000)
  eden space 130048K, 100% used [0x00000000d5580000,0x00000000dd480000,0x00000000dd480000)
  from space 10240K, 99% used [0x00000000dd480000,0x00000000dde7bd68,0x00000000dde80000)
  to   space 13312K, 0% used [0x00000000e2e00000,0x00000000e2e00000,0x00000000e3b00000)
 ParOldGen       total 87552K, used 13870K [0x0000000080000000, 0x0000000085580000, 0x00000000d5580000)
  object space 87552K, 15% used [0x0000000080000000,0x0000000080d8b9d8,0x0000000085580000)
 Metaspace       used 37767K, capacity 40332K, committed 40576K, reserved 1083392K
  class space    used 5187K, capacity 5636K, committed 5760K, reserved 1048576K
Event: 15.131 GC heap after
Heap after GC invocations=10 (full 0):
 PSYoungGen      total 218624K, used 13281K [0x00000000d5580000, 0x00000000e4100000, 0x0000000100000000)
  eden space 205312K, 0% used [0x00000000d5580000,0x00000000d5580000,0x00000000e1e00000)
  from space 13312K, 99% used [0x00000000e2e00000,0x00000000e3af85b8,0x00000000e3b00000)
  to   space 16384K, 0% used [0x00000000e1e00000,0x00000000e1e00000,0x00000000e2e00000)
 ParOldGen       total 87552K, used 18276K [0x0000000080000000, 0x0000000085580000, 0x00000000d5580000)
  object space 87552K, 20% used [0x0000000080000000,0x00000000811d9200,0x0000000085580000)
 Metaspace       used 37767K, capacity 40332K, committed 40576K, reserved 1083392K
  class space    used 5187K, capacity 5636K, committed 5760K, reserved 1048576K
}
Event: 114.835 GC heap before
{Heap before GC invocations=11 (full 0):
 PSYoungGen      total 218624K, used 218593K [0x00000000d5580000, 0x00000000e4100000, 0x0000000100000000)
  eden space 205312K, 100% used [0x00000000d5580000,0x00000000e1e00000,0x00000000e1e00000)
  from space 13312K, 99% used [0x00000000e2e00000,0x00000000e3af85b8,0x00000000e3b00000)
  to   space 16384K, 0% used [0x00000000e1e00000,0x00000000e1e00000,0x00000000e2e00000)
 ParOldGen       total 87552K, used 18276K [0x0000000080000000, 0x0000000085580000, 0x00000000d5580000)
  object space 87552K, 20% used [0x0000000080000000,0x00000000811d9200,0x0000000085580000)
 Metaspace       used 52237K, capacity 55774K, committed 55936K, reserved 1097728K
  class space    used 7167K, capacity 7795K, committed 7808K, reserved 1048576K
Event: 114.853 GC heap after
Heap after GC invocations=11 (full 0):
 PSYoungGen      total 221696K, used 16363K [0x00000000d5580000, 0x00000000ec380000, 0x0000000100000000)
  eden space 205312K, 0% used [0x00000000d5580000,0x00000000d5580000,0x00000000e1e00000)
  from space 16384K, 99% used [0x00000000e1e00000,0x00000000e2dfad90,0x00000000e2e00000)
  to   space 23040K, 0% used [0x00000000ead00000,0x00000000ead00000,0x00000000ec380000)
 ParOldGen       total 87552K, used 30117K [0x0000000080000000, 0x0000000085580000, 0x00000000d5580000)
  object space 87552K, 34% used [0x0000000080000000,0x0000000081d696b0,0x0000000085580000)
 Metaspace       used 52237K, capacity 55774K, committed 55936K, reserved 1097728K
  class space    used 7167K, capacity 7795K, committed 7808K, reserved 1048576K
}
Event: 164.693 GC heap before
{Heap before GC invocations=12 (full 0):
 PSYoungGen      total 221696K, used 221535K [0x00000000d5580000, 0x00000000ec380000, 0x0000000100000000)
  eden space 205312K, 99% used [0x00000000d5580000,0x00000000e1ddd068,0x00000000e1e00000)
  from space 16384K, 99% used [0x00000000e1e00000,0x00000000e2dfad90,0x00000000e2e00000)
  to   space 23040K, 0% used [0x00000000ead00000,0x00000000ead00000,0x00000000ec380000)
 ParOldGen       total 87552K, used 30117K [0x0000000080000000, 0x0000000085580000, 0x00000000d5580000)
  object space 87552K, 34% used [0x0000000080000000,0x0000000081d696b0,0x0000000085580000)
 Metaspace       used 53301K, capacity 56854K, committed 57088K, reserved 1097728K
  class space    used 7293K, capacity 7935K, committed 7936K, reserved 1048576K
Event: 164.703 GC heap after
Heap after GC invocations=12 (full 0):
 PSYoungGen      total 350720K, used 16670K [0x00000000d5580000, 0x00000000ec580000, 0x0000000100000000)
  eden space 327680K, 0% used [0x00000000d5580000,0x00000000d5580000,0x00000000e9580000)
  from space 23040K, 72% used [0x00000000ead00000,0x00000000ebd47bb0,0x00000000ec380000)
  to   space 24064K, 0% used [0x00000000e9580000,0x00000000e9580000,0x00000000ead00000)
 ParOldGen       total 87552K, used 40423K [0x0000000080000000, 0x0000000085580000, 0x00000000d5580000)
  object space 87552K, 46% used [0x0000000080000000,0x0000000082779e00,0x0000000085580000)
 Metaspace       used 53301K, capacity 56854K, committed 57088K, reserved 1097728K
  class space    used 7293K, capacity 7935K, committed 7936K, reserved 1048576K
}

