# JRE version: Java(TM) SE Runtime Environment (8.0_201-b09) (build 1.8.0_201-b09)
# Java VM: Java HotSpot(TM) 64-Bit Server VM (25.201-b09 mixed mode windows-amd64 compressed oops)
Heap:
 PSYoungGen      total 496128K, used 429022K [0x00000000d5b80000, 0x00000000fb480000, 0x0000000100000000)
  eden space 473600K, 90% used [0x00000000d5b80000,0x00000000efe77868,0x00000000f2a00000)
  from space 22528K, 0% used [0x00000000f2a00000,0x00000000f2a00000,0x00000000f4000000)
  to   space 21504K, 0% used [0x00000000f9f80000,0x00000000f9f80000,0x00000000fb480000)
 ParOldGen       total 123392K, used 39975K [0x0000000081200000, 0x0000000088a80000, 0x00000000d5b80000)
  object space 123392K, 32% used [0x0000000081200000,0x0000000083909c80,0x0000000088a80000)
 Metaspace       used 55967K, capacity 59716K, committed 59992K, reserved 1101824K
  class space    used 7633K, capacity 8277K, committed 8320K, reserved 1048576K
GC Heap History (10 events):
Event: 141.333 GC heap before
{Heap before GC invocations=14 (full 2):
 PSYoungGen      total 299008K, used 298983K [0x00000000d5b80000, 0x00000000ef480000, 0x0000000100000000)
  eden space 283136K, 100% used [0x00000000d5b80000,0x00000000e7000000,0x00000000e7000000)
  from space 15872K, 99% used [0x00000000e7000000,0x00000000e7f79cc0,0x00000000e7f80000)
  to   space 22528K, 0% used [0x00000000ede80000,0x00000000ede80000,0x00000000ef480000)
 ParOldGen       total 72192K, used 32092K [0x0000000081200000, 0x0000000085880000, 0x00000000d5b80000)
  object space 72192K, 44% used [0x0000000081200000,0x00000000831573f0,0x0000000085880000)
 Metaspace       used 50945K, capacity 54470K, committed 54616K, reserved 1095680K
  class space    used 7045K, capacity 7690K, committed 7808K, reserved 1048576K
Event: 141.339 GC heap after
Heap after GC invocations=14 (full 2):
 PSYoungGen      total 395776K, used 757K [0x00000000d5b80000, 0x00000000efb00000, 0x0000000100000000)
  eden space 373248K, 0% used [0x00000000d5b80000,0x00000000d5b80000,0x00000000ec800000)
  from space 22528K, 3% used [0x00000000ede80000,0x00000000edf3d568,0x00000000ef480000)
  to   space 23040K, 0% used [0x00000000ec800000,0x00000000ec800000,0x00000000ede80000)
 ParOldGen       total 72192K, used 44806K [0x0000000081200000, 0x0000000085880000, 0x00000000d5b80000)
  object space 72192K, 62% used [0x0000000081200000,0x0000000083dc1a60,0x0000000085880000)
 Metaspace       used 50945K, capacity 54470K, committed 54616K, reserved 1095680K
  class space    used 7045K, capacity 7690K, committed 7808K, reserved 1048576K
}
Event: 146.569 GC heap before
{Heap before GC invocations=15 (full 2):
 PSYoungGen      total 395776K, used 374005K [0x00000000d5b80000, 0x00000000efb00000, 0x0000000100000000)
  eden space 373248K, 100% used [0x00000000d5b80000,0x00000000ec800000,0x00000000ec800000)
  from space 22528K, 3% used [0x00000000ede80000,0x00000000edf3d568,0x00000000ef480000)
  to   space 23040K, 0% used [0x00000000ec800000,0x00000000ec800000,0x00000000ede80000)
 ParOldGen       total 72192K, used 44806K [0x0000000081200000, 0x0000000085880000, 0x00000000d5b80000)
  object space 72192K, 62% used [0x0000000081200000,0x0000000083dc1a60,0x0000000085880000)
 Metaspace       used 50968K, capacity 54534K, committed 54872K, reserved 1095680K
  class space    used 7046K, capacity 7690K, committed 7808K, reserved 1048576K
Event: 146.576 GC heap after
Heap after GC invocations=15 (full 2):
 PSYoungGen      total 396288K, used 363K [0x00000000d5b80000, 0x00000000f6380000, 0x0000000100000000)
  eden space 373248K, 0% used [0x00000000d5b80000,0x00000000d5b80000,0x00000000ec800000)
  from space 23040K, 1% used [0x00000000ec800000,0x00000000ec85ae98,0x00000000ede80000)
  to   space 23552K, 0% used [0x00000000f4c80000,0x00000000f4c80000,0x00000000f6380000)
 ParOldGen       total 72192K, used 44838K [0x0000000081200000, 0x0000000085880000, 0x00000000d5b80000)
  object space 72192K, 62% used [0x0000000081200000,0x0000000083dc9a60,0x0000000085880000)
 Metaspace       used 50968K, capacity 54534K, committed 54872K, reserved 1095680K
  class space    used 7046K, capacity 7690K, committed 7808K, reserved 1048576K
}
Event: 152.092 GC heap before
{Heap before GC invocations=16 (full 2):
 PSYoungGen      total 396288K, used 373611K [0x00000000d5b80000, 0x00000000f6380000, 0x0000000100000000)
  eden space 373248K, 100% used [0x00000000d5b80000,0x00000000ec800000,0x00000000ec800000)
  from space 23040K, 1% used [0x00000000ec800000,0x00000000ec85ae98,0x00000000ede80000)
  to   space 23552K, 0% used [0x00000000f4c80000,0x00000000f4c80000,0x00000000f6380000)
 ParOldGen       total 72192K, used 44838K [0x0000000081200000, 0x0000000085880000, 0x00000000d5b80000)
  object space 72192K, 62% used [0x0000000081200000,0x0000000083dc9a60,0x0000000085880000)
 Metaspace       used 50995K, capacity 54534K, committed 54872K, reserved 1095680K
  class space    used 7046K, capacity 7690K, committed 7808K, reserved 1048576K
Event: 152.095 GC heap after
Heap after GC invocations=16 (full 2):
 PSYoungGen      total 479232K, used 9526K [0x00000000d5b80000, 0x00000000f5600000, 0x0000000100000000)
  eden space 469504K, 0% used [0x00000000d5b80000,0x00000000d5b80000,0x00000000f2600000)
  from space 9728K, 97% used [0x00000000f4c80000,0x00000000f55cda78,0x00000000f5600000)
  to   space 22528K, 0% used [0x00000000f2a00000,0x00000000f2a00000,0x00000000f4000000)
 ParOldGen       total 72192K, used 44878K [0x0000000081200000, 0x0000000085880000, 0x00000000d5b80000)
  object space 72192K, 62% used [0x0000000081200000,0x0000000083dd3a60,0x0000000085880000)
 Metaspace       used 50995K, capacity 54534K, committed 54872K, reserved 1095680K
  class space    used 7046K, capacity 7690K, committed 7808K, reserved 1048576K
}
Event: 158.925 GC heap before
{Heap before GC invocations=17 (full 2):
 PSYoungGen      total 479232K, used 171766K [0x00000000d5b80000, 0x00000000f5600000, 0x0000000100000000)
  eden space 469504K, 34% used [0x00000000d5b80000,0x00000000df9efe08,0x00000000f2600000)
  from space 9728K, 97% used [0x00000000f4c80000,0x00000000f55cda78,0x00000000f5600000)
  to   space 22528K, 0% used [0x00000000f2a00000,0x00000000f2a00000,0x00000000f4000000)
 ParOldGen       total 72192K, used 44878K [0x0000000081200000, 0x0000000085880000, 0x00000000d5b80000)
  object space 72192K, 62% used [0x0000000081200000,0x0000000083dd3a60,0x0000000085880000)
 Metaspace       used 55120K, capacity 58858K, committed 58968K, reserved 1099776K
  class space    used 7536K, capacity 8218K, committed 8320K, reserved 1048576K
Event: 158.931 GC heap after
Heap after GC invocations=17 (full 2):
 PSYoungGen      total 496128K, used 9769K [0x00000000d5b80000, 0x00000000fb480000, 0x0000000100000000)
  eden space 473600K, 0% used [0x00000000d5b80000,0x00000000d5b80000,0x00000000f2a00000)
  from space 22528K, 43% used [0x00000000f2a00000,0x00000000f338a7a0,0x00000000f4000000)
  to   space 21504K, 0% used [0x00000000f9f80000,0x00000000f9f80000,0x00000000fb480000)
 ParOldGen       total 72192K, used 44886K [0x0000000081200000, 0x0000000085880000, 0x00000000d5b80000)
  object space 72192K, 62% used [0x0000000081200000,0x0000000083dd5a60,0x0000000085880000)
 Metaspace       used 55120K, capacity 58858K, committed 58968K, reserved 1099776K
  class space    used 7536K, capacity 8218K, committed 8320K, reserved 1048576K
}
Event: 158.931 GC heap before
{Heap before GC invocations=18 (full 3):
 PSYoungGen      total 496128K, used 9769K [0x00000000d5b80000, 0x00000000fb480000, 0x0000000100000000)
  eden space 473600K, 0% used [0x00000000d5b80000,0x00000000d5b80000,0x00000000f2a00000)
  from space 22528K, 43% used [0x00000000f2a00000,0x00000000f338a7a0,0x00000000f4000000)
  to   space 21504K, 0% used [0x00000000f9f80000,0x00000000f9f80000,0x00000000fb480000)
 ParOldGen       total 72192K, used 44886K [0x0000000081200000, 0x0000000085880000, 0x00000000d5b80000)
  object space 72192K, 62% used [0x0000000081200000,0x0000000083dd5a60,0x0000000085880000)
 Metaspace       used 55120K, capacity 58858K, committed 58968K, reserved 1099776K
  class space    used 7536K, capacity 8218K, committed 8320K, reserved 1048576K
Event: 159.055 GC heap after
Heap after GC invocations=18 (full 3):
 PSYoungGen      total 496128K, used 0K [0x00000000d5b80000, 0x00000000fb480000, 0x0000000100000000)
  eden space 473600K, 0% used [0x00000000d5b80000,0x00000000d5b80000,0x00000000f2a00000)
  from space 22528K, 0% used [0x00000000f2a00000,0x00000000f2a00000,0x00000000f4000000)
  to   space 21504K, 0% used [0x00000000f9f80000,0x00000000f9f80000,0x00000000fb480000)
 ParOldGen       total 123392K, used 39975K [0x0000000081200000, 0x0000000088a80000, 0x00000000d5b80000)
  object space 123392K, 32% used [0x0000000081200000,0x0000000083909c80,0x0000000088a80000)
 Metaspace       used 55088K, capacity 58758K, committed 58968K, reserved 1099776K
  class space    used 7525K, capacity 8200K, committed 8320K, reserved 1048576K
}

