# JRE version: Java(TM) SE Runtime Environment (8.0_201-b09) (build 1.8.0_201-b09)
# Java VM: Java HotSpot(TM) 64-Bit Server VM (25.201-b09 mixed mode windows-amd64 compressed oops)
Heap:
 PSYoungGen      total 223232K, used 139338K [0x00000000d5b80000, 0x00000000e8700000, 0x0000000100000000)
  eden space 204288K, 68% used [0x00000000d5b80000,0x00000000de392918,0x00000000e2300000)
  from space 18944K, 0% used [0x00000000e2300000,0x00000000e2300000,0x00000000e3580000)
  to   space 19456K, 0% used [0x00000000e7400000,0x00000000e7400000,0x00000000e8700000)
 ParOldGen       total 115200K, used 28368K [0x0000000081200000, 0x0000000088280000, 0x00000000d5b80000)
  object space 115200K, 24% used [0x0000000081200000,0x0000000082db4378,0x0000000088280000)
 Metaspace       used 55573K, capacity 59300K, committed 59480K, reserved 1099776K
  class space    used 7593K, capacity 8245K, committed 8320K, reserved 1048576K
GC Heap History (10 events):
Event: 5.283 GC heap before
{Heap before GC invocations=12 (full 2):
 PSYoungGen      total 175104K, used 7926K [0x00000000d5b80000, 0x00000000e1180000, 0x0000000100000000)
  eden space 164864K, 0% used [0x00000000d5b80000,0x00000000d5b80000,0x00000000dfc80000)
  from space 10240K, 77% used [0x00000000e0680000,0x00000000e0e3db38,0x00000000e1080000)
  to   space 10240K, 0% used [0x00000000dfc80000,0x00000000dfc80000,0x00000000e0680000)
 ParOldGen       total 51200K, used 14285K [0x0000000081200000, 0x0000000084400000, 0x00000000d5b80000)
  object space 51200K, 27% used [0x0000000081200000,0x0000000081ff3448,0x0000000084400000)
 Metaspace       used 33248K, capacity 35326K, committed 35416K, reserved 1079296K
  class space    used 4577K, capacity 4959K, committed 4992K, reserved 1048576K
Event: 5.338 GC heap after
Heap after GC invocations=12 (full 2):
 PSYoungGen      total 175104K, used 0K [0x00000000d5b80000, 0x00000000e1180000, 0x0000000100000000)
  eden space 164864K, 0% used [0x00000000d5b80000,0x00000000d5b80000,0x00000000dfc80000)
  from space 10240K, 0% used [0x00000000e0680000,0x00000000e0680000,0x00000000e1080000)
  to   space 10240K, 0% used [0x00000000dfc80000,0x00000000dfc80000,0x00000000e0680000)
 ParOldGen       total 80896K, used 16208K [0x0000000081200000, 0x0000000086100000, 0x00000000d5b80000)
  object space 80896K, 20% used [0x0000000081200000,0x00000000821d4100,0x0000000086100000)
 Metaspace       used 33248K, capacity 35326K, committed 35416K, reserved 1079296K
  class space    used 4577K, capacity 4959K, committed 4992K, reserved 1048576K
}
Event: 7.238 GC heap before
{Heap before GC invocations=13 (full 2):
 PSYoungGen      total 175104K, used 164864K [0x00000000d5b80000, 0x00000000e1180000, 0x0000000100000000)
  eden space 164864K, 100% used [0x00000000d5b80000,0x00000000dfc80000,0x00000000dfc80000)
  from space 10240K, 0% used [0x00000000e0680000,0x00000000e0680000,0x00000000e1080000)
  to   space 10240K, 0% used [0x00000000dfc80000,0x00000000dfc80000,0x00000000e0680000)
 ParOldGen       total 80896K, used 16208K [0x0000000081200000, 0x0000000086100000, 0x00000000d5b80000)
  object space 80896K, 20% used [0x0000000081200000,0x00000000821d4100,0x0000000086100000)
 Metaspace       used 42130K, capacity 45014K, committed 45272K, reserved 1087488K
  class space    used 5835K, capacity 6372K, committed 6400K, reserved 1048576K
Event: 7.248 GC heap after
Heap after GC invocations=13 (full 2):
 PSYoungGen      total 175104K, used 10212K [0x00000000d5b80000, 0x00000000e4280000, 0x0000000100000000)
  eden space 164864K, 0% used [0x00000000d5b80000,0x00000000d5b80000,0x00000000dfc80000)
  from space 10240K, 99% used [0x00000000dfc80000,0x00000000e0679348,0x00000000e0680000)
  to   space 12800K, 0% used [0x00000000e3600000,0x00000000e3600000,0x00000000e4280000)
 ParOldGen       total 80896K, used 20149K [0x0000000081200000, 0x0000000086100000, 0x00000000d5b80000)
  object space 80896K, 24% used [0x0000000081200000,0x00000000825ad720,0x0000000086100000)
 Metaspace       used 42130K, capacity 45014K, committed 45272K, reserved 1087488K
  class space    used 5835K, capacity 6372K, committed 6400K, reserved 1048576K
}
Event: 193.533 GC heap before
{Heap before GC invocations=14 (full 2):
 PSYoungGen      total 175104K, used 175076K [0x00000000d5b80000, 0x00000000e4280000, 0x0000000100000000)
  eden space 164864K, 100% used [0x00000000d5b80000,0x00000000dfc80000,0x00000000dfc80000)
  from space 10240K, 99% used [0x00000000dfc80000,0x00000000e0679348,0x00000000e0680000)
  to   space 12800K, 0% used [0x00000000e3600000,0x00000000e3600000,0x00000000e4280000)
 ParOldGen       total 80896K, used 20149K [0x0000000081200000, 0x0000000086100000, 0x00000000d5b80000)
  object space 80896K, 24% used [0x0000000081200000,0x00000000825ad720,0x0000000086100000)
 Metaspace       used 54188K, capacity 57984K, committed 58328K, reserved 1099776K
  class space    used 7424K, capacity 8097K, committed 8192K, reserved 1048576K
Event: 193.550 GC heap after
Heap after GC invocations=14 (full 2):
 PSYoungGen      total 217088K, used 12778K [0x00000000d5b80000, 0x00000000e4800000, 0x0000000100000000)
  eden space 204288K, 0% used [0x00000000d5b80000,0x00000000d5b80000,0x00000000e2300000)
  from space 12800K, 99% used [0x00000000e3600000,0x00000000e427aab0,0x00000000e4280000)
  to   space 18944K, 0% used [0x00000000e2300000,0x00000000e2300000,0x00000000e3580000)
 ParOldGen       total 80896K, used 32489K [0x0000000081200000, 0x0000000086100000, 0x00000000d5b80000)
  object space 80896K, 40% used [0x0000000081200000,0x00000000831ba7c8,0x0000000086100000)
 Metaspace       used 54188K, capacity 57984K, committed 58328K, reserved 1099776K
  class space    used 7424K, capacity 8097K, committed 8192K, reserved 1048576K
}
Event: 193.724 GC heap before
{Heap before GC invocations=15 (full 2):
 PSYoungGen      total 217088K, used 18405K [0x00000000d5b80000, 0x00000000e4800000, 0x0000000100000000)
  eden space 204288K, 2% used [0x00000000d5b80000,0x00000000d60feae8,0x00000000e2300000)
  from space 12800K, 99% used [0x00000000e3600000,0x00000000e427aab0,0x00000000e4280000)
  to   space 18944K, 0% used [0x00000000e2300000,0x00000000e2300000,0x00000000e3580000)
 ParOldGen       total 80896K, used 32489K [0x0000000081200000, 0x0000000086100000, 0x00000000d5b80000)
  object space 80896K, 40% used [0x0000000081200000,0x00000000831ba7c8,0x0000000086100000)
 Metaspace       used 55030K, capacity 58820K, committed 58968K, reserved 1099776K
  class space    used 7531K, capacity 8227K, committed 8320K, reserved 1048576K
Event: 193.732 GC heap after
Heap after GC invocations=15 (full 2):
 PSYoungGen      total 223232K, used 512K [0x00000000d5b80000, 0x00000000e8700000, 0x0000000100000000)
  eden space 204288K, 0% used [0x00000000d5b80000,0x00000000d5b80000,0x00000000e2300000)
  from space 18944K, 2% used [0x00000000e2300000,0x00000000e2380000,0x00000000e3580000)
  to   space 19456K, 0% used [0x00000000e7400000,0x00000000e7400000,0x00000000e8700000)
 ParOldGen       total 80896K, used 45177K [0x0000000081200000, 0x0000000086100000, 0x00000000d5b80000)
  object space 80896K, 55% used [0x0000000081200000,0x0000000083e1e470,0x0000000086100000)
 Metaspace       used 55030K, capacity 58820K, committed 58968K, reserved 1099776K
  class space    used 7531K, capacity 8227K, committed 8320K, reserved 1048576K
}
Event: 193.732 GC heap before
{Heap before GC invocations=16 (full 3):
 PSYoungGen      total 223232K, used 512K [0x00000000d5b80000, 0x00000000e8700000, 0x0000000100000000)
  eden space 204288K, 0% used [0x00000000d5b80000,0x00000000d5b80000,0x00000000e2300000)
  from space 18944K, 2% used [0x00000000e2300000,0x00000000e2380000,0x00000000e3580000)
  to   space 19456K, 0% used [0x00000000e7400000,0x00000000e7400000,0x00000000e8700000)
 ParOldGen       total 80896K, used 45177K [0x0000000081200000, 0x0000000086100000, 0x00000000d5b80000)
  object space 80896K, 55% used [0x0000000081200000,0x0000000083e1e470,0x0000000086100000)
 Metaspace       used 55030K, capacity 58820K, committed 58968K, reserved 1099776K
  class space    used 7531K, capacity 8227K, committed 8320K, reserved 1048576K
Event: 193.864 GC heap after
Heap after GC invocations=16 (full 3):
 PSYoungGen      total 223232K, used 0K [0x00000000d5b80000, 0x00000000e8700000, 0x0000000100000000)
  eden space 204288K, 0% used [0x00000000d5b80000,0x00000000d5b80000,0x00000000e2300000)
  from space 18944K, 0% used [0x00000000e2300000,0x00000000e2300000,0x00000000e3580000)
  to   space 19456K, 0% used [0x00000000e7400000,0x00000000e7400000,0x00000000e8700000)
 ParOldGen       total 115200K, used 28368K [0x0000000081200000, 0x0000000088280000, 0x00000000d5b80000)
  object space 115200K, 24% used [0x0000000081200000,0x0000000082db4378,0x0000000088280000)
 Metaspace       used 54987K, capacity 58696K, committed 58968K, reserved 1099776K
  class space    used 7516K, capacity 8201K, committed 8320K, reserved 1048576K
}

