# JRE version: Java(TM) SE Runtime Environment (8.0_201-b09) (build 1.8.0_201-b09)
# Java VM: Java HotSpot(TM) 64-Bit Server VM (25.201-b09 mixed mode windows-amd64 compressed oops)
Heap:
 PSYoungGen      total 505856K, used 257293K [0x00000000d5b80000, 0x00000000fc180000, 0x0000000100000000)
  eden space 472064K, 53% used [0x00000000d5b80000,0x00000000e530d538,0x00000000f2880000)
  from space 33792K, 11% used [0x00000000f2880000,0x00000000f2c360e8,0x00000000f4980000)
  to   space 32768K, 0% used [0x00000000fa180000,0x00000000fa180000,0x00000000fc180000)
 ParOldGen       total 140288K, used 59506K [0x0000000081200000, 0x0000000089b00000, 0x00000000d5b80000)
  object space 140288K, 42% used [0x0000000081200000,0x0000000084c1c920,0x0000000089b00000)
 Metaspace       used 54464K, capacity 58120K, committed 58328K, reserved 1099776K
  class space    used 7437K, capacity 8110K, committed 8192K, reserved 1048576K
GC Heap History (10 events):
Event: 71.612 GC heap before
{Heap before GC invocations=14 (full 3):
 PSYoungGen      total 314368K, used 16871K [0x00000000d5b80000, 0x00000000f1400000, 0x0000000100000000)
  eden space 297472K, 0% used [0x00000000d5b80000,0x00000000d5b80000,0x00000000e7e00000)
  from space 16896K, 99% used [0x00000000e7e00000,0x00000000e8e79e30,0x00000000e8e80000)
  to   space 33792K, 0% used [0x00000000ef300000,0x00000000ef300000,0x00000000f1400000)
 ParOldGen       total 78848K, used 60946K [0x0000000081200000, 0x0000000085f00000, 0x00000000d5b80000)
  object space 78848K, 77% used [0x0000000081200000,0x0000000084d84860,0x0000000085f00000)
 Metaspace       used 54028K, capacity 57652K, committed 57944K, reserved 1099776K
  class space    used 7380K, capacity 8030K, committed 8064K, reserved 1048576K
Event: 71.723 GC heap after
Heap after GC invocations=14 (full 3):
 PSYoungGen      total 314368K, used 0K [0x00000000d5b80000, 0x00000000f1400000, 0x0000000100000000)
  eden space 297472K, 0% used [0x00000000d5b80000,0x00000000d5b80000,0x00000000e7e00000)
  from space 16896K, 0% used [0x00000000e7e00000,0x00000000e7e00000,0x00000000e8e80000)
  to   space 33792K, 0% used [0x00000000ef300000,0x00000000ef300000,0x00000000f1400000)
 ParOldGen       total 140288K, used 47424K [0x0000000081200000, 0x0000000089b00000, 0x00000000d5b80000)
  object space 140288K, 33% used [0x0000000081200000,0x00000000840500d0,0x0000000089b00000)
 Metaspace       used 54028K, capacity 57652K, committed 57944K, reserved 1099776K
  class space    used 7380K, capacity 8030K, committed 8064K, reserved 1048576K
}
Event: 96.226 GC heap before
{Heap before GC invocations=15 (full 3):
 PSYoungGen      total 314368K, used 297453K [0x00000000d5b80000, 0x00000000f1400000, 0x0000000100000000)
  eden space 297472K, 99% used [0x00000000d5b80000,0x00000000e7dfb518,0x00000000e7e00000)
  from space 16896K, 0% used [0x00000000e7e00000,0x00000000e7e00000,0x00000000e8e80000)
  to   space 33792K, 0% used [0x00000000ef300000,0x00000000ef300000,0x00000000f1400000)
 ParOldGen       total 140288K, used 47424K [0x0000000081200000, 0x0000000089b00000, 0x00000000d5b80000)
  object space 140288K, 33% used [0x0000000081200000,0x00000000840500d0,0x0000000089b00000)
 Metaspace       used 54332K, capacity 57974K, committed 58072K, reserved 1099776K
  class space    used 7432K, capacity 8107K, committed 8192K, reserved 1048576K
Event: 96.232 GC heap after
Heap after GC invocations=15 (full 3):
 PSYoungGen      total 417280K, used 18886K [0x00000000d5b80000, 0x00000000f1b00000, 0x0000000100000000)
  eden space 383488K, 0% used [0x00000000d5b80000,0x00000000d5b80000,0x00000000ed200000)
  from space 33792K, 55% used [0x00000000ef300000,0x00000000f0571bd0,0x00000000f1400000)
  to   space 33792K, 0% used [0x00000000ed200000,0x00000000ed200000,0x00000000ef300000)
 ParOldGen       total 140288K, used 47432K [0x0000000081200000, 0x0000000089b00000, 0x00000000d5b80000)
  object space 140288K, 33% used [0x0000000081200000,0x00000000840520d0,0x0000000089b00000)
 Metaspace       used 54332K, capacity 57974K, committed 58072K, reserved 1099776K
  class space    used 7432K, capacity 8107K, committed 8192K, reserved 1048576K
}
Event: 106.055 GC heap before
{Heap before GC invocations=16 (full 3):
 PSYoungGen      total 417280K, used 402374K [0x00000000d5b80000, 0x00000000f1b00000, 0x0000000100000000)
  eden space 383488K, 100% used [0x00000000d5b80000,0x00000000ed200000,0x00000000ed200000)
  from space 33792K, 55% used [0x00000000ef300000,0x00000000f0571bd0,0x00000000f1400000)
  to   space 33792K, 0% used [0x00000000ed200000,0x00000000ed200000,0x00000000ef300000)
 ParOldGen       total 140288K, used 47432K [0x0000000081200000, 0x0000000089b00000, 0x00000000d5b80000)
  object space 140288K, 33% used [0x0000000081200000,0x00000000840520d0,0x0000000089b00000)
 Metaspace       used 54372K, capacity 58044K, committed 58328K, reserved 1099776K
  class space    used 7433K, capacity 8108K, committed 8192K, reserved 1048576K
Event: 106.060 GC heap after
Heap after GC invocations=16 (full 3):
 PSYoungGen      total 417280K, used 1459K [0x00000000d5b80000, 0x00000000f7b00000, 0x0000000100000000)
  eden space 383488K, 0% used [0x00000000d5b80000,0x00000000d5b80000,0x00000000ed200000)
  from space 33792K, 4% used [0x00000000ed200000,0x00000000ed36cc80,0x00000000ef300000)
  to   space 34304K, 0% used [0x00000000f5980000,0x00000000f5980000,0x00000000f7b00000)
 ParOldGen       total 140288K, used 59490K [0x0000000081200000, 0x0000000089b00000, 0x00000000d5b80000)
  object space 140288K, 42% used [0x0000000081200000,0x0000000084c18920,0x0000000089b00000)
 Metaspace       used 54372K, capacity 58044K, committed 58328K, reserved 1099776K
  class space    used 7433K, capacity 8108K, committed 8192K, reserved 1048576K
}
Event: 116.417 GC heap before
{Heap before GC invocations=17 (full 3):
 PSYoungGen      total 417280K, used 384947K [0x00000000d5b80000, 0x00000000f7b00000, 0x0000000100000000)
  eden space 383488K, 100% used [0x00000000d5b80000,0x00000000ed200000,0x00000000ed200000)
  from space 33792K, 4% used [0x00000000ed200000,0x00000000ed36cc80,0x00000000ef300000)
  to   space 34304K, 0% used [0x00000000f5980000,0x00000000f5980000,0x00000000f7b00000)
 ParOldGen       total 140288K, used 59490K [0x0000000081200000, 0x0000000089b00000, 0x00000000d5b80000)
  object space 140288K, 42% used [0x0000000081200000,0x0000000084c18920,0x0000000089b00000)
 Metaspace       used 54432K, capacity 58114K, committed 58328K, reserved 1099776K
  class space    used 7434K, capacity 8109K, committed 8192K, reserved 1048576K
Event: 116.420 GC heap after
Heap after GC invocations=17 (full 3):
 PSYoungGen      total 489472K, used 3151K [0x00000000d5b80000, 0x00000000f6a80000, 0x0000000100000000)
  eden space 472064K, 0% used [0x00000000d5b80000,0x00000000d5b80000,0x00000000f2880000)
  from space 17408K, 18% used [0x00000000f5980000,0x00000000f5c93d78,0x00000000f6a80000)
  to   space 33792K, 0% used [0x00000000f2880000,0x00000000f2880000,0x00000000f4980000)
 ParOldGen       total 140288K, used 59498K [0x0000000081200000, 0x0000000089b00000, 0x00000000d5b80000)
  object space 140288K, 42% used [0x0000000081200000,0x0000000084c1a920,0x0000000089b00000)
 Metaspace       used 54432K, capacity 58114K, committed 58328K, reserved 1099776K
  class space    used 7434K, capacity 8109K, committed 8192K, reserved 1048576K
}
Event: 131.973 GC heap before
{Heap before GC invocations=18 (full 3):
 PSYoungGen      total 489472K, used 475215K [0x00000000d5b80000, 0x00000000f6a80000, 0x0000000100000000)
  eden space 472064K, 100% used [0x00000000d5b80000,0x00000000f2880000,0x00000000f2880000)
  from space 17408K, 18% used [0x00000000f5980000,0x00000000f5c93d78,0x00000000f6a80000)
  to   space 33792K, 0% used [0x00000000f2880000,0x00000000f2880000,0x00000000f4980000)
 ParOldGen       total 140288K, used 59498K [0x0000000081200000, 0x0000000089b00000, 0x00000000d5b80000)
  object space 140288K, 42% used [0x0000000081200000,0x0000000084c1a920,0x0000000089b00000)
 Metaspace       used 54459K, capacity 58120K, committed 58328K, reserved 1099776K
  class space    used 7435K, capacity 8110K, committed 8192K, reserved 1048576K
Event: 131.976 GC heap after
Heap after GC invocations=18 (full 3):
 PSYoungGen      total 505856K, used 3800K [0x00000000d5b80000, 0x00000000fc180000, 0x0000000100000000)
  eden space 472064K, 0% used [0x00000000d5b80000,0x00000000d5b80000,0x00000000f2880000)
  from space 33792K, 11% used [0x00000000f2880000,0x00000000f2c360e8,0x00000000f4980000)
  to   space 32768K, 0% used [0x00000000fa180000,0x00000000fa180000,0x00000000fc180000)
 ParOldGen       total 140288K, used 59506K [0x0000000081200000, 0x0000000089b00000, 0x00000000d5b80000)
  object space 140288K, 42% used [0x0000000081200000,0x0000000084c1c920,0x0000000089b00000)
 Metaspace       used 54459K, capacity 58120K, committed 58328K, reserved 1099776K
  class space    used 7435K, capacity 8110K, committed 8192K, reserved 1048576K
}

