# JRE version: Java(TM) SE Runtime Environment (8.0_201-b09) (build 1.8.0_201-b09)
# Java VM: Java HotSpot(TM) 64-Bit Server VM (25.201-b09 mixed mode windows-amd64 compressed oops)
Heap:
 PSYoungGen      total 290816K, used 212044K [0x00000000d5b80000, 0x00000000e9180000, 0x0000000100000000)
  eden space 276480K, 71% used [0x00000000d5b80000,0x00000000e1cd34b0,0x00000000e6980000)
  from space 14336K, 98% used [0x00000000e8380000,0x00000000e913ff30,0x00000000e9180000)
  to   space 19968K, 0% used [0x00000000e6a80000,0x00000000e6a80000,0x00000000e7e00000)
 ParOldGen       total 114176K, used 40511K [0x0000000081200000, 0x0000000088180000, 0x00000000d5b80000)
  object space 114176K, 35% used [0x0000000081200000,0x000000008398fef8,0x0000000088180000)
 Metaspace       used 55775K, capacity 59506K, committed 59736K, reserved 1101824K
  class space    used 7635K, capacity 8286K, committed 8320K, reserved 1048576K
GC Heap History (10 events):
Event: 6.376 GC heap before
{Heap before GC invocations=13 (full 2):
 PSYoungGen      total 185344K, used 175104K [0x00000000d5b80000, 0x00000000e1b80000, 0x0000000100000000)
  eden space 175104K, 100% used [0x00000000d5b80000,0x00000000e0680000,0x00000000e0680000)
  from space 10240K, 0% used [0x00000000e1180000,0x00000000e1180000,0x00000000e1b80000)
  to   space 10752K, 0% used [0x00000000e0680000,0x00000000e0680000,0x00000000e1100000)
 ParOldGen       total 76288K, used 16101K [0x0000000081200000, 0x0000000085c80000, 0x00000000d5b80000)
  object space 76288K, 21% used [0x0000000081200000,0x00000000821b9640,0x0000000085c80000)
 Metaspace       used 42351K, capacity 45306K, committed 45656K, reserved 1089536K
  class space    used 5866K, capacity 6404K, committed 6528K, reserved 1048576K
Event: 6.385 GC heap after
Heap after GC invocations=13 (full 2):
 PSYoungGen      total 185856K, used 10739K [0x00000000d5b80000, 0x00000000e5600000, 0x0000000100000000)
  eden space 175104K, 0% used [0x00000000d5b80000,0x00000000d5b80000,0x00000000e0680000)
  from space 10752K, 99% used [0x00000000e0680000,0x00000000e10fcc10,0x00000000e1100000)
  to   space 13312K, 0% used [0x00000000e4900000,0x00000000e4900000,0x00000000e5600000)
 ParOldGen       total 76288K, used 20542K [0x0000000081200000, 0x0000000085c80000, 0x00000000d5b80000)
  object space 76288K, 26% used [0x0000000081200000,0x000000008260f828,0x0000000085c80000)
 Metaspace       used 42351K, capacity 45306K, committed 45656K, reserved 1089536K
  class space    used 5866K, capacity 6404K, committed 6528K, reserved 1048576K
}
Event: 45.049 GC heap before
{Heap before GC invocations=14 (full 2):
 PSYoungGen      total 185856K, used 171462K [0x00000000d5b80000, 0x00000000e5600000, 0x0000000100000000)
  eden space 175104K, 91% used [0x00000000d5b80000,0x00000000df874e78,0x00000000e0680000)
  from space 10752K, 99% used [0x00000000e0680000,0x00000000e10fcc10,0x00000000e1100000)
  to   space 13312K, 0% used [0x00000000e4900000,0x00000000e4900000,0x00000000e5600000)
 ParOldGen       total 76288K, used 20542K [0x0000000081200000, 0x0000000085c80000, 0x00000000d5b80000)
  object space 76288K, 26% used [0x0000000081200000,0x000000008260f828,0x0000000085c80000)
 Metaspace       used 55078K, capacity 58750K, committed 58968K, reserved 1099776K
  class space    used 7527K, capacity 8198K, committed 8320K, reserved 1048576K
Event: 45.064 GC heap after
Heap after GC invocations=14 (full 2):
 PSYoungGen      total 235520K, used 13288K [0x00000000d5b80000, 0x00000000e5880000, 0x0000000100000000)
  eden space 222208K, 0% used [0x00000000d5b80000,0x00000000d5b80000,0x00000000e3480000)
  from space 13312K, 99% used [0x00000000e4900000,0x00000000e55fa1a0,0x00000000e5600000)
  to   space 18432K, 0% used [0x00000000e3480000,0x00000000e3480000,0x00000000e4680000)
 ParOldGen       total 76288K, used 30360K [0x0000000081200000, 0x0000000085c80000, 0x00000000d5b80000)
  object space 76288K, 39% used [0x0000000081200000,0x0000000082fa6080,0x0000000085c80000)
 Metaspace       used 55078K, capacity 58750K, committed 58968K, reserved 1099776K
  class space    used 7527K, capacity 8198K, committed 8320K, reserved 1048576K
}
Event: 45.064 GC heap before
{Heap before GC invocations=15 (full 3):
 PSYoungGen      total 235520K, used 13288K [0x00000000d5b80000, 0x00000000e5880000, 0x0000000100000000)
  eden space 222208K, 0% used [0x00000000d5b80000,0x00000000d5b80000,0x00000000e3480000)
  from space 13312K, 99% used [0x00000000e4900000,0x00000000e55fa1a0,0x00000000e5600000)
  to   space 18432K, 0% used [0x00000000e3480000,0x00000000e3480000,0x00000000e4680000)
 ParOldGen       total 76288K, used 30360K [0x0000000081200000, 0x0000000085c80000, 0x00000000d5b80000)
  object space 76288K, 39% used [0x0000000081200000,0x0000000082fa6080,0x0000000085c80000)
 Metaspace       used 55078K, capacity 58750K, committed 58968K, reserved 1099776K
  class space    used 7527K, capacity 8198K, committed 8320K, reserved 1048576K
Event: 45.179 GC heap after
Heap after GC invocations=15 (full 3):
 PSYoungGen      total 235520K, used 0K [0x00000000d5b80000, 0x00000000e5880000, 0x0000000100000000)
  eden space 222208K, 0% used [0x00000000d5b80000,0x00000000d5b80000,0x00000000e3480000)
  from space 13312K, 0% used [0x00000000e4900000,0x00000000e4900000,0x00000000e5600000)
  to   space 18432K, 0% used [0x00000000e3480000,0x00000000e3480000,0x00000000e4680000)
 ParOldGen       total 114176K, used 34103K [0x0000000081200000, 0x0000000088180000, 0x00000000d5b80000)
  object space 114176K, 29% used [0x0000000081200000,0x000000008334dce0,0x0000000088180000)
 Metaspace       used 55078K, capacity 58750K, committed 58968K, reserved 1099776K
  class space    used 7527K, capacity 8198K, committed 8320K, reserved 1048576K
}
Event: 69.233 GC heap before
{Heap before GC invocations=16 (full 3):
 PSYoungGen      total 235520K, used 221599K [0x00000000d5b80000, 0x00000000e5880000, 0x0000000100000000)
  eden space 222208K, 99% used [0x00000000d5b80000,0x00000000e33e7f00,0x00000000e3480000)
  from space 13312K, 0% used [0x00000000e4900000,0x00000000e4900000,0x00000000e5600000)
  to   space 18432K, 0% used [0x00000000e3480000,0x00000000e3480000,0x00000000e4680000)
 ParOldGen       total 114176K, used 34103K [0x0000000081200000, 0x0000000088180000, 0x00000000d5b80000)
  object space 114176K, 29% used [0x0000000081200000,0x000000008334dce0,0x0000000088180000)
 Metaspace       used 55558K, capacity 59272K, committed 59480K, reserved 1099776K
  class space    used 7595K, capacity 8241K, committed 8320K, reserved 1048576K
Event: 69.240 GC heap after
Heap after GC invocations=16 (full 3):
 PSYoungGen      total 240640K, used 14426K [0x00000000d5b80000, 0x00000000e9680000, 0x0000000100000000)
  eden space 222208K, 0% used [0x00000000d5b80000,0x00000000d5b80000,0x00000000e3480000)
  from space 18432K, 78% used [0x00000000e3480000,0x00000000e4296b58,0x00000000e4680000)
  to   space 19456K, 0% used [0x00000000e8380000,0x00000000e8380000,0x00000000e9680000)
 ParOldGen       total 114176K, used 40503K [0x0000000081200000, 0x0000000088180000, 0x00000000d5b80000)
  object space 114176K, 35% used [0x0000000081200000,0x000000008398def8,0x0000000088180000)
 Metaspace       used 55558K, capacity 59272K, committed 59480K, reserved 1099776K
  class space    used 7595K, capacity 8241K, committed 8320K, reserved 1048576K
}
Event: 71.905 GC heap before
{Heap before GC invocations=17 (full 3):
 PSYoungGen      total 240640K, used 236634K [0x00000000d5b80000, 0x00000000e9680000, 0x0000000100000000)
  eden space 222208K, 100% used [0x00000000d5b80000,0x00000000e3480000,0x00000000e3480000)
  from space 18432K, 78% used [0x00000000e3480000,0x00000000e4296b58,0x00000000e4680000)
  to   space 19456K, 0% used [0x00000000e8380000,0x00000000e8380000,0x00000000e9680000)
 ParOldGen       total 114176K, used 40503K [0x0000000081200000, 0x0000000088180000, 0x00000000d5b80000)
  object space 114176K, 35% used [0x0000000081200000,0x000000008398def8,0x0000000088180000)
 Metaspace       used 55766K, capacity 59494K, committed 59736K, reserved 1101824K
  class space    used 7634K, capacity 8284K, committed 8320K, reserved 1048576K
Event: 71.912 GC heap after
Heap after GC invocations=17 (full 3):
 PSYoungGen      total 290816K, used 14079K [0x00000000d5b80000, 0x00000000e9180000, 0x0000000100000000)
  eden space 276480K, 0% used [0x00000000d5b80000,0x00000000d5b80000,0x00000000e6980000)
  from space 14336K, 98% used [0x00000000e8380000,0x00000000e913ff30,0x00000000e9180000)
  to   space 19968K, 0% used [0x00000000e6a80000,0x00000000e6a80000,0x00000000e7e00000)
 ParOldGen       total 114176K, used 40511K [0x0000000081200000, 0x0000000088180000, 0x00000000d5b80000)
  object space 114176K, 35% used [0x0000000081200000,0x000000008398fef8,0x0000000088180000)
 Metaspace       used 55766K, capacity 59494K, committed 59736K, reserved 1101824K
  class space    used 7634K, capacity 8284K, committed 8320K, reserved 1048576K
}

