# JRE version: Java(TM) SE Runtime Environment (8.0_201-b09) (build 1.8.0_201-b09)
# Java VM: Java HotSpot(TM) 64-Bit Server VM (25.201-b09 mixed mode windows-amd64 compressed oops)
Heap:
 PSYoungGen      total 288768K, used 43018K [0x00000000d5b80000, 0x00000000e9e00000, 0x0000000100000000)
  eden space 270336K, 9% used [0x00000000d5b80000,0x00000000d7388318,0x00000000e6380000)
  from space 18432K, 99% used [0x00000000e7f80000,0x00000000e917a568,0x00000000e9180000)
  to   space 28672K, 0% used [0x00000000e6380000,0x00000000e6380000,0x00000000e7f80000)
 ParOldGen       total 115200K, used 68600K [0x0000000081200000, 0x0000000088280000, 0x00000000d5b80000)
  object space 115200K, 59% used [0x0000000081200000,0x00000000854fe0e8,0x0000000088280000)
 Metaspace       used 55590K, capacity 59322K, committed 59480K, reserved 1099776K
  class space    used 7600K, capacity 8248K, committed 8320K, reserved 1048576K
GC Heap History (10 events):
Event: 6.202 GC heap before
{Heap before GC invocations=13 (full 2):
 PSYoungGen      total 182784K, used 172544K [0x00000000d5b80000, 0x00000000e1800000, 0x0000000100000000)
  eden space 172544K, 100% used [0x00000000d5b80000,0x00000000e0400000,0x00000000e0400000)
  from space 10240K, 0% used [0x00000000e0e00000,0x00000000e0e00000,0x00000000e1800000)
  to   space 10240K, 0% used [0x00000000e0400000,0x00000000e0400000,0x00000000e0e00000)
 ParOldGen       total 76800K, used 16151K [0x0000000081200000, 0x0000000085d00000, 0x00000000d5b80000)
  object space 76800K, 21% used [0x0000000081200000,0x00000000821c5c18,0x0000000085d00000)
 Metaspace       used 42326K, capacity 45250K, committed 45400K, reserved 1087488K
  class space    used 5860K, capacity 6404K, committed 6528K, reserved 1048576K
Event: 6.212 GC heap after
Heap after GC invocations=13 (full 2):
 PSYoungGen      total 182784K, used 10223K [0x00000000d5b80000, 0x00000000e5200000, 0x0000000100000000)
  eden space 172544K, 0% used [0x00000000d5b80000,0x00000000d5b80000,0x00000000e0400000)
  from space 10240K, 99% used [0x00000000e0400000,0x00000000e0dfbea0,0x00000000e0e00000)
  to   space 12800K, 0% used [0x00000000e4580000,0x00000000e4580000,0x00000000e5200000)
 ParOldGen       total 76800K, used 20321K [0x0000000081200000, 0x0000000085d00000, 0x00000000d5b80000)
  object space 76800K, 26% used [0x0000000081200000,0x00000000825d8580,0x0000000085d00000)
 Metaspace       used 42326K, capacity 45250K, committed 45400K, reserved 1087488K
  class space    used 5860K, capacity 6404K, committed 6528K, reserved 1048576K
}
Event: 44.711 GC heap before
{Heap before GC invocations=14 (full 2):
 PSYoungGen      total 182784K, used 174712K [0x00000000d5b80000, 0x00000000e5200000, 0x0000000100000000)
  eden space 172544K, 95% used [0x00000000d5b80000,0x00000000dfc22188,0x00000000e0400000)
  from space 10240K, 99% used [0x00000000e0400000,0x00000000e0dfbea0,0x00000000e0e00000)
  to   space 12800K, 0% used [0x00000000e4580000,0x00000000e4580000,0x00000000e5200000)
 ParOldGen       total 76800K, used 20321K [0x0000000081200000, 0x0000000085d00000, 0x00000000d5b80000)
  object space 76800K, 26% used [0x0000000081200000,0x00000000825d8580,0x0000000085d00000)
 Metaspace       used 55087K, capacity 58760K, committed 58968K, reserved 1099776K
  class space    used 7529K, capacity 8199K, committed 8320K, reserved 1048576K
Event: 44.728 GC heap after
Heap after GC invocations=14 (full 2):
 PSYoungGen      total 232448K, used 12795K [0x00000000d5b80000, 0x00000000e5500000, 0x0000000100000000)
  eden space 219648K, 0% used [0x00000000d5b80000,0x00000000d5b80000,0x00000000e3200000)
  from space 12800K, 99% used [0x00000000e4580000,0x00000000e51fee98,0x00000000e5200000)
  to   space 17920K, 0% used [0x00000000e3200000,0x00000000e3200000,0x00000000e4380000)
 ParOldGen       total 76800K, used 30709K [0x0000000081200000, 0x0000000085d00000, 0x00000000d5b80000)
  object space 76800K, 39% used [0x0000000081200000,0x0000000082ffd528,0x0000000085d00000)
 Metaspace       used 55087K, capacity 58760K, committed 58968K, reserved 1099776K
  class space    used 7529K, capacity 8199K, committed 8320K, reserved 1048576K
}
Event: 44.728 GC heap before
{Heap before GC invocations=15 (full 3):
 PSYoungGen      total 232448K, used 12795K [0x00000000d5b80000, 0x00000000e5500000, 0x0000000100000000)
  eden space 219648K, 0% used [0x00000000d5b80000,0x00000000d5b80000,0x00000000e3200000)
  from space 12800K, 99% used [0x00000000e4580000,0x00000000e51fee98,0x00000000e5200000)
  to   space 17920K, 0% used [0x00000000e3200000,0x00000000e3200000,0x00000000e4380000)
 ParOldGen       total 76800K, used 30709K [0x0000000081200000, 0x0000000085d00000, 0x00000000d5b80000)
  object space 76800K, 39% used [0x0000000081200000,0x0000000082ffd528,0x0000000085d00000)
 Metaspace       used 55087K, capacity 58760K, committed 58968K, reserved 1099776K
  class space    used 7529K, capacity 8199K, committed 8320K, reserved 1048576K
Event: 44.854 GC heap after
Heap after GC invocations=15 (full 3):
 PSYoungGen      total 232448K, used 0K [0x00000000d5b80000, 0x00000000e5500000, 0x0000000100000000)
  eden space 219648K, 0% used [0x00000000d5b80000,0x00000000d5b80000,0x00000000e3200000)
  from space 12800K, 0% used [0x00000000e4580000,0x00000000e4580000,0x00000000e5200000)
  to   space 17920K, 0% used [0x00000000e3200000,0x00000000e3200000,0x00000000e4380000)
 ParOldGen       total 115200K, used 34143K [0x0000000081200000, 0x0000000088280000, 0x00000000d5b80000)
  object space 115200K, 29% used [0x0000000081200000,0x0000000083357ec0,0x0000000088280000)
 Metaspace       used 55087K, capacity 58760K, committed 58968K, reserved 1099776K
  class space    used 7529K, capacity 8199K, committed 8320K, reserved 1048576K
}
Event: 62.868 GC heap before
{Heap before GC invocations=16 (full 3):
 PSYoungGen      total 232448K, used 219648K [0x00000000d5b80000, 0x00000000e5500000, 0x0000000100000000)
  eden space 219648K, 100% used [0x00000000d5b80000,0x00000000e3200000,0x00000000e3200000)
  from space 12800K, 0% used [0x00000000e4580000,0x00000000e4580000,0x00000000e5200000)
  to   space 17920K, 0% used [0x00000000e3200000,0x00000000e3200000,0x00000000e4380000)
 ParOldGen       total 115200K, used 34143K [0x0000000081200000, 0x0000000088280000, 0x00000000d5b80000)
  object space 115200K, 29% used [0x0000000081200000,0x0000000083357ec0,0x0000000088280000)
 Metaspace       used 55552K, capacity 59216K, committed 59480K, reserved 1099776K
  class space    used 7594K, capacity 8241K, committed 8320K, reserved 1048576K
Event: 62.877 GC heap after
Heap after GC invocations=16 (full 3):
 PSYoungGen      total 237568K, used 12929K [0x00000000d5b80000, 0x00000000e9180000, 0x0000000100000000)
  eden space 219648K, 0% used [0x00000000d5b80000,0x00000000d5b80000,0x00000000e3200000)
  from space 17920K, 72% used [0x00000000e3200000,0x00000000e3ea04a8,0x00000000e4380000)
  to   space 18432K, 0% used [0x00000000e7f80000,0x00000000e7f80000,0x00000000e9180000)
 ParOldGen       total 115200K, used 46936K [0x0000000081200000, 0x0000000088280000, 0x00000000d5b80000)
  object space 115200K, 40% used [0x0000000081200000,0x0000000083fd62f0,0x0000000088280000)
 Metaspace       used 55552K, capacity 59216K, committed 59480K, reserved 1099776K
  class space    used 7594K, capacity 8241K, committed 8320K, reserved 1048576K
}
Event: 69.401 GC heap before
{Heap before GC invocations=17 (full 3):
 PSYoungGen      total 237568K, used 232577K [0x00000000d5b80000, 0x00000000e9180000, 0x0000000100000000)
  eden space 219648K, 100% used [0x00000000d5b80000,0x00000000e3200000,0x00000000e3200000)
  from space 17920K, 72% used [0x00000000e3200000,0x00000000e3ea04a8,0x00000000e4380000)
  to   space 18432K, 0% used [0x00000000e7f80000,0x00000000e7f80000,0x00000000e9180000)
 ParOldGen       total 115200K, used 46936K [0x0000000081200000, 0x0000000088280000, 0x00000000d5b80000)
  object space 115200K, 40% used [0x0000000081200000,0x0000000083fd62f0,0x0000000088280000)
 Metaspace       used 55590K, capacity 59322K, committed 59480K, reserved 1099776K
  class space    used 7600K, capacity 8248K, committed 8320K, reserved 1048576K
Event: 69.414 GC heap after
Heap after GC invocations=17 (full 3):
 PSYoungGen      total 288768K, used 18409K [0x00000000d5b80000, 0x00000000e9e00000, 0x0000000100000000)
  eden space 270336K, 0% used [0x00000000d5b80000,0x00000000d5b80000,0x00000000e6380000)
  from space 18432K, 99% used [0x00000000e7f80000,0x00000000e917a568,0x00000000e9180000)
  to   space 28672K, 0% used [0x00000000e6380000,0x00000000e6380000,0x00000000e7f80000)
 ParOldGen       total 115200K, used 68600K [0x0000000081200000, 0x0000000088280000, 0x00000000d5b80000)
  object space 115200K, 59% used [0x0000000081200000,0x00000000854fe0e8,0x0000000088280000)
 Metaspace       used 55590K, capacity 59322K, committed 59480K, reserved 1099776K
  class space    used 7600K, capacity 8248K, committed 8320K, reserved 1048576K
}

