# JRE version: Java(TM) SE Runtime Environment (8.0_201-b09) (build 1.8.0_201-b09)
# Java VM: Java HotSpot(TM) 64-Bit Server VM (25.201-b09 mixed mode windows-amd64 compressed oops)
Heap:
 PSYoungGen      total 269824K, used 117854K [0x00000000d5580000, 0x00000000f1a80000, 0x0000000100000000)
  eden space 248832K, 39% used [0x00000000d5580000,0x00000000db44ade8,0x00000000e4880000)
  from space 20992K, 99% used [0x00000000f0600000,0x00000000f1a4cce8,0x00000000f1a80000)
  to   space 28672K, 0% used [0x00000000ee280000,0x00000000ee280000,0x00000000efe80000)
 ParOldGen       total 87552K, used 34593K [0x0000000080000000, 0x0000000085580000, 0x00000000d5580000)
  object space 87552K, 39% used [0x0000000080000000,0x00000000821c86c8,0x0000000085580000)
 Metaspace       used 54683K, capacity 58342K, committed 58624K, reserved 1099776K
  class space    used 7450K, capacity 8105K, committed 8192K, reserved 1048576K
GC Heap History (10 events):
Event: 3.299 GC heap before
{Heap before GC invocations=6 (full 0):
 PSYoungGen      total 71680K, used 71650K [0x00000000d5580000, 0x00000000deb80000, 0x0000000100000000)
  eden space 66560K, 100% used [0x00000000d5580000,0x00000000d9680000,0x00000000d9680000)
  from space 5120K, 99% used [0x00000000d9680000,0x00000000d9b78978,0x00000000d9b80000)
  to   space 10240K, 0% used [0x00000000de180000,0x00000000de180000,0x00000000deb80000)
 ParOldGen       total 87552K, used 7630K [0x0000000080000000, 0x0000000085580000, 0x00000000d5580000)
  object space 87552K, 8% used [0x0000000080000000,0x00000000807738a0,0x0000000085580000)
 Metaspace       used 21694K, capacity 22748K, committed 23040K, reserved 1069056K
  class space    used 2967K, capacity 3212K, committed 3328K, reserved 1048576K
Event: 3.312 GC heap after
Heap after GC invocations=6 (full 0):
 PSYoungGen      total 141312K, used 10219K [0x00000000d5580000, 0x00000000def80000, 0x0000000100000000)
  eden space 131072K, 0% used [0x00000000d5580000,0x00000000d5580000,0x00000000dd580000)
  from space 10240K, 99% used [0x00000000de180000,0x00000000deb7ad20,0x00000000deb80000)
  to   space 12288K, 0% used [0x00000000dd580000,0x00000000dd580000,0x00000000de180000)
 ParOldGen       total 87552K, used 8773K [0x0000000080000000, 0x0000000085580000, 0x00000000d5580000)
  object space 87552K, 10% used [0x0000000080000000,0x00000000808917a8,0x0000000085580000)
 Metaspace       used 21694K, capacity 22748K, committed 23040K, reserved 1069056K
  class space    used 2967K, capacity 3212K, committed 3328K, reserved 1048576K
}
Event: 4.587 GC heap before
{Heap before GC invocations=7 (full 0):
 PSYoungGen      total 141312K, used 141291K [0x00000000d5580000, 0x00000000def80000, 0x0000000100000000)
  eden space 131072K, 100% used [0x00000000d5580000,0x00000000dd580000,0x00000000dd580000)
  from space 10240K, 99% used [0x00000000de180000,0x00000000deb7ad20,0x00000000deb80000)
  to   space 12288K, 0% used [0x00000000dd580000,0x00000000dd580000,0x00000000de180000)
 ParOldGen       total 87552K, used 8773K [0x0000000080000000, 0x0000000085580000, 0x00000000d5580000)
  object space 87552K, 10% used [0x0000000080000000,0x00000000808917a8,0x0000000085580000)
 Metaspace       used 27223K, capacity 28644K, committed 28928K, reserved 1075200K
  class space    used 3745K, capacity 4038K, committed 4096K, reserved 1048576K
Event: 4.602 GC heap after
Heap after GC invocations=7 (full 0):
 PSYoungGen      total 143360K, used 12267K [0x00000000d5580000, 0x00000000e7580000, 0x0000000100000000)
  eden space 131072K, 0% used [0x00000000d5580000,0x00000000d5580000,0x00000000dd580000)
  from space 12288K, 99% used [0x00000000dd580000,0x00000000de17acd8,0x00000000de180000)
  to   space 16384K, 0% used [0x00000000e6580000,0x00000000e6580000,0x00000000e7580000)
 ParOldGen       total 87552K, used 13111K [0x0000000080000000, 0x0000000085580000, 0x00000000d5580000)
  object space 87552K, 14% used [0x0000000080000000,0x0000000080ccde80,0x0000000085580000)
 Metaspace       used 27223K, capacity 28644K, committed 28928K, reserved 1075200K
  class space    used 3745K, capacity 4038K, committed 4096K, reserved 1048576K
}
Event: 6.646 GC heap before
{Heap before GC invocations=8 (full 0):
 PSYoungGen      total 143360K, used 143339K [0x00000000d5580000, 0x00000000e7580000, 0x0000000100000000)
  eden space 131072K, 100% used [0x00000000d5580000,0x00000000dd580000,0x00000000dd580000)
  from space 12288K, 99% used [0x00000000dd580000,0x00000000de17acd8,0x00000000de180000)
  to   space 16384K, 0% used [0x00000000e6580000,0x00000000e6580000,0x00000000e7580000)
 ParOldGen       total 87552K, used 13111K [0x0000000080000000, 0x0000000085580000, 0x00000000d5580000)
  object space 87552K, 14% used [0x0000000080000000,0x0000000080ccde80,0x0000000085580000)
 Metaspace       used 34656K, capacity 36928K, committed 36992K, reserved 1081344K
  class space    used 4773K, capacity 5218K, committed 5248K, reserved 1048576K
Event: 6.662 GC heap after
Heap after GC invocations=8 (full 0):
 PSYoungGen      total 276480K, used 15713K [0x00000000d5580000, 0x00000000e7980000, 0x0000000100000000)
  eden space 260096K, 0% used [0x00000000d5580000,0x00000000d5580000,0x00000000e5380000)
  from space 16384K, 95% used [0x00000000e6580000,0x00000000e74d8400,0x00000000e7580000)
  to   space 18432K, 0% used [0x00000000e5380000,0x00000000e5380000,0x00000000e6580000)
 ParOldGen       total 87552K, used 14350K [0x0000000080000000, 0x0000000085580000, 0x00000000d5580000)
  object space 87552K, 16% used [0x0000000080000000,0x0000000080e039a8,0x0000000085580000)
 Metaspace       used 34656K, capacity 36928K, committed 36992K, reserved 1081344K
  class space    used 4773K, capacity 5218K, committed 5248K, reserved 1048576K
}
Event: 41.643 GC heap before
{Heap before GC invocations=9 (full 0):
 PSYoungGen      total 276480K, used 275809K [0x00000000d5580000, 0x00000000e7980000, 0x0000000100000000)
  eden space 260096K, 100% used [0x00000000d5580000,0x00000000e5380000,0x00000000e5380000)
  from space 16384K, 95% used [0x00000000e6580000,0x00000000e74d8400,0x00000000e7580000)
  to   space 18432K, 0% used [0x00000000e5380000,0x00000000e5380000,0x00000000e6580000)
 ParOldGen       total 87552K, used 14350K [0x0000000080000000, 0x0000000085580000, 0x00000000d5580000)
  object space 87552K, 16% used [0x0000000080000000,0x0000000080e039a8,0x0000000085580000)
 Metaspace       used 51772K, capacity 55198K, committed 55424K, reserved 1097728K
  class space    used 7088K, capacity 7703K, committed 7808K, reserved 1048576K
Event: 41.666 GC heap after
Heap after GC invocations=9 (full 0):
 PSYoungGen      total 278528K, used 18400K [0x00000000d5580000, 0x00000000f2000000, 0x0000000100000000)
  eden space 260096K, 0% used [0x00000000d5580000,0x00000000d5580000,0x00000000e5380000)
  from space 18432K, 99% used [0x00000000e5380000,0x00000000e65780e0,0x00000000e6580000)
  to   space 26624K, 0% used [0x00000000f0600000,0x00000000f0600000,0x00000000f2000000)
 ParOldGen       total 87552K, used 28193K [0x0000000080000000, 0x0000000085580000, 0x00000000d5580000)
  object space 87552K, 32% used [0x0000000080000000,0x0000000081b885f8,0x0000000085580000)
 Metaspace       used 51772K, capacity 55198K, committed 55424K, reserved 1097728K
  class space    used 7088K, capacity 7703K, committed 7808K, reserved 1048576K
}
Event: 56.493 GC heap before
{Heap before GC invocations=10 (full 0):
 PSYoungGen      total 278528K, used 278405K [0x00000000d5580000, 0x00000000f2000000, 0x0000000100000000)
  eden space 260096K, 99% used [0x00000000d5580000,0x00000000e53693a8,0x00000000e5380000)
  from space 18432K, 99% used [0x00000000e5380000,0x00000000e65780e0,0x00000000e6580000)
  to   space 26624K, 0% used [0x00000000f0600000,0x00000000f0600000,0x00000000f2000000)
 ParOldGen       total 87552K, used 28193K [0x0000000080000000, 0x0000000085580000, 0x00000000d5580000)
  object space 87552K, 32% used [0x0000000080000000,0x0000000081b885f8,0x0000000085580000)
 Metaspace       used 54529K, capacity 58158K, committed 58368K, reserved 1099776K
  class space    used 7430K, capacity 8069K, committed 8192K, reserved 1048576K
Event: 56.521 GC heap after
Heap after GC invocations=10 (full 0):
 PSYoungGen      total 269824K, used 20787K [0x00000000d5580000, 0x00000000f1a80000, 0x0000000100000000)
  eden space 248832K, 0% used [0x00000000d5580000,0x00000000d5580000,0x00000000e4880000)
  from space 20992K, 99% used [0x00000000f0600000,0x00000000f1a4cce8,0x00000000f1a80000)
  to   space 28672K, 0% used [0x00000000ee280000,0x00000000ee280000,0x00000000efe80000)
 ParOldGen       total 87552K, used 34593K [0x0000000080000000, 0x0000000085580000, 0x00000000d5580000)
  object space 87552K, 39% used [0x0000000080000000,0x00000000821c86c8,0x0000000085580000)
 Metaspace       used 54529K, capacity 58158K, committed 58368K, reserved 1099776K
  class space    used 7430K, capacity 8069K, committed 8192K, reserved 1048576K
}

