# JRE version: Java(TM) SE Runtime Environment (8.0_201-b09) (build 1.8.0_201-b09)
# Java VM: Java HotSpot(TM) 64-Bit Server VM (25.201-b09 mixed mode windows-amd64 compressed oops)
Heap:
 PSYoungGen      total 240128K, used 189780K [0x00000000d5b80000, 0x00000000ea180000, 0x0000000100000000)
  eden space 203776K, 90% used [0x00000000d5b80000,0x00000000e0eacda0,0x00000000e2280000)
  from space 36352K, 17% used [0x00000000e2280000,0x00000000e28a8570,0x00000000e4600000)
  to   space 35840K, 0% used [0x00000000e7e80000,0x00000000e7e80000,0x00000000ea180000)
 ParOldGen       total 150528K, used 53948K [0x0000000081200000, 0x000000008a500000, 0x00000000d5b80000)
  object space 150528K, 35% used [0x0000000081200000,0x00000000846af108,0x000000008a500000)
 Metaspace       used 54508K, capacity 58178K, committed 58368K, reserved 1099776K
  class space    used 7451K, capacity 8109K, committed 8192K, reserved 1048576K
GC Heap History (10 events):
Event: 7.978 GC heap before
{Heap before GC invocations=12 (full 2):
 PSYoungGen      total 175616K, used 9714K [0x00000000d5b80000, 0x00000000e2680000, 0x0000000100000000)
  eden space 165888K, 0% used [0x00000000d5b80000,0x00000000d5b80000,0x00000000dfd80000)
  from space 9728K, 99% used [0x00000000e0900000,0x00000000e127c8a0,0x00000000e1280000)
  to   space 11776K, 0% used [0x00000000dfd80000,0x00000000dfd80000,0x00000000e0900000)
 ParOldGen       total 54272K, used 14639K [0x0000000081200000, 0x0000000084700000, 0x00000000d5b80000)
  object space 54272K, 26% used [0x0000000081200000,0x000000008204be58,0x0000000084700000)
 Metaspace       used 33267K, capacity 35364K, committed 35416K, reserved 1079296K
  class space    used 4573K, capacity 4964K, committed 4992K, reserved 1048576K
Event: 8.028 GC heap after
Heap after GC invocations=12 (full 2):
 PSYoungGen      total 175616K, used 0K [0x00000000d5b80000, 0x00000000e2680000, 0x0000000100000000)
  eden space 165888K, 0% used [0x00000000d5b80000,0x00000000d5b80000,0x00000000dfd80000)
  from space 9728K, 0% used [0x00000000e0900000,0x00000000e0900000,0x00000000e1280000)
  to   space 11776K, 0% used [0x00000000dfd80000,0x00000000dfd80000,0x00000000e0900000)
 ParOldGen       total 78336K, used 18168K [0x0000000081200000, 0x0000000085e80000, 0x00000000d5b80000)
  object space 78336K, 23% used [0x0000000081200000,0x00000000823be2b0,0x0000000085e80000)
 Metaspace       used 33267K, capacity 35364K, committed 35416K, reserved 1079296K
  class space    used 4573K, capacity 4964K, committed 4992K, reserved 1048576K
}
Event: 11.734 GC heap before
{Heap before GC invocations=13 (full 2):
 PSYoungGen      total 175616K, used 165888K [0x00000000d5b80000, 0x00000000e2680000, 0x0000000100000000)
  eden space 165888K, 100% used [0x00000000d5b80000,0x00000000dfd80000,0x00000000dfd80000)
  from space 9728K, 0% used [0x00000000e0900000,0x00000000e0900000,0x00000000e1280000)
  to   space 11776K, 0% used [0x00000000dfd80000,0x00000000dfd80000,0x00000000e0900000)
 ParOldGen       total 78336K, used 18168K [0x0000000081200000, 0x0000000085e80000, 0x00000000d5b80000)
  object space 78336K, 23% used [0x0000000081200000,0x00000000823be2b0,0x0000000085e80000)
 Metaspace       used 43201K, capacity 46050K, committed 46208K, reserved 1089536K
  class space    used 5951K, capacity 6471K, committed 6528K, reserved 1048576K
Event: 11.751 GC heap after
Heap after GC invocations=13 (full 2):
 PSYoungGen      total 177664K, used 11764K [0x00000000d5b80000, 0x00000000e5400000, 0x0000000100000000)
  eden space 165888K, 0% used [0x00000000d5b80000,0x00000000d5b80000,0x00000000dfd80000)
  from space 11776K, 99% used [0x00000000dfd80000,0x00000000e08fd1e0,0x00000000e0900000)
  to   space 14336K, 0% used [0x00000000e4600000,0x00000000e4600000,0x00000000e5400000)
 ParOldGen       total 78336K, used 21837K [0x0000000081200000, 0x0000000085e80000, 0x00000000d5b80000)
  object space 78336K, 27% used [0x0000000081200000,0x0000000082753688,0x0000000085e80000)
 Metaspace       used 43201K, capacity 46050K, committed 46208K, reserved 1089536K
  class space    used 5951K, capacity 6471K, committed 6528K, reserved 1048576K
}
Event: 24.788 GC heap before
{Heap before GC invocations=14 (full 2):
 PSYoungGen      total 177664K, used 177652K [0x00000000d5b80000, 0x00000000e5400000, 0x0000000100000000)
  eden space 165888K, 100% used [0x00000000d5b80000,0x00000000dfd80000,0x00000000dfd80000)
  from space 11776K, 99% used [0x00000000dfd80000,0x00000000e08fd1e0,0x00000000e0900000)
  to   space 14336K, 0% used [0x00000000e4600000,0x00000000e4600000,0x00000000e5400000)
 ParOldGen       total 78336K, used 21837K [0x0000000081200000, 0x0000000085e80000, 0x00000000d5b80000)
  object space 78336K, 27% used [0x0000000081200000,0x0000000082753688,0x0000000085e80000)
 Metaspace       used 54058K, capacity 57690K, committed 57984K, reserved 1099776K
  class space    used 7366K, capacity 8023K, committed 8064K, reserved 1048576K
Event: 24.821 GC heap after
Heap after GC invocations=14 (full 2):
 PSYoungGen      total 218112K, used 14335K [0x00000000d5b80000, 0x00000000e7980000, 0x0000000100000000)
  eden space 203776K, 0% used [0x00000000d5b80000,0x00000000d5b80000,0x00000000e2280000)
  from space 14336K, 99% used [0x00000000e4600000,0x00000000e53ffe78,0x00000000e5400000)
  to   space 36352K, 0% used [0x00000000e2280000,0x00000000e2280000,0x00000000e4600000)
 ParOldGen       total 78336K, used 76983K [0x0000000081200000, 0x0000000085e80000, 0x00000000d5b80000)
  object space 78336K, 98% used [0x0000000081200000,0x0000000085d2dff8,0x0000000085e80000)
 Metaspace       used 54058K, capacity 57690K, committed 57984K, reserved 1099776K
  class space    used 7366K, capacity 8023K, committed 8064K, reserved 1048576K
}
Event: 24.821 GC heap before
{Heap before GC invocations=15 (full 3):
 PSYoungGen      total 218112K, used 14335K [0x00000000d5b80000, 0x00000000e7980000, 0x0000000100000000)
  eden space 203776K, 0% used [0x00000000d5b80000,0x00000000d5b80000,0x00000000e2280000)
  from space 14336K, 99% used [0x00000000e4600000,0x00000000e53ffe78,0x00000000e5400000)
  to   space 36352K, 0% used [0x00000000e2280000,0x00000000e2280000,0x00000000e4600000)
 ParOldGen       total 78336K, used 76983K [0x0000000081200000, 0x0000000085e80000, 0x00000000d5b80000)
  object space 78336K, 98% used [0x0000000081200000,0x0000000085d2dff8,0x0000000085e80000)
 Metaspace       used 54058K, capacity 57690K, committed 57984K, reserved 1099776K
  class space    used 7366K, capacity 8023K, committed 8064K, reserved 1048576K
Event: 24.990 GC heap after
Heap after GC invocations=15 (full 3):
 PSYoungGen      total 218112K, used 0K [0x00000000d5b80000, 0x00000000e7980000, 0x0000000100000000)
  eden space 203776K, 0% used [0x00000000d5b80000,0x00000000d5b80000,0x00000000e2280000)
  from space 14336K, 0% used [0x00000000e4600000,0x00000000e4600000,0x00000000e5400000)
  to   space 36352K, 0% used [0x00000000e2280000,0x00000000e2280000,0x00000000e4600000)
 ParOldGen       total 150528K, used 53940K [0x0000000081200000, 0x000000008a500000, 0x00000000d5b80000)
  object space 150528K, 35% used [0x0000000081200000,0x00000000846ad108,0x000000008a500000)
 Metaspace       used 54058K, capacity 57690K, committed 57984K, reserved 1099776K
  class space    used 7366K, capacity 8023K, committed 8064K, reserved 1048576K
}
Event: 49.846 GC heap before
{Heap before GC invocations=16 (full 3):
 PSYoungGen      total 218112K, used 203776K [0x00000000d5b80000, 0x00000000e7980000, 0x0000000100000000)
  eden space 203776K, 100% used [0x00000000d5b80000,0x00000000e2280000,0x00000000e2280000)
  from space 14336K, 0% used [0x00000000e4600000,0x00000000e4600000,0x00000000e5400000)
  to   space 36352K, 0% used [0x00000000e2280000,0x00000000e2280000,0x00000000e4600000)
 ParOldGen       total 150528K, used 53940K [0x0000000081200000, 0x000000008a500000, 0x00000000d5b80000)
  object space 150528K, 35% used [0x0000000081200000,0x00000000846ad108,0x000000008a500000)
 Metaspace       used 54235K, capacity 57802K, committed 57984K, reserved 1099776K
  class space    used 7408K, capacity 8035K, committed 8064K, reserved 1048576K
Event: 49.849 GC heap after
Heap after GC invocations=16 (full 3):
 PSYoungGen      total 240128K, used 6305K [0x00000000d5b80000, 0x00000000ea180000, 0x0000000100000000)
  eden space 203776K, 0% used [0x00000000d5b80000,0x00000000d5b80000,0x00000000e2280000)
  from space 36352K, 17% used [0x00000000e2280000,0x00000000e28a8570,0x00000000e4600000)
  to   space 35840K, 0% used [0x00000000e7e80000,0x00000000e7e80000,0x00000000ea180000)
 ParOldGen       total 150528K, used 53948K [0x0000000081200000, 0x000000008a500000, 0x00000000d5b80000)
  object space 150528K, 35% used [0x0000000081200000,0x00000000846af108,0x000000008a500000)
 Metaspace       used 54235K, capacity 57802K, committed 57984K, reserved 1099776K
  class space    used 7408K, capacity 8035K, committed 8064K, reserved 1048576K
}

