# JRE version: Java(TM) SE Runtime Environment (8.0_201-b09) (build 1.8.0_201-b09)
# Java VM: Java HotSpot(TM) 64-Bit Server VM (25.201-b09 mixed mode windows-amd64 compressed oops)
Heap:
 PSYoungGen      total 403456K, used 80455K [0x00000000d5b80000, 0x00000000f0980000, 0x0000000100000000)
  eden space 386048K, 16% used [0x00000000d5b80000,0x00000000d99178d0,0x00000000ed480000)
  from space 17408K, 99% used [0x00000000ee880000,0x00000000ef97a560,0x00000000ef980000)
  to   space 20480K, 0% used [0x00000000ed480000,0x00000000ed480000,0x00000000ee880000)
 ParOldGen       total 76288K, used 32117K [0x0000000081200000, 0x0000000085c80000, 0x00000000d5b80000)
  object space 76288K, 42% used [0x0000000081200000,0x000000008315d7a0,0x0000000085c80000)
 Metaspace       used 54312K, capacity 57936K, committed 58200K, reserved 1099776K
  class space    used 7411K, capacity 8040K, committed 8064K, reserved 1048576K
GC Heap History (10 events):
Event: 3.859 GC heap before
{Heap before GC invocations=10 (full 1):
 PSYoungGen      total 238080K, used 35202K [0x00000000d5b80000, 0x00000000e5500000, 0x0000000100000000)
  eden space 225792K, 10% used [0x00000000d5b80000,0x00000000d71e8328,0x00000000e3800000)
  from space 12288K, 99% used [0x00000000e4900000,0x00000000e54f8568,0x00000000e5500000)
  to   space 13824K, 0% used [0x00000000e3a00000,0x00000000e3a00000,0x00000000e4780000)
 ParOldGen       total 54272K, used 10313K [0x0000000081200000, 0x0000000084700000, 0x00000000d5b80000)
  object space 54272K, 19% used [0x0000000081200000,0x0000000081c125e8,0x0000000084700000)
 Metaspace       used 33203K, capacity 35328K, committed 35416K, reserved 1079296K
  class space    used 4567K, capacity 4962K, committed 4992K, reserved 1048576K
Event: 3.865 GC heap after
Heap after GC invocations=10 (full 1):
 PSYoungGen      total 241664K, used 9124K [0x00000000d5b80000, 0x00000000eb680000, 0x0000000100000000)
  eden space 227840K, 0% used [0x00000000d5b80000,0x00000000d5b80000,0x00000000e3a00000)
  from space 13824K, 66% used [0x00000000e3a00000,0x00000000e42e9300,0x00000000e4780000)
  to   space 13824K, 0% used [0x00000000ea900000,0x00000000ea900000,0x00000000eb680000)
 ParOldGen       total 54272K, used 10321K [0x0000000081200000, 0x0000000084700000, 0x00000000d5b80000)
  object space 54272K, 19% used [0x0000000081200000,0x0000000081c145e8,0x0000000084700000)
 Metaspace       used 33203K, capacity 35328K, committed 35416K, reserved 1079296K
  class space    used 4567K, capacity 4962K, committed 4992K, reserved 1048576K
}
Event: 3.865 GC heap before
{Heap before GC invocations=11 (full 2):
 PSYoungGen      total 241664K, used 9124K [0x00000000d5b80000, 0x00000000eb680000, 0x0000000100000000)
  eden space 227840K, 0% used [0x00000000d5b80000,0x00000000d5b80000,0x00000000e3a00000)
  from space 13824K, 66% used [0x00000000e3a00000,0x00000000e42e9300,0x00000000e4780000)
  to   space 13824K, 0% used [0x00000000ea900000,0x00000000ea900000,0x00000000eb680000)
 ParOldGen       total 54272K, used 10321K [0x0000000081200000, 0x0000000084700000, 0x00000000d5b80000)
  object space 54272K, 19% used [0x0000000081200000,0x0000000081c145e8,0x0000000084700000)
 Metaspace       used 33203K, capacity 35328K, committed 35416K, reserved 1079296K
  class space    used 4567K, capacity 4962K, committed 4992K, reserved 1048576K
Event: 3.914 GC heap after
Heap after GC invocations=11 (full 2):
 PSYoungGen      total 241664K, used 0K [0x00000000d5b80000, 0x00000000eb680000, 0x0000000100000000)
  eden space 227840K, 0% used [0x00000000d5b80000,0x00000000d5b80000,0x00000000e3a00000)
  from space 13824K, 0% used [0x00000000e3a00000,0x00000000e3a00000,0x00000000e4780000)
  to   space 13824K, 0% used [0x00000000ea900000,0x00000000ea900000,0x00000000eb680000)
 ParOldGen       total 76288K, used 15118K [0x0000000081200000, 0x0000000085c80000, 0x00000000d5b80000)
  object space 76288K, 19% used [0x0000000081200000,0x00000000820c3ae0,0x0000000085c80000)
 Metaspace       used 33203K, capacity 35328K, committed 35416K, reserved 1079296K
  class space    used 4567K, capacity 4962K, committed 4992K, reserved 1048576K
}
Event: 10.448 GC heap before
{Heap before GC invocations=12 (full 2):
 PSYoungGen      total 241664K, used 227812K [0x00000000d5b80000, 0x00000000eb680000, 0x0000000100000000)
  eden space 227840K, 99% used [0x00000000d5b80000,0x00000000e39f9290,0x00000000e3a00000)
  from space 13824K, 0% used [0x00000000e3a00000,0x00000000e3a00000,0x00000000e4780000)
  to   space 13824K, 0% used [0x00000000ea900000,0x00000000ea900000,0x00000000eb680000)
 ParOldGen       total 76288K, used 15118K [0x0000000081200000, 0x0000000085c80000, 0x00000000d5b80000)
  object space 76288K, 19% used [0x0000000081200000,0x00000000820c3ae0,0x0000000085c80000)
 Metaspace       used 47467K, capacity 50744K, committed 51032K, reserved 1093632K
  class space    used 6588K, capacity 7218K, committed 7296K, reserved 1048576K
Event: 10.466 GC heap after
Heap after GC invocations=12 (full 2):
 PSYoungGen      total 316416K, used 13818K [0x00000000d5b80000, 0x00000000eb680000, 0x0000000100000000)
  eden space 302592K, 0% used [0x00000000d5b80000,0x00000000d5b80000,0x00000000e8300000)
  from space 13824K, 99% used [0x00000000ea900000,0x00000000eb67eae0,0x00000000eb680000)
  to   space 17408K, 0% used [0x00000000e9480000,0x00000000e9480000,0x00000000ea580000)
 ParOldGen       total 76288K, used 20476K [0x0000000081200000, 0x0000000085c80000, 0x00000000d5b80000)
  object space 76288K, 26% used [0x0000000081200000,0x00000000825ff0f8,0x0000000085c80000)
 Metaspace       used 47467K, capacity 50744K, committed 51032K, reserved 1093632K
  class space    used 6588K, capacity 7218K, committed 7296K, reserved 1048576K
}
Event: 27.745 GC heap before
{Heap before GC invocations=13 (full 2):
 PSYoungGen      total 316416K, used 316410K [0x00000000d5b80000, 0x00000000eb680000, 0x0000000100000000)
  eden space 302592K, 100% used [0x00000000d5b80000,0x00000000e8300000,0x00000000e8300000)
  from space 13824K, 99% used [0x00000000ea900000,0x00000000eb67eae0,0x00000000eb680000)
  to   space 17408K, 0% used [0x00000000e9480000,0x00000000e9480000,0x00000000ea580000)
 ParOldGen       total 76288K, used 20476K [0x0000000081200000, 0x0000000085c80000, 0x00000000d5b80000)
  object space 76288K, 26% used [0x0000000081200000,0x00000000825ff0f8,0x0000000085c80000)
 Metaspace       used 54234K, capacity 57818K, committed 57944K, reserved 1099776K
  class space    used 7397K, capacity 8029K, committed 8064K, reserved 1048576K
Event: 27.759 GC heap after
Heap after GC invocations=13 (full 2):
 PSYoungGen      total 337920K, used 12446K [0x00000000d5b80000, 0x00000000ef980000, 0x0000000100000000)
  eden space 320512K, 0% used [0x00000000d5b80000,0x00000000d5b80000,0x00000000e9480000)
  from space 17408K, 71% used [0x00000000e9480000,0x00000000ea0a7868,0x00000000ea580000)
  to   space 17408K, 0% used [0x00000000ee880000,0x00000000ee880000,0x00000000ef980000)
 ParOldGen       total 76288K, used 29748K [0x0000000081200000, 0x0000000085c80000, 0x00000000d5b80000)
  object space 76288K, 38% used [0x0000000081200000,0x0000000082f0d058,0x0000000085c80000)
 Metaspace       used 54234K, capacity 57818K, committed 57944K, reserved 1099776K
  class space    used 7397K, capacity 8029K, committed 8064K, reserved 1048576K
}
Event: 45.461 GC heap before
{Heap before GC invocations=14 (full 2):
 PSYoungGen      total 337920K, used 332958K [0x00000000d5b80000, 0x00000000ef980000, 0x0000000100000000)
  eden space 320512K, 100% used [0x00000000d5b80000,0x00000000e9480000,0x00000000e9480000)
  from space 17408K, 71% used [0x00000000e9480000,0x00000000ea0a7868,0x00000000ea580000)
  to   space 17408K, 0% used [0x00000000ee880000,0x00000000ee880000,0x00000000ef980000)
 ParOldGen       total 76288K, used 29748K [0x0000000081200000, 0x0000000085c80000, 0x00000000d5b80000)
  object space 76288K, 38% used [0x0000000081200000,0x0000000082f0d058,0x0000000085c80000)
 Metaspace       used 54310K, capacity 57936K, committed 58200K, reserved 1099776K
  class space    used 7411K, capacity 8040K, committed 8064K, reserved 1048576K
Event: 45.471 GC heap after
Heap after GC invocations=14 (full 2):
 PSYoungGen      total 403456K, used 17385K [0x00000000d5b80000, 0x00000000f0980000, 0x0000000100000000)
  eden space 386048K, 0% used [0x00000000d5b80000,0x00000000d5b80000,0x00000000ed480000)
  from space 17408K, 99% used [0x00000000ee880000,0x00000000ef97a560,0x00000000ef980000)
  to   space 20480K, 0% used [0x00000000ed480000,0x00000000ed480000,0x00000000ee880000)
 ParOldGen       total 76288K, used 32117K [0x0000000081200000, 0x0000000085c80000, 0x00000000d5b80000)
  object space 76288K, 42% used [0x0000000081200000,0x000000008315d7a0,0x0000000085c80000)
 Metaspace       used 54310K, capacity 57936K, committed 58200K, reserved 1099776K
  class space    used 7411K, capacity 8040K, committed 8064K, reserved 1048576K
}

