# JRE version: Java(TM) SE Runtime Environment (8.0_201-b09) (build 1.8.0_201-b09)
# Java VM: Java HotSpot(TM) 64-Bit Server VM (25.201-b09 mixed mode windows-amd64 compressed oops)
Heap:
 PSYoungGen      total 214528K, used 119411K [0x00000000d5b80000, 0x00000000e7180000, 0x0000000100000000)
  eden space 196608K, 60% used [0x00000000d5b80000,0x00000000dd01cfb0,0x00000000e1b80000)
  from space 17920K, 0% used [0x00000000e1b80000,0x00000000e1b80000,0x00000000e2d00000)
  to   space 17920K, 0% used [0x00000000e6000000,0x00000000e6000000,0x00000000e7180000)
 ParOldGen       total 117760K, used 27264K [0x0000000081200000, 0x0000000088500000, 0x00000000d5b80000)
  object space 117760K, 23% used [0x0000000081200000,0x0000000082ca0118,0x0000000088500000)
 Metaspace       used 55531K, capacity 59218K, committed 59480K, reserved 1099776K
  class space    used 7593K, capacity 8242K, committed 8320K, reserved 1048576K
GC Heap History (10 events):
Event: 5.070 GC heap before
{Heap before GC invocations=12 (full 2):
 PSYoungGen      total 167424K, used 8283K [0x00000000d5b80000, 0x00000000e0900000, 0x0000000100000000)
  eden space 157184K, 0% used [0x00000000d5b80000,0x00000000d5b80000,0x00000000df500000)
  from space 10240K, 80% used [0x00000000dff00000,0x00000000e0716fb8,0x00000000e0900000)
  to   space 10240K, 0% used [0x00000000df500000,0x00000000df500000,0x00000000dff00000)
 ParOldGen       total 52224K, used 13344K [0x0000000081200000, 0x0000000084500000, 0x00000000d5b80000)
  object space 52224K, 25% used [0x0000000081200000,0x0000000081f08138,0x0000000084500000)
 Metaspace       used 33248K, capacity 35330K, committed 35416K, reserved 1079296K
  class space    used 4580K, capacity 4959K, committed 4992K, reserved 1048576K
Event: 5.114 GC heap after
Heap after GC invocations=12 (full 2):
 PSYoungGen      total 167424K, used 0K [0x00000000d5b80000, 0x00000000e0900000, 0x0000000100000000)
  eden space 157184K, 0% used [0x00000000d5b80000,0x00000000d5b80000,0x00000000df500000)
  from space 10240K, 0% used [0x00000000dff00000,0x00000000dff00000,0x00000000e0900000)
  to   space 10240K, 0% used [0x00000000df500000,0x00000000df500000,0x00000000dff00000)
 ParOldGen       total 82944K, used 16543K [0x0000000081200000, 0x0000000086300000, 0x00000000d5b80000)
  object space 82944K, 19% used [0x0000000081200000,0x0000000082227cc0,0x0000000086300000)
 Metaspace       used 33248K, capacity 35330K, committed 35416K, reserved 1079296K
  class space    used 4580K, capacity 4959K, committed 4992K, reserved 1048576K
}
Event: 7.205 GC heap before
{Heap before GC invocations=13 (full 2):
 PSYoungGen      total 167424K, used 157184K [0x00000000d5b80000, 0x00000000e0900000, 0x0000000100000000)
  eden space 157184K, 100% used [0x00000000d5b80000,0x00000000df500000,0x00000000df500000)
  from space 10240K, 0% used [0x00000000dff00000,0x00000000dff00000,0x00000000e0900000)
  to   space 10240K, 0% used [0x00000000df500000,0x00000000df500000,0x00000000dff00000)
 ParOldGen       total 82944K, used 16543K [0x0000000081200000, 0x0000000086300000, 0x00000000d5b80000)
  object space 82944K, 19% used [0x0000000081200000,0x0000000082227cc0,0x0000000086300000)
 Metaspace       used 41590K, capacity 44460K, committed 44632K, reserved 1087488K
  class space    used 5750K, capacity 6271K, committed 6272K, reserved 1048576K
Event: 7.215 GC heap after
Heap after GC invocations=13 (full 2):
 PSYoungGen      total 167424K, used 10214K [0x00000000d5b80000, 0x00000000e3a00000, 0x0000000100000000)
  eden space 157184K, 0% used [0x00000000d5b80000,0x00000000d5b80000,0x00000000df500000)
  from space 10240K, 99% used [0x00000000df500000,0x00000000dfef98a8,0x00000000dff00000)
  to   space 12288K, 0% used [0x00000000e2e00000,0x00000000e2e00000,0x00000000e3a00000)
 ParOldGen       total 82944K, used 19851K [0x0000000081200000, 0x0000000086300000, 0x00000000d5b80000)
  object space 82944K, 23% used [0x0000000081200000,0x0000000082562ef0,0x0000000086300000)
 Metaspace       used 41590K, capacity 44460K, committed 44632K, reserved 1087488K
  class space    used 5750K, capacity 6271K, committed 6272K, reserved 1048576K
}
Event: 45.252 GC heap before
{Heap before GC invocations=14 (full 2):
 PSYoungGen      total 167424K, used 167398K [0x00000000d5b80000, 0x00000000e3a00000, 0x0000000100000000)
  eden space 157184K, 100% used [0x00000000d5b80000,0x00000000df500000,0x00000000df500000)
  from space 10240K, 99% used [0x00000000df500000,0x00000000dfef98a8,0x00000000dff00000)
  to   space 12288K, 0% used [0x00000000e2e00000,0x00000000e2e00000,0x00000000e3a00000)
 ParOldGen       total 82944K, used 19851K [0x0000000081200000, 0x0000000086300000, 0x00000000d5b80000)
  object space 82944K, 23% used [0x0000000081200000,0x0000000082562ef0,0x0000000086300000)
 Metaspace       used 53897K, capacity 57498K, committed 57688K, reserved 1099776K
  class space    used 7381K, capacity 8036K, committed 8064K, reserved 1048576K
Event: 45.267 GC heap after
Heap after GC invocations=14 (full 2):
 PSYoungGen      total 208896K, used 12266K [0x00000000d5b80000, 0x00000000e3e80000, 0x0000000100000000)
  eden space 196608K, 0% used [0x00000000d5b80000,0x00000000d5b80000,0x00000000e1b80000)
  from space 12288K, 99% used [0x00000000e2e00000,0x00000000e39fa9a0,0x00000000e3a00000)
  to   space 17920K, 0% used [0x00000000e1b80000,0x00000000e1b80000,0x00000000e2d00000)
 ParOldGen       total 82944K, used 30700K [0x0000000081200000, 0x0000000086300000, 0x00000000d5b80000)
  object space 82944K, 37% used [0x0000000081200000,0x0000000082ffb070,0x0000000086300000)
 Metaspace       used 53897K, capacity 57498K, committed 57688K, reserved 1099776K
  class space    used 7381K, capacity 8036K, committed 8064K, reserved 1048576K
}
Event: 45.616 GC heap before
{Heap before GC invocations=15 (full 2):
 PSYoungGen      total 208896K, used 26808K [0x00000000d5b80000, 0x00000000e3e80000, 0x0000000100000000)
  eden space 196608K, 7% used [0x00000000d5b80000,0x00000000d69b3668,0x00000000e1b80000)
  from space 12288K, 99% used [0x00000000e2e00000,0x00000000e39fa9a0,0x00000000e3a00000)
  to   space 17920K, 0% used [0x00000000e1b80000,0x00000000e1b80000,0x00000000e2d00000)
 ParOldGen       total 82944K, used 30700K [0x0000000081200000, 0x0000000086300000, 0x00000000d5b80000)
  object space 82944K, 37% used [0x0000000081200000,0x0000000082ffb070,0x0000000086300000)
 Metaspace       used 55085K, capacity 58756K, committed 58968K, reserved 1099776K
  class space    used 7534K, capacity 8199K, committed 8320K, reserved 1048576K
Event: 45.623 GC heap after
Heap after GC invocations=15 (full 2):
 PSYoungGen      total 214528K, used 1964K [0x00000000d5b80000, 0x00000000e7180000, 0x0000000100000000)
  eden space 196608K, 0% used [0x00000000d5b80000,0x00000000d5b80000,0x00000000e1b80000)
  from space 17920K, 10% used [0x00000000e1b80000,0x00000000e1d6b268,0x00000000e2d00000)
  to   space 17920K, 0% used [0x00000000e6000000,0x00000000e6000000,0x00000000e7180000)
 ParOldGen       total 82944K, used 39929K [0x0000000081200000, 0x0000000086300000, 0x00000000d5b80000)
  object space 82944K, 48% used [0x0000000081200000,0x00000000838fe6e0,0x0000000086300000)
 Metaspace       used 55085K, capacity 58756K, committed 58968K, reserved 1099776K
  class space    used 7534K, capacity 8199K, committed 8320K, reserved 1048576K
}
Event: 45.623 GC heap before
{Heap before GC invocations=16 (full 3):
 PSYoungGen      total 214528K, used 1964K [0x00000000d5b80000, 0x00000000e7180000, 0x0000000100000000)
  eden space 196608K, 0% used [0x00000000d5b80000,0x00000000d5b80000,0x00000000e1b80000)
  from space 17920K, 10% used [0x00000000e1b80000,0x00000000e1d6b268,0x00000000e2d00000)
  to   space 17920K, 0% used [0x00000000e6000000,0x00000000e6000000,0x00000000e7180000)
 ParOldGen       total 82944K, used 39929K [0x0000000081200000, 0x0000000086300000, 0x00000000d5b80000)
  object space 82944K, 48% used [0x0000000081200000,0x00000000838fe6e0,0x0000000086300000)
 Metaspace       used 55085K, capacity 58756K, committed 58968K, reserved 1099776K
  class space    used 7534K, capacity 8199K, committed 8320K, reserved 1048576K
Event: 45.739 GC heap after
Heap after GC invocations=16 (full 3):
 PSYoungGen      total 214528K, used 0K [0x00000000d5b80000, 0x00000000e7180000, 0x0000000100000000)
  eden space 196608K, 0% used [0x00000000d5b80000,0x00000000d5b80000,0x00000000e1b80000)
  from space 17920K, 0% used [0x00000000e1b80000,0x00000000e1b80000,0x00000000e2d00000)
  to   space 17920K, 0% used [0x00000000e6000000,0x00000000e6000000,0x00000000e7180000)
 ParOldGen       total 117760K, used 27264K [0x0000000081200000, 0x0000000088500000, 0x00000000d5b80000)
  object space 117760K, 23% used [0x0000000081200000,0x0000000082ca0118,0x0000000088500000)
 Metaspace       used 55085K, capacity 58756K, committed 58968K, reserved 1099776K
  class space    used 7534K, capacity 8199K, committed 8320K, reserved 1048576K
}

