# JRE version: Java(TM) SE Runtime Environment (8.0_201-b09) (build 1.8.0_201-b09)
# Java VM: Java HotSpot(TM) 64-Bit Server VM (25.201-b09 mixed mode windows-amd64 compressed oops)
Heap:
 PSYoungGen      total 222720K, used 149562K [0x00000000d5b80000, 0x00000000e8480000, 0x0000000100000000)
  eden space 205312K, 72% used [0x00000000d5b80000,0x00000000ded8e820,0x00000000e2400000)
  from space 17408K, 0% used [0x00000000e2400000,0x00000000e2400000,0x00000000e3500000)
  to   space 17920K, 0% used [0x00000000e7300000,0x00000000e7300000,0x00000000e8480000)
 ParOldGen       total 110592K, used 27008K [0x0000000081200000, 0x0000000087e00000, 0x00000000d5b80000)
  object space 110592K, 24% used [0x0000000081200000,0x0000000082c60180,0x0000000087e00000)
 Metaspace       used 55673K, capacity 59388K, committed 59480K, reserved 1099776K
  class space    used 7626K, capacity 8275K, committed 8320K, reserved 1048576K
GC Heap History (10 events):
Event: 6.462 GC heap before
{Heap before GC invocations=12 (full 2):
 PSYoungGen      total 170496K, used 8149K [0x00000000d5b80000, 0x00000000e0d00000, 0x0000000100000000)
  eden space 160256K, 0% used [0x00000000d5b80000,0x00000000d5b80000,0x00000000df800000)
  from space 10240K, 79% used [0x00000000e0200000,0x00000000e09f56c0,0x00000000e0c00000)
  to   space 10240K, 0% used [0x00000000df800000,0x00000000df800000,0x00000000e0200000)
 ParOldGen       total 51712K, used 13582K [0x0000000081200000, 0x0000000084480000, 0x00000000d5b80000)
  object space 51712K, 26% used [0x0000000081200000,0x0000000081f439d0,0x0000000084480000)
 Metaspace       used 33253K, capacity 35336K, committed 35416K, reserved 1079296K
  class space    used 4583K, capacity 4960K, committed 4992K, reserved 1048576K
Event: 6.520 GC heap after
Heap after GC invocations=12 (full 2):
 PSYoungGen      total 170496K, used 0K [0x00000000d5b80000, 0x00000000e0d00000, 0x0000000100000000)
  eden space 160256K, 0% used [0x00000000d5b80000,0x00000000d5b80000,0x00000000df800000)
  from space 10240K, 0% used [0x00000000e0200000,0x00000000e0200000,0x00000000e0c00000)
  to   space 10240K, 0% used [0x00000000df800000,0x00000000df800000,0x00000000e0200000)
 ParOldGen       total 79872K, used 16508K [0x0000000081200000, 0x0000000086000000, 0x00000000d5b80000)
  object space 79872K, 20% used [0x0000000081200000,0x000000008221f318,0x0000000086000000)
 Metaspace       used 33253K, capacity 35336K, committed 35416K, reserved 1079296K
  class space    used 4583K, capacity 4960K, committed 4992K, reserved 1048576K
}
Event: 8.722 GC heap before
{Heap before GC invocations=13 (full 2):
 PSYoungGen      total 170496K, used 160256K [0x00000000d5b80000, 0x00000000e0d00000, 0x0000000100000000)
  eden space 160256K, 100% used [0x00000000d5b80000,0x00000000df800000,0x00000000df800000)
  from space 10240K, 0% used [0x00000000e0200000,0x00000000e0200000,0x00000000e0c00000)
  to   space 10240K, 0% used [0x00000000df800000,0x00000000df800000,0x00000000e0200000)
 ParOldGen       total 79872K, used 16508K [0x0000000081200000, 0x0000000086000000, 0x00000000d5b80000)
  object space 79872K, 20% used [0x0000000081200000,0x000000008221f318,0x0000000086000000)
 Metaspace       used 41755K, capacity 44700K, committed 45016K, reserved 1087488K
  class space    used 5779K, capacity 6307K, committed 6400K, reserved 1048576K
Event: 8.733 GC heap after
Heap after GC invocations=13 (full 2):
 PSYoungGen      total 170496K, used 10233K [0x00000000d5b80000, 0x00000000e4380000, 0x0000000100000000)
  eden space 160256K, 0% used [0x00000000d5b80000,0x00000000d5b80000,0x00000000df800000)
  from space 10240K, 99% used [0x00000000df800000,0x00000000e01fe4f8,0x00000000e0200000)
  to   space 12800K, 0% used [0x00000000e3700000,0x00000000e3700000,0x00000000e4380000)
 ParOldGen       total 79872K, used 19975K [0x0000000081200000, 0x0000000086000000, 0x00000000d5b80000)
  object space 79872K, 25% used [0x0000000081200000,0x0000000082581d00,0x0000000086000000)
 Metaspace       used 41755K, capacity 44700K, committed 45016K, reserved 1087488K
  class space    used 5779K, capacity 6307K, committed 6400K, reserved 1048576K
}
Event: 58.800 GC heap before
{Heap before GC invocations=14 (full 2):
 PSYoungGen      total 170496K, used 170489K [0x00000000d5b80000, 0x00000000e4380000, 0x0000000100000000)
  eden space 160256K, 100% used [0x00000000d5b80000,0x00000000df800000,0x00000000df800000)
  from space 10240K, 99% used [0x00000000df800000,0x00000000e01fe4f8,0x00000000e0200000)
  to   space 12800K, 0% used [0x00000000e3700000,0x00000000e3700000,0x00000000e4380000)
 ParOldGen       total 79872K, used 19975K [0x0000000081200000, 0x0000000086000000, 0x00000000d5b80000)
  object space 79872K, 25% used [0x0000000081200000,0x0000000082581d00,0x0000000086000000)
 Metaspace       used 54048K, capacity 57764K, committed 57944K, reserved 1099776K
  class space    used 7401K, capacity 8037K, committed 8064K, reserved 1048576K
Event: 58.815 GC heap after
Heap after GC invocations=14 (full 2):
 PSYoungGen      total 218112K, used 12793K [0x00000000d5b80000, 0x00000000e4600000, 0x0000000100000000)
  eden space 205312K, 0% used [0x00000000d5b80000,0x00000000d5b80000,0x00000000e2400000)
  from space 12800K, 99% used [0x00000000e3700000,0x00000000e437e5e0,0x00000000e4380000)
  to   space 17408K, 0% used [0x00000000e2400000,0x00000000e2400000,0x00000000e3500000)
 ParOldGen       total 79872K, used 29805K [0x0000000081200000, 0x0000000086000000, 0x00000000d5b80000)
  object space 79872K, 37% used [0x0000000081200000,0x0000000082f1b630,0x0000000086000000)
 Metaspace       used 54048K, capacity 57764K, committed 57944K, reserved 1099776K
  class space    used 7401K, capacity 8037K, committed 8064K, reserved 1048576K
}
Event: 59.049 GC heap before
{Heap before GC invocations=15 (full 2):
 PSYoungGen      total 218112K, used 24928K [0x00000000d5b80000, 0x00000000e4600000, 0x0000000100000000)
  eden space 205312K, 5% used [0x00000000d5b80000,0x00000000d6759d98,0x00000000e2400000)
  from space 12800K, 99% used [0x00000000e3700000,0x00000000e437e5e0,0x00000000e4380000)
  to   space 17408K, 0% used [0x00000000e2400000,0x00000000e2400000,0x00000000e3500000)
 ParOldGen       total 79872K, used 29805K [0x0000000081200000, 0x0000000086000000, 0x00000000d5b80000)
  object space 79872K, 37% used [0x0000000081200000,0x0000000082f1b630,0x0000000086000000)
 Metaspace       used 55074K, capacity 58760K, committed 58968K, reserved 1099776K
  class space    used 7534K, capacity 8199K, committed 8320K, reserved 1048576K
Event: 59.054 GC heap after
Heap after GC invocations=15 (full 2):
 PSYoungGen      total 222720K, used 1342K [0x00000000d5b80000, 0x00000000e8480000, 0x0000000100000000)
  eden space 205312K, 0% used [0x00000000d5b80000,0x00000000d5b80000,0x00000000e2400000)
  from space 17408K, 7% used [0x00000000e2400000,0x00000000e254f948,0x00000000e3500000)
  to   space 17920K, 0% used [0x00000000e7300000,0x00000000e7300000,0x00000000e8480000)
 ParOldGen       total 79872K, used 39357K [0x0000000081200000, 0x0000000086000000, 0x00000000d5b80000)
  object space 79872K, 49% used [0x0000000081200000,0x000000008386f5b8,0x0000000086000000)
 Metaspace       used 55074K, capacity 58760K, committed 58968K, reserved 1099776K
  class space    used 7534K, capacity 8199K, committed 8320K, reserved 1048576K
}
Event: 59.054 GC heap before
{Heap before GC invocations=16 (full 3):
 PSYoungGen      total 222720K, used 1342K [0x00000000d5b80000, 0x00000000e8480000, 0x0000000100000000)
  eden space 205312K, 0% used [0x00000000d5b80000,0x00000000d5b80000,0x00000000e2400000)
  from space 17408K, 7% used [0x00000000e2400000,0x00000000e254f948,0x00000000e3500000)
  to   space 17920K, 0% used [0x00000000e7300000,0x00000000e7300000,0x00000000e8480000)
 ParOldGen       total 79872K, used 39357K [0x0000000081200000, 0x0000000086000000, 0x00000000d5b80000)
  object space 79872K, 49% used [0x0000000081200000,0x000000008386f5b8,0x0000000086000000)
 Metaspace       used 55074K, capacity 58760K, committed 58968K, reserved 1099776K
  class space    used 7534K, capacity 8199K, committed 8320K, reserved 1048576K
Event: 59.166 GC heap after
Heap after GC invocations=16 (full 3):
 PSYoungGen      total 222720K, used 0K [0x00000000d5b80000, 0x00000000e8480000, 0x0000000100000000)
  eden space 205312K, 0% used [0x00000000d5b80000,0x00000000d5b80000,0x00000000e2400000)
  from space 17408K, 0% used [0x00000000e2400000,0x00000000e2400000,0x00000000e3500000)
  to   space 17920K, 0% used [0x00000000e7300000,0x00000000e7300000,0x00000000e8480000)
 ParOldGen       total 110592K, used 27008K [0x0000000081200000, 0x0000000087e00000, 0x00000000d5b80000)
  object space 110592K, 24% used [0x0000000081200000,0x0000000082c60180,0x0000000087e00000)
 Metaspace       used 55074K, capacity 58760K, committed 58968K, reserved 1099776K
  class space    used 7534K, capacity 8199K, committed 8320K, reserved 1048576K
}

