# JRE version: Java(TM) SE Runtime Environment (8.0_201-b09) (build 1.8.0_201-b09)
# Java VM: Java HotSpot(TM) 64-Bit Server VM (25.201-b09 mixed mode windows-amd64 compressed oops)
Heap:
 PSYoungGen      total 214016K, used 58993K [0x00000000d5580000, 0x00000000ec000000, 0x0000000100000000)
  eden space 198144K, 21% used [0x00000000d5580000,0x00000000d7fda8f0,0x00000000e1700000)
  from space 15872K, 98% used [0x00000000eb080000,0x00000000ebfc1ca8,0x00000000ec000000)
  to   space 24576K, 0% used [0x00000000e9000000,0x00000000e9000000,0x00000000ea800000)
 ParOldGen       total 87552K, used 40615K [0x0000000080000000, 0x0000000085580000, 0x00000000d5580000)
  object space 87552K, 46% used [0x0000000080000000,0x00000000827a9fb8,0x0000000085580000)
 Metaspace       used 53577K, capacity 57150K, committed 57472K, reserved 1099776K
  class space    used 7330K, capacity 7969K, committed 8064K, reserved 1048576K
GC Heap History (10 events):
Event: 7.689 GC heap before
{Heap before GC invocations=8 (full 0):
 PSYoungGen      total 74240K, used 74225K [0x00000000d5580000, 0x00000000deb80000, 0x0000000100000000)
  eden space 65536K, 100% used [0x00000000d5580000,0x00000000d9580000,0x00000000d9580000)
  from space 8704K, 99% used [0x00000000d9580000,0x00000000d9dfc618,0x00000000d9e00000)
  to   space 11264K, 0% used [0x00000000de080000,0x00000000de080000,0x00000000deb80000)
 ParOldGen       total 87552K, used 8315K [0x0000000080000000, 0x0000000085580000, 0x00000000d5580000)
  object space 87552K, 9% used [0x0000000080000000,0x000000008081ec38,0x0000000085580000)
 Metaspace       used 23589K, capacity 24784K, committed 25088K, reserved 1071104K
  class space    used 3209K, capacity 3492K, committed 3584K, reserved 1048576K
Event: 7.700 GC heap after
Heap after GC invocations=8 (full 0):
 PSYoungGen      total 142336K, used 7906K [0x00000000d5580000, 0x00000000deb80000, 0x0000000100000000)
  eden space 131072K, 0% used [0x00000000d5580000,0x00000000d5580000,0x00000000dd580000)
  from space 11264K, 70% used [0x00000000de080000,0x00000000de838aa8,0x00000000deb80000)
  to   space 11264K, 0% used [0x00000000dd580000,0x00000000dd580000,0x00000000de080000)
 ParOldGen       total 87552K, used 9673K [0x0000000080000000, 0x0000000085580000, 0x00000000d5580000)
  object space 87552K, 11% used [0x0000000080000000,0x0000000080972760,0x0000000085580000)
 Metaspace       used 23589K, capacity 24784K, committed 25088K, reserved 1071104K
  class space    used 3209K, capacity 3492K, committed 3584K, reserved 1048576K
}
Event: 10.275 GC heap before
{Heap before GC invocations=9 (full 0):
 PSYoungGen      total 142336K, used 138978K [0x00000000d5580000, 0x00000000deb80000, 0x0000000100000000)
  eden space 131072K, 100% used [0x00000000d5580000,0x00000000dd580000,0x00000000dd580000)
  from space 11264K, 70% used [0x00000000de080000,0x00000000de838aa8,0x00000000deb80000)
  to   space 11264K, 0% used [0x00000000dd580000,0x00000000dd580000,0x00000000de080000)
 ParOldGen       total 87552K, used 9673K [0x0000000080000000, 0x0000000085580000, 0x00000000d5580000)
  object space 87552K, 11% used [0x0000000080000000,0x0000000080972760,0x0000000085580000)
 Metaspace       used 30492K, capacity 32484K, committed 32768K, reserved 1077248K
  class space    used 4180K, capacity 4518K, committed 4608K, reserved 1048576K
Event: 10.290 GC heap after
Heap after GC invocations=9 (full 0):
 PSYoungGen      total 142336K, used 11253K [0x00000000d5580000, 0x00000000e3e80000, 0x0000000100000000)
  eden space 131072K, 0% used [0x00000000d5580000,0x00000000d5580000,0x00000000dd580000)
  from space 11264K, 99% used [0x00000000dd580000,0x00000000de07d480,0x00000000de080000)
  to   space 14336K, 0% used [0x00000000e3080000,0x00000000e3080000,0x00000000e3e80000)
 ParOldGen       total 87552K, used 14422K [0x0000000080000000, 0x0000000085580000, 0x00000000d5580000)
  object space 87552K, 16% used [0x0000000080000000,0x0000000080e15be8,0x0000000085580000)
 Metaspace       used 30492K, capacity 32484K, committed 32768K, reserved 1077248K
  class space    used 4180K, capacity 4518K, committed 4608K, reserved 1048576K
}
Event: 11.780 GC heap before
{Heap before GC invocations=10 (full 0):
 PSYoungGen      total 142336K, used 142325K [0x00000000d5580000, 0x00000000e3e80000, 0x0000000100000000)
  eden space 131072K, 100% used [0x00000000d5580000,0x00000000dd580000,0x00000000dd580000)
  from space 11264K, 99% used [0x00000000dd580000,0x00000000de07d480,0x00000000de080000)
  to   space 14336K, 0% used [0x00000000e3080000,0x00000000e3080000,0x00000000e3e80000)
 ParOldGen       total 87552K, used 14422K [0x0000000080000000, 0x0000000085580000, 0x00000000d5580000)
  object space 87552K, 16% used [0x0000000080000000,0x0000000080e15be8,0x0000000085580000)
 Metaspace       used 37964K, capacity 40620K, committed 40832K, reserved 1085440K
  class space    used 5214K, capacity 5690K, committed 5760K, reserved 1048576K
Event: 11.796 GC heap after
Heap after GC invocations=10 (full 0):
 PSYoungGen      total 221184K, used 14320K [0x00000000d5580000, 0x00000000e4480000, 0x0000000100000000)
  eden space 206848K, 0% used [0x00000000d5580000,0x00000000d5580000,0x00000000e1f80000)
  from space 14336K, 99% used [0x00000000e3080000,0x00000000e3e7c208,0x00000000e3e80000)
  to   space 17408K, 0% used [0x00000000e1f80000,0x00000000e1f80000,0x00000000e3080000)
 ParOldGen       total 87552K, used 18120K [0x0000000080000000, 0x0000000085580000, 0x00000000d5580000)
  object space 87552K, 20% used [0x0000000080000000,0x00000000811b23c0,0x0000000085580000)
 Metaspace       used 37964K, capacity 40620K, committed 40832K, reserved 1085440K
  class space    used 5214K, capacity 5690K, committed 5760K, reserved 1048576K
}
Event: 95.548 GC heap before
{Heap before GC invocations=11 (full 0):
 PSYoungGen      total 221184K, used 221168K [0x00000000d5580000, 0x00000000e4480000, 0x0000000100000000)
  eden space 206848K, 100% used [0x00000000d5580000,0x00000000e1f80000,0x00000000e1f80000)
  from space 14336K, 99% used [0x00000000e3080000,0x00000000e3e7c208,0x00000000e3e80000)
  to   space 17408K, 0% used [0x00000000e1f80000,0x00000000e1f80000,0x00000000e3080000)
 ParOldGen       total 87552K, used 18120K [0x0000000080000000, 0x0000000085580000, 0x00000000d5580000)
  object space 87552K, 20% used [0x0000000080000000,0x00000000811b23c0,0x0000000085580000)
 Metaspace       used 53242K, capacity 56802K, committed 56832K, reserved 1097728K
  class space    used 7275K, capacity 7925K, committed 7936K, reserved 1048576K
Event: 95.571 GC heap after
Heap after GC invocations=11 (full 0):
 PSYoungGen      total 224256K, used 17398K [0x00000000d5580000, 0x00000000ec800000, 0x0000000100000000)
  eden space 206848K, 0% used [0x00000000d5580000,0x00000000d5580000,0x00000000e1f80000)
  from space 17408K, 99% used [0x00000000e1f80000,0x00000000e307dbe8,0x00000000e3080000)
  to   space 24064K, 0% used [0x00000000eb080000,0x00000000eb080000,0x00000000ec800000)
 ParOldGen       total 87552K, used 30328K [0x0000000080000000, 0x0000000085580000, 0x00000000d5580000)
  object space 87552K, 34% used [0x0000000080000000,0x0000000081d9e028,0x0000000085580000)
 Metaspace       used 53242K, capacity 56802K, committed 56832K, reserved 1097728K
  class space    used 7275K, capacity 7925K, committed 7936K, reserved 1048576K
}
Event: 100.849 GC heap before
{Heap before GC invocations=12 (full 0):
 PSYoungGen      total 224256K, used 224246K [0x00000000d5580000, 0x00000000ec800000, 0x0000000100000000)
  eden space 206848K, 100% used [0x00000000d5580000,0x00000000e1f80000,0x00000000e1f80000)
  from space 17408K, 99% used [0x00000000e1f80000,0x00000000e307dbe8,0x00000000e3080000)
  to   space 24064K, 0% used [0x00000000eb080000,0x00000000eb080000,0x00000000ec800000)
 ParOldGen       total 87552K, used 30328K [0x0000000080000000, 0x0000000085580000, 0x00000000d5580000)
  object space 87552K, 34% used [0x0000000080000000,0x0000000081d9e028,0x0000000085580000)
 Metaspace       used 53575K, capacity 57150K, committed 57472K, reserved 1099776K
  class space    used 7330K, capacity 7969K, committed 8064K, reserved 1048576K
Event: 100.860 GC heap after
Heap after GC invocations=12 (full 0):
 PSYoungGen      total 214016K, used 15623K [0x00000000d5580000, 0x00000000ec000000, 0x0000000100000000)
  eden space 198144K, 0% used [0x00000000d5580000,0x00000000d5580000,0x00000000e1700000)
  from space 15872K, 98% used [0x00000000eb080000,0x00000000ebfc1ca8,0x00000000ec000000)
  to   space 24576K, 0% used [0x00000000e9000000,0x00000000e9000000,0x00000000ea800000)
 ParOldGen       total 87552K, used 40615K [0x0000000080000000, 0x0000000085580000, 0x00000000d5580000)
  object space 87552K, 46% used [0x0000000080000000,0x00000000827a9fb8,0x0000000085580000)
 Metaspace       used 53575K, capacity 57150K, committed 57472K, reserved 1099776K
  class space    used 7330K, capacity 7969K, committed 8064K, reserved 1048576K
}

