# JRE version: Java(TM) SE Runtime Environment (8.0_201-b09) (build 1.8.0_201-b09)
# Java VM: Java HotSpot(TM) 64-Bit Server VM (25.201-b09 mixed mode windows-amd64 compressed oops)
Heap:
 PSYoungGen      total 295424K, used 94950K [0x00000000d5b80000, 0x00000000ed300000, 0x0000000100000000)
  eden space 261632K, 28% used [0x00000000d5b80000,0x00000000da508f70,0x00000000e5b00000)
  from space 33792K, 58% used [0x00000000e5b00000,0x00000000e6e30a80,0x00000000e7c00000)
  to   space 33792K, 0% used [0x00000000eb200000,0x00000000eb200000,0x00000000ed300000)
 ParOldGen       total 145920K, used 51042K [0x0000000081200000, 0x000000008a080000, 0x00000000d5b80000)
  object space 145920K, 34% used [0x0000000081200000,0x00000000843d8a90,0x000000008a080000)
 Metaspace       used 55731K, capacity 59486K, committed 59736K, reserved 1101824K
  class space    used 7632K, capacity 8284K, committed 8320K, reserved 1048576K
GC Heap History (10 events):
Event: 27.054 GC heap before
{Heap before GC invocations=14 (full 2):
 PSYoungGen      total 187392K, used 187367K [0x00000000d5b80000, 0x00000000e5900000, 0x0000000100000000)
  eden space 176640K, 100% used [0x00000000d5b80000,0x00000000e0800000,0x00000000e0800000)
  from space 10752K, 99% used [0x00000000e0800000,0x00000000e1279ce8,0x00000000e1280000)
  to   space 13312K, 0% used [0x00000000e4c00000,0x00000000e4c00000,0x00000000e5900000)
 ParOldGen       total 75776K, used 20896K [0x0000000081200000, 0x0000000085c00000, 0x00000000d5b80000)
  object space 75776K, 27% used [0x0000000081200000,0x0000000082668148,0x0000000085c00000)
 Metaspace       used 51423K, capacity 54900K, committed 55128K, reserved 1097728K
  class space    used 7070K, capacity 7701K, committed 7808K, reserved 1048576K
Event: 27.075 GC heap after
Heap after GC invocations=14 (full 2):
 PSYoungGen      total 225280K, used 13307K [0x00000000d5b80000, 0x00000000e7b80000, 0x0000000100000000)
  eden space 211968K, 0% used [0x00000000d5b80000,0x00000000d5b80000,0x00000000e2a80000)
  from space 13312K, 99% used [0x00000000e4c00000,0x00000000e58fec30,0x00000000e5900000)
  to   space 34304K, 0% used [0x00000000e2a80000,0x00000000e2a80000,0x00000000e4c00000)
 ParOldGen       total 75776K, used 72933K [0x0000000081200000, 0x0000000085c00000, 0x00000000d5b80000)
  object space 75776K, 96% used [0x0000000081200000,0x0000000085939490,0x0000000085c00000)
 Metaspace       used 51423K, capacity 54900K, committed 55128K, reserved 1097728K
  class space    used 7070K, capacity 7701K, committed 7808K, reserved 1048576K
}
Event: 27.075 GC heap before
{Heap before GC invocations=15 (full 3):
 PSYoungGen      total 225280K, used 13307K [0x00000000d5b80000, 0x00000000e7b80000, 0x0000000100000000)
  eden space 211968K, 0% used [0x00000000d5b80000,0x00000000d5b80000,0x00000000e2a80000)
  from space 13312K, 99% used [0x00000000e4c00000,0x00000000e58fec30,0x00000000e5900000)
  to   space 34304K, 0% used [0x00000000e2a80000,0x00000000e2a80000,0x00000000e4c00000)
 ParOldGen       total 75776K, used 72933K [0x0000000081200000, 0x0000000085c00000, 0x00000000d5b80000)
  object space 75776K, 96% used [0x0000000081200000,0x0000000085939490,0x0000000085c00000)
 Metaspace       used 51423K, capacity 54900K, committed 55128K, reserved 1097728K
  class space    used 7070K, capacity 7701K, committed 7808K, reserved 1048576K
Event: 27.186 GC heap after
Heap after GC invocations=15 (full 3):
 PSYoungGen      total 225280K, used 0K [0x00000000d5b80000, 0x00000000e7b80000, 0x0000000100000000)
  eden space 211968K, 0% used [0x00000000d5b80000,0x00000000d5b80000,0x00000000e2a80000)
  from space 13312K, 0% used [0x00000000e4c00000,0x00000000e4c00000,0x00000000e5900000)
  to   space 34304K, 0% used [0x00000000e2a80000,0x00000000e2a80000,0x00000000e4c00000)
 ParOldGen       total 145920K, used 51018K [0x0000000081200000, 0x000000008a080000, 0x00000000d5b80000)
  object space 145920K, 34% used [0x0000000081200000,0x00000000843d2a90,0x000000008a080000)
 Metaspace       used 51423K, capacity 54900K, committed 55128K, reserved 1097728K
  class space    used 7070K, capacity 7701K, committed 7808K, reserved 1048576K
}
Event: 41.659 GC heap before
{Heap before GC invocations=16 (full 3):
 PSYoungGen      total 225280K, used 209586K [0x00000000d5b80000, 0x00000000e7b80000, 0x0000000100000000)
  eden space 211968K, 98% used [0x00000000d5b80000,0x00000000e282c9f8,0x00000000e2a80000)
  from space 13312K, 0% used [0x00000000e4c00000,0x00000000e4c00000,0x00000000e5900000)
  to   space 34304K, 0% used [0x00000000e2a80000,0x00000000e2a80000,0x00000000e4c00000)
 ParOldGen       total 145920K, used 51018K [0x0000000081200000, 0x000000008a080000, 0x00000000d5b80000)
  object space 145920K, 34% used [0x0000000081200000,0x00000000843d2a90,0x000000008a080000)
 Metaspace       used 55638K, capacity 59296K, committed 59480K, reserved 1099776K
  class space    used 7618K, capacity 8271K, committed 8320K, reserved 1048576K
Event: 41.667 GC heap after
Heap after GC invocations=16 (full 3):
 PSYoungGen      total 246272K, used 20358K [0x00000000d5b80000, 0x00000000ea680000, 0x0000000100000000)
  eden space 211968K, 0% used [0x00000000d5b80000,0x00000000d5b80000,0x00000000e2a80000)
  from space 34304K, 59% used [0x00000000e2a80000,0x00000000e3e619e8,0x00000000e4c00000)
  to   space 34304K, 0% used [0x00000000e8500000,0x00000000e8500000,0x00000000ea680000)
 ParOldGen       total 145920K, used 51026K [0x0000000081200000, 0x000000008a080000, 0x00000000d5b80000)
  object space 145920K, 34% used [0x0000000081200000,0x00000000843d4a90,0x000000008a080000)
 Metaspace       used 55638K, capacity 59296K, committed 59480K, reserved 1099776K
  class space    used 7618K, capacity 8271K, committed 8320K, reserved 1048576K
}
Event: 61.676 GC heap before
{Heap before GC invocations=17 (full 3):
 PSYoungGen      total 246272K, used 232326K [0x00000000d5b80000, 0x00000000ea680000, 0x0000000100000000)
  eden space 211968K, 100% used [0x00000000d5b80000,0x00000000e2a80000,0x00000000e2a80000)
  from space 34304K, 59% used [0x00000000e2a80000,0x00000000e3e619e8,0x00000000e4c00000)
  to   space 34304K, 0% used [0x00000000e8500000,0x00000000e8500000,0x00000000ea680000)
 ParOldGen       total 145920K, used 51026K [0x0000000081200000, 0x000000008a080000, 0x00000000d5b80000)
  object space 145920K, 34% used [0x0000000081200000,0x00000000843d4a90,0x000000008a080000)
 Metaspace       used 55703K, capacity 59422K, committed 59480K, reserved 1099776K
  class space    used 7630K, capacity 8284K, committed 8320K, reserved 1048576K
Event: 61.684 GC heap after
Heap after GC invocations=17 (full 3):
 PSYoungGen      total 286208K, used 17780K [0x00000000d5b80000, 0x00000000e9d00000, 0x0000000100000000)
  eden space 261632K, 0% used [0x00000000d5b80000,0x00000000d5b80000,0x00000000e5b00000)
  from space 24576K, 72% used [0x00000000e8500000,0x00000000e965d1b0,0x00000000e9d00000)
  to   space 33792K, 0% used [0x00000000e5b00000,0x00000000e5b00000,0x00000000e7c00000)
 ParOldGen       total 145920K, used 51034K [0x0000000081200000, 0x000000008a080000, 0x00000000d5b80000)
  object space 145920K, 34% used [0x0000000081200000,0x00000000843d6a90,0x000000008a080000)
 Metaspace       used 55703K, capacity 59422K, committed 59480K, reserved 1099776K
  class space    used 7630K, capacity 8284K, committed 8320K, reserved 1048576K
}
Event: 65.788 GC heap before
{Heap before GC invocations=18 (full 3):
 PSYoungGen      total 286208K, used 279412K [0x00000000d5b80000, 0x00000000e9d00000, 0x0000000100000000)
  eden space 261632K, 100% used [0x00000000d5b80000,0x00000000e5b00000,0x00000000e5b00000)
  from space 24576K, 72% used [0x00000000e8500000,0x00000000e965d1b0,0x00000000e9d00000)
  to   space 33792K, 0% used [0x00000000e5b00000,0x00000000e5b00000,0x00000000e7c00000)
 ParOldGen       total 145920K, used 51034K [0x0000000081200000, 0x000000008a080000, 0x00000000d5b80000)
  object space 145920K, 34% used [0x0000000081200000,0x00000000843d6a90,0x000000008a080000)
 Metaspace       used 55722K, capacity 59486K, committed 59736K, reserved 1101824K
  class space    used 7631K, capacity 8284K, committed 8320K, reserved 1048576K
Event: 65.801 GC heap after
Heap after GC invocations=18 (full 3):
 PSYoungGen      total 295424K, used 19650K [0x00000000d5b80000, 0x00000000ed300000, 0x0000000100000000)
  eden space 261632K, 0% used [0x00000000d5b80000,0x00000000d5b80000,0x00000000e5b00000)
  from space 33792K, 58% used [0x00000000e5b00000,0x00000000e6e30a80,0x00000000e7c00000)
  to   space 33792K, 0% used [0x00000000eb200000,0x00000000eb200000,0x00000000ed300000)
 ParOldGen       total 145920K, used 51042K [0x0000000081200000, 0x000000008a080000, 0x00000000d5b80000)
  object space 145920K, 34% used [0x0000000081200000,0x00000000843d8a90,0x000000008a080000)
 Metaspace       used 55722K, capacity 59486K, committed 59736K, reserved 1101824K
  class space    used 7631K, capacity 8284K, committed 8320K, reserved 1048576K
}

