# JRE version: Java(TM) SE Runtime Environment (8.0_201-b09) (build 1.8.0_201-b09)
# Java VM: Java HotSpot(TM) 64-Bit Server VM (25.201-b09 mixed mode windows-amd64 compressed oops)
Heap:
 PSYoungGen      total 412672K, used 349631K [0x00000000d5b80000, 0x00000000f0800000, 0x0000000100000000)
  eden space 395776K, 84% used [0x00000000d5b80000,0x00000000ea072c08,0x00000000ede00000)
  from space 16896K, 99% used [0x00000000ef600000,0x00000000f067d020,0x00000000f0680000)
  to   space 21504K, 0% used [0x00000000ede00000,0x00000000ede00000,0x00000000ef300000)
 ParOldGen       total 76288K, used 37027K [0x0000000081200000, 0x0000000085c80000, 0x00000000d5b80000)
  object space 76288K, 48% used [0x0000000081200000,0x0000000083628f18,0x0000000085c80000)
 Metaspace       used 54589K, capacity 58288K, committed 58584K, reserved 1099776K
  class space    used 7453K, capacity 8108K, committed 8192K, reserved 1048576K
GC Heap History (10 events):
Event: 4.153 GC heap before
{Heap before GC invocations=10 (full 1):
 PSYoungGen      total 230400K, used 34494K [0x00000000d5b80000, 0x00000000e4d80000, 0x0000000100000000)
  eden space 218112K, 10% used [0x00000000d5b80000,0x00000000d71371c8,0x00000000e3080000)
  from space 12288K, 99% used [0x00000000e4180000,0x00000000e4d788a0,0x00000000e4d80000)
  to   space 13824K, 0% used [0x00000000e3280000,0x00000000e3280000,0x00000000e4000000)
 ParOldGen       total 56320K, used 10403K [0x0000000081200000, 0x0000000084900000, 0x00000000d5b80000)
  object space 56320K, 18% used [0x0000000081200000,0x0000000081c28f80,0x0000000084900000)
 Metaspace       used 33193K, capacity 35340K, committed 35416K, reserved 1079296K
  class space    used 4560K, capacity 4962K, committed 4992K, reserved 1048576K
Event: 4.160 GC heap after
Heap after GC invocations=10 (full 1):
 PSYoungGen      total 233984K, used 9129K [0x00000000d5b80000, 0x00000000ea800000, 0x0000000100000000)
  eden space 220160K, 0% used [0x00000000d5b80000,0x00000000d5b80000,0x00000000e3280000)
  from space 13824K, 66% used [0x00000000e3280000,0x00000000e3b6a658,0x00000000e4000000)
  to   space 13824K, 0% used [0x00000000e9a80000,0x00000000e9a80000,0x00000000ea800000)
 ParOldGen       total 56320K, used 10411K [0x0000000081200000, 0x0000000084900000, 0x00000000d5b80000)
  object space 56320K, 18% used [0x0000000081200000,0x0000000081c2af80,0x0000000084900000)
 Metaspace       used 33193K, capacity 35340K, committed 35416K, reserved 1079296K
  class space    used 4560K, capacity 4962K, committed 4992K, reserved 1048576K
}
Event: 4.160 GC heap before
{Heap before GC invocations=11 (full 2):
 PSYoungGen      total 233984K, used 9129K [0x00000000d5b80000, 0x00000000ea800000, 0x0000000100000000)
  eden space 220160K, 0% used [0x00000000d5b80000,0x00000000d5b80000,0x00000000e3280000)
  from space 13824K, 66% used [0x00000000e3280000,0x00000000e3b6a658,0x00000000e4000000)
  to   space 13824K, 0% used [0x00000000e9a80000,0x00000000e9a80000,0x00000000ea800000)
 ParOldGen       total 56320K, used 10411K [0x0000000081200000, 0x0000000084900000, 0x00000000d5b80000)
  object space 56320K, 18% used [0x0000000081200000,0x0000000081c2af80,0x0000000084900000)
 Metaspace       used 33193K, capacity 35340K, committed 35416K, reserved 1079296K
  class space    used 4560K, capacity 4962K, committed 4992K, reserved 1048576K
Event: 4.192 GC heap after
Heap after GC invocations=11 (full 2):
 PSYoungGen      total 233984K, used 0K [0x00000000d5b80000, 0x00000000ea800000, 0x0000000100000000)
  eden space 220160K, 0% used [0x00000000d5b80000,0x00000000d5b80000,0x00000000e3280000)
  from space 13824K, 0% used [0x00000000e3280000,0x00000000e3280000,0x00000000e4000000)
  to   space 13824K, 0% used [0x00000000e9a80000,0x00000000e9a80000,0x00000000ea800000)
 ParOldGen       total 76288K, used 15189K [0x0000000081200000, 0x0000000085c80000, 0x00000000d5b80000)
  object space 76288K, 19% used [0x0000000081200000,0x00000000820d5448,0x0000000085c80000)
 Metaspace       used 33193K, capacity 35340K, committed 35416K, reserved 1079296K
  class space    used 4560K, capacity 4962K, committed 4992K, reserved 1048576K
}
Event: 7.613 GC heap before
{Heap before GC invocations=12 (full 2):
 PSYoungGen      total 233984K, used 220160K [0x00000000d5b80000, 0x00000000ea800000, 0x0000000100000000)
  eden space 220160K, 100% used [0x00000000d5b80000,0x00000000e3280000,0x00000000e3280000)
  from space 13824K, 0% used [0x00000000e3280000,0x00000000e3280000,0x00000000e4000000)
  to   space 13824K, 0% used [0x00000000e9a80000,0x00000000e9a80000,0x00000000ea800000)
 ParOldGen       total 76288K, used 15189K [0x0000000081200000, 0x0000000085c80000, 0x00000000d5b80000)
  object space 76288K, 19% used [0x0000000081200000,0x00000000820d5448,0x0000000085c80000)
 Metaspace       used 47067K, capacity 50276K, committed 50392K, reserved 1093632K
  class space    used 6548K, capacity 7122K, committed 7168K, reserved 1048576K
Event: 7.629 GC heap after
Heap after GC invocations=12 (full 2):
 PSYoungGen      total 316416K, used 13811K [0x00000000d5b80000, 0x00000000ea800000, 0x0000000100000000)
  eden space 302592K, 0% used [0x00000000d5b80000,0x00000000d5b80000,0x00000000e8300000)
  from space 13824K, 99% used [0x00000000e9a80000,0x00000000ea7fcd60,0x00000000ea800000)
  to   space 16896K, 0% used [0x00000000e8700000,0x00000000e8700000,0x00000000e9780000)
 ParOldGen       total 76288K, used 20266K [0x0000000081200000, 0x0000000085c80000, 0x00000000d5b80000)
  object space 76288K, 26% used [0x0000000081200000,0x00000000825cabf8,0x0000000085c80000)
 Metaspace       used 47067K, capacity 50276K, committed 50392K, reserved 1093632K
  class space    used 6548K, capacity 7122K, committed 7168K, reserved 1048576K
}
Event: 36.587 GC heap before
{Heap before GC invocations=13 (full 2):
 PSYoungGen      total 316416K, used 316403K [0x00000000d5b80000, 0x00000000ea800000, 0x0000000100000000)
  eden space 302592K, 100% used [0x00000000d5b80000,0x00000000e8300000,0x00000000e8300000)
  from space 13824K, 99% used [0x00000000e9a80000,0x00000000ea7fcd60,0x00000000ea800000)
  to   space 16896K, 0% used [0x00000000e8700000,0x00000000e8700000,0x00000000e9780000)
 ParOldGen       total 76288K, used 20266K [0x0000000081200000, 0x0000000085c80000, 0x00000000d5b80000)
  object space 76288K, 26% used [0x0000000081200000,0x00000000825cabf8,0x0000000085c80000)
 Metaspace       used 54210K, capacity 57760K, committed 57944K, reserved 1099776K
  class space    used 7395K, capacity 8028K, committed 8064K, reserved 1048576K
Event: 36.600 GC heap after
Heap after GC invocations=13 (full 2):
 PSYoungGen      total 323584K, used 10105K [0x00000000d5b80000, 0x00000000f0680000, 0x0000000100000000)
  eden space 306688K, 0% used [0x00000000d5b80000,0x00000000d5b80000,0x00000000e8700000)
  from space 16896K, 59% used [0x00000000e8700000,0x00000000e90de420,0x00000000e9780000)
  to   space 16896K, 0% used [0x00000000ef600000,0x00000000ef600000,0x00000000f0680000)
 ParOldGen       total 76288K, used 29482K [0x0000000081200000, 0x0000000085c80000, 0x00000000d5b80000)
  object space 76288K, 38% used [0x0000000081200000,0x0000000082ecab48,0x0000000085c80000)
 Metaspace       used 54210K, capacity 57760K, committed 57944K, reserved 1099776K
  class space    used 7395K, capacity 8028K, committed 8064K, reserved 1048576K
}
Event: 103.896 GC heap before
{Heap before GC invocations=14 (full 2):
 PSYoungGen      total 323584K, used 316793K [0x00000000d5b80000, 0x00000000f0680000, 0x0000000100000000)
  eden space 306688K, 100% used [0x00000000d5b80000,0x00000000e8700000,0x00000000e8700000)
  from space 16896K, 59% used [0x00000000e8700000,0x00000000e90de420,0x00000000e9780000)
  to   space 16896K, 0% used [0x00000000ef600000,0x00000000ef600000,0x00000000f0680000)
 ParOldGen       total 76288K, used 29482K [0x0000000081200000, 0x0000000085c80000, 0x00000000d5b80000)
  object space 76288K, 38% used [0x0000000081200000,0x0000000082ecab48,0x0000000085c80000)
 Metaspace       used 54313K, capacity 57948K, committed 58200K, reserved 1099776K
  class space    used 7411K, capacity 8040K, committed 8064K, reserved 1048576K
Event: 103.903 GC heap after
Heap after GC invocations=14 (full 2):
 PSYoungGen      total 412672K, used 16884K [0x00000000d5b80000, 0x00000000f0800000, 0x0000000100000000)
  eden space 395776K, 0% used [0x00000000d5b80000,0x00000000d5b80000,0x00000000ede00000)
  from space 16896K, 99% used [0x00000000ef600000,0x00000000f067d020,0x00000000f0680000)
  to   space 21504K, 0% used [0x00000000ede00000,0x00000000ede00000,0x00000000ef300000)
 ParOldGen       total 76288K, used 37027K [0x0000000081200000, 0x0000000085c80000, 0x00000000d5b80000)
  object space 76288K, 48% used [0x0000000081200000,0x0000000083628f18,0x0000000085c80000)
 Metaspace       used 54313K, capacity 57948K, committed 58200K, reserved 1099776K
  class space    used 7411K, capacity 8040K, committed 8064K, reserved 1048576K
}

