# JRE version: Java(TM) SE Runtime Environment (8.0_201-b09) (build 1.8.0_201-b09)
# Java VM: Java HotSpot(TM) 64-Bit Server VM (25.201-b09 mixed mode windows-amd64 compressed oops)
Heap:
 PSYoungGen      total 440320K, used 340351K [0x00000000d5580000, 0x00000000f2080000, 0x0000000100000000)
  eden space 413696K, 77% used [0x00000000d5580000,0x00000000e8f71ba0,0x00000000ee980000)
  from space 26624K, 70% used [0x00000000f0480000,0x00000000f16ee108,0x00000000f1e80000)
  to   space 27648K, 0% used [0x00000000ee980000,0x00000000ee980000,0x00000000f0480000)
 ParOldGen       total 87552K, used 34518K [0x0000000080000000, 0x0000000085580000, 0x00000000d5580000)
  object space 87552K, 39% used [0x0000000080000000,0x00000000821b58f8,0x0000000085580000)
 Metaspace       used 54727K, capacity 58362K, committed 58624K, reserved 1099776K
  class space    used 7452K, capacity 8109K, committed 8192K, reserved 1048576K
GC Heap History (10 events):
Event: 3.495 GC heap before
{Heap before GC invocations=6 (full 0):
 PSYoungGen      total 71680K, used 71660K [0x00000000d5580000, 0x00000000dea80000, 0x0000000100000000)
  eden space 66560K, 100% used [0x00000000d5580000,0x00000000d9680000,0x00000000d9680000)
  from space 5120K, 99% used [0x00000000d9680000,0x00000000d9b7b008,0x00000000d9b80000)
  to   space 9728K, 0% used [0x00000000de100000,0x00000000de100000,0x00000000dea80000)
 ParOldGen       total 87552K, used 7649K [0x0000000080000000, 0x0000000085580000, 0x00000000d5580000)
  object space 87552K, 8% used [0x0000000080000000,0x0000000080778490,0x0000000085580000)
 Metaspace       used 21670K, capacity 22748K, committed 23040K, reserved 1069056K
  class space    used 2949K, capacity 3212K, committed 3328K, reserved 1048576K
Event: 3.504 GC heap after
Heap after GC invocations=6 (full 0):
 PSYoungGen      total 140288K, used 9717K [0x00000000d5580000, 0x00000000def80000, 0x0000000100000000)
  eden space 130560K, 0% used [0x00000000d5580000,0x00000000d5580000,0x00000000dd500000)
  from space 9728K, 99% used [0x00000000de100000,0x00000000dea7d640,0x00000000dea80000)
  to   space 12288K, 0% used [0x00000000dd500000,0x00000000dd500000,0x00000000de100000)
 ParOldGen       total 87552K, used 9341K [0x0000000080000000, 0x0000000085580000, 0x00000000d5580000)
  object space 87552K, 10% used [0x0000000080000000,0x000000008091f640,0x0000000085580000)
 Metaspace       used 21670K, capacity 22748K, committed 23040K, reserved 1069056K
  class space    used 2949K, capacity 3212K, committed 3328K, reserved 1048576K
}
Event: 5.329 GC heap before
{Heap before GC invocations=7 (full 0):
 PSYoungGen      total 140288K, used 140277K [0x00000000d5580000, 0x00000000def80000, 0x0000000100000000)
  eden space 130560K, 100% used [0x00000000d5580000,0x00000000dd500000,0x00000000dd500000)
  from space 9728K, 99% used [0x00000000de100000,0x00000000dea7d640,0x00000000dea80000)
  to   space 12288K, 0% used [0x00000000dd500000,0x00000000dd500000,0x00000000de100000)
 ParOldGen       total 87552K, used 9341K [0x0000000080000000, 0x0000000085580000, 0x00000000d5580000)
  object space 87552K, 10% used [0x0000000080000000,0x000000008091f640,0x0000000085580000)
 Metaspace       used 27194K, capacity 28644K, committed 28928K, reserved 1075200K
  class space    used 3727K, capacity 4038K, committed 4096K, reserved 1048576K
Event: 5.341 GC heap after
Heap after GC invocations=7 (full 0):
 PSYoungGen      total 142848K, used 12283K [0x00000000d5580000, 0x00000000e7480000, 0x0000000100000000)
  eden space 130560K, 0% used [0x00000000d5580000,0x00000000d5580000,0x00000000dd500000)
  from space 12288K, 99% used [0x00000000dd500000,0x00000000de0fef18,0x00000000de100000)
  to   space 16384K, 0% used [0x00000000e6480000,0x00000000e6480000,0x00000000e7480000)
 ParOldGen       total 87552K, used 13677K [0x0000000080000000, 0x0000000085580000, 0x00000000d5580000)
  object space 87552K, 15% used [0x0000000080000000,0x0000000080d5b758,0x0000000085580000)
 Metaspace       used 27194K, capacity 28644K, committed 28928K, reserved 1075200K
  class space    used 3727K, capacity 4038K, committed 4096K, reserved 1048576K
}
Event: 7.398 GC heap before
{Heap before GC invocations=8 (full 0):
 PSYoungGen      total 142848K, used 142843K [0x00000000d5580000, 0x00000000e7480000, 0x0000000100000000)
  eden space 130560K, 100% used [0x00000000d5580000,0x00000000dd500000,0x00000000dd500000)
  from space 12288K, 99% used [0x00000000dd500000,0x00000000de0fef18,0x00000000de100000)
  to   space 16384K, 0% used [0x00000000e6480000,0x00000000e6480000,0x00000000e7480000)
 ParOldGen       total 87552K, used 13677K [0x0000000080000000, 0x0000000085580000, 0x00000000d5580000)
  object space 87552K, 15% used [0x0000000080000000,0x0000000080d5b758,0x0000000085580000)
 Metaspace       used 34626K, capacity 36896K, committed 36992K, reserved 1081344K
  class space    used 4754K, capacity 5186K, committed 5248K, reserved 1048576K
Event: 7.409 GC heap after
Heap after GC invocations=8 (full 0):
 PSYoungGen      total 275456K, used 15432K [0x00000000d5580000, 0x00000000e7880000, 0x0000000100000000)
  eden space 259072K, 0% used [0x00000000d5580000,0x00000000d5580000,0x00000000e5280000)
  from space 16384K, 94% used [0x00000000e6480000,0x00000000e7392308,0x00000000e7480000)
  to   space 18432K, 0% used [0x00000000e5280000,0x00000000e5280000,0x00000000e6480000)
 ParOldGen       total 87552K, used 14780K [0x0000000080000000, 0x0000000085580000, 0x00000000d5580000)
  object space 87552K, 16% used [0x0000000080000000,0x0000000080e6f280,0x0000000085580000)
 Metaspace       used 34626K, capacity 36896K, committed 36992K, reserved 1081344K
  class space    used 4754K, capacity 5186K, committed 5248K, reserved 1048576K
}
Event: 94.624 GC heap before
{Heap before GC invocations=9 (full 0):
 PSYoungGen      total 275456K, used 274504K [0x00000000d5580000, 0x00000000e7880000, 0x0000000100000000)
  eden space 259072K, 100% used [0x00000000d5580000,0x00000000e5280000,0x00000000e5280000)
  from space 16384K, 94% used [0x00000000e6480000,0x00000000e7392308,0x00000000e7480000)
  to   space 18432K, 0% used [0x00000000e5280000,0x00000000e5280000,0x00000000e6480000)
 ParOldGen       total 87552K, used 14780K [0x0000000080000000, 0x0000000085580000, 0x00000000d5580000)
  object space 87552K, 16% used [0x0000000080000000,0x0000000080e6f280,0x0000000085580000)
 Metaspace       used 51731K, capacity 55154K, committed 55424K, reserved 1097728K
  class space    used 7065K, capacity 7683K, committed 7808K, reserved 1048576K
Event: 94.652 GC heap after
Heap after GC invocations=9 (full 0):
 PSYoungGen      total 277504K, used 18416K [0x00000000d5580000, 0x00000000f1e80000, 0x0000000100000000)
  eden space 259072K, 0% used [0x00000000d5580000,0x00000000d5580000,0x00000000e5280000)
  from space 18432K, 99% used [0x00000000e5280000,0x00000000e647c0e0,0x00000000e6480000)
  to   space 26624K, 0% used [0x00000000f0480000,0x00000000f0480000,0x00000000f1e80000)
 ParOldGen       total 87552K, used 28553K [0x0000000080000000, 0x0000000085580000, 0x00000000d5580000)
  object space 87552K, 32% used [0x0000000080000000,0x0000000081be24f0,0x0000000085580000)
 Metaspace       used 51731K, capacity 55154K, committed 55424K, reserved 1097728K
  class space    used 7065K, capacity 7683K, committed 7808K, reserved 1048576K
}
Event: 125.706 GC heap before
{Heap before GC invocations=10 (full 0):
 PSYoungGen      total 277504K, used 276175K [0x00000000d5580000, 0x00000000f1e80000, 0x0000000100000000)
  eden space 259072K, 99% used [0x00000000d5580000,0x00000000e5137d30,0x00000000e5280000)
  from space 18432K, 99% used [0x00000000e5280000,0x00000000e647c0e0,0x00000000e6480000)
  to   space 26624K, 0% used [0x00000000f0480000,0x00000000f0480000,0x00000000f1e80000)
 ParOldGen       total 87552K, used 28553K [0x0000000080000000, 0x0000000085580000, 0x00000000d5580000)
  object space 87552K, 32% used [0x0000000080000000,0x0000000081be24f0,0x0000000085580000)
 Metaspace       used 54611K, capacity 58196K, committed 58240K, reserved 1099776K
  class space    used 7435K, capacity 8064K, committed 8064K, reserved 1048576K
Event: 125.922 GC heap after
Heap after GC invocations=10 (full 0):
 PSYoungGen      total 440320K, used 18872K [0x00000000d5580000, 0x00000000f2080000, 0x0000000100000000)
  eden space 413696K, 0% used [0x00000000d5580000,0x00000000d5580000,0x00000000ee980000)
  from space 26624K, 70% used [0x00000000f0480000,0x00000000f16ee108,0x00000000f1e80000)
  to   space 27648K, 0% used [0x00000000ee980000,0x00000000ee980000,0x00000000f0480000)
 ParOldGen       total 87552K, used 34518K [0x0000000080000000, 0x0000000085580000, 0x00000000d5580000)
  object space 87552K, 39% used [0x0000000080000000,0x00000000821b58f8,0x0000000085580000)
 Metaspace       used 54611K, capacity 58196K, committed 58240K, reserved 1099776K
  class space    used 7435K, capacity 8064K, committed 8064K, reserved 1048576K
}

