# JRE version: Java(TM) SE Runtime Environment (8.0_201-b09) (build 1.8.0_201-b09)
# Java VM: Java HotSpot(TM) 64-Bit Server VM (25.201-b09 mixed mode windows-amd64 compressed oops)
Heap:
 PSYoungGen      total 292864K, used 232346K [0x00000000d5b80000, 0x00000000eca80000, 0x0000000100000000)
  eden space 277504K, 83% used [0x00000000d5b80000,0x00000000e3e669d8,0x00000000e6a80000)
  from space 15360K, 0% used [0x00000000e6a80000,0x00000000e6a80000,0x00000000e7980000)
  to   space 16896K, 0% used [0x00000000eba00000,0x00000000eba00000,0x00000000eca80000)
 ParOldGen       total 112640K, used 33278K [0x0000000081200000, 0x0000000088000000, 0x00000000d5b80000)
  object space 112640K, 29% used [0x0000000081200000,0x000000008327fa98,0x0000000088000000)
 Metaspace       used 55511K, capacity 59204K, committed 59480K, reserved 1099776K
  class space    used 7590K, capacity 8239K, committed 8320K, reserved 1048576K
GC Heap History (10 events):
Event: 5.513 GC heap before
{Heap before GC invocations=10 (full 1):
 PSYoungGen      total 203264K, used 21802K [0x00000000d5b80000, 0x00000000e4c00000, 0x0000000100000000)
  eden space 192512K, 5% used [0x00000000d5b80000,0x00000000d664d820,0x00000000e1780000)
  from space 10752K, 99% used [0x00000000e2400000,0x00000000e2e7d248,0x00000000e2e80000)
  to   space 12800K, 0% used [0x00000000e1780000,0x00000000e1780000,0x00000000e2400000)
 ParOldGen       total 54784K, used 11674K [0x0000000081200000, 0x0000000084780000, 0x00000000d5b80000)
  object space 54784K, 21% used [0x0000000081200000,0x0000000081d669b8,0x0000000084780000)
 Metaspace       used 33255K, capacity 35332K, committed 35416K, reserved 1079296K
  class space    used 4583K, capacity 4960K, committed 4992K, reserved 1048576K
Event: 5.522 GC heap after
Heap after GC invocations=10 (full 1):
 PSYoungGen      total 205312K, used 7321K [0x00000000d5b80000, 0x00000000e8880000, 0x0000000100000000)
  eden space 192512K, 0% used [0x00000000d5b80000,0x00000000d5b80000,0x00000000e1780000)
  from space 12800K, 57% used [0x00000000e1780000,0x00000000e1ea66b0,0x00000000e2400000)
  to   space 12288K, 0% used [0x00000000e7c80000,0x00000000e7c80000,0x00000000e8880000)
 ParOldGen       total 54784K, used 12878K [0x0000000081200000, 0x0000000084780000, 0x00000000d5b80000)
  object space 54784K, 23% used [0x0000000081200000,0x0000000081e93810,0x0000000084780000)
 Metaspace       used 33255K, capacity 35332K, committed 35416K, reserved 1079296K
  class space    used 4583K, capacity 4960K, committed 4992K, reserved 1048576K
}
Event: 5.522 GC heap before
{Heap before GC invocations=11 (full 2):
 PSYoungGen      total 205312K, used 7321K [0x00000000d5b80000, 0x00000000e8880000, 0x0000000100000000)
  eden space 192512K, 0% used [0x00000000d5b80000,0x00000000d5b80000,0x00000000e1780000)
  from space 12800K, 57% used [0x00000000e1780000,0x00000000e1ea66b0,0x00000000e2400000)
  to   space 12288K, 0% used [0x00000000e7c80000,0x00000000e7c80000,0x00000000e8880000)
 ParOldGen       total 54784K, used 12878K [0x0000000081200000, 0x0000000084780000, 0x00000000d5b80000)
  object space 54784K, 23% used [0x0000000081200000,0x0000000081e93810,0x0000000084780000)
 Metaspace       used 33255K, capacity 35332K, committed 35416K, reserved 1079296K
  class space    used 4583K, capacity 4960K, committed 4992K, reserved 1048576K
Event: 5.584 GC heap after
Heap after GC invocations=11 (full 2):
 PSYoungGen      total 205312K, used 0K [0x00000000d5b80000, 0x00000000e8880000, 0x0000000100000000)
  eden space 192512K, 0% used [0x00000000d5b80000,0x00000000d5b80000,0x00000000e1780000)
  from space 12800K, 0% used [0x00000000e1780000,0x00000000e1780000,0x00000000e2400000)
  to   space 12288K, 0% used [0x00000000e7c80000,0x00000000e7c80000,0x00000000e8880000)
 ParOldGen       total 75776K, used 14300K [0x0000000081200000, 0x0000000085c00000, 0x00000000d5b80000)
  object space 75776K, 18% used [0x0000000081200000,0x0000000081ff7298,0x0000000085c00000)
 Metaspace       used 33255K, capacity 35332K, committed 35416K, reserved 1079296K
  class space    used 4583K, capacity 4960K, committed 4992K, reserved 1048576K
}
Event: 8.061 GC heap before
{Heap before GC invocations=12 (full 2):
 PSYoungGen      total 205312K, used 192512K [0x00000000d5b80000, 0x00000000e8880000, 0x0000000100000000)
  eden space 192512K, 100% used [0x00000000d5b80000,0x00000000e1780000,0x00000000e1780000)
  from space 12800K, 0% used [0x00000000e1780000,0x00000000e1780000,0x00000000e2400000)
  to   space 12288K, 0% used [0x00000000e7c80000,0x00000000e7c80000,0x00000000e8880000)
 ParOldGen       total 75776K, used 14300K [0x0000000081200000, 0x0000000085c00000, 0x00000000d5b80000)
  object space 75776K, 18% used [0x0000000081200000,0x0000000081ff7298,0x0000000085c00000)
 Metaspace       used 44718K, capacity 47556K, committed 47704K, reserved 1089536K
  class space    used 6173K, capacity 6677K, committed 6784K, reserved 1048576K
Event: 8.074 GC heap after
Heap after GC invocations=12 (full 2):
 PSYoungGen      total 272896K, used 12281K [0x00000000d5b80000, 0x00000000e8880000, 0x0000000100000000)
  eden space 260608K, 0% used [0x00000000d5b80000,0x00000000d5b80000,0x00000000e5a00000)
  from space 12288K, 99% used [0x00000000e7c80000,0x00000000e887e770,0x00000000e8880000)
  to   space 15360K, 0% used [0x00000000e6a80000,0x00000000e6a80000,0x00000000e7980000)
 ParOldGen       total 75776K, used 19509K [0x0000000081200000, 0x0000000085c00000, 0x00000000d5b80000)
  object space 75776K, 25% used [0x0000000081200000,0x000000008250d6b0,0x0000000085c00000)
 Metaspace       used 44718K, capacity 47556K, committed 47704K, reserved 1089536K
  class space    used 6173K, capacity 6677K, committed 6784K, reserved 1048576K
}
Event: 58.438 GC heap before
{Heap before GC invocations=13 (full 2):
 PSYoungGen      total 272896K, used 159876K [0x00000000d5b80000, 0x00000000e8880000, 0x0000000100000000)
  eden space 260608K, 56% used [0x00000000d5b80000,0x00000000deba29d8,0x00000000e5a00000)
  from space 12288K, 99% used [0x00000000e7c80000,0x00000000e887e770,0x00000000e8880000)
  to   space 15360K, 0% used [0x00000000e6a80000,0x00000000e6a80000,0x00000000e7980000)
 ParOldGen       total 75776K, used 19509K [0x0000000081200000, 0x0000000085c00000, 0x00000000d5b80000)
  object space 75776K, 25% used [0x0000000081200000,0x000000008250d6b0,0x0000000085c00000)
 Metaspace       used 55081K, capacity 58756K, committed 58968K, reserved 1099776K
  class space    used 7532K, capacity 8199K, committed 8320K, reserved 1048576K
Event: 58.456 GC heap after
Heap after GC invocations=13 (full 2):
 PSYoungGen      total 292864K, used 14188K [0x00000000d5b80000, 0x00000000eca80000, 0x0000000100000000)
  eden space 277504K, 0% used [0x00000000d5b80000,0x00000000d5b80000,0x00000000e6a80000)
  from space 15360K, 92% used [0x00000000e6a80000,0x00000000e785b2b8,0x00000000e7980000)
  to   space 16896K, 0% used [0x00000000eba00000,0x00000000eba00000,0x00000000eca80000)
 ParOldGen       total 75776K, used 27713K [0x0000000081200000, 0x0000000085c00000, 0x00000000d5b80000)
  object space 75776K, 36% used [0x0000000081200000,0x0000000082d10780,0x0000000085c00000)
 Metaspace       used 55081K, capacity 58756K, committed 58968K, reserved 1099776K
  class space    used 7532K, capacity 8199K, committed 8320K, reserved 1048576K
}
Event: 58.456 GC heap before
{Heap before GC invocations=14 (full 3):
 PSYoungGen      total 292864K, used 14188K [0x00000000d5b80000, 0x00000000eca80000, 0x0000000100000000)
  eden space 277504K, 0% used [0x00000000d5b80000,0x00000000d5b80000,0x00000000e6a80000)
  from space 15360K, 92% used [0x00000000e6a80000,0x00000000e785b2b8,0x00000000e7980000)
  to   space 16896K, 0% used [0x00000000eba00000,0x00000000eba00000,0x00000000eca80000)
 ParOldGen       total 75776K, used 27713K [0x0000000081200000, 0x0000000085c00000, 0x00000000d5b80000)
  object space 75776K, 36% used [0x0000000081200000,0x0000000082d10780,0x0000000085c00000)
 Metaspace       used 55081K, capacity 58756K, committed 58968K, reserved 1099776K
  class space    used 7532K, capacity 8199K, committed 8320K, reserved 1048576K
Event: 58.572 GC heap after
Heap after GC invocations=14 (full 3):
 PSYoungGen      total 292864K, used 0K [0x00000000d5b80000, 0x00000000eca80000, 0x0000000100000000)
  eden space 277504K, 0% used [0x00000000d5b80000,0x00000000d5b80000,0x00000000e6a80000)
  from space 15360K, 0% used [0x00000000e6a80000,0x00000000e6a80000,0x00000000e7980000)
  to   space 16896K, 0% used [0x00000000eba00000,0x00000000eba00000,0x00000000eca80000)
 ParOldGen       total 112640K, used 33278K [0x0000000081200000, 0x0000000088000000, 0x00000000d5b80000)
  object space 112640K, 29% used [0x0000000081200000,0x000000008327fa98,0x0000000088000000)
 Metaspace       used 55081K, capacity 58756K, committed 58968K, reserved 1099776K
  class space    used 7532K, capacity 8199K, committed 8320K, reserved 1048576K
}

