# JRE version: Java(TM) SE Runtime Environment (8.0_201-b09) (build 1.8.0_201-b09)
# Java VM: Java HotSpot(TM) 64-Bit Server VM (25.201-b09 mixed mode windows-amd64 compressed oops)
Heap:
 PSYoungGen      total 241152K, used 239773K [0x00000000d5b80000, 0x00000000e6500000, 0x0000000100000000)
  eden space 231936K, 99% used [0x00000000d5b80000,0x00000000e3d8ef20,0x00000000e3e00000)
  from space 9216K, 89% used [0x00000000e5c00000,0x00000000e6418868,0x00000000e6500000)
  to   space 19968K, 0% used [0x00000000e3e00000,0x00000000e3e00000,0x00000000e5180000)
 ParOldGen       total 79360K, used 59659K [0x0000000081200000, 0x0000000085f80000, 0x00000000d5b80000)
  object space 79360K, 75% used [0x0000000081200000,0x0000000084c42d18,0x0000000085f80000)
 Metaspace       used 53623K, capacity 57252K, committed 57432K, reserved 1099776K
  class space    used 7334K, capacity 7972K, committed 8064K, reserved 1048576K
GC Heap History (10 events):
Event: 115.697 GC heap before
{Heap before GC invocations=14 (full 2):
 PSYoungGen      total 177664K, used 177649K [0x00000000d5b80000, 0x00000000e4d80000, 0x0000000100000000)
  eden space 165888K, 100% used [0x00000000d5b80000,0x00000000dfd80000,0x00000000dfd80000)
  from space 11776K, 99% used [0x00000000dfd80000,0x00000000e08fc558,0x00000000e0900000)
  to   space 14336K, 0% used [0x00000000e3f80000,0x00000000e3f80000,0x00000000e4d80000)
 ParOldGen       total 79360K, used 21782K [0x0000000081200000, 0x0000000085f80000, 0x00000000d5b80000)
  object space 79360K, 27% used [0x0000000081200000,0x0000000082745ab8,0x0000000085f80000)
 Metaspace       used 53203K, capacity 56764K, committed 56792K, reserved 1097728K
  class space    used 7286K, capacity 7928K, committed 7936K, reserved 1048576K
Event: 115.714 GC heap after
Heap after GC invocations=14 (full 2):
 PSYoungGen      total 224768K, used 14313K [0x00000000d5b80000, 0x00000000e5780000, 0x0000000100000000)
  eden space 210432K, 0% used [0x00000000d5b80000,0x00000000d5b80000,0x00000000e2900000)
  from space 14336K, 99% used [0x00000000e3f80000,0x00000000e4d7a550,0x00000000e4d80000)
  to   space 23040K, 0% used [0x00000000e2900000,0x00000000e2900000,0x00000000e3f80000)
 ParOldGen       total 79360K, used 41279K [0x0000000081200000, 0x0000000085f80000, 0x00000000d5b80000)
  object space 79360K, 52% used [0x0000000081200000,0x0000000083a4fd18,0x0000000085f80000)
 Metaspace       used 53203K, capacity 56764K, committed 56792K, reserved 1097728K
  class space    used 7286K, capacity 7928K, committed 7936K, reserved 1048576K
}
Event: 136.200 GC heap before
{Heap before GC invocations=15 (full 2):
 PSYoungGen      total 224768K, used 224745K [0x00000000d5b80000, 0x00000000e5780000, 0x0000000100000000)
  eden space 210432K, 100% used [0x00000000d5b80000,0x00000000e2900000,0x00000000e2900000)
  from space 14336K, 99% used [0x00000000e3f80000,0x00000000e4d7a550,0x00000000e4d80000)
  to   space 23040K, 0% used [0x00000000e2900000,0x00000000e2900000,0x00000000e3f80000)
 ParOldGen       total 79360K, used 41279K [0x0000000081200000, 0x0000000085f80000, 0x00000000d5b80000)
  object space 79360K, 52% used [0x0000000081200000,0x0000000083a4fd18,0x0000000085f80000)
 Metaspace       used 53233K, capacity 56870K, committed 57048K, reserved 1097728K
  class space    used 7292K, capacity 7935K, committed 7936K, reserved 1048576K
Event: 136.210 GC heap after
Heap after GC invocations=15 (full 2):
 PSYoungGen      total 233472K, used 9317K [0x00000000d5b80000, 0x00000000e8480000, 0x0000000100000000)
  eden space 210432K, 0% used [0x00000000d5b80000,0x00000000d5b80000,0x00000000e2900000)
  from space 23040K, 40% used [0x00000000e2900000,0x00000000e3219780,0x00000000e3f80000)
  to   space 22016K, 0% used [0x00000000e6f00000,0x00000000e6f00000,0x00000000e8480000)
 ParOldGen       total 79360K, used 59635K [0x0000000081200000, 0x0000000085f80000, 0x00000000d5b80000)
  object space 79360K, 75% used [0x0000000081200000,0x0000000084c3cd18,0x0000000085f80000)
 Metaspace       used 53233K, capacity 56870K, committed 57048K, reserved 1097728K
  class space    used 7292K, capacity 7935K, committed 7936K, reserved 1048576K
}
Event: 148.816 GC heap before
{Heap before GC invocations=16 (full 2):
 PSYoungGen      total 233472K, used 219749K [0x00000000d5b80000, 0x00000000e8480000, 0x0000000100000000)
  eden space 210432K, 100% used [0x00000000d5b80000,0x00000000e2900000,0x00000000e2900000)
  from space 23040K, 40% used [0x00000000e2900000,0x00000000e3219780,0x00000000e3f80000)
  to   space 22016K, 0% used [0x00000000e6f00000,0x00000000e6f00000,0x00000000e8480000)
 ParOldGen       total 79360K, used 59635K [0x0000000081200000, 0x0000000085f80000, 0x00000000d5b80000)
  object space 79360K, 75% used [0x0000000081200000,0x0000000084c3cd18,0x0000000085f80000)
 Metaspace       used 53505K, capacity 57102K, committed 57432K, reserved 1099776K
  class space    used 7330K, capacity 7969K, committed 8064K, reserved 1048576K
Event: 148.820 GC heap after
Heap after GC invocations=16 (full 2):
 PSYoungGen      total 263680K, used 9673K [0x00000000d5b80000, 0x00000000e7a80000, 0x0000000100000000)
  eden space 251904K, 0% used [0x00000000d5b80000,0x00000000d5b80000,0x00000000e5180000)
  from space 11776K, 82% used [0x00000000e6f00000,0x00000000e7872710,0x00000000e7a80000)
  to   space 20992K, 0% used [0x00000000e5180000,0x00000000e5180000,0x00000000e6600000)
 ParOldGen       total 79360K, used 59643K [0x0000000081200000, 0x0000000085f80000, 0x00000000d5b80000)
  object space 79360K, 75% used [0x0000000081200000,0x0000000084c3ed18,0x0000000085f80000)
 Metaspace       used 53505K, capacity 57102K, committed 57432K, reserved 1099776K
  class space    used 7330K, capacity 7969K, committed 8064K, reserved 1048576K
}
Event: 163.217 GC heap before
{Heap before GC invocations=17 (full 2):
 PSYoungGen      total 263680K, used 261446K [0x00000000d5b80000, 0x00000000e7a80000, 0x0000000100000000)
  eden space 251904K, 99% used [0x00000000d5b80000,0x00000000e515f498,0x00000000e5180000)
  from space 11776K, 82% used [0x00000000e6f00000,0x00000000e7872710,0x00000000e7a80000)
  to   space 20992K, 0% used [0x00000000e5180000,0x00000000e5180000,0x00000000e6600000)
 ParOldGen       total 79360K, used 59643K [0x0000000081200000, 0x0000000085f80000, 0x00000000d5b80000)
  object space 79360K, 75% used [0x0000000081200000,0x0000000084c3ed18,0x0000000085f80000)
 Metaspace       used 53530K, capacity 57172K, committed 57432K, reserved 1099776K
  class space    used 7331K, capacity 7970K, committed 8064K, reserved 1048576K
Event: 163.221 GC heap after
Heap after GC invocations=17 (full 2):
 PSYoungGen      total 248832K, used 6997K [0x00000000d5b80000, 0x00000000e7080000, 0x0000000100000000)
  eden space 241664K, 0% used [0x00000000d5b80000,0x00000000d5b80000,0x00000000e4780000)
  from space 7168K, 97% used [0x00000000e5180000,0x00000000e58554c0,0x00000000e5880000)
  to   space 20992K, 0% used [0x00000000e5c00000,0x00000000e5c00000,0x00000000e7080000)
 ParOldGen       total 79360K, used 59651K [0x0000000081200000, 0x0000000085f80000, 0x00000000d5b80000)
  object space 79360K, 75% used [0x0000000081200000,0x0000000084c40d18,0x0000000085f80000)
 Metaspace       used 53530K, capacity 57172K, committed 57432K, reserved 1099776K
  class space    used 7331K, capacity 7970K, committed 8064K, reserved 1048576K
}
Event: 194.359 GC heap before
{Heap before GC invocations=18 (full 2):
 PSYoungGen      total 248832K, used 248661K [0x00000000d5b80000, 0x00000000e7080000, 0x0000000100000000)
  eden space 241664K, 100% used [0x00000000d5b80000,0x00000000e4780000,0x00000000e4780000)
  from space 7168K, 97% used [0x00000000e5180000,0x00000000e58554c0,0x00000000e5880000)
  to   space 20992K, 0% used [0x00000000e5c00000,0x00000000e5c00000,0x00000000e7080000)
 ParOldGen       total 79360K, used 59651K [0x0000000081200000, 0x0000000085f80000, 0x00000000d5b80000)
  object space 79360K, 75% used [0x0000000081200000,0x0000000084c40d18,0x0000000085f80000)
 Metaspace       used 53615K, capacity 57240K, committed 57432K, reserved 1099776K
  class space    used 7331K, capacity 7970K, committed 8064K, reserved 1048576K
Event: 194.363 GC heap after
Heap after GC invocations=18 (full 2):
 PSYoungGen      total 241152K, used 8290K [0x00000000d5b80000, 0x00000000e6500000, 0x0000000100000000)
  eden space 231936K, 0% used [0x00000000d5b80000,0x00000000d5b80000,0x00000000e3e00000)
  from space 9216K, 89% used [0x00000000e5c00000,0x00000000e6418868,0x00000000e6500000)
  to   space 19968K, 0% used [0x00000000e3e00000,0x00000000e3e00000,0x00000000e5180000)
 ParOldGen       total 79360K, used 59659K [0x0000000081200000, 0x0000000085f80000, 0x00000000d5b80000)
  object space 79360K, 75% used [0x0000000081200000,0x0000000084c42d18,0x0000000085f80000)
 Metaspace       used 53615K, capacity 57240K, committed 57432K, reserved 1099776K
  class space    used 7331K, capacity 7970K, committed 8064K, reserved 1048576K
}

