# JRE version: Java(TM) SE Runtime Environment (8.0_201-b09) (build 1.8.0_201-b09)
# Java VM: Java HotSpot(TM) 64-Bit Server VM (25.201-b09 mixed mode windows-amd64 compressed oops)
Heap:
 PSYoungGen      total 277504K, used 160809K [0x00000000d5580000, 0x00000000f1d80000, 0x0000000100000000)
  eden space 259072K, 54% used [0x00000000d5580000,0x00000000de092570,0x00000000e5280000)
  from space 18432K, 99% used [0x00000000e5280000,0x00000000e64780e0,0x00000000e6480000)
  to   space 26112K, 0% used [0x00000000f0400000,0x00000000f0400000,0x00000000f1d80000)
 ParOldGen       total 87552K, used 27990K [0x0000000080000000, 0x0000000085580000, 0x00000000d5580000)
  object space 87552K, 31% used [0x0000000080000000,0x0000000081b55908,0x0000000085580000)
 Metaspace       used 53672K, capacity 57286K, committed 57472K, reserved 1099776K
  class space    used 7347K, capacity 8011K, committed 8064K, reserved 1048576K
GC Heap History (10 events):
Event: 3.385 GC heap before
{Heap before GC invocations=5 (full 0):
 PSYoungGen      total 71680K, used 71660K [0x00000000d5580000, 0x00000000da080000, 0x0000000100000000)
  eden space 66560K, 100% used [0x00000000d5580000,0x00000000d9680000,0x00000000d9680000)
  from space 5120K, 99% used [0x00000000d9b80000,0x00000000da07b008,0x00000000da080000)
  to   space 5120K, 0% used [0x00000000d9680000,0x00000000d9680000,0x00000000d9b80000)
 ParOldGen       total 87552K, used 2986K [0x0000000080000000, 0x0000000085580000, 0x00000000d5580000)
  object space 87552K, 3% used [0x0000000080000000,0x00000000802eab38,0x0000000085580000)
 Metaspace       used 18939K, capacity 19888K, committed 20096K, reserved 1067008K
  class space    used 2623K, capacity 2842K, committed 2944K, reserved 1048576K
Event: 3.398 GC heap after
Heap after GC invocations=5 (full 0):
 PSYoungGen      total 71680K, used 5094K [0x00000000d5580000, 0x00000000dea80000, 0x0000000100000000)
  eden space 66560K, 0% used [0x00000000d5580000,0x00000000d5580000,0x00000000d9680000)
  from space 5120K, 99% used [0x00000000d9680000,0x00000000d9b79af0,0x00000000d9b80000)
  to   space 9728K, 0% used [0x00000000de100000,0x00000000de100000,0x00000000dea80000)
 ParOldGen       total 87552K, used 7542K [0x0000000080000000, 0x0000000085580000, 0x00000000d5580000)
  object space 87552K, 8% used [0x0000000080000000,0x000000008075d940,0x0000000085580000)
 Metaspace       used 18939K, capacity 19888K, committed 20096K, reserved 1067008K
  class space    used 2623K, capacity 2842K, committed 2944K, reserved 1048576K
}
Event: 3.931 GC heap before
{Heap before GC invocations=6 (full 0):
 PSYoungGen      total 71680K, used 71654K [0x00000000d5580000, 0x00000000dea80000, 0x0000000100000000)
  eden space 66560K, 100% used [0x00000000d5580000,0x00000000d9680000,0x00000000d9680000)
  from space 5120K, 99% used [0x00000000d9680000,0x00000000d9b79af0,0x00000000d9b80000)
  to   space 9728K, 0% used [0x00000000de100000,0x00000000de100000,0x00000000dea80000)
 ParOldGen       total 87552K, used 7542K [0x0000000080000000, 0x0000000085580000, 0x00000000d5580000)
  object space 87552K, 8% used [0x0000000080000000,0x000000008075d940,0x0000000085580000)
 Metaspace       used 21662K, capacity 22688K, committed 23040K, reserved 1069056K
  class space    used 2953K, capacity 3212K, committed 3328K, reserved 1048576K
Event: 3.939 GC heap after
Heap after GC invocations=6 (full 0):
 PSYoungGen      total 140288K, used 9696K [0x00000000d5580000, 0x00000000def80000, 0x0000000100000000)
  eden space 130560K, 0% used [0x00000000d5580000,0x00000000d5580000,0x00000000dd500000)
  from space 9728K, 99% used [0x00000000de100000,0x00000000dea782c0,0x00000000dea80000)
  to   space 12288K, 0% used [0x00000000dd500000,0x00000000dd500000,0x00000000de100000)
 ParOldGen       total 87552K, used 9293K [0x0000000080000000, 0x0000000085580000, 0x00000000d5580000)
  object space 87552K, 10% used [0x0000000080000000,0x0000000080913418,0x0000000085580000)
 Metaspace       used 21662K, capacity 22688K, committed 23040K, reserved 1069056K
  class space    used 2953K, capacity 3212K, committed 3328K, reserved 1048576K
}
Event: 5.553 GC heap before
{Heap before GC invocations=7 (full 0):
 PSYoungGen      total 140288K, used 140256K [0x00000000d5580000, 0x00000000def80000, 0x0000000100000000)
  eden space 130560K, 100% used [0x00000000d5580000,0x00000000dd500000,0x00000000dd500000)
  from space 9728K, 99% used [0x00000000de100000,0x00000000dea782c0,0x00000000dea80000)
  to   space 12288K, 0% used [0x00000000dd500000,0x00000000dd500000,0x00000000de100000)
 ParOldGen       total 87552K, used 9293K [0x0000000080000000, 0x0000000085580000, 0x00000000d5580000)
  object space 87552K, 10% used [0x0000000080000000,0x0000000080913418,0x0000000085580000)
 Metaspace       used 27173K, capacity 28584K, committed 28672K, reserved 1073152K
  class space    used 3730K, capacity 4038K, committed 4096K, reserved 1048576K
Event: 5.571 GC heap after
Heap after GC invocations=7 (full 0):
 PSYoungGen      total 142848K, used 12265K [0x00000000d5580000, 0x00000000e7480000, 0x0000000100000000)
  eden space 130560K, 0% used [0x00000000d5580000,0x00000000d5580000,0x00000000dd500000)
  from space 12288K, 99% used [0x00000000dd500000,0x00000000de0fa7b8,0x00000000de100000)
  to   space 16384K, 0% used [0x00000000e6480000,0x00000000e6480000,0x00000000e7480000)
 ParOldGen       total 87552K, used 13523K [0x0000000080000000, 0x0000000085580000, 0x00000000d5580000)
  object space 87552K, 15% used [0x0000000080000000,0x0000000080d34d90,0x0000000085580000)
 Metaspace       used 27173K, capacity 28584K, committed 28672K, reserved 1073152K
  class space    used 3730K, capacity 4038K, committed 4096K, reserved 1048576K
}
Event: 8.677 GC heap before
{Heap before GC invocations=8 (full 0):
 PSYoungGen      total 142848K, used 142825K [0x00000000d5580000, 0x00000000e7480000, 0x0000000100000000)
  eden space 130560K, 100% used [0x00000000d5580000,0x00000000dd500000,0x00000000dd500000)
  from space 12288K, 99% used [0x00000000dd500000,0x00000000de0fa7b8,0x00000000de100000)
  to   space 16384K, 0% used [0x00000000e6480000,0x00000000e6480000,0x00000000e7480000)
 ParOldGen       total 87552K, used 13523K [0x0000000080000000, 0x0000000085580000, 0x00000000d5580000)
  object space 87552K, 15% used [0x0000000080000000,0x0000000080d34d90,0x0000000085580000)
 Metaspace       used 34600K, capacity 36836K, committed 36992K, reserved 1081344K
  class space    used 4756K, capacity 5186K, committed 5248K, reserved 1048576K
Event: 8.690 GC heap after
Heap after GC invocations=8 (full 0):
 PSYoungGen      total 275456K, used 15545K [0x00000000d5580000, 0x00000000e7880000, 0x0000000100000000)
  eden space 259072K, 0% used [0x00000000d5580000,0x00000000d5580000,0x00000000e5280000)
  from space 16384K, 94% used [0x00000000e6480000,0x00000000e73ae5e0,0x00000000e7480000)
  to   space 18432K, 0% used [0x00000000e5280000,0x00000000e5280000,0x00000000e6480000)
 ParOldGen       total 87552K, used 14727K [0x0000000080000000, 0x0000000085580000, 0x00000000d5580000)
  object space 87552K, 16% used [0x0000000080000000,0x0000000080e61ef8,0x0000000085580000)
 Metaspace       used 34600K, capacity 36836K, committed 36992K, reserved 1081344K
  class space    used 4756K, capacity 5186K, committed 5248K, reserved 1048576K
}
Event: 89.018 GC heap before
{Heap before GC invocations=9 (full 0):
 PSYoungGen      total 275456K, used 274617K [0x00000000d5580000, 0x00000000e7880000, 0x0000000100000000)
  eden space 259072K, 100% used [0x00000000d5580000,0x00000000e5280000,0x00000000e5280000)
  from space 16384K, 94% used [0x00000000e6480000,0x00000000e73ae5e0,0x00000000e7480000)
  to   space 18432K, 0% used [0x00000000e5280000,0x00000000e5280000,0x00000000e6480000)
 ParOldGen       total 87552K, used 14727K [0x0000000080000000, 0x0000000085580000, 0x00000000d5580000)
  object space 87552K, 16% used [0x0000000080000000,0x0000000080e61ef8,0x0000000085580000)
 Metaspace       used 51395K, capacity 54814K, committed 55040K, reserved 1097728K
  class space    used 7013K, capacity 7615K, committed 7680K, reserved 1048576K
Event: 89.040 GC heap after
Heap after GC invocations=9 (full 0):
 PSYoungGen      total 277504K, used 18400K [0x00000000d5580000, 0x00000000f1d80000, 0x0000000100000000)
  eden space 259072K, 0% used [0x00000000d5580000,0x00000000d5580000,0x00000000e5280000)
  from space 18432K, 99% used [0x00000000e5280000,0x00000000e64780e0,0x00000000e6480000)
  to   space 26112K, 0% used [0x00000000f0400000,0x00000000f0400000,0x00000000f1d80000)
 ParOldGen       total 87552K, used 27990K [0x0000000080000000, 0x0000000085580000, 0x00000000d5580000)
  object space 87552K, 31% used [0x0000000080000000,0x0000000081b55908,0x0000000085580000)
 Metaspace       used 51395K, capacity 54814K, committed 55040K, reserved 1097728K
  class space    used 7013K, capacity 7615K, committed 7680K, reserved 1048576K
}

