# JRE version: Java(TM) SE Runtime Environment (8.0_201-b09) (build 1.8.0_201-b09)
# Java VM: Java HotSpot(TM) 64-Bit Server VM (25.201-b09 mixed mode windows-amd64 compressed oops)
Heap:
 PSYoungGen      total 443392K, used 92681K [0x00000000d5580000, 0x00000000f2880000, 0x0000000100000000)
  eden space 413184K, 17% used [0x00000000d5580000,0x00000000d9b50c68,0x00000000ee900000)
  from space 30208K, 70% used [0x00000000f0800000,0x00000000f1cb1838,0x00000000f2580000)
  to   space 31744K, 0% used [0x00000000ee900000,0x00000000ee900000,0x00000000f0800000)
 ParOldGen       total 87552K, used 42485K [0x0000000080000000, 0x0000000085580000, 0x00000000d5580000)
  object space 87552K, 48% used [0x0000000080000000,0x000000008297d4a8,0x0000000085580000)
 Metaspace       used 53748K, capacity 57448K, committed 57728K, reserved 1099776K
  class space    used 7355K, capacity 8010K, committed 8064K, reserved 1048576K
GC Heap History (10 events):
Event: 2.613 GC heap before
{Heap before GC invocations=6 (full 0):
 PSYoungGen      total 71680K, used 71664K [0x00000000d5580000, 0x00000000dea80000, 0x0000000100000000)
  eden space 66560K, 100% used [0x00000000d5580000,0x00000000d9680000,0x00000000d9680000)
  from space 5120K, 99% used [0x00000000d9680000,0x00000000d9b7c230,0x00000000d9b80000)
  to   space 9728K, 0% used [0x00000000de100000,0x00000000de100000,0x00000000dea80000)
 ParOldGen       total 87552K, used 7630K [0x0000000080000000, 0x0000000085580000, 0x00000000d5580000)
  object space 87552K, 8% used [0x0000000080000000,0x0000000080773818,0x0000000085580000)
 Metaspace       used 21672K, capacity 22748K, committed 23040K, reserved 1069056K
  class space    used 2954K, capacity 3212K, committed 3328K, reserved 1048576K
Event: 2.620 GC heap after
Heap after GC invocations=6 (full 0):
 PSYoungGen      total 140288K, used 9717K [0x00000000d5580000, 0x00000000def80000, 0x0000000100000000)
  eden space 130560K, 0% used [0x00000000d5580000,0x00000000d5580000,0x00000000dd500000)
  from space 9728K, 99% used [0x00000000de100000,0x00000000dea7d770,0x00000000dea80000)
  to   space 12288K, 0% used [0x00000000dd500000,0x00000000dd500000,0x00000000de100000)
 ParOldGen       total 87552K, used 9378K [0x0000000080000000, 0x0000000085580000, 0x00000000d5580000)
  object space 87552K, 10% used [0x0000000080000000,0x0000000080928b00,0x0000000085580000)
 Metaspace       used 21672K, capacity 22748K, committed 23040K, reserved 1069056K
  class space    used 2954K, capacity 3212K, committed 3328K, reserved 1048576K
}
Event: 3.436 GC heap before
{Heap before GC invocations=7 (full 0):
 PSYoungGen      total 140288K, used 140277K [0x00000000d5580000, 0x00000000def80000, 0x0000000100000000)
  eden space 130560K, 100% used [0x00000000d5580000,0x00000000dd500000,0x00000000dd500000)
  from space 9728K, 99% used [0x00000000de100000,0x00000000dea7d770,0x00000000dea80000)
  to   space 12288K, 0% used [0x00000000dd500000,0x00000000dd500000,0x00000000de100000)
 ParOldGen       total 87552K, used 9378K [0x0000000080000000, 0x0000000085580000, 0x00000000d5580000)
  object space 87552K, 10% used [0x0000000080000000,0x0000000080928b00,0x0000000085580000)
 Metaspace       used 27217K, capacity 28644K, committed 28928K, reserved 1075200K
  class space    used 3738K, capacity 4038K, committed 4096K, reserved 1048576K
Event: 3.446 GC heap after
Heap after GC invocations=7 (full 0):
 PSYoungGen      total 142848K, used 12269K [0x00000000d5580000, 0x00000000e7480000, 0x0000000100000000)
  eden space 130560K, 0% used [0x00000000d5580000,0x00000000d5580000,0x00000000dd500000)
  from space 12288K, 99% used [0x00000000dd500000,0x00000000de0fb6d8,0x00000000de100000)
  to   space 16384K, 0% used [0x00000000e6480000,0x00000000e6480000,0x00000000e7480000)
 ParOldGen       total 87552K, used 13692K [0x0000000080000000, 0x0000000085580000, 0x00000000d5580000)
  object space 87552K, 15% used [0x0000000080000000,0x0000000080d5f1d0,0x0000000085580000)
 Metaspace       used 27217K, capacity 28644K, committed 28928K, reserved 1075200K
  class space    used 3738K, capacity 4038K, committed 4096K, reserved 1048576K
}
Event: 4.501 GC heap before
{Heap before GC invocations=8 (full 0):
 PSYoungGen      total 142848K, used 142829K [0x00000000d5580000, 0x00000000e7480000, 0x0000000100000000)
  eden space 130560K, 100% used [0x00000000d5580000,0x00000000dd500000,0x00000000dd500000)
  from space 12288K, 99% used [0x00000000dd500000,0x00000000de0fb6d8,0x00000000de100000)
  to   space 16384K, 0% used [0x00000000e6480000,0x00000000e6480000,0x00000000e7480000)
 ParOldGen       total 87552K, used 13692K [0x0000000080000000, 0x0000000085580000, 0x00000000d5580000)
  object space 87552K, 15% used [0x0000000080000000,0x0000000080d5f1d0,0x0000000085580000)
 Metaspace       used 34641K, capacity 36896K, committed 36992K, reserved 1081344K
  class space    used 4760K, capacity 5186K, committed 5248K, reserved 1048576K
Event: 4.511 GC heap after
Heap after GC invocations=8 (full 0):
 PSYoungGen      total 275456K, used 15619K [0x00000000d5580000, 0x00000000e7880000, 0x0000000100000000)
  eden space 259072K, 0% used [0x00000000d5580000,0x00000000d5580000,0x00000000e5280000)
  from space 16384K, 95% used [0x00000000e6480000,0x00000000e73c0f10,0x00000000e7480000)
  to   space 18432K, 0% used [0x00000000e5280000,0x00000000e5280000,0x00000000e6480000)
 ParOldGen       total 87552K, used 14932K [0x0000000080000000, 0x0000000085580000, 0x00000000d5580000)
  object space 87552K, 17% used [0x0000000080000000,0x0000000080e951d0,0x0000000085580000)
 Metaspace       used 34641K, capacity 36896K, committed 36992K, reserved 1081344K
  class space    used 4760K, capacity 5186K, committed 5248K, reserved 1048576K
}
Event: 7.230 GC heap before
{Heap before GC invocations=9 (full 0):
 PSYoungGen      total 275456K, used 274691K [0x00000000d5580000, 0x00000000e7880000, 0x0000000100000000)
  eden space 259072K, 100% used [0x00000000d5580000,0x00000000e5280000,0x00000000e5280000)
  from space 16384K, 95% used [0x00000000e6480000,0x00000000e73c0f10,0x00000000e7480000)
  to   space 18432K, 0% used [0x00000000e5280000,0x00000000e5280000,0x00000000e6480000)
 ParOldGen       total 87552K, used 14932K [0x0000000080000000, 0x0000000085580000, 0x00000000d5580000)
  object space 87552K, 17% used [0x0000000080000000,0x0000000080e951d0,0x0000000085580000)
 Metaspace       used 49063K, capacity 52138K, committed 52352K, reserved 1093632K
  class space    used 6705K, capacity 7247K, committed 7296K, reserved 1048576K
Event: 7.262 GC heap after
Heap after GC invocations=9 (full 0):
 PSYoungGen      total 277504K, used 18418K [0x00000000d5580000, 0x00000000f2580000, 0x0000000100000000)
  eden space 259072K, 0% used [0x00000000d5580000,0x00000000d5580000,0x00000000e5280000)
  from space 18432K, 99% used [0x00000000e5280000,0x00000000e647cb10,0x00000000e6480000)
  to   space 30208K, 0% used [0x00000000f0800000,0x00000000f0800000,0x00000000f2580000)
 ParOldGen       total 87552K, used 38073K [0x0000000080000000, 0x0000000085580000, 0x00000000d5580000)
  object space 87552K, 43% used [0x0000000080000000,0x000000008252e418,0x0000000085580000)
 Metaspace       used 49063K, capacity 52138K, committed 52352K, reserved 1093632K
  class space    used 6705K, capacity 7247K, committed 7296K, reserved 1048576K
}
Event: 38.825 GC heap before
{Heap before GC invocations=10 (full 0):
 PSYoungGen      total 277504K, used 277490K [0x00000000d5580000, 0x00000000f2580000, 0x0000000100000000)
  eden space 259072K, 100% used [0x00000000d5580000,0x00000000e5280000,0x00000000e5280000)
  from space 18432K, 99% used [0x00000000e5280000,0x00000000e647cb10,0x00000000e6480000)
  to   space 30208K, 0% used [0x00000000f0800000,0x00000000f0800000,0x00000000f2580000)
 ParOldGen       total 87552K, used 38073K [0x0000000080000000, 0x0000000085580000, 0x00000000d5580000)
  object space 87552K, 43% used [0x0000000080000000,0x000000008252e418,0x0000000085580000)
 Metaspace       used 53746K, capacity 57448K, committed 57728K, reserved 1099776K
  class space    used 7355K, capacity 8010K, committed 8064K, reserved 1048576K
Event: 38.841 GC heap after
Heap after GC invocations=10 (full 0):
 PSYoungGen      total 443392K, used 21190K [0x00000000d5580000, 0x00000000f2880000, 0x0000000100000000)
  eden space 413184K, 0% used [0x00000000d5580000,0x00000000d5580000,0x00000000ee900000)
  from space 30208K, 70% used [0x00000000f0800000,0x00000000f1cb1838,0x00000000f2580000)
  to   space 31744K, 0% used [0x00000000ee900000,0x00000000ee900000,0x00000000f0800000)
 ParOldGen       total 87552K, used 42485K [0x0000000080000000, 0x0000000085580000, 0x00000000d5580000)
  object space 87552K, 48% used [0x0000000080000000,0x000000008297d4a8,0x0000000085580000)
 Metaspace       used 53746K, capacity 57448K, committed 57728K, reserved 1099776K
  class space    used 7355K, capacity 8010K, committed 8064K, reserved 1048576K
}

