# JRE version: Java(TM) SE Runtime Environment (8.0_201-b09) (build 1.8.0_201-b09)
# Java VM: Java HotSpot(TM) 64-Bit Server VM (25.201-b09 mixed mode windows-amd64 compressed oops)
Heap:
 PSYoungGen      total 218112K, used 81166K [0x00000000d5580000, 0x00000000ec480000, 0x0000000100000000)
  eden space 199680K, 31% used [0x00000000d5580000,0x00000000d92d9690,0x00000000e1880000)
  from space 18432K, 99% used [0x00000000eb280000,0x00000000ec46a520,0x00000000ec480000)
  to   space 25088K, 0% used [0x00000000e9380000,0x00000000e9380000,0x00000000eac00000)
 ParOldGen       total 87552K, used 38942K [0x0000000080000000, 0x0000000085580000, 0x00000000d5580000)
  object space 87552K, 44% used [0x0000000080000000,0x0000000082607870,0x0000000085580000)
 Metaspace       used 53633K, capacity 57222K, committed 57472K, reserved 1099776K
  class space    used 7330K, capacity 7969K, committed 8064K, reserved 1048576K
GC Heap History (10 events):
Event: 3.648 GC heap before
{Heap before GC invocations=8 (full 0):
 PSYoungGen      total 74752K, used 74748K [0x00000000d5580000, 0x00000000dec80000, 0x0000000100000000)
  eden space 66048K, 100% used [0x00000000d5580000,0x00000000d9600000,0x00000000d9600000)
  from space 8704K, 99% used [0x00000000d9600000,0x00000000d9e7f0d0,0x00000000d9e80000)
  to   space 11264K, 0% used [0x00000000de180000,0x00000000de180000,0x00000000dec80000)
 ParOldGen       total 87552K, used 8213K [0x0000000080000000, 0x0000000085580000, 0x00000000d5580000)
  object space 87552K, 9% used [0x0000000080000000,0x00000000808056f0,0x0000000085580000)
 Metaspace       used 23626K, capacity 24856K, committed 25088K, reserved 1071104K
  class space    used 3214K, capacity 3492K, committed 3584K, reserved 1048576K
Event: 3.654 GC heap after
Heap after GC invocations=8 (full 0):
 PSYoungGen      total 143360K, used 7987K [0x00000000d5580000, 0x00000000dec80000, 0x0000000100000000)
  eden space 132096K, 0% used [0x00000000d5580000,0x00000000d5580000,0x00000000dd680000)
  from space 11264K, 70% used [0x00000000de180000,0x00000000de94cd98,0x00000000dec80000)
  to   space 11264K, 0% used [0x00000000dd680000,0x00000000dd680000,0x00000000de180000)
 ParOldGen       total 87552K, used 9666K [0x0000000080000000, 0x0000000085580000, 0x00000000d5580000)
  object space 87552K, 11% used [0x0000000080000000,0x0000000080970858,0x0000000085580000)
 Metaspace       used 23626K, capacity 24856K, committed 25088K, reserved 1071104K
  class space    used 3214K, capacity 3492K, committed 3584K, reserved 1048576K
}
Event: 5.118 GC heap before
{Heap before GC invocations=9 (full 0):
 PSYoungGen      total 143360K, used 140083K [0x00000000d5580000, 0x00000000dec80000, 0x0000000100000000)
  eden space 132096K, 100% used [0x00000000d5580000,0x00000000dd680000,0x00000000dd680000)
  from space 11264K, 70% used [0x00000000de180000,0x00000000de94cd98,0x00000000dec80000)
  to   space 11264K, 0% used [0x00000000dd680000,0x00000000dd680000,0x00000000de180000)
 ParOldGen       total 87552K, used 9666K [0x0000000080000000, 0x0000000085580000, 0x00000000d5580000)
  object space 87552K, 11% used [0x0000000080000000,0x0000000080970858,0x0000000085580000)
 Metaspace       used 30510K, capacity 32524K, committed 32768K, reserved 1077248K
  class space    used 4176K, capacity 4550K, committed 4608K, reserved 1048576K
Event: 5.127 GC heap after
Heap after GC invocations=9 (full 0):
 PSYoungGen      total 143360K, used 11251K [0x00000000d5580000, 0x00000000e3f00000, 0x0000000100000000)
  eden space 132096K, 0% used [0x00000000d5580000,0x00000000d5580000,0x00000000dd680000)
  from space 11264K, 99% used [0x00000000dd680000,0x00000000de17cf38,0x00000000de180000)
  to   space 13824K, 0% used [0x00000000e3180000,0x00000000e3180000,0x00000000e3f00000)
 ParOldGen       total 87552K, used 12621K [0x0000000080000000, 0x0000000085580000, 0x00000000d5580000)
  object space 87552K, 14% used [0x0000000080000000,0x0000000080c537d8,0x0000000085580000)
 Metaspace       used 30510K, capacity 32524K, committed 32768K, reserved 1077248K
  class space    used 4176K, capacity 4550K, committed 4608K, reserved 1048576K
}
Event: 6.175 GC heap before
{Heap before GC invocations=10 (full 0):
 PSYoungGen      total 143360K, used 143347K [0x00000000d5580000, 0x00000000e3f00000, 0x0000000100000000)
  eden space 132096K, 100% used [0x00000000d5580000,0x00000000dd680000,0x00000000dd680000)
  from space 11264K, 99% used [0x00000000dd680000,0x00000000de17cf38,0x00000000de180000)
  to   space 13824K, 0% used [0x00000000e3180000,0x00000000e3180000,0x00000000e3f00000)
 ParOldGen       total 87552K, used 12621K [0x0000000080000000, 0x0000000085580000, 0x00000000d5580000)
  object space 87552K, 14% used [0x0000000080000000,0x0000000080c537d8,0x0000000085580000)
 Metaspace       used 38149K, capacity 40792K, committed 40832K, reserved 1085440K
  class space    used 5236K, capacity 5724K, committed 5760K, reserved 1048576K
Event: 6.186 GC heap after
Heap after GC invocations=10 (full 0):
 PSYoungGen      total 222208K, used 13811K [0x00000000d5580000, 0x00000000e4500000, 0x0000000100000000)
  eden space 208384K, 0% used [0x00000000d5580000,0x00000000d5580000,0x00000000e2100000)
  from space 13824K, 99% used [0x00000000e3180000,0x00000000e3efcdd0,0x00000000e3f00000)
  to   space 16896K, 0% used [0x00000000e2100000,0x00000000e2100000,0x00000000e3180000)
 ParOldGen       total 87552K, used 16971K [0x0000000080000000, 0x0000000085580000, 0x00000000d5580000)
  object space 87552K, 19% used [0x0000000080000000,0x0000000081092f10,0x0000000085580000)
 Metaspace       used 38149K, capacity 40792K, committed 40832K, reserved 1085440K
  class space    used 5236K, capacity 5724K, committed 5760K, reserved 1048576K
}
Event: 80.976 GC heap before
{Heap before GC invocations=11 (full 0):
 PSYoungGen      total 222208K, used 222195K [0x00000000d5580000, 0x00000000e4500000, 0x0000000100000000)
  eden space 208384K, 100% used [0x00000000d5580000,0x00000000e2100000,0x00000000e2100000)
  from space 13824K, 99% used [0x00000000e3180000,0x00000000e3efcdd0,0x00000000e3f00000)
  to   space 16896K, 0% used [0x00000000e2100000,0x00000000e2100000,0x00000000e3180000)
 ParOldGen       total 87552K, used 16971K [0x0000000080000000, 0x0000000085580000, 0x00000000d5580000)
  object space 87552K, 19% used [0x0000000080000000,0x0000000081092f10,0x0000000085580000)
 Metaspace       used 53289K, capacity 56874K, committed 57088K, reserved 1097728K
  class space    used 7274K, capacity 7925K, committed 7936K, reserved 1048576K
Event: 80.999 GC heap after
Heap after GC invocations=11 (full 0):
 PSYoungGen      total 225280K, used 16868K [0x00000000d5580000, 0x00000000ec980000, 0x0000000100000000)
  eden space 208384K, 0% used [0x00000000d5580000,0x00000000d5580000,0x00000000e2100000)
  from space 16896K, 99% used [0x00000000e2100000,0x00000000e3179390,0x00000000e3180000)
  to   space 23552K, 0% used [0x00000000eb280000,0x00000000eb280000,0x00000000ec980000)
 ParOldGen       total 87552K, used 28763K [0x0000000080000000, 0x0000000085580000, 0x00000000d5580000)
  object space 87552K, 32% used [0x0000000080000000,0x0000000081c16fa0,0x0000000085580000)
 Metaspace       used 53289K, capacity 56874K, committed 57088K, reserved 1097728K
  class space    used 7274K, capacity 7925K, committed 7936K, reserved 1048576K
}
Event: 92.556 GC heap before
{Heap before GC invocations=12 (full 0):
 PSYoungGen      total 225280K, used 225252K [0x00000000d5580000, 0x00000000ec980000, 0x0000000100000000)
  eden space 208384K, 100% used [0x00000000d5580000,0x00000000e2100000,0x00000000e2100000)
  from space 16896K, 99% used [0x00000000e2100000,0x00000000e3179390,0x00000000e3180000)
  to   space 23552K, 0% used [0x00000000eb280000,0x00000000eb280000,0x00000000ec980000)
 ParOldGen       total 87552K, used 28763K [0x0000000080000000, 0x0000000085580000, 0x00000000d5580000)
  object space 87552K, 32% used [0x0000000080000000,0x0000000081c16fa0,0x0000000085580000)
 Metaspace       used 53633K, capacity 57222K, committed 57472K, reserved 1099776K
  class space    used 7330K, capacity 7969K, committed 8064K, reserved 1048576K
Event: 92.565 GC heap after
Heap after GC invocations=12 (full 0):
 PSYoungGen      total 218112K, used 18345K [0x00000000d5580000, 0x00000000ec480000, 0x0000000100000000)
  eden space 199680K, 0% used [0x00000000d5580000,0x00000000d5580000,0x00000000e1880000)
  from space 18432K, 99% used [0x00000000eb280000,0x00000000ec46a520,0x00000000ec480000)
  to   space 25088K, 0% used [0x00000000e9380000,0x00000000e9380000,0x00000000eac00000)
 ParOldGen       total 87552K, used 38942K [0x0000000080000000, 0x0000000085580000, 0x00000000d5580000)
  object space 87552K, 44% used [0x0000000080000000,0x0000000082607870,0x0000000085580000)
 Metaspace       used 53633K, capacity 57222K, committed 57472K, reserved 1099776K
  class space    used 7330K, capacity 7969K, committed 8064K, reserved 1048576K
}

