# JRE version: Java(TM) SE Runtime Environment (8.0_201-b09) (build 1.8.0_201-b09)
# Java VM: Java HotSpot(TM) 64-Bit Server VM (25.201-b09 mixed mode windows-amd64 compressed oops)
Heap:
 PSYoungGen      total 249344K, used 31803K [0x00000000d5b80000, 0x00000000ec000000, 0x0000000100000000)
  eden space 231424K, 6% used [0x00000000d5b80000,0x00000000d6911b10,0x00000000e3d80000)
  from space 17920K, 99% used [0x00000000e3d80000,0x00000000e4efd3e0,0x00000000e4f00000)
  to   space 29184K, 0% used [0x00000000ea380000,0x00000000ea380000,0x00000000ec000000)
 ParOldGen       total 109056K, used 57985K [0x0000000081200000, 0x0000000087c80000, 0x00000000d5b80000)
  object space 109056K, 53% used [0x0000000081200000,0x0000000084aa0758,0x0000000087c80000)
 Metaspace       used 55517K, capacity 59216K, committed 59480K, reserved 1099776K
  class space    used 7592K, capacity 8241K, committed 8320K, reserved 1048576K
GC Heap History (10 events):
Event: 5.839 GC heap before
{Heap before GC invocations=12 (full 2):
 PSYoungGen      total 185856K, used 7718K [0x00000000d5b80000, 0x00000000e1b80000, 0x0000000100000000)
  eden space 176128K, 0% used [0x00000000d5b80000,0x00000000d5b80000,0x00000000e0780000)
  from space 9728K, 79% used [0x00000000e1200000,0x00000000e1989868,0x00000000e1b80000)
  to   space 10240K, 0% used [0x00000000e0780000,0x00000000e0780000,0x00000000e1180000)
 ParOldGen       total 49664K, used 14238K [0x0000000081200000, 0x0000000084280000, 0x00000000d5b80000)
  object space 49664K, 28% used [0x0000000081200000,0x0000000081fe7af8,0x0000000084280000)
 Metaspace       used 33254K, capacity 35330K, committed 35416K, reserved 1079296K
  class space    used 4582K, capacity 4959K, committed 4992K, reserved 1048576K
Event: 5.899 GC heap after
Heap after GC invocations=12 (full 2):
 PSYoungGen      total 185856K, used 0K [0x00000000d5b80000, 0x00000000e1b80000, 0x0000000100000000)
  eden space 176128K, 0% used [0x00000000d5b80000,0x00000000d5b80000,0x00000000e0780000)
  from space 9728K, 0% used [0x00000000e1200000,0x00000000e1200000,0x00000000e1b80000)
  to   space 10240K, 0% used [0x00000000e0780000,0x00000000e0780000,0x00000000e1180000)
 ParOldGen       total 74240K, used 16083K [0x0000000081200000, 0x0000000085a80000, 0x00000000d5b80000)
  object space 74240K, 21% used [0x0000000081200000,0x00000000821b4e18,0x0000000085a80000)
 Metaspace       used 33254K, capacity 35330K, committed 35416K, reserved 1079296K
  class space    used 4582K, capacity 4959K, committed 4992K, reserved 1048576K
}
Event: 8.831 GC heap before
{Heap before GC invocations=13 (full 2):
 PSYoungGen      total 185856K, used 176128K [0x00000000d5b80000, 0x00000000e1b80000, 0x0000000100000000)
  eden space 176128K, 100% used [0x00000000d5b80000,0x00000000e0780000,0x00000000e0780000)
  from space 9728K, 0% used [0x00000000e1200000,0x00000000e1200000,0x00000000e1b80000)
  to   space 10240K, 0% used [0x00000000e0780000,0x00000000e0780000,0x00000000e1180000)
 ParOldGen       total 74240K, used 16083K [0x0000000081200000, 0x0000000085a80000, 0x00000000d5b80000)
  object space 74240K, 21% used [0x0000000081200000,0x00000000821b4e18,0x0000000085a80000)
 Metaspace       used 42284K, capacity 45178K, committed 45400K, reserved 1087488K
  class space    used 5861K, capacity 6404K, committed 6528K, reserved 1048576K
Event: 8.843 GC heap after
Heap after GC invocations=13 (full 2):
 PSYoungGen      total 186368K, used 10233K [0x00000000d5b80000, 0x00000000e5e00000, 0x0000000100000000)
  eden space 176128K, 0% used [0x00000000d5b80000,0x00000000d5b80000,0x00000000e0780000)
  from space 10240K, 99% used [0x00000000e0780000,0x00000000e117e6a8,0x00000000e1180000)
  to   space 12800K, 0% used [0x00000000e5180000,0x00000000e5180000,0x00000000e5e00000)
 ParOldGen       total 74240K, used 20266K [0x0000000081200000, 0x0000000085a80000, 0x00000000d5b80000)
  object space 74240K, 27% used [0x0000000081200000,0x00000000825ca810,0x0000000085a80000)
 Metaspace       used 42284K, capacity 45178K, committed 45400K, reserved 1087488K
  class space    used 5861K, capacity 6404K, committed 6528K, reserved 1048576K
}
Event: 113.230 GC heap before
{Heap before GC invocations=14 (full 2):
 PSYoungGen      total 186368K, used 170303K [0x00000000d5b80000, 0x00000000e5e00000, 0x0000000100000000)
  eden space 176128K, 90% used [0x00000000d5b80000,0x00000000df7d1840,0x00000000e0780000)
  from space 10240K, 99% used [0x00000000e0780000,0x00000000e117e6a8,0x00000000e1180000)
  to   space 12800K, 0% used [0x00000000e5180000,0x00000000e5180000,0x00000000e5e00000)
 ParOldGen       total 74240K, used 20266K [0x0000000081200000, 0x0000000085a80000, 0x00000000d5b80000)
  object space 74240K, 27% used [0x0000000081200000,0x00000000825ca810,0x0000000085a80000)
 Metaspace       used 55087K, capacity 58758K, committed 58968K, reserved 1099776K
  class space    used 7533K, capacity 8200K, committed 8320K, reserved 1048576K
Event: 113.246 GC heap after
Heap after GC invocations=14 (full 2):
 PSYoungGen      total 244224K, used 12782K [0x00000000d5b80000, 0x00000000e6080000, 0x0000000100000000)
  eden space 231424K, 0% used [0x00000000d5b80000,0x00000000d5b80000,0x00000000e3d80000)
  from space 12800K, 99% used [0x00000000e5180000,0x00000000e5dfb840,0x00000000e5e00000)
  to   space 17920K, 0% used [0x00000000e3d80000,0x00000000e3d80000,0x00000000e4f00000)
 ParOldGen       total 74240K, used 30705K [0x0000000081200000, 0x0000000085a80000, 0x00000000d5b80000)
  object space 74240K, 41% used [0x0000000081200000,0x0000000082ffc780,0x0000000085a80000)
 Metaspace       used 55087K, capacity 58758K, committed 58968K, reserved 1099776K
  class space    used 7533K, capacity 8200K, committed 8320K, reserved 1048576K
}
Event: 113.246 GC heap before
{Heap before GC invocations=15 (full 3):
 PSYoungGen      total 244224K, used 12782K [0x00000000d5b80000, 0x00000000e6080000, 0x0000000100000000)
  eden space 231424K, 0% used [0x00000000d5b80000,0x00000000d5b80000,0x00000000e3d80000)
  from space 12800K, 99% used [0x00000000e5180000,0x00000000e5dfb840,0x00000000e5e00000)
  to   space 17920K, 0% used [0x00000000e3d80000,0x00000000e3d80000,0x00000000e4f00000)
 ParOldGen       total 74240K, used 30705K [0x0000000081200000, 0x0000000085a80000, 0x00000000d5b80000)
  object space 74240K, 41% used [0x0000000081200000,0x0000000082ffc780,0x0000000085a80000)
 Metaspace       used 55087K, capacity 58758K, committed 58968K, reserved 1099776K
  class space    used 7533K, capacity 8200K, committed 8320K, reserved 1048576K
Event: 113.365 GC heap after
Heap after GC invocations=15 (full 3):
 PSYoungGen      total 244224K, used 0K [0x00000000d5b80000, 0x00000000e6080000, 0x0000000100000000)
  eden space 231424K, 0% used [0x00000000d5b80000,0x00000000d5b80000,0x00000000e3d80000)
  from space 12800K, 0% used [0x00000000e5180000,0x00000000e5180000,0x00000000e5e00000)
  to   space 17920K, 0% used [0x00000000e3d80000,0x00000000e3d80000,0x00000000e4f00000)
 ParOldGen       total 109056K, used 34149K [0x0000000081200000, 0x0000000087c80000, 0x00000000d5b80000)
  object space 109056K, 31% used [0x0000000081200000,0x00000000833596b8,0x0000000087c80000)
 Metaspace       used 55087K, capacity 58758K, committed 58968K, reserved 1099776K
  class space    used 7533K, capacity 8200K, committed 8320K, reserved 1048576K
}
Event: 173.409 GC heap before
{Heap before GC invocations=16 (full 3):
 PSYoungGen      total 244224K, used 231424K [0x00000000d5b80000, 0x00000000e6080000, 0x0000000100000000)
  eden space 231424K, 100% used [0x00000000d5b80000,0x00000000e3d80000,0x00000000e3d80000)
  from space 12800K, 0% used [0x00000000e5180000,0x00000000e5180000,0x00000000e5e00000)
  to   space 17920K, 0% used [0x00000000e3d80000,0x00000000e3d80000,0x00000000e4f00000)
 ParOldGen       total 109056K, used 34149K [0x0000000081200000, 0x0000000087c80000, 0x00000000d5b80000)
  object space 109056K, 31% used [0x0000000081200000,0x00000000833596b8,0x0000000087c80000)
 Metaspace       used 55517K, capacity 59216K, committed 59480K, reserved 1099776K
  class space    used 7592K, capacity 8241K, committed 8320K, reserved 1048576K
Event: 173.422 GC heap after
Heap after GC invocations=16 (full 3):
 PSYoungGen      total 249344K, used 17908K [0x00000000d5b80000, 0x00000000ec000000, 0x0000000100000000)
  eden space 231424K, 0% used [0x00000000d5b80000,0x00000000d5b80000,0x00000000e3d80000)
  from space 17920K, 99% used [0x00000000e3d80000,0x00000000e4efd3e0,0x00000000e4f00000)
  to   space 29184K, 0% used [0x00000000ea380000,0x00000000ea380000,0x00000000ec000000)
 ParOldGen       total 109056K, used 57985K [0x0000000081200000, 0x0000000087c80000, 0x00000000d5b80000)
  object space 109056K, 53% used [0x0000000081200000,0x0000000084aa0758,0x0000000087c80000)
 Metaspace       used 55517K, capacity 59216K, committed 59480K, reserved 1099776K
  class space    used 7592K, capacity 8241K, committed 8320K, reserved 1048576K
}

