# JRE version: Java(TM) SE Runtime Environment (8.0_201-b09) (build 1.8.0_201-b09)
# Java VM: Java HotSpot(TM) 64-Bit Server VM (25.201-b09 mixed mode windows-amd64 compressed oops)
Heap:
 PSYoungGen      total 248832K, used 211130K [0x00000000d5b80000, 0x00000000ea400000, 0x0000000100000000)
  eden space 229888K, 84% used [0x00000000d5b80000,0x00000000e18a4120,0x00000000e3c00000)
  from space 18944K, 92% used [0x00000000e3c00000,0x00000000e4d0a820,0x00000000e4e80000)
  to   space 20992K, 0% used [0x00000000e8f80000,0x00000000e8f80000,0x00000000ea400000)
 ParOldGen       total 112640K, used 69665K [0x0000000081200000, 0x0000000088000000, 0x00000000d5b80000)
  object space 112640K, 61% used [0x0000000081200000,0x0000000085608690,0x0000000088000000)
 Metaspace       used 55738K, capacity 59466K, committed 59736K, reserved 1101824K
  class space    used 7630K, capacity 8278K, committed 8320K, reserved 1048576K
GC Heap History (10 events):
Event: 5.304 GC heap before
{Heap before GC invocations=12 (full 2):
 PSYoungGen      total 192000K, used 7738K [0x00000000d5b80000, 0x00000000e2200000, 0x0000000100000000)
  eden space 181760K, 0% used [0x00000000d5b80000,0x00000000d5b80000,0x00000000e0d00000)
  from space 10240K, 75% used [0x00000000e1800000,0x00000000e1f8e918,0x00000000e2200000)
  to   space 10752K, 0% used [0x00000000e0d00000,0x00000000e0d00000,0x00000000e1780000)
 ParOldGen       total 48128K, used 14473K [0x0000000081200000, 0x0000000084100000, 0x00000000d5b80000)
  object space 48128K, 30% used [0x0000000081200000,0x00000000820226c0,0x0000000084100000)
 Metaspace       used 33264K, capacity 35340K, committed 35416K, reserved 1079296K
  class space    used 4582K, capacity 4960K, committed 4992K, reserved 1048576K
Event: 5.356 GC heap after
Heap after GC invocations=12 (full 2):
 PSYoungGen      total 192000K, used 0K [0x00000000d5b80000, 0x00000000e2200000, 0x0000000100000000)
  eden space 181760K, 0% used [0x00000000d5b80000,0x00000000d5b80000,0x00000000e0d00000)
  from space 10240K, 0% used [0x00000000e1800000,0x00000000e1800000,0x00000000e2200000)
  to   space 10752K, 0% used [0x00000000e0d00000,0x00000000e0d00000,0x00000000e1780000)
 ParOldGen       total 75264K, used 16010K [0x0000000081200000, 0x0000000085b80000, 0x00000000d5b80000)
  object space 75264K, 21% used [0x0000000081200000,0x00000000821a29c8,0x0000000085b80000)
 Metaspace       used 33264K, capacity 35340K, committed 35416K, reserved 1079296K
  class space    used 4582K, capacity 4960K, committed 4992K, reserved 1048576K
}
Event: 7.845 GC heap before
{Heap before GC invocations=13 (full 2):
 PSYoungGen      total 192000K, used 181760K [0x00000000d5b80000, 0x00000000e2200000, 0x0000000100000000)
  eden space 181760K, 100% used [0x00000000d5b80000,0x00000000e0d00000,0x00000000e0d00000)
  from space 10240K, 0% used [0x00000000e1800000,0x00000000e1800000,0x00000000e2200000)
  to   space 10752K, 0% used [0x00000000e0d00000,0x00000000e0d00000,0x00000000e1780000)
 ParOldGen       total 75264K, used 16010K [0x0000000081200000, 0x0000000085b80000, 0x00000000d5b80000)
  object space 75264K, 21% used [0x0000000081200000,0x00000000821a29c8,0x0000000085b80000)
 Metaspace       used 43854K, capacity 46726K, committed 47064K, reserved 1089536K
  class space    used 6031K, capacity 6570K, committed 6656K, reserved 1048576K
Event: 7.857 GC heap after
Heap after GC invocations=13 (full 2):
 PSYoungGen      total 192512K, used 10737K [0x00000000d5b80000, 0x00000000e5e80000, 0x0000000100000000)
  eden space 181760K, 0% used [0x00000000d5b80000,0x00000000d5b80000,0x00000000e0d00000)
  from space 10752K, 99% used [0x00000000e0d00000,0x00000000e177c478,0x00000000e1780000)
  to   space 13824K, 0% used [0x00000000e5100000,0x00000000e5100000,0x00000000e5e80000)
 ParOldGen       total 75264K, used 21903K [0x0000000081200000, 0x0000000085b80000, 0x00000000d5b80000)
  object space 75264K, 29% used [0x0000000081200000,0x0000000082763c68,0x0000000085b80000)
 Metaspace       used 43854K, capacity 46726K, committed 47064K, reserved 1089536K
  class space    used 6031K, capacity 6570K, committed 6656K, reserved 1048576K
}
Event: 108.699 GC heap before
{Heap before GC invocations=14 (full 2):
 PSYoungGen      total 192512K, used 165076K [0x00000000d5b80000, 0x00000000e5e80000, 0x0000000100000000)
  eden space 181760K, 84% used [0x00000000d5b80000,0x00000000df238ca8,0x00000000e0d00000)
  from space 10752K, 99% used [0x00000000e0d00000,0x00000000e177c478,0x00000000e1780000)
  to   space 13824K, 0% used [0x00000000e5100000,0x00000000e5100000,0x00000000e5e80000)
 ParOldGen       total 75264K, used 21903K [0x0000000081200000, 0x0000000085b80000, 0x00000000d5b80000)
  object space 75264K, 29% used [0x0000000081200000,0x0000000082763c68,0x0000000085b80000)
 Metaspace       used 55099K, capacity 58766K, committed 58968K, reserved 1099776K
  class space    used 7531K, capacity 8200K, committed 8320K, reserved 1048576K
Event: 108.716 GC heap after
Heap after GC invocations=14 (full 2):
 PSYoungGen      total 243712K, used 13799K [0x00000000d5b80000, 0x00000000e6100000, 0x0000000100000000)
  eden space 229888K, 0% used [0x00000000d5b80000,0x00000000d5b80000,0x00000000e3c00000)
  from space 13824K, 99% used [0x00000000e5100000,0x00000000e5e79ea8,0x00000000e5e80000)
  to   space 18944K, 0% used [0x00000000e3c00000,0x00000000e3c00000,0x00000000e4e80000)
 ParOldGen       total 75264K, used 31136K [0x0000000081200000, 0x0000000085b80000, 0x00000000d5b80000)
  object space 75264K, 41% used [0x0000000081200000,0x0000000083068338,0x0000000085b80000)
 Metaspace       used 55099K, capacity 58766K, committed 58968K, reserved 1099776K
  class space    used 7531K, capacity 8200K, committed 8320K, reserved 1048576K
}
Event: 108.716 GC heap before
{Heap before GC invocations=15 (full 3):
 PSYoungGen      total 243712K, used 13799K [0x00000000d5b80000, 0x00000000e6100000, 0x0000000100000000)
  eden space 229888K, 0% used [0x00000000d5b80000,0x00000000d5b80000,0x00000000e3c00000)
  from space 13824K, 99% used [0x00000000e5100000,0x00000000e5e79ea8,0x00000000e5e80000)
  to   space 18944K, 0% used [0x00000000e3c00000,0x00000000e3c00000,0x00000000e4e80000)
 ParOldGen       total 75264K, used 31136K [0x0000000081200000, 0x0000000085b80000, 0x00000000d5b80000)
  object space 75264K, 41% used [0x0000000081200000,0x0000000083068338,0x0000000085b80000)
 Metaspace       used 55099K, capacity 58766K, committed 58968K, reserved 1099776K
  class space    used 7531K, capacity 8200K, committed 8320K, reserved 1048576K
Event: 108.842 GC heap after
Heap after GC invocations=15 (full 3):
 PSYoungGen      total 243712K, used 0K [0x00000000d5b80000, 0x00000000e6100000, 0x0000000100000000)
  eden space 229888K, 0% used [0x00000000d5b80000,0x00000000d5b80000,0x00000000e3c00000)
  from space 13824K, 0% used [0x00000000e5100000,0x00000000e5100000,0x00000000e5e80000)
  to   space 18944K, 0% used [0x00000000e3c00000,0x00000000e3c00000,0x00000000e4e80000)
 ParOldGen       total 112640K, used 33860K [0x0000000081200000, 0x0000000088000000, 0x00000000d5b80000)
  object space 112640K, 30% used [0x0000000081200000,0x0000000083311020,0x0000000088000000)
 Metaspace       used 55099K, capacity 58766K, committed 58968K, reserved 1099776K
  class space    used 7531K, capacity 8200K, committed 8320K, reserved 1048576K
}
Event: 125.565 GC heap before
{Heap before GC invocations=16 (full 3):
 PSYoungGen      total 243712K, used 229888K [0x00000000d5b80000, 0x00000000e6100000, 0x0000000100000000)
  eden space 229888K, 100% used [0x00000000d5b80000,0x00000000e3c00000,0x00000000e3c00000)
  from space 13824K, 0% used [0x00000000e5100000,0x00000000e5100000,0x00000000e5e80000)
  to   space 18944K, 0% used [0x00000000e3c00000,0x00000000e3c00000,0x00000000e4e80000)
 ParOldGen       total 112640K, used 33860K [0x0000000081200000, 0x0000000088000000, 0x00000000d5b80000)
  object space 112640K, 30% used [0x0000000081200000,0x0000000083311020,0x0000000088000000)
 Metaspace       used 55511K, capacity 59200K, committed 59480K, reserved 1099776K
  class space    used 7586K, capacity 8237K, committed 8320K, reserved 1048576K
Event: 125.581 GC heap after
Heap after GC invocations=16 (full 3):
 PSYoungGen      total 248832K, used 17450K [0x00000000d5b80000, 0x00000000ea400000, 0x0000000100000000)
  eden space 229888K, 0% used [0x00000000d5b80000,0x00000000d5b80000,0x00000000e3c00000)
  from space 18944K, 92% used [0x00000000e3c00000,0x00000000e4d0a820,0x00000000e4e80000)
  to   space 20992K, 0% used [0x00000000e8f80000,0x00000000e8f80000,0x00000000ea400000)
 ParOldGen       total 112640K, used 69665K [0x0000000081200000, 0x0000000088000000, 0x00000000d5b80000)
  object space 112640K, 61% used [0x0000000081200000,0x0000000085608690,0x0000000088000000)
 Metaspace       used 55511K, capacity 59200K, committed 59480K, reserved 1099776K
  class space    used 7586K, capacity 8237K, committed 8320K, reserved 1048576K
}

