# JRE version: Java(TM) SE Runtime Environment (8.0_201-b09) (build 1.8.0_201-b09)
# Java VM: Java HotSpot(TM) 64-Bit Server VM (25.201-b09 mixed mode windows-amd64 compressed oops)
Heap:
 PSYoungGen      total 211968K, used 129670K [0x00000000d5b80000, 0x00000000e6c80000, 0x0000000100000000)
  eden space 193536K, 66% used [0x00000000d5b80000,0x00000000dd9c5048,0x00000000e1880000)
  from space 18432K, 2% used [0x00000000e1880000,0x00000000e18dc9f0,0x00000000e2a80000)
  to   space 19456K, 0% used [0x00000000e5980000,0x00000000e5980000,0x00000000e6c80000)
 ParOldGen       total 82944K, used 37608K [0x0000000081200000, 0x0000000086300000, 0x00000000d5b80000)
  object space 82944K, 45% used [0x0000000081200000,0x00000000836ba348,0x0000000086300000)
 Metaspace       used 54356K, capacity 58084K, committed 58368K, reserved 1099776K
  class space    used 7430K, capacity 8106K, committed 8192K, reserved 1048576K
GC Heap History (10 events):
Event: 8.848 GC heap before
{Heap before GC invocations=11 (full 1):
 PSYoungGen      total 137728K, used 125632K [0x00000000d5b80000, 0x00000000e0580000, 0x0000000100000000)
  eden space 129536K, 90% used [0x00000000d5b80000,0x00000000dce372a8,0x00000000dda00000)
  from space 8192K, 99% used [0x00000000dda00000,0x00000000de1f8f38,0x00000000de200000)
  to   space 9728K, 0% used [0x00000000dfc00000,0x00000000dfc00000,0x00000000e0580000)
 ParOldGen       total 55296K, used 11528K [0x0000000081200000, 0x0000000084800000, 0x00000000d5b80000)
  object space 55296K, 20% used [0x0000000081200000,0x0000000081d423a8,0x0000000084800000)
 Metaspace       used 33221K, capacity 35352K, committed 35416K, reserved 1079296K
  class space    used 4566K, capacity 4964K, committed 4992K, reserved 1048576K
Event: 8.864 GC heap after
Heap after GC invocations=11 (full 1):
 PSYoungGen      total 162304K, used 9706K [0x00000000d5b80000, 0x00000000e1f00000, 0x0000000100000000)
  eden space 152576K, 0% used [0x00000000d5b80000,0x00000000d5b80000,0x00000000df080000)
  from space 9728K, 99% used [0x00000000dfc00000,0x00000000e057aa08,0x00000000e0580000)
  to   space 11776K, 0% used [0x00000000df080000,0x00000000df080000,0x00000000dfc00000)
 ParOldGen       total 55296K, used 14378K [0x0000000081200000, 0x0000000084800000, 0x00000000d5b80000)
  object space 55296K, 26% used [0x0000000081200000,0x000000008200a8f8,0x0000000084800000)
 Metaspace       used 33221K, capacity 35352K, committed 35416K, reserved 1079296K
  class space    used 4566K, capacity 4964K, committed 4992K, reserved 1048576K
}
Event: 8.864 GC heap before
{Heap before GC invocations=12 (full 2):
 PSYoungGen      total 162304K, used 9706K [0x00000000d5b80000, 0x00000000e1f00000, 0x0000000100000000)
  eden space 152576K, 0% used [0x00000000d5b80000,0x00000000d5b80000,0x00000000df080000)
  from space 9728K, 99% used [0x00000000dfc00000,0x00000000e057aa08,0x00000000e0580000)
  to   space 11776K, 0% used [0x00000000df080000,0x00000000df080000,0x00000000dfc00000)
 ParOldGen       total 55296K, used 14378K [0x0000000081200000, 0x0000000084800000, 0x00000000d5b80000)
  object space 55296K, 26% used [0x0000000081200000,0x000000008200a8f8,0x0000000084800000)
 Metaspace       used 33221K, capacity 35352K, committed 35416K, reserved 1079296K
  class space    used 4566K, capacity 4964K, committed 4992K, reserved 1048576K
Event: 8.940 GC heap after
Heap after GC invocations=12 (full 2):
 PSYoungGen      total 162304K, used 0K [0x00000000d5b80000, 0x00000000e1f00000, 0x0000000100000000)
  eden space 152576K, 0% used [0x00000000d5b80000,0x00000000d5b80000,0x00000000df080000)
  from space 9728K, 0% used [0x00000000dfc00000,0x00000000dfc00000,0x00000000e0580000)
  to   space 11776K, 0% used [0x00000000df080000,0x00000000df080000,0x00000000dfc00000)
 ParOldGen       total 82944K, used 18381K [0x0000000081200000, 0x0000000086300000, 0x00000000d5b80000)
  object space 82944K, 22% used [0x0000000081200000,0x00000000823f37a0,0x0000000086300000)
 Metaspace       used 33221K, capacity 35352K, committed 35416K, reserved 1079296K
  class space    used 4566K, capacity 4964K, committed 4992K, reserved 1048576K
}
Event: 11.304 GC heap before
{Heap before GC invocations=13 (full 2):
 PSYoungGen      total 162304K, used 152576K [0x00000000d5b80000, 0x00000000e1f00000, 0x0000000100000000)
  eden space 152576K, 100% used [0x00000000d5b80000,0x00000000df080000,0x00000000df080000)
  from space 9728K, 0% used [0x00000000dfc00000,0x00000000dfc00000,0x00000000e0580000)
  to   space 11776K, 0% used [0x00000000df080000,0x00000000df080000,0x00000000dfc00000)
 ParOldGen       total 82944K, used 18381K [0x0000000081200000, 0x0000000086300000, 0x00000000d5b80000)
  object space 82944K, 22% used [0x0000000081200000,0x00000000823f37a0,0x0000000086300000)
 Metaspace       used 42157K, capacity 44922K, committed 45312K, reserved 1087488K
  class space    used 5804K, capacity 6301K, committed 6400K, reserved 1048576K
Event: 11.314 GC heap after
Heap after GC invocations=13 (full 2):
 PSYoungGen      total 164352K, used 11772K [0x00000000d5b80000, 0x00000000e3a00000, 0x0000000100000000)
  eden space 152576K, 0% used [0x00000000d5b80000,0x00000000d5b80000,0x00000000df080000)
  from space 11776K, 99% used [0x00000000df080000,0x00000000dfbff3f0,0x00000000dfc00000)
  to   space 13824K, 0% used [0x00000000e2c80000,0x00000000e2c80000,0x00000000e3a00000)
 ParOldGen       total 82944K, used 20555K [0x0000000081200000, 0x0000000086300000, 0x00000000d5b80000)
  object space 82944K, 24% used [0x0000000081200000,0x0000000082612e58,0x0000000086300000)
 Metaspace       used 42157K, capacity 44922K, committed 45312K, reserved 1087488K
  class space    used 5804K, capacity 6301K, committed 6400K, reserved 1048576K
}
Event: 107.824 GC heap before
{Heap before GC invocations=14 (full 2):
 PSYoungGen      total 164352K, used 160713K [0x00000000d5b80000, 0x00000000e3a00000, 0x0000000100000000)
  eden space 152576K, 97% used [0x00000000d5b80000,0x00000000decf30b0,0x00000000df080000)
  from space 11776K, 99% used [0x00000000df080000,0x00000000dfbff3f0,0x00000000dfc00000)
  to   space 13824K, 0% used [0x00000000e2c80000,0x00000000e2c80000,0x00000000e3a00000)
 ParOldGen       total 82944K, used 20555K [0x0000000081200000, 0x0000000086300000, 0x00000000d5b80000)
  object space 82944K, 24% used [0x0000000081200000,0x0000000082612e58,0x0000000086300000)
 Metaspace       used 53748K, capacity 57334K, committed 57472K, reserved 1099776K
  class space    used 7341K, capacity 7993K, committed 8064K, reserved 1048576K
Event: 107.840 GC heap after
Heap after GC invocations=14 (full 2):
 PSYoungGen      total 207360K, used 13796K [0x00000000d5b80000, 0x00000000e3c80000, 0x0000000100000000)
  eden space 193536K, 0% used [0x00000000d5b80000,0x00000000d5b80000,0x00000000e1880000)
  from space 13824K, 99% used [0x00000000e2c80000,0x00000000e39f91e0,0x00000000e3a00000)
  to   space 18432K, 0% used [0x00000000e1880000,0x00000000e1880000,0x00000000e2a80000)
 ParOldGen       total 82944K, used 29357K [0x0000000081200000, 0x0000000086300000, 0x00000000d5b80000)
  object space 82944K, 35% used [0x0000000081200000,0x0000000082eab668,0x0000000086300000)
 Metaspace       used 53748K, capacity 57334K, committed 57472K, reserved 1099776K
  class space    used 7341K, capacity 7993K, committed 8064K, reserved 1048576K
}
Event: 109.095 GC heap before
{Heap before GC invocations=15 (full 2):
 PSYoungGen      total 207360K, used 207332K [0x00000000d5b80000, 0x00000000e3c80000, 0x0000000100000000)
  eden space 193536K, 100% used [0x00000000d5b80000,0x00000000e1880000,0x00000000e1880000)
  from space 13824K, 99% used [0x00000000e2c80000,0x00000000e39f91e0,0x00000000e3a00000)
  to   space 18432K, 0% used [0x00000000e1880000,0x00000000e1880000,0x00000000e2a80000)
 ParOldGen       total 82944K, used 29357K [0x0000000081200000, 0x0000000086300000, 0x00000000d5b80000)
  object space 82944K, 35% used [0x0000000081200000,0x0000000082eab668,0x0000000086300000)
 Metaspace       used 54033K, capacity 57640K, committed 57728K, reserved 1099776K
  class space    used 7380K, capacity 8030K, committed 8064K, reserved 1048576K
Event: 109.101 GC heap after
Heap after GC invocations=15 (full 2):
 PSYoungGen      total 211968K, used 370K [0x00000000d5b80000, 0x00000000e6c80000, 0x0000000100000000)
  eden space 193536K, 0% used [0x00000000d5b80000,0x00000000d5b80000,0x00000000e1880000)
  from space 18432K, 2% used [0x00000000e1880000,0x00000000e18dc9f0,0x00000000e2a80000)
  to   space 19456K, 0% used [0x00000000e5980000,0x00000000e5980000,0x00000000e6c80000)
 ParOldGen       total 82944K, used 37608K [0x0000000081200000, 0x0000000086300000, 0x00000000d5b80000)
  object space 82944K, 45% used [0x0000000081200000,0x00000000836ba348,0x0000000086300000)
 Metaspace       used 54033K, capacity 57640K, committed 57728K, reserved 1099776K
  class space    used 7380K, capacity 8030K, committed 8064K, reserved 1048576K
}

