# JRE version: Java(TM) SE Runtime Environment (8.0_201-b09) (build 1.8.0_201-b09)
# Java VM: Java HotSpot(TM) 64-Bit Server VM (25.201-b09 mixed mode windows-amd64 compressed oops)
Heap:
 PSYoungGen      total 182272K, used 122308K [0x00000000d5b80000, 0x00000000e2380000, 0x0000000100000000)
  eden space 159744K, 67% used [0x00000000d5b80000,0x00000000dc4ecaf8,0x00000000df780000)
  from space 22528K, 63% used [0x00000000e0d80000,0x00000000e1b84688,0x00000000e2380000)
  to   space 22528K, 0% used [0x00000000df780000,0x00000000df780000,0x00000000e0d80000)
 ParOldGen       total 65024K, used 50489K [0x0000000081200000, 0x0000000085180000, 0x00000000d5b80000)
  object space 65024K, 77% used [0x0000000081200000,0x000000008434e668,0x0000000085180000)
 Metaspace       used 56293K, capacity 60042K, committed 60248K, reserved 1101824K
  class space    used 7614K, capacity 8276K, committed 8320K, reserved 1048576K
GC Heap History (10 events):
Event: 84.475 GC heap before
{Heap before GC invocations=37 (full 3):
 PSYoungGen      total 161280K, used 159744K [0x00000000d5b80000, 0x00000000e1500000, 0x0000000100000000)
  eden space 159744K, 100% used [0x00000000d5b80000,0x00000000df780000,0x00000000df780000)
  from space 1536K, 0% used [0x00000000e0500000,0x00000000e0500000,0x00000000e0680000)
  to   space 11776K, 0% used [0x00000000e0980000,0x00000000e0980000,0x00000000e1500000)
 ParOldGen       total 65024K, used 27128K [0x0000000081200000, 0x0000000085180000, 0x00000000d5b80000)
  object space 65024K, 41% used [0x0000000081200000,0x0000000082c7e2f8,0x0000000085180000)
 Metaspace       used 51181K, capacity 54654K, committed 54872K, reserved 1095680K
  class space    used 7038K, capacity 7676K, committed 7808K, reserved 1048576K
Event: 84.479 GC heap after
Heap after GC invocations=37 (full 3):
 PSYoungGen      total 174592K, used 11421K [0x00000000d5b80000, 0x00000000e1500000, 0x0000000100000000)
  eden space 162816K, 0% used [0x00000000d5b80000,0x00000000d5b80000,0x00000000dfa80000)
  from space 11776K, 96% used [0x00000000e0980000,0x00000000e14a7650,0x00000000e1500000)
  to   space 13312K, 0% used [0x00000000dfb00000,0x00000000dfb00000,0x00000000e0800000)
 ParOldGen       total 65024K, used 29200K [0x0000000081200000, 0x0000000085180000, 0x00000000d5b80000)
  object space 65024K, 44% used [0x0000000081200000,0x0000000082e84318,0x0000000085180000)
 Metaspace       used 51181K, capacity 54654K, committed 54872K, reserved 1095680K
  class space    used 7038K, capacity 7676K, committed 7808K, reserved 1048576K
}
Event: 87.192 GC heap before
{Heap before GC invocations=38 (full 3):
 PSYoungGen      total 174592K, used 174173K [0x00000000d5b80000, 0x00000000e1500000, 0x0000000100000000)
  eden space 162816K, 99% used [0x00000000d5b80000,0x00000000dfa6fdc0,0x00000000dfa80000)
  from space 11776K, 96% used [0x00000000e0980000,0x00000000e14a7650,0x00000000e1500000)
  to   space 13312K, 0% used [0x00000000dfb00000,0x00000000dfb00000,0x00000000e0800000)
 ParOldGen       total 65024K, used 29200K [0x0000000081200000, 0x0000000085180000, 0x00000000d5b80000)
  object space 65024K, 44% used [0x0000000081200000,0x0000000082e84318,0x0000000085180000)
 Metaspace       used 51181K, capacity 54654K, committed 54872K, reserved 1095680K
  class space    used 7038K, capacity 7676K, committed 7808K, reserved 1048576K
Event: 87.195 GC heap after
Heap after GC invocations=38 (full 3):
 PSYoungGen      total 176640K, used 9938K [0x00000000d5b80000, 0x00000000e1880000, 0x0000000100000000)
  eden space 163328K, 0% used [0x00000000d5b80000,0x00000000d5b80000,0x00000000dfb00000)
  from space 13312K, 74% used [0x00000000dfb00000,0x00000000e04b4a08,0x00000000e0800000)
  to   space 13824K, 0% used [0x00000000e0b00000,0x00000000e0b00000,0x00000000e1880000)
 ParOldGen       total 65024K, used 29200K [0x0000000081200000, 0x0000000085180000, 0x00000000d5b80000)
  object space 65024K, 44% used [0x0000000081200000,0x0000000082e84318,0x0000000085180000)
 Metaspace       used 51181K, capacity 54654K, committed 54872K, reserved 1095680K
  class space    used 7038K, capacity 7676K, committed 7808K, reserved 1048576K
}
Event: 91.481 GC heap before
{Heap before GC invocations=39 (full 3):
 PSYoungGen      total 176640K, used 173266K [0x00000000d5b80000, 0x00000000e1880000, 0x0000000100000000)
  eden space 163328K, 100% used [0x00000000d5b80000,0x00000000dfb00000,0x00000000dfb00000)
  from space 13312K, 74% used [0x00000000dfb00000,0x00000000e04b4a08,0x00000000e0800000)
  to   space 13824K, 0% used [0x00000000e0b00000,0x00000000e0b00000,0x00000000e1880000)
 ParOldGen       total 65024K, used 29200K [0x0000000081200000, 0x0000000085180000, 0x00000000d5b80000)
  object space 65024K, 44% used [0x0000000081200000,0x0000000082e84318,0x0000000085180000)
 Metaspace       used 52126K, capacity 55664K, committed 55896K, reserved 1097728K
  class space    used 7139K, capacity 7775K, committed 7808K, reserved 1048576K
Event: 91.491 GC heap after
Heap after GC invocations=39 (full 3):
 PSYoungGen      total 170496K, used 13822K [0x00000000d5b80000, 0x00000000e2b80000, 0x0000000100000000)
  eden space 156672K, 0% used [0x00000000d5b80000,0x00000000d5b80000,0x00000000df480000)
  from space 13824K, 99% used [0x00000000e0b00000,0x00000000e187fa90,0x00000000e1880000)
  to   space 23040K, 0% used [0x00000000df480000,0x00000000df480000,0x00000000e0b00000)
 ParOldGen       total 65024K, used 50473K [0x0000000081200000, 0x0000000085180000, 0x00000000d5b80000)
  object space 65024K, 77% used [0x0000000081200000,0x000000008434a668,0x0000000085180000)
 Metaspace       used 52126K, capacity 55664K, committed 55896K, reserved 1097728K
  class space    used 7139K, capacity 7775K, committed 7808K, reserved 1048576K
}
Event: 124.607 GC heap before
{Heap before GC invocations=40 (full 3):
 PSYoungGen      total 170496K, used 170494K [0x00000000d5b80000, 0x00000000e2b80000, 0x0000000100000000)
  eden space 156672K, 100% used [0x00000000d5b80000,0x00000000df480000,0x00000000df480000)
  from space 13824K, 99% used [0x00000000e0b00000,0x00000000e187fa90,0x00000000e1880000)
  to   space 23040K, 0% used [0x00000000df480000,0x00000000df480000,0x00000000e0b00000)
 ParOldGen       total 65024K, used 50473K [0x0000000081200000, 0x0000000085180000, 0x00000000d5b80000)
  object space 65024K, 77% used [0x0000000081200000,0x000000008434a668,0x0000000085180000)
 Metaspace       used 56267K, capacity 59954K, committed 60248K, reserved 1101824K
  class space    used 7611K, capacity 8272K, committed 8320K, reserved 1048576K
Event: 124.613 GC heap after
Heap after GC invocations=40 (full 3):
 PSYoungGen      total 179712K, used 11461K [0x00000000d5b80000, 0x00000000e2380000, 0x0000000100000000)
  eden space 156672K, 0% used [0x00000000d5b80000,0x00000000d5b80000,0x00000000df480000)
  from space 23040K, 49% used [0x00000000df480000,0x00000000dffb1620,0x00000000e0b00000)
  to   space 22528K, 0% used [0x00000000e0d80000,0x00000000e0d80000,0x00000000e2380000)
 ParOldGen       total 65024K, used 50481K [0x0000000081200000, 0x0000000085180000, 0x00000000d5b80000)
  object space 65024K, 77% used [0x0000000081200000,0x000000008434c668,0x0000000085180000)
 Metaspace       used 56267K, capacity 59954K, committed 60248K, reserved 1101824K
  class space    used 7611K, capacity 8272K, committed 8320K, reserved 1048576K
}
Event: 128.673 GC heap before
{Heap before GC invocations=41 (full 3):
 PSYoungGen      total 179712K, used 168133K [0x00000000d5b80000, 0x00000000e2380000, 0x0000000100000000)
  eden space 156672K, 99% used [0x00000000d5b80000,0x00000000df47ff98,0x00000000df480000)
  from space 23040K, 49% used [0x00000000df480000,0x00000000dffb1620,0x00000000e0b00000)
  to   space 22528K, 0% used [0x00000000e0d80000,0x00000000e0d80000,0x00000000e2380000)
 ParOldGen       total 65024K, used 50481K [0x0000000081200000, 0x0000000085180000, 0x00000000d5b80000)
  object space 65024K, 77% used [0x0000000081200000,0x000000008434c668,0x0000000085180000)
 Metaspace       used 56291K, capacity 60042K, committed 60248K, reserved 1101824K
  class space    used 7614K, capacity 8276K, committed 8320K, reserved 1048576K
Event: 128.678 GC heap after
Heap after GC invocations=41 (full 3):
 PSYoungGen      total 182272K, used 14353K [0x00000000d5b80000, 0x00000000e2380000, 0x0000000100000000)
  eden space 159744K, 0% used [0x00000000d5b80000,0x00000000d5b80000,0x00000000df780000)
  from space 22528K, 63% used [0x00000000e0d80000,0x00000000e1b84688,0x00000000e2380000)
  to   space 22528K, 0% used [0x00000000df780000,0x00000000df780000,0x00000000e0d80000)
 ParOldGen       total 65024K, used 50489K [0x0000000081200000, 0x0000000085180000, 0x00000000d5b80000)
  object space 65024K, 77% used [0x0000000081200000,0x000000008434e668,0x0000000085180000)
 Metaspace       used 56291K, capacity 60042K, committed 60248K, reserved 1101824K
  class space    used 7614K, capacity 8276K, committed 8320K, reserved 1048576K
}

