# JRE version: Java(TM) SE Runtime Environment (8.0_201-b09) (build 1.8.0_201-b09)
# Java VM: Java HotSpot(TM) 64-Bit Server VM (25.201-b09 mixed mode windows-amd64 compressed oops)
Heap:
 PSYoungGen      total 289792K, used 122430K [0x00000000d5b80000, 0x00000000e9000000, 0x0000000100000000)
  eden space 271872K, 39% used [0x00000000d5b80000,0x00000000dc3e3ff0,0x00000000e6500000)
  from space 17920K, 86% used [0x00000000e7880000,0x00000000e87abaa8,0x00000000e8a00000)
  to   space 19968K, 0% used [0x00000000e6500000,0x00000000e6500000,0x00000000e7880000)
 ParOldGen       total 108032K, used 26930K [0x0000000081200000, 0x0000000087b80000, 0x00000000d5b80000)
  object space 108032K, 24% used [0x0000000081200000,0x0000000082c4c910,0x0000000087b80000)
 Metaspace       used 55763K, capacity 59472K, committed 59736K, reserved 1101824K
  class space    used 7637K, capacity 8289K, committed 8320K, reserved 1048576K
GC Heap History (10 events):
Event: 9.372 GC heap before
{Heap before GC invocations=13 (full 2):
 PSYoungGen      total 171008K, used 160768K [0x00000000d5b80000, 0x00000000e0c80000, 0x0000000100000000)
  eden space 160768K, 100% used [0x00000000d5b80000,0x00000000df880000,0x00000000df880000)
  from space 10240K, 0% used [0x00000000e0280000,0x00000000e0280000,0x00000000e0c80000)
  to   space 10240K, 0% used [0x00000000df880000,0x00000000df880000,0x00000000e0280000)
 ParOldGen       total 78848K, used 16521K [0x0000000081200000, 0x0000000085f00000, 0x00000000d5b80000)
  object space 78848K, 20% used [0x0000000081200000,0x00000000822226b8,0x0000000085f00000)
 Metaspace       used 41617K, capacity 44542K, committed 44760K, reserved 1087488K
  class space    used 5758K, capacity 6310K, committed 6400K, reserved 1048576K
Event: 9.385 GC heap after
Heap after GC invocations=13 (full 2):
 PSYoungGen      total 171008K, used 10208K [0x00000000d5b80000, 0x00000000e4400000, 0x0000000100000000)
  eden space 160768K, 0% used [0x00000000d5b80000,0x00000000d5b80000,0x00000000df880000)
  from space 10240K, 99% used [0x00000000df880000,0x00000000e0278030,0x00000000e0280000)
  to   space 12288K, 0% used [0x00000000e3800000,0x00000000e3800000,0x00000000e4400000)
 ParOldGen       total 78848K, used 19831K [0x0000000081200000, 0x0000000085f00000, 0x00000000d5b80000)
  object space 78848K, 25% used [0x0000000081200000,0x000000008255deb8,0x0000000085f00000)
 Metaspace       used 41617K, capacity 44542K, committed 44760K, reserved 1087488K
  class space    used 5758K, capacity 6310K, committed 6400K, reserved 1048576K
}
Event: 114.876 GC heap before
{Heap before GC invocations=14 (full 2):
 PSYoungGen      total 171008K, used 170976K [0x00000000d5b80000, 0x00000000e4400000, 0x0000000100000000)
  eden space 160768K, 100% used [0x00000000d5b80000,0x00000000df880000,0x00000000df880000)
  from space 10240K, 99% used [0x00000000df880000,0x00000000e0278030,0x00000000e0280000)
  to   space 12288K, 0% used [0x00000000e3800000,0x00000000e3800000,0x00000000e4400000)
 ParOldGen       total 78848K, used 19831K [0x0000000081200000, 0x0000000085f00000, 0x00000000d5b80000)
  object space 78848K, 25% used [0x0000000081200000,0x000000008255deb8,0x0000000085f00000)
 Metaspace       used 54073K, capacity 57774K, committed 57944K, reserved 1099776K
  class space    used 7402K, capacity 8038K, committed 8064K, reserved 1048576K
Event: 114.895 GC heap after
Heap after GC invocations=14 (full 2):
 PSYoungGen      total 218624K, used 12269K [0x00000000d5b80000, 0x00000000e4700000, 0x0000000100000000)
  eden space 206336K, 0% used [0x00000000d5b80000,0x00000000d5b80000,0x00000000e2500000)
  from space 12288K, 99% used [0x00000000e3800000,0x00000000e43fb4f0,0x00000000e4400000)
  to   space 17408K, 0% used [0x00000000e2500000,0x00000000e2500000,0x00000000e3600000)
 ParOldGen       total 78848K, used 30292K [0x0000000081200000, 0x0000000085f00000, 0x00000000d5b80000)
  object space 78848K, 38% used [0x0000000081200000,0x0000000082f95248,0x0000000085f00000)
 Metaspace       used 54073K, capacity 57774K, committed 57944K, reserved 1099776K
  class space    used 7402K, capacity 8038K, committed 8064K, reserved 1048576K
}
Event: 115.105 GC heap before
{Heap before GC invocations=15 (full 2):
 PSYoungGen      total 218624K, used 23992K [0x00000000d5b80000, 0x00000000e4700000, 0x0000000100000000)
  eden space 206336K, 5% used [0x00000000d5b80000,0x00000000d66f2e18,0x00000000e2500000)
  from space 12288K, 99% used [0x00000000e3800000,0x00000000e43fb4f0,0x00000000e4400000)
  to   space 17408K, 0% used [0x00000000e2500000,0x00000000e2500000,0x00000000e3600000)
 ParOldGen       total 78848K, used 30292K [0x0000000081200000, 0x0000000085f00000, 0x00000000d5b80000)
  object space 78848K, 38% used [0x0000000081200000,0x0000000082f95248,0x0000000085f00000)
 Metaspace       used 55080K, capacity 58770K, committed 58968K, reserved 1099776K
  class space    used 7532K, capacity 8200K, committed 8320K, reserved 1048576K
Event: 115.112 GC heap after
Heap after GC invocations=15 (full 2):
 PSYoungGen      total 223744K, used 1285K [0x00000000d5b80000, 0x00000000e8a00000, 0x0000000100000000)
  eden space 206336K, 0% used [0x00000000d5b80000,0x00000000d5b80000,0x00000000e2500000)
  from space 17408K, 7% used [0x00000000e2500000,0x00000000e26417f0,0x00000000e3600000)
  to   space 17920K, 0% used [0x00000000e7880000,0x00000000e7880000,0x00000000e8a00000)
 ParOldGen       total 78848K, used 39890K [0x0000000081200000, 0x0000000085f00000, 0x00000000d5b80000)
  object space 78848K, 50% used [0x0000000081200000,0x00000000838f4970,0x0000000085f00000)
 Metaspace       used 55080K, capacity 58770K, committed 58968K, reserved 1099776K
  class space    used 7532K, capacity 8200K, committed 8320K, reserved 1048576K
}
Event: 115.112 GC heap before
{Heap before GC invocations=16 (full 3):
 PSYoungGen      total 223744K, used 1285K [0x00000000d5b80000, 0x00000000e8a00000, 0x0000000100000000)
  eden space 206336K, 0% used [0x00000000d5b80000,0x00000000d5b80000,0x00000000e2500000)
  from space 17408K, 7% used [0x00000000e2500000,0x00000000e26417f0,0x00000000e3600000)
  to   space 17920K, 0% used [0x00000000e7880000,0x00000000e7880000,0x00000000e8a00000)
 ParOldGen       total 78848K, used 39890K [0x0000000081200000, 0x0000000085f00000, 0x00000000d5b80000)
  object space 78848K, 50% used [0x0000000081200000,0x00000000838f4970,0x0000000085f00000)
 Metaspace       used 55080K, capacity 58770K, committed 58968K, reserved 1099776K
  class space    used 7532K, capacity 8200K, committed 8320K, reserved 1048576K
Event: 115.253 GC heap after
Heap after GC invocations=16 (full 3):
 PSYoungGen      total 223744K, used 0K [0x00000000d5b80000, 0x00000000e8a00000, 0x0000000100000000)
  eden space 206336K, 0% used [0x00000000d5b80000,0x00000000d5b80000,0x00000000e2500000)
  from space 17408K, 0% used [0x00000000e2500000,0x00000000e2500000,0x00000000e3600000)
  to   space 17920K, 0% used [0x00000000e7880000,0x00000000e7880000,0x00000000e8a00000)
 ParOldGen       total 108032K, used 26922K [0x0000000081200000, 0x0000000087b80000, 0x00000000d5b80000)
  object space 108032K, 24% used [0x0000000081200000,0x0000000082c4a910,0x0000000087b80000)
 Metaspace       used 55080K, capacity 58770K, committed 58968K, reserved 1099776K
  class space    used 7532K, capacity 8200K, committed 8320K, reserved 1048576K
}
Event: 361.314 GC heap before
{Heap before GC invocations=17 (full 3):
 PSYoungGen      total 223744K, used 206336K [0x00000000d5b80000, 0x00000000e8a00000, 0x0000000100000000)
  eden space 206336K, 100% used [0x00000000d5b80000,0x00000000e2500000,0x00000000e2500000)
  from space 17408K, 0% used [0x00000000e2500000,0x00000000e2500000,0x00000000e3600000)
  to   space 17920K, 0% used [0x00000000e7880000,0x00000000e7880000,0x00000000e8a00000)
 ParOldGen       total 108032K, used 26922K [0x0000000081200000, 0x0000000087b80000, 0x00000000d5b80000)
  object space 108032K, 24% used [0x0000000081200000,0x0000000082c4a910,0x0000000087b80000)
 Metaspace       used 55586K, capacity 59292K, committed 59480K, reserved 1099776K
  class space    used 7602K, capacity 8253K, committed 8320K, reserved 1048576K
Event: 361.324 GC heap after
Heap after GC invocations=17 (full 3):
 PSYoungGen      total 289792K, used 15534K [0x00000000d5b80000, 0x00000000e9000000, 0x0000000100000000)
  eden space 271872K, 0% used [0x00000000d5b80000,0x00000000d5b80000,0x00000000e6500000)
  from space 17920K, 86% used [0x00000000e7880000,0x00000000e87abaa8,0x00000000e8a00000)
  to   space 19968K, 0% used [0x00000000e6500000,0x00000000e6500000,0x00000000e7880000)
 ParOldGen       total 108032K, used 26930K [0x0000000081200000, 0x0000000087b80000, 0x00000000d5b80000)
  object space 108032K, 24% used [0x0000000081200000,0x0000000082c4c910,0x0000000087b80000)
 Metaspace       used 55586K, capacity 59292K, committed 59480K, reserved 1099776K
  class space    used 7602K, capacity 8253K, committed 8320K, reserved 1048576K
}

