# JRE version: Java(TM) SE Runtime Environment (8.0_201-b09) (build 1.8.0_201-b09)
# Java VM: Java HotSpot(TM) 64-Bit Server VM (25.201-b09 mixed mode windows-amd64 compressed oops)
Heap:
 PSYoungGen      total 235520K, used 182269K [0x00000000d5b80000, 0x00000000e8a00000, 0x0000000100000000)
  eden space 217088K, 77% used [0x00000000d5b80000,0x00000000dfed1c58,0x00000000e2f80000)
  from space 18432K, 81% used [0x00000000e2f80000,0x00000000e3e2da98,0x00000000e4180000)
  to   space 19456K, 0% used [0x00000000e7700000,0x00000000e7700000,0x00000000e8a00000)
 ParOldGen       total 119808K, used 40404K [0x0000000081200000, 0x0000000088700000, 0x00000000d5b80000)
  object space 119808K, 33% used [0x0000000081200000,0x0000000083975180,0x0000000088700000)
 Metaspace       used 55574K, capacity 59282K, committed 59480K, reserved 1099776K
  class space    used 7597K, capacity 8242K, committed 8320K, reserved 1048576K
GC Heap History (10 events):
Event: 4.173 GC heap before
{Heap before GC invocations=12 (full 2):
 PSYoungGen      total 185856K, used 7722K [0x00000000d5b80000, 0x00000000e1c00000, 0x0000000100000000)
  eden space 175616K, 0% used [0x00000000d5b80000,0x00000000d5b80000,0x00000000e0700000)
  from space 10240K, 75% used [0x00000000e1200000,0x00000000e198aa00,0x00000000e1c00000)
  to   space 10752K, 0% used [0x00000000e0700000,0x00000000e0700000,0x00000000e1180000)
 ParOldGen       total 49152K, used 14386K [0x0000000081200000, 0x0000000084200000, 0x00000000d5b80000)
  object space 49152K, 29% used [0x0000000081200000,0x000000008200cb50,0x0000000084200000)
 Metaspace       used 33283K, capacity 35328K, committed 35416K, reserved 1079296K
  class space    used 4579K, capacity 4958K, committed 4992K, reserved 1048576K
Event: 4.228 GC heap after
Heap after GC invocations=12 (full 2):
 PSYoungGen      total 185856K, used 0K [0x00000000d5b80000, 0x00000000e1c00000, 0x0000000100000000)
  eden space 175616K, 0% used [0x00000000d5b80000,0x00000000d5b80000,0x00000000e0700000)
  from space 10240K, 0% used [0x00000000e1200000,0x00000000e1200000,0x00000000e1c00000)
  to   space 10752K, 0% used [0x00000000e0700000,0x00000000e0700000,0x00000000e1180000)
 ParOldGen       total 78848K, used 16038K [0x0000000081200000, 0x0000000085f00000, 0x00000000d5b80000)
  object space 78848K, 20% used [0x0000000081200000,0x00000000821a9b38,0x0000000085f00000)
 Metaspace       used 33283K, capacity 35328K, committed 35416K, reserved 1079296K
  class space    used 4579K, capacity 4958K, committed 4992K, reserved 1048576K
}
Event: 5.995 GC heap before
{Heap before GC invocations=13 (full 2):
 PSYoungGen      total 185856K, used 175616K [0x00000000d5b80000, 0x00000000e1c00000, 0x0000000100000000)
  eden space 175616K, 100% used [0x00000000d5b80000,0x00000000e0700000,0x00000000e0700000)
  from space 10240K, 0% used [0x00000000e1200000,0x00000000e1200000,0x00000000e1c00000)
  to   space 10752K, 0% used [0x00000000e0700000,0x00000000e0700000,0x00000000e1180000)
 ParOldGen       total 78848K, used 16038K [0x0000000081200000, 0x0000000085f00000, 0x00000000d5b80000)
  object space 78848K, 20% used [0x0000000081200000,0x00000000821a9b38,0x0000000085f00000)
 Metaspace       used 43551K, capacity 46398K, committed 46552K, reserved 1089536K
  class space    used 5992K, capacity 6532K, committed 6656K, reserved 1048576K
Event: 6.005 GC heap after
Heap after GC invocations=13 (full 2):
 PSYoungGen      total 186368K, used 10742K [0x00000000d5b80000, 0x00000000e5080000, 0x0000000100000000)
  eden space 175616K, 0% used [0x00000000d5b80000,0x00000000d5b80000,0x00000000e0700000)
  from space 10752K, 99% used [0x00000000e0700000,0x00000000e117d928,0x00000000e1180000)
  to   space 13312K, 0% used [0x00000000e4380000,0x00000000e4380000,0x00000000e5080000)
 ParOldGen       total 78848K, used 21056K [0x0000000081200000, 0x0000000085f00000, 0x00000000d5b80000)
  object space 78848K, 26% used [0x0000000081200000,0x0000000082690210,0x0000000085f00000)
 Metaspace       used 43551K, capacity 46398K, committed 46552K, reserved 1089536K
  class space    used 5992K, capacity 6532K, committed 6656K, reserved 1048576K
}
Event: 55.335 GC heap before
{Heap before GC invocations=14 (full 2):
 PSYoungGen      total 186368K, used 167840K [0x00000000d5b80000, 0x00000000e5080000, 0x0000000100000000)
  eden space 175616K, 89% used [0x00000000d5b80000,0x00000000df4ea9a0,0x00000000e0700000)
  from space 10752K, 99% used [0x00000000e0700000,0x00000000e117d928,0x00000000e1180000)
  to   space 13312K, 0% used [0x00000000e4380000,0x00000000e4380000,0x00000000e5080000)
 ParOldGen       total 78848K, used 21056K [0x0000000081200000, 0x0000000085f00000, 0x00000000d5b80000)
  object space 78848K, 26% used [0x0000000081200000,0x0000000082690210,0x0000000085f00000)
 Metaspace       used 55152K, capacity 58796K, committed 58968K, reserved 1099776K
  class space    used 7533K, capacity 8195K, committed 8320K, reserved 1048576K
Event: 55.352 GC heap after
Heap after GC invocations=14 (full 2):
 PSYoungGen      total 230400K, used 13301K [0x00000000d5b80000, 0x00000000e5380000, 0x0000000100000000)
  eden space 217088K, 0% used [0x00000000d5b80000,0x00000000d5b80000,0x00000000e2f80000)
  from space 13312K, 99% used [0x00000000e4380000,0x00000000e507d610,0x00000000e5080000)
  to   space 18432K, 0% used [0x00000000e2f80000,0x00000000e2f80000,0x00000000e4180000)
 ParOldGen       total 78848K, used 30927K [0x0000000081200000, 0x0000000085f00000, 0x00000000d5b80000)
  object space 78848K, 39% used [0x0000000081200000,0x0000000083033ce0,0x0000000085f00000)
 Metaspace       used 55152K, capacity 58796K, committed 58968K, reserved 1099776K
  class space    used 7533K, capacity 8195K, committed 8320K, reserved 1048576K
}
Event: 55.352 GC heap before
{Heap before GC invocations=15 (full 3):
 PSYoungGen      total 230400K, used 13301K [0x00000000d5b80000, 0x00000000e5380000, 0x0000000100000000)
  eden space 217088K, 0% used [0x00000000d5b80000,0x00000000d5b80000,0x00000000e2f80000)
  from space 13312K, 99% used [0x00000000e4380000,0x00000000e507d610,0x00000000e5080000)
  to   space 18432K, 0% used [0x00000000e2f80000,0x00000000e2f80000,0x00000000e4180000)
 ParOldGen       total 78848K, used 30927K [0x0000000081200000, 0x0000000085f00000, 0x00000000d5b80000)
  object space 78848K, 39% used [0x0000000081200000,0x0000000083033ce0,0x0000000085f00000)
 Metaspace       used 55152K, capacity 58796K, committed 58968K, reserved 1099776K
  class space    used 7533K, capacity 8195K, committed 8320K, reserved 1048576K
Event: 55.470 GC heap after
Heap after GC invocations=15 (full 3):
 PSYoungGen      total 230400K, used 0K [0x00000000d5b80000, 0x00000000e5380000, 0x0000000100000000)
  eden space 217088K, 0% used [0x00000000d5b80000,0x00000000d5b80000,0x00000000e2f80000)
  from space 13312K, 0% used [0x00000000e4380000,0x00000000e4380000,0x00000000e5080000)
  to   space 18432K, 0% used [0x00000000e2f80000,0x00000000e2f80000,0x00000000e4180000)
 ParOldGen       total 119808K, used 34003K [0x0000000081200000, 0x0000000088700000, 0x00000000d5b80000)
  object space 119808K, 28% used [0x0000000081200000,0x0000000083334f68,0x0000000088700000)
 Metaspace       used 55152K, capacity 58796K, committed 58968K, reserved 1099776K
  class space    used 7533K, capacity 8195K, committed 8320K, reserved 1048576K
}
Event: 71.000 GC heap before
{Heap before GC invocations=16 (full 3):
 PSYoungGen      total 230400K, used 216994K [0x00000000d5b80000, 0x00000000e5380000, 0x0000000100000000)
  eden space 217088K, 99% used [0x00000000d5b80000,0x00000000e2f68bc0,0x00000000e2f80000)
  from space 13312K, 0% used [0x00000000e4380000,0x00000000e4380000,0x00000000e5080000)
  to   space 18432K, 0% used [0x00000000e2f80000,0x00000000e2f80000,0x00000000e4180000)
 ParOldGen       total 119808K, used 34003K [0x0000000081200000, 0x0000000088700000, 0x00000000d5b80000)
  object space 119808K, 28% used [0x0000000081200000,0x0000000083334f68,0x0000000088700000)
 Metaspace       used 55559K, capacity 59252K, committed 59480K, reserved 1099776K
  class space    used 7593K, capacity 8237K, committed 8320K, reserved 1048576K
Event: 71.010 GC heap after
Heap after GC invocations=16 (full 3):
 PSYoungGen      total 235520K, used 15030K [0x00000000d5b80000, 0x00000000e8a00000, 0x0000000100000000)
  eden space 217088K, 0% used [0x00000000d5b80000,0x00000000d5b80000,0x00000000e2f80000)
  from space 18432K, 81% used [0x00000000e2f80000,0x00000000e3e2da98,0x00000000e4180000)
  to   space 19456K, 0% used [0x00000000e7700000,0x00000000e7700000,0x00000000e8a00000)
 ParOldGen       total 119808K, used 40404K [0x0000000081200000, 0x0000000088700000, 0x00000000d5b80000)
  object space 119808K, 33% used [0x0000000081200000,0x0000000083975180,0x0000000088700000)
 Metaspace       used 55559K, capacity 59252K, committed 59480K, reserved 1099776K
  class space    used 7593K, capacity 8237K, committed 8320K, reserved 1048576K
}

