# JRE version: Java(TM) SE Runtime Environment (8.0_201-b09) (build 1.8.0_201-b09)
# Java VM: Java HotSpot(TM) 64-Bit Server VM (25.201-b09 mixed mode windows-amd64 compressed oops)
Heap:
 PSYoungGen      total 281088K, used 243439K [0x00000000d5b80000, 0x00000000eea80000, 0x0000000100000000)
  eden space 263680K, 85% used [0x00000000d5b80000,0x00000000e383d120,0x00000000e5d00000)
  from space 17408K, 99% used [0x00000000e5d00000,0x00000000e6dfee40,0x00000000e6e00000)
  to   space 34304K, 0% used [0x00000000ec900000,0x00000000ec900000,0x00000000eea80000)
 ParOldGen       total 83968K, used 60834K [0x0000000081200000, 0x0000000086400000, 0x00000000d5b80000)
  object space 83968K, 72% used [0x0000000081200000,0x0000000084d68948,0x0000000086400000)
 Metaspace       used 54480K, capacity 58158K, committed 58368K, reserved 1099776K
  class space    used 7451K, capacity 8107K, committed 8192K, reserved 1048576K
GC Heap History (10 events):
Event: 5.784 GC heap before
{Heap before GC invocations=9 (full 1):
 PSYoungGen      total 142848K, used 142842K [0x00000000d5b80000, 0x00000000e3d80000, 0x0000000100000000)
  eden space 132608K, 100% used [0x00000000d5b80000,0x00000000ddd00000,0x00000000ddd00000)
  from space 10240K, 99% used [0x00000000ddd00000,0x00000000de6fe910,0x00000000de700000)
  to   space 12288K, 0% used [0x00000000e3180000,0x00000000e3180000,0x00000000e3d80000)
 ParOldGen       total 59904K, used 9949K [0x0000000081200000, 0x0000000084c80000, 0x00000000d5b80000)
  object space 59904K, 16% used [0x0000000081200000,0x0000000081bb77d8,0x0000000084c80000)
 Metaspace       used 31923K, capacity 33990K, committed 34304K, reserved 1079296K
  class space    used 4387K, capacity 4773K, committed 4864K, reserved 1048576K
Event: 5.798 GC heap after
Heap after GC invocations=9 (full 1):
 PSYoungGen      total 213504K, used 12259K [0x00000000d5b80000, 0x00000000e3d80000, 0x0000000100000000)
  eden space 201216K, 0% used [0x00000000d5b80000,0x00000000d5b80000,0x00000000e2000000)
  from space 12288K, 99% used [0x00000000e3180000,0x00000000e3d78e08,0x00000000e3d80000)
  to   space 13824K, 0% used [0x00000000e2280000,0x00000000e2280000,0x00000000e3000000)
 ParOldGen       total 59904K, used 10552K [0x0000000081200000, 0x0000000084c80000, 0x00000000d5b80000)
  object space 59904K, 17% used [0x0000000081200000,0x0000000081c4e2d0,0x0000000084c80000)
 Metaspace       used 31923K, capacity 33990K, committed 34304K, reserved 1079296K
  class space    used 4387K, capacity 4773K, committed 4864K, reserved 1048576K
}
Event: 6.004 GC heap before
{Heap before GC invocations=10 (full 1):
 PSYoungGen      total 213504K, used 34075K [0x00000000d5b80000, 0x00000000e3d80000, 0x0000000100000000)
  eden space 201216K, 10% used [0x00000000d5b80000,0x00000000d70cdea0,0x00000000e2000000)
  from space 12288K, 99% used [0x00000000e3180000,0x00000000e3d78e08,0x00000000e3d80000)
  to   space 13824K, 0% used [0x00000000e2280000,0x00000000e2280000,0x00000000e3000000)
 ParOldGen       total 59904K, used 10552K [0x0000000081200000, 0x0000000084c80000, 0x00000000d5b80000)
  object space 59904K, 17% used [0x0000000081200000,0x0000000081c4e2d0,0x0000000084c80000)
 Metaspace       used 33219K, capacity 35356K, committed 35416K, reserved 1079296K
  class space    used 4568K, capacity 4964K, committed 4992K, reserved 1048576K
Event: 6.010 GC heap after
Heap after GC invocations=10 (full 1):
 PSYoungGen      total 217600K, used 8944K [0x00000000d5b80000, 0x00000000e7b80000, 0x0000000100000000)
  eden space 203776K, 0% used [0x00000000d5b80000,0x00000000d5b80000,0x00000000e2280000)
  from space 13824K, 64% used [0x00000000e2280000,0x00000000e2b3c150,0x00000000e3000000)
  to   space 13824K, 0% used [0x00000000e6e00000,0x00000000e6e00000,0x00000000e7b80000)
 ParOldGen       total 59904K, used 10560K [0x0000000081200000, 0x0000000084c80000, 0x00000000d5b80000)
  object space 59904K, 17% used [0x0000000081200000,0x0000000081c502d0,0x0000000084c80000)
 Metaspace       used 33219K, capacity 35356K, committed 35416K, reserved 1079296K
  class space    used 4568K, capacity 4964K, committed 4992K, reserved 1048576K
}
Event: 6.010 GC heap before
{Heap before GC invocations=11 (full 2):
 PSYoungGen      total 217600K, used 8944K [0x00000000d5b80000, 0x00000000e7b80000, 0x0000000100000000)
  eden space 203776K, 0% used [0x00000000d5b80000,0x00000000d5b80000,0x00000000e2280000)
  from space 13824K, 64% used [0x00000000e2280000,0x00000000e2b3c150,0x00000000e3000000)
  to   space 13824K, 0% used [0x00000000e6e00000,0x00000000e6e00000,0x00000000e7b80000)
 ParOldGen       total 59904K, used 10560K [0x0000000081200000, 0x0000000084c80000, 0x00000000d5b80000)
  object space 59904K, 17% used [0x0000000081200000,0x0000000081c502d0,0x0000000084c80000)
 Metaspace       used 33219K, capacity 35356K, committed 35416K, reserved 1079296K
  class space    used 4568K, capacity 4964K, committed 4992K, reserved 1048576K
Event: 6.046 GC heap after
Heap after GC invocations=11 (full 2):
 PSYoungGen      total 217600K, used 0K [0x00000000d5b80000, 0x00000000e7b80000, 0x0000000100000000)
  eden space 203776K, 0% used [0x00000000d5b80000,0x00000000d5b80000,0x00000000e2280000)
  from space 13824K, 0% used [0x00000000e2280000,0x00000000e2280000,0x00000000e3000000)
  to   space 13824K, 0% used [0x00000000e6e00000,0x00000000e6e00000,0x00000000e7b80000)
 ParOldGen       total 83968K, used 14841K [0x0000000081200000, 0x0000000086400000, 0x00000000d5b80000)
  object space 83968K, 17% used [0x0000000081200000,0x000000008207e658,0x0000000086400000)
 Metaspace       used 33219K, capacity 35356K, committed 35416K, reserved 1079296K
  class space    used 4568K, capacity 4964K, committed 4992K, reserved 1048576K
}
Event: 10.984 GC heap before
{Heap before GC invocations=12 (full 2):
 PSYoungGen      total 217600K, used 203776K [0x00000000d5b80000, 0x00000000e7b80000, 0x0000000100000000)
  eden space 203776K, 100% used [0x00000000d5b80000,0x00000000e2280000,0x00000000e2280000)
  from space 13824K, 0% used [0x00000000e2280000,0x00000000e2280000,0x00000000e3000000)
  to   space 13824K, 0% used [0x00000000e6e00000,0x00000000e6e00000,0x00000000e7b80000)
 ParOldGen       total 83968K, used 14841K [0x0000000081200000, 0x0000000086400000, 0x00000000d5b80000)
  object space 83968K, 17% used [0x0000000081200000,0x000000008207e658,0x0000000086400000)
 Metaspace       used 46294K, capacity 49196K, committed 49408K, reserved 1091584K
  class space    used 6391K, capacity 6912K, committed 6912K, reserved 1048576K
Event: 11.006 GC heap after
Heap after GC invocations=12 (full 2):
 PSYoungGen      total 277504K, used 13794K [0x00000000d5b80000, 0x00000000e8680000, 0x0000000100000000)
  eden space 263680K, 0% used [0x00000000d5b80000,0x00000000d5b80000,0x00000000e5d00000)
  from space 13824K, 99% used [0x00000000e6e00000,0x00000000e7b78940,0x00000000e7b80000)
  to   space 17408K, 0% used [0x00000000e5d00000,0x00000000e5d00000,0x00000000e6e00000)
 ParOldGen       total 83968K, used 20041K [0x0000000081200000, 0x0000000086400000, 0x00000000d5b80000)
  object space 83968K, 23% used [0x0000000081200000,0x0000000082592508,0x0000000086400000)
 Metaspace       used 46294K, capacity 49196K, committed 49408K, reserved 1091584K
  class space    used 6391K, capacity 6912K, committed 6912K, reserved 1048576K
}
Event: 47.798 GC heap before
{Heap before GC invocations=13 (full 2):
 PSYoungGen      total 277504K, used 277474K [0x00000000d5b80000, 0x00000000e8680000, 0x0000000100000000)
  eden space 263680K, 100% used [0x00000000d5b80000,0x00000000e5d00000,0x00000000e5d00000)
  from space 13824K, 99% used [0x00000000e6e00000,0x00000000e7b78940,0x00000000e7b80000)
  to   space 17408K, 0% used [0x00000000e5d00000,0x00000000e5d00000,0x00000000e6e00000)
 ParOldGen       total 83968K, used 20041K [0x0000000081200000, 0x0000000086400000, 0x00000000d5b80000)
  object space 83968K, 23% used [0x0000000081200000,0x0000000082592508,0x0000000086400000)
 Metaspace       used 54150K, capacity 57770K, committed 57984K, reserved 1099776K
  class space    used 7396K, capacity 8029K, committed 8064K, reserved 1048576K
Event: 47.824 GC heap after
Heap after GC invocations=13 (full 2):
 PSYoungGen      total 281088K, used 17403K [0x00000000d5b80000, 0x00000000eea80000, 0x0000000100000000)
  eden space 263680K, 0% used [0x00000000d5b80000,0x00000000d5b80000,0x00000000e5d00000)
  from space 17408K, 99% used [0x00000000e5d00000,0x00000000e6dfee40,0x00000000e6e00000)
  to   space 34304K, 0% used [0x00000000ec900000,0x00000000ec900000,0x00000000eea80000)
 ParOldGen       total 83968K, used 60834K [0x0000000081200000, 0x0000000086400000, 0x00000000d5b80000)
  object space 83968K, 72% used [0x0000000081200000,0x0000000084d68948,0x0000000086400000)
 Metaspace       used 54150K, capacity 57770K, committed 57984K, reserved 1099776K
  class space    used 7396K, capacity 8029K, committed 8064K, reserved 1048576K
}

