# JRE version: Java(TM) SE Runtime Environment (8.0_201-b09) (build 1.8.0_201-b09)
# Java VM: Java HotSpot(TM) 64-Bit Server VM (25.201-b09 mixed mode windows-amd64 compressed oops)
Heap:
 PSYoungGen      total 301568K, used 132068K [0x00000000d5b80000, 0x00000000ed500000, 0x0000000100000000)
  eden space 273920K, 47% used [0x00000000d5b80000,0x00000000ddb06c60,0x00000000e6700000)
  from space 27648K, 7% used [0x00000000e6700000,0x00000000e6902a80,0x00000000e8200000)
  to   space 27648K, 0% used [0x00000000eba00000,0x00000000eba00000,0x00000000ed500000)
 ParOldGen       total 112640K, used 88096K [0x0000000081200000, 0x0000000088000000, 0x00000000d5b80000)
  object space 112640K, 78% used [0x0000000081200000,0x0000000086808270,0x0000000088000000)
 Metaspace       used 55762K, capacity 59498K, committed 59736K, reserved 1101824K
  class space    used 7632K, capacity 8284K, committed 8320K, reserved 1048576K
GC Heap History (10 events):
Event: 31.356 GC heap before
{Heap before GC invocations=14 (full 2):
 PSYoungGen      total 179712K, used 175763K [0x00000000d5b80000, 0x00000000e5200000, 0x0000000100000000)
  eden space 168960K, 97% used [0x00000000d5b80000,0x00000000dfca9528,0x00000000e0080000)
  from space 10752K, 99% used [0x00000000e0080000,0x00000000e0afb730,0x00000000e0b00000)
  to   space 12800K, 0% used [0x00000000e4580000,0x00000000e4580000,0x00000000e5200000)
 ParOldGen       total 76288K, used 19598K [0x0000000081200000, 0x0000000085c80000, 0x00000000d5b80000)
  object space 76288K, 25% used [0x0000000081200000,0x0000000082523a48,0x0000000085c80000)
 Metaspace       used 55132K, capacity 58818K, committed 58968K, reserved 1099776K
  class space    used 7529K, capacity 8198K, committed 8320K, reserved 1048576K
Event: 31.378 GC heap after
Heap after GC invocations=14 (full 2):
 PSYoungGen      total 232960K, used 12797K [0x00000000d5b80000, 0x00000000e5580000, 0x0000000100000000)
  eden space 220160K, 0% used [0x00000000d5b80000,0x00000000d5b80000,0x00000000e3280000)
  from space 12800K, 99% used [0x00000000e4580000,0x00000000e51ff7f8,0x00000000e5200000)
  to   space 17920K, 0% used [0x00000000e3280000,0x00000000e3280000,0x00000000e4400000)
 ParOldGen       total 76288K, used 30013K [0x0000000081200000, 0x0000000085c80000, 0x00000000d5b80000)
  object space 76288K, 39% used [0x0000000081200000,0x0000000082f4f560,0x0000000085c80000)
 Metaspace       used 55132K, capacity 58818K, committed 58968K, reserved 1099776K
  class space    used 7529K, capacity 8198K, committed 8320K, reserved 1048576K
}
Event: 31.378 GC heap before
{Heap before GC invocations=15 (full 3):
 PSYoungGen      total 232960K, used 12797K [0x00000000d5b80000, 0x00000000e5580000, 0x0000000100000000)
  eden space 220160K, 0% used [0x00000000d5b80000,0x00000000d5b80000,0x00000000e3280000)
  from space 12800K, 99% used [0x00000000e4580000,0x00000000e51ff7f8,0x00000000e5200000)
  to   space 17920K, 0% used [0x00000000e3280000,0x00000000e3280000,0x00000000e4400000)
 ParOldGen       total 76288K, used 30013K [0x0000000081200000, 0x0000000085c80000, 0x00000000d5b80000)
  object space 76288K, 39% used [0x0000000081200000,0x0000000082f4f560,0x0000000085c80000)
 Metaspace       used 55132K, capacity 58818K, committed 58968K, reserved 1099776K
  class space    used 7529K, capacity 8198K, committed 8320K, reserved 1048576K
Event: 31.577 GC heap after
Heap after GC invocations=15 (full 3):
 PSYoungGen      total 232960K, used 0K [0x00000000d5b80000, 0x00000000e5580000, 0x0000000100000000)
  eden space 220160K, 0% used [0x00000000d5b80000,0x00000000d5b80000,0x00000000e3280000)
  from space 12800K, 0% used [0x00000000e4580000,0x00000000e4580000,0x00000000e5200000)
  to   space 17920K, 0% used [0x00000000e3280000,0x00000000e3280000,0x00000000e4400000)
 ParOldGen       total 112640K, used 34252K [0x0000000081200000, 0x0000000088000000, 0x00000000d5b80000)
  object space 112640K, 30% used [0x0000000081200000,0x0000000083373300,0x0000000088000000)
 Metaspace       used 55132K, capacity 58818K, committed 58968K, reserved 1099776K
  class space    used 7529K, capacity 8198K, committed 8320K, reserved 1048576K
}
Event: 74.988 GC heap before
{Heap before GC invocations=16 (full 3):
 PSYoungGen      total 232960K, used 220160K [0x00000000d5b80000, 0x00000000e5580000, 0x0000000100000000)
  eden space 220160K, 100% used [0x00000000d5b80000,0x00000000e3280000,0x00000000e3280000)
  from space 12800K, 0% used [0x00000000e4580000,0x00000000e4580000,0x00000000e5200000)
  to   space 17920K, 0% used [0x00000000e3280000,0x00000000e3280000,0x00000000e4400000)
 ParOldGen       total 112640K, used 34252K [0x0000000081200000, 0x0000000088000000, 0x00000000d5b80000)
  object space 112640K, 30% used [0x0000000081200000,0x0000000083373300,0x0000000088000000)
 Metaspace       used 55515K, capacity 59218K, committed 59480K, reserved 1099776K
  class space    used 7593K, capacity 8242K, committed 8320K, reserved 1048576K
Event: 74.998 GC heap after
Heap after GC invocations=16 (full 3):
 PSYoungGen      total 238080K, used 14060K [0x00000000d5b80000, 0x00000000e9480000, 0x0000000100000000)
  eden space 220160K, 0% used [0x00000000d5b80000,0x00000000d5b80000,0x00000000e3280000)
  from space 17920K, 78% used [0x00000000e3280000,0x00000000e403b298,0x00000000e4400000)
  to   space 18944K, 0% used [0x00000000e8200000,0x00000000e8200000,0x00000000e9480000)
 ParOldGen       total 112640K, used 40653K [0x0000000081200000, 0x0000000088000000, 0x00000000d5b80000)
  object space 112640K, 36% used [0x0000000081200000,0x00000000839b3518,0x0000000088000000)
 Metaspace       used 55515K, capacity 59218K, committed 59480K, reserved 1099776K
  class space    used 7593K, capacity 8242K, committed 8320K, reserved 1048576K
}
Event: 85.067 GC heap before
{Heap before GC invocations=17 (full 3):
 PSYoungGen      total 238080K, used 234220K [0x00000000d5b80000, 0x00000000e9480000, 0x0000000100000000)
  eden space 220160K, 100% used [0x00000000d5b80000,0x00000000e3280000,0x00000000e3280000)
  from space 17920K, 78% used [0x00000000e3280000,0x00000000e403b298,0x00000000e4400000)
  to   space 18944K, 0% used [0x00000000e8200000,0x00000000e8200000,0x00000000e9480000)
 ParOldGen       total 112640K, used 40653K [0x0000000081200000, 0x0000000088000000, 0x00000000d5b80000)
  object space 112640K, 36% used [0x0000000081200000,0x00000000839b3518,0x0000000088000000)
 Metaspace       used 55719K, capacity 59498K, committed 59736K, reserved 1101824K
  class space    used 7632K, capacity 8284K, committed 8320K, reserved 1048576K
Event: 85.078 GC heap after
Heap after GC invocations=17 (full 3):
 PSYoungGen      total 292864K, used 18935K [0x00000000d5b80000, 0x00000000e9d80000, 0x0000000100000000)
  eden space 273920K, 0% used [0x00000000d5b80000,0x00000000d5b80000,0x00000000e6700000)
  from space 18944K, 99% used [0x00000000e8200000,0x00000000e947dcb8,0x00000000e9480000)
  to   space 27648K, 0% used [0x00000000e6700000,0x00000000e6700000,0x00000000e8200000)
 ParOldGen       total 112640K, used 57152K [0x0000000081200000, 0x0000000088000000, 0x00000000d5b80000)
  object space 112640K, 50% used [0x0000000081200000,0x00000000849d0000,0x0000000088000000)
 Metaspace       used 55719K, capacity 59498K, committed 59736K, reserved 1101824K
  class space    used 7632K, capacity 8284K, committed 8320K, reserved 1048576K
}
Event: 96.060 GC heap before
{Heap before GC invocations=18 (full 3):
 PSYoungGen      total 292864K, used 292855K [0x00000000d5b80000, 0x00000000e9d80000, 0x0000000100000000)
  eden space 273920K, 100% used [0x00000000d5b80000,0x00000000e6700000,0x00000000e6700000)
  from space 18944K, 99% used [0x00000000e8200000,0x00000000e947dcb8,0x00000000e9480000)
  to   space 27648K, 0% used [0x00000000e6700000,0x00000000e6700000,0x00000000e8200000)
 ParOldGen       total 112640K, used 57152K [0x0000000081200000, 0x0000000088000000, 0x00000000d5b80000)
  object space 112640K, 50% used [0x0000000081200000,0x00000000849d0000,0x0000000088000000)
 Metaspace       used 55749K, capacity 59498K, committed 59736K, reserved 1101824K
  class space    used 7632K, capacity 8284K, committed 8320K, reserved 1048576K
Event: 96.069 GC heap after
Heap after GC invocations=18 (full 3):
 PSYoungGen      total 301568K, used 2058K [0x00000000d5b80000, 0x00000000ed500000, 0x0000000100000000)
  eden space 273920K, 0% used [0x00000000d5b80000,0x00000000d5b80000,0x00000000e6700000)
  from space 27648K, 7% used [0x00000000e6700000,0x00000000e6902a80,0x00000000e8200000)
  to   space 27648K, 0% used [0x00000000eba00000,0x00000000eba00000,0x00000000ed500000)
 ParOldGen       total 112640K, used 88096K [0x0000000081200000, 0x0000000088000000, 0x00000000d5b80000)
  object space 112640K, 78% used [0x0000000081200000,0x0000000086808270,0x0000000088000000)
 Metaspace       used 55749K, capacity 59498K, committed 59736K, reserved 1101824K
  class space    used 7632K, capacity 8284K, committed 8320K, reserved 1048576K
}

