# JRE version: Java(TM) SE Runtime Environment (8.0_201-b09) (build 1.8.0_201-b09)
# Java VM: Java HotSpot(TM) 64-Bit Server VM (25.201-b09 mixed mode windows-amd64 compressed oops)
Heap:
 PSYoungGen      total 215040K, used 60972K [0x00000000d5b80000, 0x00000000e7200000, 0x0000000100000000)
  eden space 196608K, 30% used [0x00000000d5b80000,0x00000000d96966c0,0x00000000e1b80000)
  from space 18432K, 2% used [0x00000000e1b80000,0x00000000e1bf4a00,0x00000000e2d80000)
  to   space 18944K, 0% used [0x00000000e5f80000,0x00000000e5f80000,0x00000000e7200000)
 ParOldGen       total 82432K, used 37371K [0x0000000081200000, 0x0000000086280000, 0x00000000d5b80000)
  object space 82432K, 45% used [0x0000000081200000,0x000000008367ec00,0x0000000086280000)
 Metaspace       used 54431K, capacity 58082K, committed 58368K, reserved 1099776K
  class space    used 7443K, capacity 8103K, committed 8192K, reserved 1048576K
GC Heap History (10 events):
Event: 7.771 GC heap before
{Heap before GC invocations=11 (full 1):
 PSYoungGen      total 138752K, used 114937K [0x00000000d5b80000, 0x00000000e0600000, 0x0000000100000000)
  eden space 130560K, 81% used [0x00000000d5b80000,0x00000000dc3c1ea0,0x00000000ddb00000)
  from space 8192K, 99% used [0x00000000ddb00000,0x00000000de2fc790,0x00000000de300000)
  to   space 9728K, 0% used [0x00000000dfc80000,0x00000000dfc80000,0x00000000e0600000)
 ParOldGen       total 54784K, used 11176K [0x0000000081200000, 0x0000000084780000, 0x00000000d5b80000)
  object space 54784K, 20% used [0x0000000081200000,0x0000000081cea228,0x0000000084780000)
 Metaspace       used 33231K, capacity 35360K, committed 35416K, reserved 1079296K
  class space    used 4569K, capacity 4964K, committed 4992K, reserved 1048576K
Event: 7.789 GC heap after
Heap after GC invocations=11 (full 1):
 PSYoungGen      total 162816K, used 9699K [0x00000000d5b80000, 0x00000000e2100000, 0x0000000100000000)
  eden space 153088K, 0% used [0x00000000d5b80000,0x00000000d5b80000,0x00000000df100000)
  from space 9728K, 99% used [0x00000000dfc80000,0x00000000e05f8f28,0x00000000e0600000)
  to   space 11776K, 0% used [0x00000000df100000,0x00000000df100000,0x00000000dfc80000)
 ParOldGen       total 54784K, used 13926K [0x0000000081200000, 0x0000000084780000, 0x00000000d5b80000)
  object space 54784K, 25% used [0x0000000081200000,0x0000000081f99950,0x0000000084780000)
 Metaspace       used 33231K, capacity 35360K, committed 35416K, reserved 1079296K
  class space    used 4569K, capacity 4964K, committed 4992K, reserved 1048576K
}
Event: 7.789 GC heap before
{Heap before GC invocations=12 (full 2):
 PSYoungGen      total 162816K, used 9699K [0x00000000d5b80000, 0x00000000e2100000, 0x0000000100000000)
  eden space 153088K, 0% used [0x00000000d5b80000,0x00000000d5b80000,0x00000000df100000)
  from space 9728K, 99% used [0x00000000dfc80000,0x00000000e05f8f28,0x00000000e0600000)
  to   space 11776K, 0% used [0x00000000df100000,0x00000000df100000,0x00000000dfc80000)
 ParOldGen       total 54784K, used 13926K [0x0000000081200000, 0x0000000084780000, 0x00000000d5b80000)
  object space 54784K, 25% used [0x0000000081200000,0x0000000081f99950,0x0000000084780000)
 Metaspace       used 33231K, capacity 35360K, committed 35416K, reserved 1079296K
  class space    used 4569K, capacity 4964K, committed 4992K, reserved 1048576K
Event: 7.851 GC heap after
Heap after GC invocations=12 (full 2):
 PSYoungGen      total 162816K, used 0K [0x00000000d5b80000, 0x00000000e2100000, 0x0000000100000000)
  eden space 153088K, 0% used [0x00000000d5b80000,0x00000000d5b80000,0x00000000df100000)
  from space 9728K, 0% used [0x00000000dfc80000,0x00000000dfc80000,0x00000000e0600000)
  to   space 11776K, 0% used [0x00000000df100000,0x00000000df100000,0x00000000dfc80000)
 ParOldGen       total 82432K, used 18270K [0x0000000081200000, 0x0000000086280000, 0x00000000d5b80000)
  object space 82432K, 22% used [0x0000000081200000,0x00000000823d7828,0x0000000086280000)
 Metaspace       used 33231K, capacity 35360K, committed 35416K, reserved 1079296K
  class space    used 4569K, capacity 4964K, committed 4992K, reserved 1048576K
}
Event: 10.394 GC heap before
{Heap before GC invocations=13 (full 2):
 PSYoungGen      total 162816K, used 153088K [0x00000000d5b80000, 0x00000000e2100000, 0x0000000100000000)
  eden space 153088K, 100% used [0x00000000d5b80000,0x00000000df100000,0x00000000df100000)
  from space 9728K, 0% used [0x00000000dfc80000,0x00000000dfc80000,0x00000000e0600000)
  to   space 11776K, 0% used [0x00000000df100000,0x00000000df100000,0x00000000dfc80000)
 ParOldGen       total 82432K, used 18270K [0x0000000081200000, 0x0000000086280000, 0x00000000d5b80000)
  object space 82432K, 22% used [0x0000000081200000,0x00000000823d7828,0x0000000086280000)
 Metaspace       used 42182K, capacity 44962K, committed 45312K, reserved 1087488K
  class space    used 5813K, capacity 6333K, committed 6400K, reserved 1048576K
Event: 10.408 GC heap after
Heap after GC invocations=13 (full 2):
 PSYoungGen      total 164864K, used 11745K [0x00000000d5b80000, 0x00000000e3d00000, 0x0000000100000000)
  eden space 153088K, 0% used [0x00000000d5b80000,0x00000000d5b80000,0x00000000df100000)
  from space 11776K, 99% used [0x00000000df100000,0x00000000dfc78478,0x00000000dfc80000)
  to   space 13824K, 0% used [0x00000000e2f80000,0x00000000e2f80000,0x00000000e3d00000)
 ParOldGen       total 82432K, used 20414K [0x0000000081200000, 0x0000000086280000, 0x00000000d5b80000)
  object space 82432K, 24% used [0x0000000081200000,0x00000000825ef898,0x0000000086280000)
 Metaspace       used 42182K, capacity 44962K, committed 45312K, reserved 1087488K
  class space    used 5813K, capacity 6333K, committed 6400K, reserved 1048576K
}
Event: 63.556 GC heap before
{Heap before GC invocations=14 (full 2):
 PSYoungGen      total 164864K, used 164833K [0x00000000d5b80000, 0x00000000e3d00000, 0x0000000100000000)
  eden space 153088K, 100% used [0x00000000d5b80000,0x00000000df100000,0x00000000df100000)
  from space 11776K, 99% used [0x00000000df100000,0x00000000dfc78478,0x00000000dfc80000)
  to   space 13824K, 0% used [0x00000000e2f80000,0x00000000e2f80000,0x00000000e3d00000)
 ParOldGen       total 82432K, used 20414K [0x0000000081200000, 0x0000000086280000, 0x00000000d5b80000)
  object space 82432K, 24% used [0x0000000081200000,0x00000000825ef898,0x0000000086280000)
 Metaspace       used 53403K, capacity 57050K, committed 57216K, reserved 1097728K
  class space    used 7309K, capacity 7959K, committed 8064K, reserved 1048576K
Event: 63.573 GC heap after
Heap after GC invocations=14 (full 2):
 PSYoungGen      total 210432K, used 13809K [0x00000000d5b80000, 0x00000000e3f80000, 0x0000000100000000)
  eden space 196608K, 0% used [0x00000000d5b80000,0x00000000d5b80000,0x00000000e1b80000)
  from space 13824K, 99% used [0x00000000e2f80000,0x00000000e3cfc460,0x00000000e3d00000)
  to   space 18432K, 0% used [0x00000000e1b80000,0x00000000e1b80000,0x00000000e2d80000)
 ParOldGen       total 82432K, used 29179K [0x0000000081200000, 0x0000000086280000, 0x00000000d5b80000)
  object space 82432K, 35% used [0x0000000081200000,0x0000000082e7ef38,0x0000000086280000)
 Metaspace       used 53403K, capacity 57050K, committed 57216K, reserved 1097728K
  class space    used 7309K, capacity 7959K, committed 8064K, reserved 1048576K
}
Event: 64.879 GC heap before
{Heap before GC invocations=15 (full 2):
 PSYoungGen      total 210432K, used 210417K [0x00000000d5b80000, 0x00000000e3f80000, 0x0000000100000000)
  eden space 196608K, 100% used [0x00000000d5b80000,0x00000000e1b80000,0x00000000e1b80000)
  from space 13824K, 99% used [0x00000000e2f80000,0x00000000e3cfc460,0x00000000e3d00000)
  to   space 18432K, 0% used [0x00000000e1b80000,0x00000000e1b80000,0x00000000e2d80000)
 ParOldGen       total 82432K, used 29179K [0x0000000081200000, 0x0000000086280000, 0x00000000d5b80000)
  object space 82432K, 35% used [0x0000000081200000,0x0000000082e7ef38,0x0000000086280000)
 Metaspace       used 54130K, capacity 57774K, committed 57984K, reserved 1099776K
  class space    used 7398K, capacity 8029K, committed 8064K, reserved 1048576K
Event: 64.885 GC heap after
Heap after GC invocations=15 (full 2):
 PSYoungGen      total 215040K, used 466K [0x00000000d5b80000, 0x00000000e7200000, 0x0000000100000000)
  eden space 196608K, 0% used [0x00000000d5b80000,0x00000000d5b80000,0x00000000e1b80000)
  from space 18432K, 2% used [0x00000000e1b80000,0x00000000e1bf4a00,0x00000000e2d80000)
  to   space 18944K, 0% used [0x00000000e5f80000,0x00000000e5f80000,0x00000000e7200000)
 ParOldGen       total 82432K, used 37371K [0x0000000081200000, 0x0000000086280000, 0x00000000d5b80000)
  object space 82432K, 45% used [0x0000000081200000,0x000000008367ec00,0x0000000086280000)
 Metaspace       used 54130K, capacity 57774K, committed 57984K, reserved 1099776K
  class space    used 7398K, capacity 8029K, committed 8064K, reserved 1048576K
}

