# JRE version: Java(TM) SE Runtime Environment (8.0_201-b09) (build 1.8.0_201-b09)
# Java VM: Java HotSpot(TM) 64-Bit Server VM (25.201-b09 mixed mode windows-amd64 compressed oops)
Heap:
 PSYoungGen      total 250880K, used 170509K [0x00000000d5580000, 0x00000000f0500000, 0x0000000100000000)
  eden space 237056K, 66% used [0x00000000d5580000,0x00000000dee9c338,0x00000000e3d00000)
  from space 13824K, 99% used [0x00000000ee200000,0x00000000eef674a0,0x00000000eef80000)
  to   space 22016K, 0% used [0x00000000eef80000,0x00000000eef80000,0x00000000f0500000)
 ParOldGen       total 87552K, used 49842K [0x0000000080000000, 0x0000000085580000, 0x00000000d5580000)
  object space 87552K, 56% used [0x0000000080000000,0x00000000830ac940,0x0000000085580000)
 Metaspace       used 54564K, capacity 58252K, committed 58368K, reserved 1099776K
  class space    used 7436K, capacity 8112K, committed 8192K, reserved 1048576K
GC Heap History (10 events):
Event: 4.175 GC heap before
{Heap before GC invocations=7 (full 0):
 PSYoungGen      total 140288K, used 140278K [0x00000000d5580000, 0x00000000def80000, 0x0000000100000000)
  eden space 130560K, 100% used [0x00000000d5580000,0x00000000dd500000,0x00000000dd500000)
  from space 9728K, 99% used [0x00000000de100000,0x00000000dea7dae0,0x00000000dea80000)
  to   space 12288K, 0% used [0x00000000dd500000,0x00000000dd500000,0x00000000de100000)
 ParOldGen       total 87552K, used 8965K [0x0000000080000000, 0x0000000085580000, 0x00000000d5580000)
  object space 87552K, 10% used [0x0000000080000000,0x00000000808c1408,0x0000000085580000)
 Metaspace       used 26758K, capacity 28142K, committed 28288K, reserved 1073152K
  class space    used 3660K, capacity 3953K, committed 3968K, reserved 1048576K
Event: 4.187 GC heap after
Heap after GC invocations=7 (full 0):
 PSYoungGen      total 142848K, used 12280K [0x00000000d5580000, 0x00000000e7480000, 0x0000000100000000)
  eden space 130560K, 0% used [0x00000000d5580000,0x00000000d5580000,0x00000000dd500000)
  from space 12288K, 99% used [0x00000000dd500000,0x00000000de0fe368,0x00000000de100000)
  to   space 16384K, 0% used [0x00000000e6480000,0x00000000e6480000,0x00000000e7480000)
 ParOldGen       total 87552K, used 13007K [0x0000000080000000, 0x0000000085580000, 0x00000000d5580000)
  object space 87552K, 14% used [0x0000000080000000,0x0000000080cb3d78,0x0000000085580000)
 Metaspace       used 26758K, capacity 28142K, committed 28288K, reserved 1073152K
  class space    used 3660K, capacity 3953K, committed 3968K, reserved 1048576K
}
Event: 5.171 GC heap before
{Heap before GC invocations=8 (full 0):
 PSYoungGen      total 142848K, used 142840K [0x00000000d5580000, 0x00000000e7480000, 0x0000000100000000)
  eden space 130560K, 100% used [0x00000000d5580000,0x00000000dd500000,0x00000000dd500000)
  from space 12288K, 99% used [0x00000000dd500000,0x00000000de0fe368,0x00000000de100000)
  to   space 16384K, 0% used [0x00000000e6480000,0x00000000e6480000,0x00000000e7480000)
 ParOldGen       total 87552K, used 13007K [0x0000000080000000, 0x0000000085580000, 0x00000000d5580000)
  object space 87552K, 14% used [0x0000000080000000,0x0000000080cb3d78,0x0000000085580000)
 Metaspace       used 33981K, capacity 36256K, committed 36480K, reserved 1081344K
  class space    used 4678K, capacity 5122K, committed 5248K, reserved 1048576K
Event: 5.184 GC heap after
Heap after GC invocations=8 (full 0):
 PSYoungGen      total 275456K, used 15150K [0x00000000d5580000, 0x00000000e7880000, 0x0000000100000000)
  eden space 259072K, 0% used [0x00000000d5580000,0x00000000d5580000,0x00000000e5280000)
  from space 16384K, 92% used [0x00000000e6480000,0x00000000e734b848,0x00000000e7480000)
  to   space 18432K, 0% used [0x00000000e5280000,0x00000000e5280000,0x00000000e6480000)
 ParOldGen       total 87552K, used 14235K [0x0000000080000000, 0x0000000085580000, 0x00000000d5580000)
  object space 87552K, 16% used [0x0000000080000000,0x0000000080de6ee0,0x0000000085580000)
 Metaspace       used 33981K, capacity 36256K, committed 36480K, reserved 1081344K
  class space    used 4678K, capacity 5122K, committed 5248K, reserved 1048576K
}
Event: 14.153 GC heap before
{Heap before GC invocations=9 (full 0):
 PSYoungGen      total 275456K, used 274222K [0x00000000d5580000, 0x00000000e7880000, 0x0000000100000000)
  eden space 259072K, 100% used [0x00000000d5580000,0x00000000e5280000,0x00000000e5280000)
  from space 16384K, 92% used [0x00000000e6480000,0x00000000e734b848,0x00000000e7480000)
  to   space 18432K, 0% used [0x00000000e5280000,0x00000000e5280000,0x00000000e6480000)
 ParOldGen       total 87552K, used 14235K [0x0000000080000000, 0x0000000085580000, 0x00000000d5580000)
  object space 87552K, 16% used [0x0000000080000000,0x0000000080de6ee0,0x0000000085580000)
 Metaspace       used 51297K, capacity 54686K, committed 54784K, reserved 1095680K
  class space    used 7001K, capacity 7615K, committed 7680K, reserved 1048576K
Event: 14.175 GC heap after
Heap after GC invocations=9 (full 0):
 PSYoungGen      total 277504K, used 18401K [0x00000000d5580000, 0x00000000f1e80000, 0x0000000100000000)
  eden space 259072K, 0% used [0x00000000d5580000,0x00000000d5580000,0x00000000e5280000)
  from space 18432K, 99% used [0x00000000e5280000,0x00000000e6478528,0x00000000e6480000)
  to   space 26624K, 0% used [0x00000000f0480000,0x00000000f0480000,0x00000000f1e80000)
 ParOldGen       total 87552K, used 28005K [0x0000000080000000, 0x0000000085580000, 0x00000000d5580000)
  object space 87552K, 31% used [0x0000000080000000,0x0000000081b59798,0x0000000085580000)
 Metaspace       used 51297K, capacity 54686K, committed 54784K, reserved 1095680K
  class space    used 7001K, capacity 7615K, committed 7680K, reserved 1048576K
}
Event: 70.687 GC heap before
{Heap before GC invocations=10 (full 0):
 PSYoungGen      total 277504K, used 277473K [0x00000000d5580000, 0x00000000f1e80000, 0x0000000100000000)
  eden space 259072K, 100% used [0x00000000d5580000,0x00000000e5280000,0x00000000e5280000)
  from space 18432K, 99% used [0x00000000e5280000,0x00000000e6478528,0x00000000e6480000)
  to   space 26624K, 0% used [0x00000000f0480000,0x00000000f0480000,0x00000000f1e80000)
 ParOldGen       total 87552K, used 28005K [0x0000000080000000, 0x0000000085580000, 0x00000000d5580000)
  object space 87552K, 31% used [0x0000000080000000,0x0000000081b59798,0x0000000085580000)
 Metaspace       used 54275K, capacity 57858K, committed 57984K, reserved 1099776K
  class space    used 7390K, capacity 8035K, committed 8064K, reserved 1048576K
Event: 70.703 GC heap after
Heap after GC invocations=10 (full 0):
 PSYoungGen      total 268800K, used 20591K [0x00000000d5580000, 0x00000000f1900000, 0x0000000100000000)
  eden space 247808K, 0% used [0x00000000d5580000,0x00000000d5580000,0x00000000e4780000)
  from space 20992K, 98% used [0x00000000f0480000,0x00000000f189bd00,0x00000000f1900000)
  to   space 28160K, 0% used [0x00000000ee200000,0x00000000ee200000,0x00000000efd80000)
 ParOldGen       total 87552K, used 34103K [0x0000000080000000, 0x0000000085580000, 0x00000000d5580000)
  object space 87552K, 38% used [0x0000000080000000,0x000000008214dfe8,0x0000000085580000)
 Metaspace       used 54275K, capacity 57858K, committed 57984K, reserved 1099776K
  class space    used 7390K, capacity 8035K, committed 8064K, reserved 1048576K
}
Event: 76.791 GC heap before
{Heap before GC invocations=11 (full 0):
 PSYoungGen      total 268800K, used 268399K [0x00000000d5580000, 0x00000000f1900000, 0x0000000100000000)
  eden space 247808K, 100% used [0x00000000d5580000,0x00000000e4780000,0x00000000e4780000)
  from space 20992K, 98% used [0x00000000f0480000,0x00000000f189bd00,0x00000000f1900000)
  to   space 28160K, 0% used [0x00000000ee200000,0x00000000ee200000,0x00000000efd80000)
 ParOldGen       total 87552K, used 34103K [0x0000000080000000, 0x0000000085580000, 0x00000000d5580000)
  object space 87552K, 38% used [0x0000000080000000,0x000000008214dfe8,0x0000000085580000)
 Metaspace       used 54560K, capacity 58252K, committed 58368K, reserved 1099776K
  class space    used 7435K, capacity 8112K, committed 8192K, reserved 1048576K
Event: 76.818 GC heap after
Heap after GC invocations=11 (full 0):
 PSYoungGen      total 250880K, used 13725K [0x00000000d5580000, 0x00000000f0500000, 0x0000000100000000)
  eden space 237056K, 0% used [0x00000000d5580000,0x00000000d5580000,0x00000000e3d00000)
  from space 13824K, 99% used [0x00000000ee200000,0x00000000eef674a0,0x00000000eef80000)
  to   space 22016K, 0% used [0x00000000eef80000,0x00000000eef80000,0x00000000f0500000)
 ParOldGen       total 87552K, used 49842K [0x0000000080000000, 0x0000000085580000, 0x00000000d5580000)
  object space 87552K, 56% used [0x0000000080000000,0x00000000830ac940,0x0000000085580000)
 Metaspace       used 54560K, capacity 58252K, committed 58368K, reserved 1099776K
  class space    used 7435K, capacity 8112K, committed 8192K, reserved 1048576K
}

