# JRE version: Java(TM) SE Runtime Environment (8.0_201-b09) (build 1.8.0_201-b09)
# Java VM: Java HotSpot(TM) 64-Bit Server VM (25.201-b09 mixed mode windows-amd64 compressed oops)
Heap:
 PSYoungGen      total 395264K, used 283670K [0x00000000d5b80000, 0x00000000f0080000, 0x0000000100000000)
  eden space 378368K, 70% used [0x00000000d5b80000,0x00000000e600f0e0,0x00000000ecd00000)
  from space 16896K, 99% used [0x00000000edf80000,0x00000000eeff68b8,0x00000000ef000000)
  to   space 18944K, 0% used [0x00000000ecd00000,0x00000000ecd00000,0x00000000edf80000)
 ParOldGen       total 105984K, used 45865K [0x0000000081200000, 0x0000000087980000, 0x00000000d5b80000)
  object space 105984K, 43% used [0x0000000081200000,0x0000000083eca458,0x0000000087980000)
 Metaspace       used 55759K, capacity 59474K, committed 59736K, reserved 1101824K
  class space    used 7628K, capacity 8280K, committed 8320K, reserved 1048576K
GC Heap History (10 events):
Event: 4.709 GC heap before
{Heap before GC invocations=11 (full 2):
 PSYoungGen      total 211968K, used 7129K [0x00000000d5b80000, 0x00000000e9900000, 0x0000000100000000)
  eden space 199168K, 0% used [0x00000000d5b80000,0x00000000d5b80000,0x00000000e1e00000)
  from space 12800K, 55% used [0x00000000e1e00000,0x00000000e24f6508,0x00000000e2a80000)
  to   space 12800K, 0% used [0x00000000e8c80000,0x00000000e8c80000,0x00000000e9900000)
 ParOldGen       total 53760K, used 13098K [0x0000000081200000, 0x0000000084680000, 0x00000000d5b80000)
  object space 53760K, 24% used [0x0000000081200000,0x0000000081eca9a8,0x0000000084680000)
 Metaspace       used 33277K, capacity 35334K, committed 35416K, reserved 1079296K
  class space    used 4577K, capacity 4959K, committed 4992K, reserved 1048576K
Event: 4.758 GC heap after
Heap after GC invocations=11 (full 2):
 PSYoungGen      total 211968K, used 0K [0x00000000d5b80000, 0x00000000e9900000, 0x0000000100000000)
  eden space 199168K, 0% used [0x00000000d5b80000,0x00000000d5b80000,0x00000000e1e00000)
  from space 12800K, 0% used [0x00000000e1e00000,0x00000000e1e00000,0x00000000e2a80000)
  to   space 12800K, 0% used [0x00000000e8c80000,0x00000000e8c80000,0x00000000e9900000)
 ParOldGen       total 71168K, used 14021K [0x0000000081200000, 0x0000000085780000, 0x00000000d5b80000)
  object space 71168K, 19% used [0x0000000081200000,0x0000000081fb1690,0x0000000085780000)
 Metaspace       used 33277K, capacity 35334K, committed 35416K, reserved 1079296K
  class space    used 4577K, capacity 4959K, committed 4992K, reserved 1048576K
}
Event: 7.134 GC heap before
{Heap before GC invocations=12 (full 2):
 PSYoungGen      total 211968K, used 199168K [0x00000000d5b80000, 0x00000000e9900000, 0x0000000100000000)
  eden space 199168K, 100% used [0x00000000d5b80000,0x00000000e1e00000,0x00000000e1e00000)
  from space 12800K, 0% used [0x00000000e1e00000,0x00000000e1e00000,0x00000000e2a80000)
  to   space 12800K, 0% used [0x00000000e8c80000,0x00000000e8c80000,0x00000000e9900000)
 ParOldGen       total 71168K, used 14021K [0x0000000081200000, 0x0000000085780000, 0x00000000d5b80000)
  object space 71168K, 19% used [0x0000000081200000,0x0000000081fb1690,0x0000000085780000)
 Metaspace       used 44896K, capacity 47756K, committed 47960K, reserved 1091584K
  class space    used 6203K, capacity 6715K, committed 6784K, reserved 1048576K
Event: 7.145 GC heap after
Heap after GC invocations=12 (full 2):
 PSYoungGen      total 291328K, used 12774K [0x00000000d5b80000, 0x00000000e9900000, 0x0000000100000000)
  eden space 278528K, 0% used [0x00000000d5b80000,0x00000000d5b80000,0x00000000e6b80000)
  from space 12800K, 99% used [0x00000000e8c80000,0x00000000e98f9a88,0x00000000e9900000)
  to   space 15872K, 0% used [0x00000000e7a00000,0x00000000e7a00000,0x00000000e8980000)
 ParOldGen       total 71168K, used 18956K [0x0000000081200000, 0x0000000085780000, 0x00000000d5b80000)
  object space 71168K, 26% used [0x0000000081200000,0x0000000082483060,0x0000000085780000)
 Metaspace       used 44896K, capacity 47756K, committed 47960K, reserved 1091584K
  class space    used 6203K, capacity 6715K, committed 6784K, reserved 1048576K
}
Event: 17.995 GC heap before
{Heap before GC invocations=13 (full 2):
 PSYoungGen      total 291328K, used 160108K [0x00000000d5b80000, 0x00000000e9900000, 0x0000000100000000)
  eden space 278528K, 52% used [0x00000000d5b80000,0x00000000deb61738,0x00000000e6b80000)
  from space 12800K, 99% used [0x00000000e8c80000,0x00000000e98f9a88,0x00000000e9900000)
  to   space 15872K, 0% used [0x00000000e7a00000,0x00000000e7a00000,0x00000000e8980000)
 ParOldGen       total 71168K, used 18956K [0x0000000081200000, 0x0000000085780000, 0x00000000d5b80000)
  object space 71168K, 26% used [0x0000000081200000,0x0000000082483060,0x0000000085780000)
 Metaspace       used 55077K, capacity 58748K, committed 58968K, reserved 1099776K
  class space    used 7523K, capacity 8197K, committed 8320K, reserved 1048576K
Event: 18.046 GC heap after
Heap after GC invocations=13 (full 2):
 PSYoungGen      total 309248K, used 13880K [0x00000000d5b80000, 0x00000000ef000000, 0x0000000100000000)
  eden space 293376K, 0% used [0x00000000d5b80000,0x00000000d5b80000,0x00000000e7a00000)
  from space 15872K, 87% used [0x00000000e7a00000,0x00000000e878e348,0x00000000e8980000)
  to   space 16896K, 0% used [0x00000000edf80000,0x00000000edf80000,0x00000000ef000000)
 ParOldGen       total 71168K, used 27252K [0x0000000081200000, 0x0000000085780000, 0x00000000d5b80000)
  object space 71168K, 38% used [0x0000000081200000,0x0000000082c9d138,0x0000000085780000)
 Metaspace       used 55077K, capacity 58748K, committed 58968K, reserved 1099776K
  class space    used 7523K, capacity 8197K, committed 8320K, reserved 1048576K
}
Event: 18.046 GC heap before
{Heap before GC invocations=14 (full 3):
 PSYoungGen      total 309248K, used 13880K [0x00000000d5b80000, 0x00000000ef000000, 0x0000000100000000)
  eden space 293376K, 0% used [0x00000000d5b80000,0x00000000d5b80000,0x00000000e7a00000)
  from space 15872K, 87% used [0x00000000e7a00000,0x00000000e878e348,0x00000000e8980000)
  to   space 16896K, 0% used [0x00000000edf80000,0x00000000edf80000,0x00000000ef000000)
 ParOldGen       total 71168K, used 27252K [0x0000000081200000, 0x0000000085780000, 0x00000000d5b80000)
  object space 71168K, 38% used [0x0000000081200000,0x0000000082c9d138,0x0000000085780000)
 Metaspace       used 55077K, capacity 58748K, committed 58968K, reserved 1099776K
  class space    used 7523K, capacity 8197K, committed 8320K, reserved 1048576K
Event: 18.196 GC heap after
Heap after GC invocations=14 (full 3):
 PSYoungGen      total 309248K, used 0K [0x00000000d5b80000, 0x00000000ef000000, 0x0000000100000000)
  eden space 293376K, 0% used [0x00000000d5b80000,0x00000000d5b80000,0x00000000e7a00000)
  from space 15872K, 0% used [0x00000000e7a00000,0x00000000e7a00000,0x00000000e8980000)
  to   space 16896K, 0% used [0x00000000edf80000,0x00000000edf80000,0x00000000ef000000)
 ParOldGen       total 105984K, used 33072K [0x0000000081200000, 0x0000000087980000, 0x00000000d5b80000)
  object space 105984K, 31% used [0x0000000081200000,0x000000008324c028,0x0000000087980000)
 Metaspace       used 55077K, capacity 58748K, committed 58968K, reserved 1099776K
  class space    used 7523K, capacity 8197K, committed 8320K, reserved 1048576K
}
Event: 47.028 GC heap before
{Heap before GC invocations=15 (full 3):
 PSYoungGen      total 309248K, used 293376K [0x00000000d5b80000, 0x00000000ef000000, 0x0000000100000000)
  eden space 293376K, 100% used [0x00000000d5b80000,0x00000000e7a00000,0x00000000e7a00000)
  from space 15872K, 0% used [0x00000000e7a00000,0x00000000e7a00000,0x00000000e8980000)
  to   space 16896K, 0% used [0x00000000edf80000,0x00000000edf80000,0x00000000ef000000)
 ParOldGen       total 105984K, used 33072K [0x0000000081200000, 0x0000000087980000, 0x00000000d5b80000)
  object space 105984K, 31% used [0x0000000081200000,0x000000008324c028,0x0000000087980000)
 Metaspace       used 55731K, capacity 59450K, committed 59736K, reserved 1101824K
  class space    used 7625K, capacity 8276K, committed 8320K, reserved 1048576K
Event: 47.044 GC heap after
Heap after GC invocations=15 (full 3):
 PSYoungGen      total 395264K, used 16858K [0x00000000d5b80000, 0x00000000f0080000, 0x0000000100000000)
  eden space 378368K, 0% used [0x00000000d5b80000,0x00000000d5b80000,0x00000000ecd00000)
  from space 16896K, 99% used [0x00000000edf80000,0x00000000eeff68b8,0x00000000ef000000)
  to   space 18944K, 0% used [0x00000000ecd00000,0x00000000ecd00000,0x00000000edf80000)
 ParOldGen       total 105984K, used 45865K [0x0000000081200000, 0x0000000087980000, 0x00000000d5b80000)
  object space 105984K, 43% used [0x0000000081200000,0x0000000083eca458,0x0000000087980000)
 Metaspace       used 55731K, capacity 59450K, committed 59736K, reserved 1101824K
  class space    used 7625K, capacity 8276K, committed 8320K, reserved 1048576K
}

