# JRE version: Java(TM) SE Runtime Environment (8.0_201-b09) (build 1.8.0_201-b09)
# Java VM: Java HotSpot(TM) 64-Bit Server VM (25.201-b09 mixed mode windows-amd64 compressed oops)
Heap:
 PSYoungGen      total 334848K, used 146346K [0x00000000d5580000, 0x00000000ebd80000, 0x0000000100000000)
  eden space 316416K, 40% used [0x00000000d5580000,0x00000000dd270e00,0x00000000e8a80000)
  from space 18432K, 99% used [0x00000000e9900000,0x00000000eaaf9b00,0x00000000eab00000)
  to   space 18944K, 0% used [0x00000000eab00000,0x00000000eab00000,0x00000000ebd80000)
 ParOldGen       total 87552K, used 60513K [0x0000000080000000, 0x0000000085580000, 0x00000000d5580000)
  object space 87552K, 69% used [0x0000000080000000,0x0000000083b18588,0x0000000085580000)
 Metaspace       used 54650K, capacity 58330K, committed 58624K, reserved 1099776K
  class space    used 7451K, capacity 8125K, committed 8192K, reserved 1048576K
GC Heap History (10 events):
Event: 7.885 GC heap before
{Heap before GC invocations=9 (full 0):
 PSYoungGen      total 142848K, used 138900K [0x00000000d5580000, 0x00000000dec80000, 0x0000000100000000)
  eden space 131072K, 100% used [0x00000000d5580000,0x00000000dd580000,0x00000000dd580000)
  from space 11776K, 66% used [0x00000000de100000,0x00000000de8a5348,0x00000000dec80000)
  to   space 11776K, 0% used [0x00000000dd580000,0x00000000dd580000,0x00000000de100000)
 ParOldGen       total 87552K, used 9942K [0x0000000080000000, 0x0000000085580000, 0x00000000d5580000)
  object space 87552K, 11% used [0x0000000080000000,0x00000000809b5a38,0x0000000085580000)
 Metaspace       used 30451K, capacity 32460K, committed 32768K, reserved 1077248K
  class space    used 4173K, capacity 4550K, committed 4608K, reserved 1048576K
Event: 7.898 GC heap after
Heap after GC invocations=9 (full 0):
 PSYoungGen      total 142848K, used 11753K [0x00000000d5580000, 0x00000000e3e80000, 0x0000000100000000)
  eden space 131072K, 0% used [0x00000000d5580000,0x00000000d5580000,0x00000000dd580000)
  from space 11776K, 99% used [0x00000000dd580000,0x00000000de0fa488,0x00000000de100000)
  to   space 14336K, 0% used [0x00000000e3080000,0x00000000e3080000,0x00000000e3e80000)
 ParOldGen       total 87552K, used 12978K [0x0000000080000000, 0x0000000085580000, 0x00000000d5580000)
  object space 87552K, 14% used [0x0000000080000000,0x0000000080caca68,0x0000000085580000)
 Metaspace       used 30451K, capacity 32460K, committed 32768K, reserved 1077248K
  class space    used 4173K, capacity 4550K, committed 4608K, reserved 1048576K
}
Event: 10.032 GC heap before
{Heap before GC invocations=10 (full 0):
 PSYoungGen      total 142848K, used 142825K [0x00000000d5580000, 0x00000000e3e80000, 0x0000000100000000)
  eden space 131072K, 100% used [0x00000000d5580000,0x00000000dd580000,0x00000000dd580000)
  from space 11776K, 99% used [0x00000000dd580000,0x00000000de0fa488,0x00000000de100000)
  to   space 14336K, 0% used [0x00000000e3080000,0x00000000e3080000,0x00000000e3e80000)
 ParOldGen       total 87552K, used 12978K [0x0000000080000000, 0x0000000085580000, 0x00000000d5580000)
  object space 87552K, 14% used [0x0000000080000000,0x0000000080caca68,0x0000000085580000)
 Metaspace       used 37335K, capacity 39916K, committed 40192K, reserved 1083392K
  class space    used 5126K, capacity 5602K, committed 5632K, reserved 1048576K
Event: 10.068 GC heap after
Heap after GC invocations=10 (full 0):
 PSYoungGen      total 222720K, used 14261K [0x00000000d5580000, 0x00000000e4180000, 0x0000000100000000)
  eden space 208384K, 0% used [0x00000000d5580000,0x00000000d5580000,0x00000000e2100000)
  from space 14336K, 99% used [0x00000000e3080000,0x00000000e3e6d648,0x00000000e3e80000)
  to   space 15872K, 0% used [0x00000000e2100000,0x00000000e2100000,0x00000000e3080000)
 ParOldGen       total 87552K, used 15806K [0x0000000080000000, 0x0000000085580000, 0x00000000d5580000)
  object space 87552K, 18% used [0x0000000080000000,0x0000000080f6fa98,0x0000000085580000)
 Metaspace       used 37335K, capacity 39916K, committed 40192K, reserved 1083392K
  class space    used 5126K, capacity 5602K, committed 5632K, reserved 1048576K
}
Event: 2442.080 GC heap before
{Heap before GC invocations=11 (full 0):
 PSYoungGen      total 222720K, used 222645K [0x00000000d5580000, 0x00000000e4180000, 0x0000000100000000)
  eden space 208384K, 100% used [0x00000000d5580000,0x00000000e2100000,0x00000000e2100000)
  from space 14336K, 99% used [0x00000000e3080000,0x00000000e3e6d648,0x00000000e3e80000)
  to   space 15872K, 0% used [0x00000000e2100000,0x00000000e2100000,0x00000000e3080000)
 ParOldGen       total 87552K, used 15806K [0x0000000080000000, 0x0000000085580000, 0x00000000d5580000)
  object space 87552K, 18% used [0x0000000080000000,0x0000000080f6fa98,0x0000000085580000)
 Metaspace       used 51653K, capacity 55112K, committed 55424K, reserved 1097728K
  class space    used 7065K, capacity 7682K, committed 7808K, reserved 1048576K
Event: 2442.100 GC heap after
Heap after GC invocations=11 (full 0):
 PSYoungGen      total 224256K, used 15857K [0x00000000d5580000, 0x00000000ec780000, 0x0000000100000000)
  eden space 208384K, 0% used [0x00000000d5580000,0x00000000d5580000,0x00000000e2100000)
  from space 15872K, 99% used [0x00000000e2100000,0x00000000e307c5a8,0x00000000e3080000)
  to   space 22528K, 0% used [0x00000000eb180000,0x00000000eb180000,0x00000000ec780000)
 ParOldGen       total 87552K, used 27601K [0x0000000080000000, 0x0000000085580000, 0x00000000d5580000)
  object space 87552K, 31% used [0x0000000080000000,0x0000000081af4438,0x0000000085580000)
 Metaspace       used 51653K, capacity 55112K, committed 55424K, reserved 1097728K
  class space    used 7065K, capacity 7682K, committed 7808K, reserved 1048576K
}
Event: 2505.588 GC heap before
{Heap before GC invocations=12 (full 0):
 PSYoungGen      total 224256K, used 224241K [0x00000000d5580000, 0x00000000ec780000, 0x0000000100000000)
  eden space 208384K, 100% used [0x00000000d5580000,0x00000000e2100000,0x00000000e2100000)
  from space 15872K, 99% used [0x00000000e2100000,0x00000000e307c5a8,0x00000000e3080000)
  to   space 22528K, 0% used [0x00000000eb180000,0x00000000eb180000,0x00000000ec780000)
 ParOldGen       total 87552K, used 27601K [0x0000000080000000, 0x0000000085580000, 0x00000000d5580000)
  object space 87552K, 31% used [0x0000000080000000,0x0000000081af4438,0x0000000085580000)
 Metaspace       used 54567K, capacity 58266K, committed 58624K, reserved 1099776K
  class space    used 7437K, capacity 8113K, committed 8192K, reserved 1048576K
Event: 2505.610 GC heap after
Heap after GC invocations=12 (full 0):
 PSYoungGen      total 353792K, used 20574K [0x00000000d5580000, 0x00000000ecc80000, 0x0000000100000000)
  eden space 331264K, 0% used [0x00000000d5580000,0x00000000d5580000,0x00000000e9900000)
  from space 22528K, 91% used [0x00000000eb180000,0x00000000ec597bd0,0x00000000ec780000)
  to   space 25088K, 0% used [0x00000000e9900000,0x00000000e9900000,0x00000000eb180000)
 ParOldGen       total 87552K, used 59367K [0x0000000080000000, 0x0000000085580000, 0x00000000d5580000)
  object space 87552K, 67% used [0x0000000080000000,0x00000000839f9ef8,0x0000000085580000)
 Metaspace       used 54567K, capacity 58266K, committed 58624K, reserved 1099776K
  class space    used 7437K, capacity 8113K, committed 8192K, reserved 1048576K
}
Event: 2554.059 GC heap before
{Heap before GC invocations=13 (full 0):
 PSYoungGen      total 353792K, used 351838K [0x00000000d5580000, 0x00000000ecc80000, 0x0000000100000000)
  eden space 331264K, 100% used [0x00000000d5580000,0x00000000e9900000,0x00000000e9900000)
  from space 22528K, 91% used [0x00000000eb180000,0x00000000ec597bd0,0x00000000ec780000)
  to   space 25088K, 0% used [0x00000000e9900000,0x00000000e9900000,0x00000000eb180000)
 ParOldGen       total 87552K, used 59368K [0x0000000080000000, 0x0000000085580000, 0x00000000d5580000)
  object space 87552K, 67% used [0x0000000080000000,0x00000000839fa2c8,0x0000000085580000)
 Metaspace       used 54635K, capacity 58330K, committed 58624K, reserved 1099776K
  class space    used 7451K, capacity 8125K, committed 8192K, reserved 1048576K
Event: 2554.068 GC heap after
Heap after GC invocations=13 (full 0):
 PSYoungGen      total 334848K, used 18406K [0x00000000d5580000, 0x00000000ebd80000, 0x0000000100000000)
  eden space 316416K, 0% used [0x00000000d5580000,0x00000000d5580000,0x00000000e8a80000)
  from space 18432K, 99% used [0x00000000e9900000,0x00000000eaaf9b00,0x00000000eab00000)
  to   space 18944K, 0% used [0x00000000eab00000,0x00000000eab00000,0x00000000ebd80000)
 ParOldGen       total 87552K, used 60513K [0x0000000080000000, 0x0000000085580000, 0x00000000d5580000)
  object space 87552K, 69% used [0x0000000080000000,0x0000000083b18588,0x0000000085580000)
 Metaspace       used 54635K, capacity 58330K, committed 58624K, reserved 1099776K
  class space    used 7451K, capacity 8125K, committed 8192K, reserved 1048576K
}

