# JRE version: Java(TM) SE Runtime Environment (8.0_201-b09) (build 1.8.0_201-b09)
# Java VM: Java HotSpot(TM) 64-Bit Server VM (25.201-b09 mixed mode windows-amd64 compressed oops)
Heap:
 PSYoungGen      total 343552K, used 298960K [0x00000000d5b80000, 0x00000000ecf00000, 0x0000000100000000)
  eden space 325632K, 91% used [0x00000000d5b80000,0x00000000e7f741f0,0x00000000e9980000)
  from space 17920K, 0% used [0x00000000e9980000,0x00000000e9980000,0x00000000eab00000)
  to   space 17408K, 0% used [0x00000000ebe00000,0x00000000ebe00000,0x00000000ecf00000)
 ParOldGen       total 143872K, used 40000K [0x0000000081200000, 0x0000000089e80000, 0x00000000d5b80000)
  object space 143872K, 27% used [0x0000000081200000,0x0000000083910030,0x0000000089e80000)
 Metaspace       used 55822K, capacity 59530K, committed 59736K, reserved 1101824K
  class space    used 7630K, capacity 8278K, committed 8320K, reserved 1048576K
GC Heap History (10 events):
Event: 14.034 GC heap before
{Heap before GC invocations=20 (full 2):
 PSYoungGen      total 299008K, used 284017K [0x00000000d5b80000, 0x00000000ea980000, 0x0000000100000000)
  eden space 279040K, 99% used [0x00000000d5b80000,0x00000000e6bddd70,0x00000000e6c00000)
  from space 19968K, 25% used [0x00000000e6c00000,0x00000000e70fe7a0,0x00000000e7f80000)
  to   space 19456K, 0% used [0x00000000e9680000,0x00000000e9680000,0x00000000ea980000)
 ParOldGen       total 82944K, used 51377K [0x0000000081200000, 0x0000000086300000, 0x00000000d5b80000)
  object space 82944K, 61% used [0x0000000081200000,0x000000008442c428,0x0000000086300000)
 Metaspace       used 50861K, capacity 54358K, committed 54488K, reserved 1095680K
  class space    used 7032K, capacity 7680K, committed 7680K, reserved 1048576K
Event: 14.050 GC heap after
Heap after GC invocations=20 (full 2):
 PSYoungGen      total 322560K, used 2961K [0x00000000d5b80000, 0x00000000eab00000, 0x0000000100000000)
  eden space 303104K, 0% used [0x00000000d5b80000,0x00000000d5b80000,0x00000000e8380000)
  from space 19456K, 15% used [0x00000000e9680000,0x00000000e9964450,0x00000000ea980000)
  to   space 19456K, 0% used [0x00000000e8380000,0x00000000e8380000,0x00000000e9680000)
 ParOldGen       total 82944K, used 51385K [0x0000000081200000, 0x0000000086300000, 0x00000000d5b80000)
  object space 82944K, 61% used [0x0000000081200000,0x000000008442e428,0x0000000086300000)
 Metaspace       used 50861K, capacity 54358K, committed 54488K, reserved 1095680K
  class space    used 7032K, capacity 7680K, committed 7680K, reserved 1048576K
}
Event: 15.547 GC heap before
{Heap before GC invocations=21 (full 2):
 PSYoungGen      total 322560K, used 306065K [0x00000000d5b80000, 0x00000000eab00000, 0x0000000100000000)
  eden space 303104K, 100% used [0x00000000d5b80000,0x00000000e8380000,0x00000000e8380000)
  from space 19456K, 15% used [0x00000000e9680000,0x00000000e9964450,0x00000000ea980000)
  to   space 19456K, 0% used [0x00000000e8380000,0x00000000e8380000,0x00000000e9680000)
 ParOldGen       total 82944K, used 51395K [0x0000000081200000, 0x0000000086300000, 0x00000000d5b80000)
  object space 82944K, 61% used [0x0000000081200000,0x0000000084430e08,0x0000000086300000)
 Metaspace       used 50938K, capacity 54426K, committed 54488K, reserved 1095680K
  class space    used 7034K, capacity 7680K, committed 7680K, reserved 1048576K
Event: 15.558 GC heap after
Heap after GC invocations=21 (full 2):
 PSYoungGen      total 322560K, used 4288K [0x00000000d5b80000, 0x00000000ec100000, 0x0000000100000000)
  eden space 303104K, 0% used [0x00000000d5b80000,0x00000000d5b80000,0x00000000e8380000)
  from space 19456K, 22% used [0x00000000e8380000,0x00000000e87b0238,0x00000000e9680000)
  to   space 18432K, 0% used [0x00000000eaf00000,0x00000000eaf00000,0x00000000ec100000)
 ParOldGen       total 82944K, used 51403K [0x0000000081200000, 0x0000000086300000, 0x00000000d5b80000)
  object space 82944K, 61% used [0x0000000081200000,0x0000000084432e08,0x0000000086300000)
 Metaspace       used 50938K, capacity 54426K, committed 54488K, reserved 1095680K
  class space    used 7034K, capacity 7680K, committed 7680K, reserved 1048576K
}
Event: 16.675 GC heap before
{Heap before GC invocations=22 (full 2):
 PSYoungGen      total 322560K, used 307392K [0x00000000d5b80000, 0x00000000ec100000, 0x0000000100000000)
  eden space 303104K, 100% used [0x00000000d5b80000,0x00000000e8380000,0x00000000e8380000)
  from space 19456K, 22% used [0x00000000e8380000,0x00000000e87b0238,0x00000000e9680000)
  to   space 18432K, 0% used [0x00000000eaf00000,0x00000000eaf00000,0x00000000ec100000)
 ParOldGen       total 82944K, used 51405K [0x0000000081200000, 0x0000000086300000, 0x00000000d5b80000)
  object space 82944K, 61% used [0x0000000081200000,0x00000000844334c8,0x0000000086300000)
 Metaspace       used 50939K, capacity 54426K, committed 54488K, reserved 1095680K
  class space    used 7035K, capacity 7680K, committed 7680K, reserved 1048576K
Event: 16.679 GC heap after
Heap after GC invocations=22 (full 2):
 PSYoungGen      total 339456K, used 3742K [0x00000000d5b80000, 0x00000000ebc80000, 0x0000000100000000)
  eden space 325632K, 0% used [0x00000000d5b80000,0x00000000d5b80000,0x00000000e9980000)
  from space 13824K, 27% used [0x00000000eaf00000,0x00000000eb2a7a10,0x00000000ebc80000)
  to   space 17920K, 0% used [0x00000000e9980000,0x00000000e9980000,0x00000000eab00000)
 ParOldGen       total 82944K, used 51413K [0x0000000081200000, 0x0000000086300000, 0x00000000d5b80000)
  object space 82944K, 61% used [0x0000000081200000,0x00000000844354c8,0x0000000086300000)
 Metaspace       used 50939K, capacity 54426K, committed 54488K, reserved 1095680K
  class space    used 7035K, capacity 7680K, committed 7680K, reserved 1048576K
}
Event: 24.420 GC heap before
{Heap before GC invocations=23 (full 2):
 PSYoungGen      total 339456K, used 134343K [0x00000000d5b80000, 0x00000000ebc80000, 0x0000000100000000)
  eden space 325632K, 40% used [0x00000000d5b80000,0x00000000ddb0a2c8,0x00000000e9980000)
  from space 13824K, 27% used [0x00000000eaf00000,0x00000000eb2a7a10,0x00000000ebc80000)
  to   space 17920K, 0% used [0x00000000e9980000,0x00000000e9980000,0x00000000eab00000)
 ParOldGen       total 82944K, used 51413K [0x0000000081200000, 0x0000000086300000, 0x00000000d5b80000)
  object space 82944K, 61% used [0x0000000081200000,0x00000000844354c8,0x0000000086300000)
 Metaspace       used 55118K, capacity 58814K, committed 58968K, reserved 1099776K
  class space    used 7523K, capacity 8208K, committed 8320K, reserved 1048576K
Event: 24.428 GC heap after
Heap after GC invocations=23 (full 2):
 PSYoungGen      total 343552K, used 7684K [0x00000000d5b80000, 0x00000000ecf00000, 0x0000000100000000)
  eden space 325632K, 0% used [0x00000000d5b80000,0x00000000d5b80000,0x00000000e9980000)
  from space 17920K, 42% used [0x00000000e9980000,0x00000000ea101088,0x00000000eab00000)
  to   space 17408K, 0% used [0x00000000ebe00000,0x00000000ebe00000,0x00000000ecf00000)
 ParOldGen       total 82944K, used 51421K [0x0000000081200000, 0x0000000086300000, 0x00000000d5b80000)
  object space 82944K, 61% used [0x0000000081200000,0x00000000844374c8,0x0000000086300000)
 Metaspace       used 55118K, capacity 58814K, committed 58968K, reserved 1099776K
  class space    used 7523K, capacity 8208K, committed 8320K, reserved 1048576K
}
Event: 24.428 GC heap before
{Heap before GC invocations=24 (full 3):
 PSYoungGen      total 343552K, used 7684K [0x00000000d5b80000, 0x00000000ecf00000, 0x0000000100000000)
  eden space 325632K, 0% used [0x00000000d5b80000,0x00000000d5b80000,0x00000000e9980000)
  from space 17920K, 42% used [0x00000000e9980000,0x00000000ea101088,0x00000000eab00000)
  to   space 17408K, 0% used [0x00000000ebe00000,0x00000000ebe00000,0x00000000ecf00000)
 ParOldGen       total 82944K, used 51421K [0x0000000081200000, 0x0000000086300000, 0x00000000d5b80000)
  object space 82944K, 61% used [0x0000000081200000,0x00000000844374c8,0x0000000086300000)
 Metaspace       used 55118K, capacity 58814K, committed 58968K, reserved 1099776K
  class space    used 7523K, capacity 8208K, committed 8320K, reserved 1048576K
Event: 24.572 GC heap after
Heap after GC invocations=24 (full 3):
 PSYoungGen      total 343552K, used 0K [0x00000000d5b80000, 0x00000000ecf00000, 0x0000000100000000)
  eden space 325632K, 0% used [0x00000000d5b80000,0x00000000d5b80000,0x00000000e9980000)
  from space 17920K, 0% used [0x00000000e9980000,0x00000000e9980000,0x00000000eab00000)
  to   space 17408K, 0% used [0x00000000ebe00000,0x00000000ebe00000,0x00000000ecf00000)
 ParOldGen       total 143872K, used 40000K [0x0000000081200000, 0x0000000089e80000, 0x00000000d5b80000)
  object space 143872K, 27% used [0x0000000081200000,0x0000000083910030,0x0000000089e80000)
 Metaspace       used 55109K, capacity 58784K, committed 58968K, reserved 1099776K
  class space    used 7520K, capacity 8203K, committed 8320K, reserved 1048576K
}

