# JRE version: Java(TM) SE Runtime Environment (8.0_201-b09) (build 1.8.0_201-b09)
# Java VM: Java HotSpot(TM) 64-Bit Server VM (25.201-b09 mixed mode windows-amd64 compressed oops)
Heap:
 PSYoungGen      total 345600K, used 181537K [0x00000000d5b80000, 0x00000000f1880000, 0x0000000100000000)
  eden space 328192K, 50% used [0x00000000d5b80000,0x00000000dfec0420,0x00000000e9c00000)
  from space 17408K, 82% used [0x00000000e9c00000,0x00000000eaa083b0,0x00000000ead00000)
  to   space 18432K, 0% used [0x00000000f0680000,0x00000000f0680000,0x00000000f1880000)
 ParOldGen       total 72192K, used 30015K [0x0000000081200000, 0x0000000085880000, 0x00000000d5b80000)
  object space 72192K, 41% used [0x0000000081200000,0x0000000082f4fc18,0x0000000085880000)
 Metaspace       used 54353K, capacity 57990K, committed 58240K, reserved 1099776K
  class space    used 7421K, capacity 8055K, committed 8064K, reserved 1048576K
GC Heap History (10 events):
Event: 4.870 GC heap before
{Heap before GC invocations=9 (full 1):
 PSYoungGen      total 142848K, used 142832K [0x00000000d5b80000, 0x00000000e5800000, 0x0000000100000000)
  eden space 132608K, 100% used [0x00000000d5b80000,0x00000000ddd00000,0x00000000ddd00000)
  from space 10240K, 99% used [0x00000000ddd00000,0x00000000de6fc370,0x00000000de700000)
  to   space 11776K, 0% used [0x00000000e4c80000,0x00000000e4c80000,0x00000000e5800000)
 ParOldGen       total 53248K, used 9904K [0x0000000081200000, 0x0000000084600000, 0x00000000d5b80000)
  object space 53248K, 18% used [0x0000000081200000,0x0000000081bac298,0x0000000084600000)
 Metaspace       used 31384K, capacity 33394K, committed 33664K, reserved 1079296K
  class space    used 4310K, capacity 4677K, committed 4736K, reserved 1048576K
Event: 4.881 GC heap after
Heap after GC invocations=9 (full 1):
 PSYoungGen      total 243200K, used 11750K [0x00000000d5b80000, 0x00000000e5880000, 0x0000000100000000)
  eden space 231424K, 0% used [0x00000000d5b80000,0x00000000d5b80000,0x00000000e3d80000)
  from space 11776K, 99% used [0x00000000e4c80000,0x00000000e57f9850,0x00000000e5800000)
  to   space 13824K, 0% used [0x00000000e3d80000,0x00000000e3d80000,0x00000000e4b00000)
 ParOldGen       total 53248K, used 10590K [0x0000000081200000, 0x0000000084600000, 0x00000000d5b80000)
  object space 53248K, 19% used [0x0000000081200000,0x0000000081c57aa8,0x0000000084600000)
 Metaspace       used 31384K, capacity 33394K, committed 33664K, reserved 1079296K
  class space    used 4310K, capacity 4677K, committed 4736K, reserved 1048576K
}
Event: 5.110 GC heap before
{Heap before GC invocations=10 (full 1):
 PSYoungGen      total 243200K, used 39059K [0x00000000d5b80000, 0x00000000e5880000, 0x0000000100000000)
  eden space 231424K, 11% used [0x00000000d5b80000,0x00000000d762b6b8,0x00000000e3d80000)
  from space 11776K, 99% used [0x00000000e4c80000,0x00000000e57f9850,0x00000000e5800000)
  to   space 13824K, 0% used [0x00000000e3d80000,0x00000000e3d80000,0x00000000e4b00000)
 ParOldGen       total 53248K, used 10590K [0x0000000081200000, 0x0000000084600000, 0x00000000d5b80000)
  object space 53248K, 19% used [0x0000000081200000,0x0000000081c57aa8,0x0000000084600000)
 Metaspace       used 33255K, capacity 35368K, committed 35416K, reserved 1079296K
  class space    used 4567K, capacity 4964K, committed 4992K, reserved 1048576K
Event: 5.116 GC heap after
Heap after GC invocations=10 (full 1):
 PSYoungGen      total 245248K, used 9365K [0x00000000d5b80000, 0x00000000ebe00000, 0x0000000100000000)
  eden space 231424K, 0% used [0x00000000d5b80000,0x00000000d5b80000,0x00000000e3d80000)
  from space 13824K, 67% used [0x00000000e3d80000,0x00000000e46a5590,0x00000000e4b00000)
  to   space 13824K, 0% used [0x00000000eb080000,0x00000000eb080000,0x00000000ebe00000)
 ParOldGen       total 53248K, used 10598K [0x0000000081200000, 0x0000000084600000, 0x00000000d5b80000)
  object space 53248K, 19% used [0x0000000081200000,0x0000000081c59aa8,0x0000000084600000)
 Metaspace       used 33255K, capacity 35368K, committed 35416K, reserved 1079296K
  class space    used 4567K, capacity 4964K, committed 4992K, reserved 1048576K
}
Event: 5.116 GC heap before
{Heap before GC invocations=11 (full 2):
 PSYoungGen      total 245248K, used 9365K [0x00000000d5b80000, 0x00000000ebe00000, 0x0000000100000000)
  eden space 231424K, 0% used [0x00000000d5b80000,0x00000000d5b80000,0x00000000e3d80000)
  from space 13824K, 67% used [0x00000000e3d80000,0x00000000e46a5590,0x00000000e4b00000)
  to   space 13824K, 0% used [0x00000000eb080000,0x00000000eb080000,0x00000000ebe00000)
 ParOldGen       total 53248K, used 10598K [0x0000000081200000, 0x0000000084600000, 0x00000000d5b80000)
  object space 53248K, 19% used [0x0000000081200000,0x0000000081c59aa8,0x0000000084600000)
 Metaspace       used 33255K, capacity 35368K, committed 35416K, reserved 1079296K
  class space    used 4567K, capacity 4964K, committed 4992K, reserved 1048576K
Event: 5.152 GC heap after
Heap after GC invocations=11 (full 2):
 PSYoungGen      total 245248K, used 0K [0x00000000d5b80000, 0x00000000ebe00000, 0x0000000100000000)
  eden space 231424K, 0% used [0x00000000d5b80000,0x00000000d5b80000,0x00000000e3d80000)
  from space 13824K, 0% used [0x00000000e3d80000,0x00000000e3d80000,0x00000000e4b00000)
  to   space 13824K, 0% used [0x00000000eb080000,0x00000000eb080000,0x00000000ebe00000)
 ParOldGen       total 72192K, used 15287K [0x0000000081200000, 0x0000000085880000, 0x00000000d5b80000)
  object space 72192K, 21% used [0x0000000081200000,0x00000000820ede78,0x0000000085880000)
 Metaspace       used 33255K, capacity 35368K, committed 35416K, reserved 1079296K
  class space    used 4567K, capacity 4964K, committed 4992K, reserved 1048576K
}
Event: 344.556 GC heap before
{Heap before GC invocations=12 (full 2):
 PSYoungGen      total 245248K, used 231424K [0x00000000d5b80000, 0x00000000ebe00000, 0x0000000100000000)
  eden space 231424K, 100% used [0x00000000d5b80000,0x00000000e3d80000,0x00000000e3d80000)
  from space 13824K, 0% used [0x00000000e3d80000,0x00000000e3d80000,0x00000000e4b00000)
  to   space 13824K, 0% used [0x00000000eb080000,0x00000000eb080000,0x00000000ebe00000)
 ParOldGen       total 72192K, used 15287K [0x0000000081200000, 0x0000000085880000, 0x00000000d5b80000)
  object space 72192K, 21% used [0x0000000081200000,0x00000000820ede78,0x0000000085880000)
 Metaspace       used 47255K, capacity 50592K, committed 50816K, reserved 1093632K
  class space    used 6576K, capacity 7194K, committed 7296K, reserved 1048576K
Event: 344.581 GC heap after
Heap after GC invocations=12 (full 2):
 PSYoungGen      total 330240K, used 13813K [0x00000000d5b80000, 0x00000000ebe00000, 0x0000000100000000)
  eden space 316416K, 0% used [0x00000000d5b80000,0x00000000d5b80000,0x00000000e9080000)
  from space 13824K, 99% used [0x00000000eb080000,0x00000000ebdfd5c8,0x00000000ebe00000)
  to   space 17408K, 0% used [0x00000000e9c00000,0x00000000e9c00000,0x00000000ead00000)
 ParOldGen       total 72192K, used 20619K [0x0000000081200000, 0x0000000085880000, 0x00000000d5b80000)
  object space 72192K, 28% used [0x0000000081200000,0x0000000082622d50,0x0000000085880000)
 Metaspace       used 47255K, capacity 50592K, committed 50816K, reserved 1093632K
  class space    used 6576K, capacity 7194K, committed 7296K, reserved 1048576K
}
Event: 461.535 GC heap before
{Heap before GC invocations=13 (full 2):
 PSYoungGen      total 330240K, used 330229K [0x00000000d5b80000, 0x00000000ebe00000, 0x0000000100000000)
  eden space 316416K, 100% used [0x00000000d5b80000,0x00000000e9080000,0x00000000e9080000)
  from space 13824K, 99% used [0x00000000eb080000,0x00000000ebdfd5c8,0x00000000ebe00000)
  to   space 17408K, 0% used [0x00000000e9c00000,0x00000000e9c00000,0x00000000ead00000)
 ParOldGen       total 72192K, used 20619K [0x0000000081200000, 0x0000000085880000, 0x00000000d5b80000)
  object space 72192K, 28% used [0x0000000081200000,0x0000000082622d50,0x0000000085880000)
 Metaspace       used 54300K, capacity 57914K, committed 57984K, reserved 1099776K
  class space    used 7408K, capacity 8041K, committed 8064K, reserved 1048576K
Event: 461.566 GC heap after
Heap after GC invocations=13 (full 2):
 PSYoungGen      total 345600K, used 14368K [0x00000000d5b80000, 0x00000000f1880000, 0x0000000100000000)
  eden space 328192K, 0% used [0x00000000d5b80000,0x00000000d5b80000,0x00000000e9c00000)
  from space 17408K, 82% used [0x00000000e9c00000,0x00000000eaa083b0,0x00000000ead00000)
  to   space 18432K, 0% used [0x00000000f0680000,0x00000000f0680000,0x00000000f1880000)
 ParOldGen       total 72192K, used 30015K [0x0000000081200000, 0x0000000085880000, 0x00000000d5b80000)
  object space 72192K, 41% used [0x0000000081200000,0x0000000082f4fc18,0x0000000085880000)
 Metaspace       used 54300K, capacity 57914K, committed 57984K, reserved 1099776K
  class space    used 7408K, capacity 8041K, committed 8064K, reserved 1048576K
}

