# JRE version: Java(TM) SE Runtime Environment (8.0_201-b09) (build 1.8.0_201-b09)
# Java VM: Java HotSpot(TM) 64-Bit Server VM (25.201-b09 mixed mode windows-amd64 compressed oops)
Heap:
 PSYoungGen      total 534016K, used 191044K [0x00000000d5b80000, 0x00000000f7f80000, 0x0000000100000000)
  eden space 513024K, 36% used [0x00000000d5b80000,0x00000000e135e3f0,0x00000000f5080000)
  from space 20992K, 13% used [0x00000000f6b00000,0x00000000f6db2ce0,0x00000000f7f80000)
  to   space 24064K, 0% used [0x00000000f5080000,0x00000000f5080000,0x00000000f6800000)
 ParOldGen       total 118272K, used 39800K [0x0000000081200000, 0x0000000088580000, 0x00000000d5b80000)
  object space 118272K, 33% used [0x0000000081200000,0x00000000838de168,0x0000000088580000)
 Metaspace       used 55791K, capacity 59504K, committed 59736K, reserved 1101824K
  class space    used 7636K, capacity 8283K, committed 8320K, reserved 1048576K
GC Heap History (10 events):
Event: 10.654 GC heap before
{Heap before GC invocations=13 (full 2):
 PSYoungGen      total 287232K, used 287212K [0x00000000d5b80000, 0x00000000e9280000, 0x0000000100000000)
  eden space 274944K, 100% used [0x00000000d5b80000,0x00000000e6800000,0x00000000e6800000)
  from space 12288K, 99% used [0x00000000e8680000,0x00000000e927b2d0,0x00000000e9280000)
  to   space 15360K, 0% used [0x00000000e7480000,0x00000000e7480000,0x00000000e8380000)
 ParOldGen       total 70656K, used 19153K [0x0000000081200000, 0x0000000085700000, 0x00000000d5b80000)
  object space 70656K, 27% used [0x0000000081200000,0x00000000824b4658,0x0000000085700000)
 Metaspace       used 50909K, capacity 54518K, committed 54872K, reserved 1095680K
  class space    used 7049K, capacity 7706K, committed 7808K, reserved 1048576K
Event: 10.675 GC heap after
Heap after GC invocations=13 (full 2):
 PSYoungGen      total 303104K, used 15328K [0x00000000d5b80000, 0x00000000f0500000, 0x0000000100000000)
  eden space 287744K, 0% used [0x00000000d5b80000,0x00000000d5b80000,0x00000000e7480000)
  from space 15360K, 99% used [0x00000000e7480000,0x00000000e83783f0,0x00000000e8380000)
  to   space 24576K, 0% used [0x00000000eed00000,0x00000000eed00000,0x00000000f0500000)
 ParOldGen       total 70656K, used 38334K [0x0000000081200000, 0x0000000085700000, 0x00000000d5b80000)
  object space 70656K, 54% used [0x0000000081200000,0x000000008376fbb8,0x0000000085700000)
 Metaspace       used 50909K, capacity 54518K, committed 54872K, reserved 1095680K
  class space    used 7049K, capacity 7706K, committed 7808K, reserved 1048576K
}
Event: 11.974 GC heap before
{Heap before GC invocations=14 (full 2):
 PSYoungGen      total 303104K, used 303072K [0x00000000d5b80000, 0x00000000f0500000, 0x0000000100000000)
  eden space 287744K, 100% used [0x00000000d5b80000,0x00000000e7480000,0x00000000e7480000)
  from space 15360K, 99% used [0x00000000e7480000,0x00000000e83783f0,0x00000000e8380000)
  to   space 24576K, 0% used [0x00000000eed00000,0x00000000eed00000,0x00000000f0500000)
 ParOldGen       total 70656K, used 38334K [0x0000000081200000, 0x0000000085700000, 0x00000000d5b80000)
  object space 70656K, 54% used [0x0000000081200000,0x000000008376fbb8,0x0000000085700000)
 Metaspace       used 50913K, capacity 54518K, committed 54872K, reserved 1095680K
  class space    used 7049K, capacity 7706K, committed 7808K, reserved 1048576K
Event: 11.989 GC heap after
Heap after GC invocations=14 (full 2):
 PSYoungGen      total 411136K, used 3092K [0x00000000d5b80000, 0x00000000f0e80000, 0x0000000100000000)
  eden space 386560K, 0% used [0x00000000d5b80000,0x00000000d5b80000,0x00000000ed500000)
  from space 24576K, 12% used [0x00000000eed00000,0x00000000ef005130,0x00000000f0500000)
  to   space 24576K, 0% used [0x00000000ed500000,0x00000000ed500000,0x00000000eed00000)
 ParOldGen       total 70656K, used 51638K [0x0000000081200000, 0x0000000085700000, 0x00000000d5b80000)
  object space 70656K, 73% used [0x0000000081200000,0x000000008446d800,0x0000000085700000)
 Metaspace       used 50913K, capacity 54518K, committed 54872K, reserved 1095680K
  class space    used 7049K, capacity 7706K, committed 7808K, reserved 1048576K
}
Event: 21.173 GC heap before
{Heap before GC invocations=15 (full 2):
 PSYoungGen      total 411136K, used 368929K [0x00000000d5b80000, 0x00000000f0e80000, 0x0000000100000000)
  eden space 386560K, 94% used [0x00000000d5b80000,0x00000000ec0c34f8,0x00000000ed500000)
  from space 24576K, 12% used [0x00000000eed00000,0x00000000ef005130,0x00000000f0500000)
  to   space 24576K, 0% used [0x00000000ed500000,0x00000000ed500000,0x00000000eed00000)
 ParOldGen       total 70656K, used 51638K [0x0000000081200000, 0x0000000085700000, 0x00000000d5b80000)
  object space 70656K, 73% used [0x0000000081200000,0x000000008446d800,0x0000000085700000)
 Metaspace       used 55039K, capacity 58842K, committed 58968K, reserved 1099776K
  class space    used 7534K, capacity 8234K, committed 8320K, reserved 1048576K
Event: 21.178 GC heap after
Heap after GC invocations=15 (full 2):
 PSYoungGen      total 411136K, used 5316K [0x00000000d5b80000, 0x00000000f8280000, 0x0000000100000000)
  eden space 386560K, 0% used [0x00000000d5b80000,0x00000000d5b80000,0x00000000ed500000)
  from space 24576K, 21% used [0x00000000ed500000,0x00000000eda31198,0x00000000eed00000)
  to   space 24064K, 0% used [0x00000000f6b00000,0x00000000f6b00000,0x00000000f8280000)
 ParOldGen       total 70656K, used 52221K [0x0000000081200000, 0x0000000085700000, 0x00000000d5b80000)
  object space 70656K, 73% used [0x0000000081200000,0x00000000844ff518,0x0000000085700000)
 Metaspace       used 55039K, capacity 58842K, committed 58968K, reserved 1099776K
  class space    used 7534K, capacity 8234K, committed 8320K, reserved 1048576K
}
Event: 21.179 GC heap before
{Heap before GC invocations=16 (full 3):
 PSYoungGen      total 411136K, used 5316K [0x00000000d5b80000, 0x00000000f8280000, 0x0000000100000000)
  eden space 386560K, 0% used [0x00000000d5b80000,0x00000000d5b80000,0x00000000ed500000)
  from space 24576K, 21% used [0x00000000ed500000,0x00000000eda31198,0x00000000eed00000)
  to   space 24064K, 0% used [0x00000000f6b00000,0x00000000f6b00000,0x00000000f8280000)
 ParOldGen       total 70656K, used 52221K [0x0000000081200000, 0x0000000085700000, 0x00000000d5b80000)
  object space 70656K, 73% used [0x0000000081200000,0x00000000844ff518,0x0000000085700000)
 Metaspace       used 55039K, capacity 58842K, committed 58968K, reserved 1099776K
  class space    used 7534K, capacity 8234K, committed 8320K, reserved 1048576K
Event: 21.307 GC heap after
Heap after GC invocations=16 (full 3):
 PSYoungGen      total 411136K, used 0K [0x00000000d5b80000, 0x00000000f8280000, 0x0000000100000000)
  eden space 386560K, 0% used [0x00000000d5b80000,0x00000000d5b80000,0x00000000ed500000)
  from space 24576K, 0% used [0x00000000ed500000,0x00000000ed500000,0x00000000eed00000)
  to   space 24064K, 0% used [0x00000000f6b00000,0x00000000f6b00000,0x00000000f8280000)
 ParOldGen       total 118272K, used 39792K [0x0000000081200000, 0x0000000088580000, 0x00000000d5b80000)
  object space 118272K, 33% used [0x0000000081200000,0x00000000838dc168,0x0000000088580000)
 Metaspace       used 54983K, capacity 58664K, committed 58968K, reserved 1099776K
  class space    used 7516K, capacity 8203K, committed 8320K, reserved 1048576K
}
Event: 83.779 GC heap before
{Heap before GC invocations=17 (full 3):
 PSYoungGen      total 411136K, used 386560K [0x00000000d5b80000, 0x00000000f8280000, 0x0000000100000000)
  eden space 386560K, 100% used [0x00000000d5b80000,0x00000000ed500000,0x00000000ed500000)
  from space 24576K, 0% used [0x00000000ed500000,0x00000000ed500000,0x00000000eed00000)
  to   space 24064K, 0% used [0x00000000f6b00000,0x00000000f6b00000,0x00000000f8280000)
 ParOldGen       total 118272K, used 39792K [0x0000000081200000, 0x0000000088580000, 0x00000000d5b80000)
  object space 118272K, 33% used [0x0000000081200000,0x00000000838dc168,0x0000000088580000)
 Metaspace       used 55787K, capacity 59504K, committed 59736K, reserved 1101824K
  class space    used 7636K, capacity 8283K, committed 8320K, reserved 1048576K
Event: 83.783 GC heap after
Heap after GC invocations=17 (full 3):
 PSYoungGen      total 534016K, used 2763K [0x00000000d5b80000, 0x00000000f7f80000, 0x0000000100000000)
  eden space 513024K, 0% used [0x00000000d5b80000,0x00000000d5b80000,0x00000000f5080000)
  from space 20992K, 13% used [0x00000000f6b00000,0x00000000f6db2ce0,0x00000000f7f80000)
  to   space 24064K, 0% used [0x00000000f5080000,0x00000000f5080000,0x00000000f6800000)
 ParOldGen       total 118272K, used 39800K [0x0000000081200000, 0x0000000088580000, 0x00000000d5b80000)
  object space 118272K, 33% used [0x0000000081200000,0x00000000838de168,0x0000000088580000)
 Metaspace       used 55787K, capacity 59504K, committed 59736K, reserved 1101824K
  class space    used 7636K, capacity 8283K, committed 8320K, reserved 1048576K
}

