# JRE version: Java(TM) SE Runtime Environment (8.0_201-b09) (build 1.8.0_201-b09)
# Java VM: Java HotSpot(TM) 64-Bit Server VM (25.201-b09 mixed mode windows-amd64 compressed oops)
Heap:
 PSYoungGen      total 231424K, used 118341K [0x00000000d5580000, 0x00000000ef180000, 0x0000000100000000)
  eden space 226816K, 50% used [0x00000000d5580000,0x00000000dc4aa9d8,0x00000000e3300000)
  from space 4608K, 97% used [0x00000000eed00000,0x00000000ef166aa8,0x00000000ef180000)
  to   space 26112K, 0% used [0x00000000ebe80000,0x00000000ebe80000,0x00000000ed800000)
 ParOldGen       total 87552K, used 59633K [0x0000000080000000, 0x0000000085580000, 0x00000000d5580000)
  object space 87552K, 68% used [0x0000000080000000,0x0000000083a3c720,0x0000000085580000)
 Metaspace       used 54707K, capacity 58370K, committed 58624K, reserved 1099776K
  class space    used 7454K, capacity 8111K, committed 8192K, reserved 1048576K
GC Heap History (10 events):
Event: 5.930 GC heap before
{Heap before GC invocations=8 (full 0):
 PSYoungGen      total 142848K, used 142838K [0x00000000d5580000, 0x00000000e7480000, 0x0000000100000000)
  eden space 130560K, 100% used [0x00000000d5580000,0x00000000dd500000,0x00000000dd500000)
  from space 12288K, 99% used [0x00000000dd500000,0x00000000de0fd918,0x00000000de100000)
  to   space 16384K, 0% used [0x00000000e6480000,0x00000000e6480000,0x00000000e7480000)
 ParOldGen       total 87552K, used 14045K [0x0000000080000000, 0x0000000085580000, 0x00000000d5580000)
  object space 87552K, 16% used [0x0000000080000000,0x0000000080db7528,0x0000000085580000)
 Metaspace       used 34554K, capacity 36836K, committed 36992K, reserved 1081344K
  class space    used 4747K, capacity 5186K, committed 5248K, reserved 1048576K
Event: 5.946 GC heap after
Heap after GC invocations=8 (full 0):
 PSYoungGen      total 275456K, used 15662K [0x00000000d5580000, 0x00000000e7880000, 0x0000000100000000)
  eden space 259072K, 0% used [0x00000000d5580000,0x00000000d5580000,0x00000000e5280000)
  from space 16384K, 95% used [0x00000000e6480000,0x00000000e73cbba8,0x00000000e7480000)
  to   space 18432K, 0% used [0x00000000e5280000,0x00000000e5280000,0x00000000e6480000)
 ParOldGen       total 87552K, used 15185K [0x0000000080000000, 0x0000000085580000, 0x00000000d5580000)
  object space 87552K, 17% used [0x0000000080000000,0x0000000080ed4690,0x0000000085580000)
 Metaspace       used 34554K, capacity 36836K, committed 36992K, reserved 1081344K
  class space    used 4747K, capacity 5186K, committed 5248K, reserved 1048576K
}
Event: 56.077 GC heap before
{Heap before GC invocations=9 (full 0):
 PSYoungGen      total 275456K, used 274734K [0x00000000d5580000, 0x00000000e7880000, 0x0000000100000000)
  eden space 259072K, 100% used [0x00000000d5580000,0x00000000e5280000,0x00000000e5280000)
  from space 16384K, 95% used [0x00000000e6480000,0x00000000e73cbba8,0x00000000e7480000)
  to   space 18432K, 0% used [0x00000000e5280000,0x00000000e5280000,0x00000000e6480000)
 ParOldGen       total 87552K, used 15185K [0x0000000080000000, 0x0000000085580000, 0x00000000d5580000)
  object space 87552K, 17% used [0x0000000080000000,0x0000000080ed4690,0x0000000085580000)
 Metaspace       used 51484K, capacity 54932K, committed 55040K, reserved 1097728K
  class space    used 7032K, capacity 7650K, committed 7680K, reserved 1048576K
Event: 56.096 GC heap after
Heap after GC invocations=9 (full 0):
 PSYoungGen      total 277504K, used 18400K [0x00000000d5580000, 0x00000000f1e80000, 0x0000000100000000)
  eden space 259072K, 0% used [0x00000000d5580000,0x00000000d5580000,0x00000000e5280000)
  from space 18432K, 99% used [0x00000000e5280000,0x00000000e64780e0,0x00000000e6480000)
  to   space 26624K, 0% used [0x00000000f0480000,0x00000000f0480000,0x00000000f1e80000)
 ParOldGen       total 87552K, used 29188K [0x0000000080000000, 0x0000000085580000, 0x00000000d5580000)
  object space 87552K, 33% used [0x0000000080000000,0x0000000081c81118,0x0000000085580000)
 Metaspace       used 51484K, capacity 54932K, committed 55040K, reserved 1097728K
  class space    used 7032K, capacity 7650K, committed 7680K, reserved 1048576K
}
Event: 77.648 GC heap before
{Heap before GC invocations=10 (full 0):
 PSYoungGen      total 277504K, used 277472K [0x00000000d5580000, 0x00000000f1e80000, 0x0000000100000000)
  eden space 259072K, 100% used [0x00000000d5580000,0x00000000e5280000,0x00000000e5280000)
  from space 18432K, 99% used [0x00000000e5280000,0x00000000e64780e0,0x00000000e6480000)
  to   space 26624K, 0% used [0x00000000f0480000,0x00000000f0480000,0x00000000f1e80000)
 ParOldGen       total 87552K, used 29188K [0x0000000080000000, 0x0000000085580000, 0x00000000d5580000)
  object space 87552K, 33% used [0x0000000080000000,0x0000000081c81118,0x0000000085580000)
 Metaspace       used 54430K, capacity 58064K, committed 58240K, reserved 1099776K
  class space    used 7411K, capacity 8038K, committed 8064K, reserved 1048576K
Event: 77.661 GC heap after
Heap after GC invocations=10 (full 0):
 PSYoungGen      total 266240K, used 18257K [0x00000000d5580000, 0x00000000f1680000, 0x0000000100000000)
  eden space 247808K, 0% used [0x00000000d5580000,0x00000000d5580000,0x00000000e4780000)
  from space 18432K, 99% used [0x00000000f0480000,0x00000000f16546a0,0x00000000f1680000)
  to   space 27648K, 0% used [0x00000000ee080000,0x00000000ee080000,0x00000000efb80000)
 ParOldGen       total 87552K, used 35645K [0x0000000080000000, 0x0000000085580000, 0x00000000d5580000)
  object space 87552K, 40% used [0x0000000080000000,0x00000000822cf558,0x0000000085580000)
 Metaspace       used 54430K, capacity 58064K, committed 58240K, reserved 1099776K
  class space    used 7411K, capacity 8038K, committed 8064K, reserved 1048576K
}
Event: 100.902 GC heap before
{Heap before GC invocations=11 (full 0):
 PSYoungGen      total 266240K, used 266065K [0x00000000d5580000, 0x00000000f1680000, 0x0000000100000000)
  eden space 247808K, 100% used [0x00000000d5580000,0x00000000e4780000,0x00000000e4780000)
  from space 18432K, 99% used [0x00000000f0480000,0x00000000f16546a0,0x00000000f1680000)
  to   space 27648K, 0% used [0x00000000ee080000,0x00000000ee080000,0x00000000efb80000)
 ParOldGen       total 87552K, used 35645K [0x0000000080000000, 0x0000000085580000, 0x00000000d5580000)
  object space 87552K, 40% used [0x0000000080000000,0x00000000822cf558,0x0000000085580000)
 Metaspace       used 54679K, capacity 58358K, committed 58624K, reserved 1099776K
  class space    used 7453K, capacity 8109K, committed 8192K, reserved 1048576K
Event: 100.919 GC heap after
Heap after GC invocations=11 (full 0):
 PSYoungGen      total 249856K, used 12373K [0x00000000d5580000, 0x00000000f0500000, 0x0000000100000000)
  eden space 237056K, 0% used [0x00000000d5580000,0x00000000d5580000,0x00000000e3d00000)
  from space 12800K, 96% used [0x00000000ee080000,0x00000000eec95638,0x00000000eed00000)
  to   space 24576K, 0% used [0x00000000eed00000,0x00000000eed00000,0x00000000f0500000)
 ParOldGen       total 87552K, used 50874K [0x0000000080000000, 0x0000000085580000, 0x00000000d5580000)
  object space 87552K, 58% used [0x0000000080000000,0x00000000831aebf0,0x0000000085580000)
 Metaspace       used 54679K, capacity 58358K, committed 58624K, reserved 1099776K
  class space    used 7453K, capacity 8109K, committed 8192K, reserved 1048576K
}
Event: 117.174 GC heap before
{Heap before GC invocations=12 (full 0):
 PSYoungGen      total 249856K, used 249429K [0x00000000d5580000, 0x00000000f0500000, 0x0000000100000000)
  eden space 237056K, 100% used [0x00000000d5580000,0x00000000e3d00000,0x00000000e3d00000)
  from space 12800K, 96% used [0x00000000ee080000,0x00000000eec95638,0x00000000eed00000)
  to   space 24576K, 0% used [0x00000000eed00000,0x00000000eed00000,0x00000000f0500000)
 ParOldGen       total 87552K, used 50874K [0x0000000080000000, 0x0000000085580000, 0x00000000d5580000)
  object space 87552K, 58% used [0x0000000080000000,0x00000000831aebf0,0x0000000085580000)
 Metaspace       used 54704K, capacity 58370K, committed 58624K, reserved 1099776K
  class space    used 7454K, capacity 8111K, committed 8192K, reserved 1048576K
Event: 117.183 GC heap after
Heap after GC invocations=12 (full 0):
 PSYoungGen      total 231424K, used 4506K [0x00000000d5580000, 0x00000000ef180000, 0x0000000100000000)
  eden space 226816K, 0% used [0x00000000d5580000,0x00000000d5580000,0x00000000e3300000)
  from space 4608K, 97% used [0x00000000eed00000,0x00000000ef166aa8,0x00000000ef180000)
  to   space 26112K, 0% used [0x00000000ebe80000,0x00000000ebe80000,0x00000000ed800000)
 ParOldGen       total 87552K, used 59633K [0x0000000080000000, 0x0000000085580000, 0x00000000d5580000)
  object space 87552K, 68% used [0x0000000080000000,0x0000000083a3c720,0x0000000085580000)
 Metaspace       used 54704K, capacity 58370K, committed 58624K, reserved 1099776K
  class space    used 7454K, capacity 8111K, committed 8192K, reserved 1048576K
}

