# JRE version: Java(TM) SE Runtime Environment (8.0_201-b09) (build 1.8.0_201-b09)
# Java VM: Java HotSpot(TM) 64-Bit Server VM (25.201-b09 mixed mode windows-amd64 compressed oops)
Heap:
 PSYoungGen      total 394752K, used 163675K [0x00000000d5b80000, 0x00000000f0100000, 0x0000000100000000)
  eden space 365056K, 41% used [0x00000000d5b80000,0x00000000deec05f8,0x00000000ec000000)
  from space 29696K, 43% used [0x00000000ee400000,0x00000000ef096888,0x00000000f0100000)
  to   space 33280K, 0% used [0x00000000ec000000,0x00000000ec000000,0x00000000ee080000)
 ParOldGen       total 146432K, used 49563K [0x0000000081200000, 0x000000008a100000, 0x00000000d5b80000)
  object space 146432K, 33% used [0x0000000081200000,0x0000000084266d08,0x000000008a100000)
 Metaspace       used 54531K, capacity 58219K, committed 58368K, reserved 1099776K
  class space    used 7458K, capacity 8110K, committed 8192K, reserved 1048576K
GC Heap History (10 events):
Event: 5.032 GC heap before
{Heap before GC invocations=11 (full 2):
 PSYoungGen      total 228864K, used 10028K [0x00000000d5b80000, 0x00000000e8d80000, 0x0000000100000000)
  eden space 215552K, 0% used [0x00000000d5b80000,0x00000000d5b80000,0x00000000e2e00000)
  from space 13312K, 75% used [0x00000000e2e00000,0x00000000e37cb3c8,0x00000000e3b00000)
  to   space 13824K, 0% used [0x00000000e8000000,0x00000000e8000000,0x00000000e8d80000)
 ParOldGen       total 56320K, used 10678K [0x0000000081200000, 0x0000000084900000, 0x00000000d5b80000)
  object space 56320K, 18% used [0x0000000081200000,0x0000000081c6d820,0x0000000084900000)
 Metaspace       used 33138K, capacity 35285K, committed 35416K, reserved 1079296K
  class space    used 4573K, capacity 4992K, committed 4992K, reserved 1048576K
Event: 5.063 GC heap after
Heap after GC invocations=11 (full 2):
 PSYoungGen      total 228864K, used 0K [0x00000000d5b80000, 0x00000000e8d80000, 0x0000000100000000)
  eden space 215552K, 0% used [0x00000000d5b80000,0x00000000d5b80000,0x00000000e2e00000)
  from space 13312K, 0% used [0x00000000e2e00000,0x00000000e2e00000,0x00000000e3b00000)
  to   space 13824K, 0% used [0x00000000e8000000,0x00000000e8000000,0x00000000e8d80000)
 ParOldGen       total 80384K, used 15748K [0x0000000081200000, 0x0000000086080000, 0x00000000d5b80000)
  object space 80384K, 19% used [0x0000000081200000,0x0000000082161170,0x0000000086080000)
 Metaspace       used 33138K, capacity 35285K, committed 35416K, reserved 1079296K
  class space    used 4573K, capacity 4992K, committed 4992K, reserved 1048576K
}
Event: 7.697 GC heap before
{Heap before GC invocations=12 (full 2):
 PSYoungGen      total 228864K, used 215552K [0x00000000d5b80000, 0x00000000e8d80000, 0x0000000100000000)
  eden space 215552K, 100% used [0x00000000d5b80000,0x00000000e2e00000,0x00000000e2e00000)
  from space 13312K, 0% used [0x00000000e2e00000,0x00000000e2e00000,0x00000000e3b00000)
  to   space 13824K, 0% used [0x00000000e8000000,0x00000000e8000000,0x00000000e8d80000)
 ParOldGen       total 80384K, used 15748K [0x0000000081200000, 0x0000000086080000, 0x00000000d5b80000)
  object space 80384K, 19% used [0x0000000081200000,0x0000000082161170,0x0000000086080000)
 Metaspace       used 46436K, capacity 49367K, committed 49536K, reserved 1091584K
  class space    used 6418K, capacity 6952K, committed 7040K, reserved 1048576K
Event: 7.710 GC heap after
Heap after GC invocations=12 (full 2):
 PSYoungGen      total 295936K, used 13809K [0x00000000d5b80000, 0x00000000e9780000, 0x0000000100000000)
  eden space 282112K, 0% used [0x00000000d5b80000,0x00000000d5b80000,0x00000000e6f00000)
  from space 13824K, 99% used [0x00000000e8000000,0x00000000e8d7c5f8,0x00000000e8d80000)
  to   space 17408K, 0% used [0x00000000e6f00000,0x00000000e6f00000,0x00000000e8000000)
 ParOldGen       total 80384K, used 21126K [0x0000000081200000, 0x0000000086080000, 0x00000000d5b80000)
  object space 80384K, 26% used [0x0000000081200000,0x00000000826a1b18,0x0000000086080000)
 Metaspace       used 46436K, capacity 49367K, committed 49536K, reserved 1091584K
  class space    used 6418K, capacity 6952K, committed 7040K, reserved 1048576K
}
Event: 21.308 GC heap before
{Heap before GC invocations=13 (full 2):
 PSYoungGen      total 295936K, used 295921K [0x00000000d5b80000, 0x00000000e9780000, 0x0000000100000000)
  eden space 282112K, 100% used [0x00000000d5b80000,0x00000000e6f00000,0x00000000e6f00000)
  from space 13824K, 99% used [0x00000000e8000000,0x00000000e8d7c5f8,0x00000000e8d80000)
  to   space 17408K, 0% used [0x00000000e6f00000,0x00000000e6f00000,0x00000000e8000000)
 ParOldGen       total 80384K, used 21126K [0x0000000081200000, 0x0000000086080000, 0x00000000d5b80000)
  object space 80384K, 26% used [0x0000000081200000,0x00000000826a1b18,0x0000000086080000)
 Metaspace       used 54184K, capacity 57749K, committed 57984K, reserved 1099776K
  class space    used 7398K, capacity 8029K, committed 8064K, reserved 1048576K
Event: 21.333 GC heap after
Heap after GC invocations=13 (full 2):
 PSYoungGen      total 299520K, used 17400K [0x00000000d5b80000, 0x00000000f0600000, 0x0000000100000000)
  eden space 282112K, 0% used [0x00000000d5b80000,0x00000000d5b80000,0x00000000e6f00000)
  from space 17408K, 99% used [0x00000000e6f00000,0x00000000e7ffe258,0x00000000e8000000)
  to   space 34816K, 0% used [0x00000000ee400000,0x00000000ee400000,0x00000000f0600000)
 ParOldGen       total 80384K, used 62736K [0x0000000081200000, 0x0000000086080000, 0x00000000d5b80000)
  object space 80384K, 78% used [0x0000000081200000,0x0000000084f44048,0x0000000086080000)
 Metaspace       used 54184K, capacity 57749K, committed 57984K, reserved 1099776K
  class space    used 7398K, capacity 8029K, committed 8064K, reserved 1048576K
}
Event: 21.333 GC heap before
{Heap before GC invocations=14 (full 3):
 PSYoungGen      total 299520K, used 17400K [0x00000000d5b80000, 0x00000000f0600000, 0x0000000100000000)
  eden space 282112K, 0% used [0x00000000d5b80000,0x00000000d5b80000,0x00000000e6f00000)
  from space 17408K, 99% used [0x00000000e6f00000,0x00000000e7ffe258,0x00000000e8000000)
  to   space 34816K, 0% used [0x00000000ee400000,0x00000000ee400000,0x00000000f0600000)
 ParOldGen       total 80384K, used 62736K [0x0000000081200000, 0x0000000086080000, 0x00000000d5b80000)
  object space 80384K, 78% used [0x0000000081200000,0x0000000084f44048,0x0000000086080000)
 Metaspace       used 54184K, capacity 57749K, committed 57984K, reserved 1099776K
  class space    used 7398K, capacity 8029K, committed 8064K, reserved 1048576K
Event: 21.437 GC heap after
Heap after GC invocations=14 (full 3):
 PSYoungGen      total 299520K, used 0K [0x00000000d5b80000, 0x00000000f0600000, 0x0000000100000000)
  eden space 282112K, 0% used [0x00000000d5b80000,0x00000000d5b80000,0x00000000e6f00000)
  from space 17408K, 0% used [0x00000000e6f00000,0x00000000e6f00000,0x00000000e8000000)
  to   space 34816K, 0% used [0x00000000ee400000,0x00000000ee400000,0x00000000f0600000)
 ParOldGen       total 146432K, used 49555K [0x0000000081200000, 0x000000008a100000, 0x00000000d5b80000)
  object space 146432K, 33% used [0x0000000081200000,0x0000000084264d08,0x000000008a100000)
 Metaspace       used 54184K, capacity 57749K, committed 57984K, reserved 1099776K
  class space    used 7398K, capacity 8029K, committed 8064K, reserved 1048576K
}
Event: 95.022 GC heap before
{Heap before GC invocations=15 (full 3):
 PSYoungGen      total 299520K, used 282109K [0x00000000d5b80000, 0x00000000f0600000, 0x0000000100000000)
  eden space 282112K, 99% used [0x00000000d5b80000,0x00000000e6eff550,0x00000000e6f00000)
  from space 17408K, 0% used [0x00000000e6f00000,0x00000000e6f00000,0x00000000e8000000)
  to   space 34816K, 0% used [0x00000000ee400000,0x00000000ee400000,0x00000000f0600000)
 ParOldGen       total 146432K, used 49555K [0x0000000081200000, 0x000000008a100000, 0x00000000d5b80000)
  object space 146432K, 33% used [0x0000000081200000,0x0000000084264d08,0x000000008a100000)
 Metaspace       used 54257K, capacity 57853K, committed 58112K, reserved 1099776K
  class space    used 7418K, capacity 8075K, committed 8192K, reserved 1048576K
Event: 95.027 GC heap after
Heap after GC invocations=15 (full 3):
 PSYoungGen      total 394752K, used 12890K [0x00000000d5b80000, 0x00000000f0100000, 0x0000000100000000)
  eden space 365056K, 0% used [0x00000000d5b80000,0x00000000d5b80000,0x00000000ec000000)
  from space 29696K, 43% used [0x00000000ee400000,0x00000000ef096888,0x00000000f0100000)
  to   space 33280K, 0% used [0x00000000ec000000,0x00000000ec000000,0x00000000ee080000)
 ParOldGen       total 146432K, used 49563K [0x0000000081200000, 0x000000008a100000, 0x00000000d5b80000)
  object space 146432K, 33% used [0x0000000081200000,0x0000000084266d08,0x000000008a100000)
 Metaspace       used 54257K, capacity 57853K, committed 58112K, reserved 1099776K
  class space    used 7418K, capacity 8075K, committed 8192K, reserved 1048576K
}

