# JRE version: Java(TM) SE Runtime Environment (8.0_201-b09) (build 1.8.0_201-b09)
# Java VM: Java HotSpot(TM) 64-Bit Server VM (25.201-b09 mixed mode windows-amd64 compressed oops)
Heap:
 PSYoungGen      total 367104K, used 56759K [0x00000000d5b80000, 0x00000000f0100000, 0x0000000100000000)
  eden space 349696K, 11% used [0x00000000d5b80000,0x00000000d81f4610,0x00000000eb100000)
  from space 17408K, 99% used [0x00000000ecc00000,0x00000000edcf98e0,0x00000000edd00000)
  to   space 27648K, 0% used [0x00000000eb100000,0x00000000eb100000,0x00000000ecc00000)
 ParOldGen       total 108032K, used 54939K [0x0000000081200000, 0x0000000087b80000, 0x00000000d5b80000)
  object space 108032K, 50% used [0x0000000081200000,0x00000000847a6c40,0x0000000087b80000)
 Metaspace       used 55728K, capacity 59422K, committed 59480K, reserved 1099776K
  class space    used 7620K, capacity 8270K, committed 8320K, reserved 1048576K
GC Heap History (10 events):
Event: 3.602 GC heap before
{Heap before GC invocations=11 (full 2):
 PSYoungGen      total 203776K, used 7177K [0x00000000d5b80000, 0x00000000e8c00000, 0x0000000100000000)
  eden space 190464K, 0% used [0x00000000d5b80000,0x00000000d5b80000,0x00000000e1580000)
  from space 13312K, 53% used [0x00000000e1580000,0x00000000e1c825c0,0x00000000e2280000)
  to   space 12800K, 0% used [0x00000000e7f80000,0x00000000e7f80000,0x00000000e8c00000)
 ParOldGen       total 55296K, used 12959K [0x0000000081200000, 0x0000000084800000, 0x00000000d5b80000)
  object space 55296K, 23% used [0x0000000081200000,0x0000000081ea7c60,0x0000000084800000)
 Metaspace       used 33274K, capacity 35332K, committed 35416K, reserved 1079296K
  class space    used 4575K, capacity 4958K, committed 4992K, reserved 1048576K
Event: 3.643 GC heap after
Heap after GC invocations=11 (full 2):
 PSYoungGen      total 203776K, used 0K [0x00000000d5b80000, 0x00000000e8c00000, 0x0000000100000000)
  eden space 190464K, 0% used [0x00000000d5b80000,0x00000000d5b80000,0x00000000e1580000)
  from space 13312K, 0% used [0x00000000e1580000,0x00000000e1580000,0x00000000e2280000)
  to   space 12800K, 0% used [0x00000000e7f80000,0x00000000e7f80000,0x00000000e8c00000)
 ParOldGen       total 73728K, used 14090K [0x0000000081200000, 0x0000000085a00000, 0x00000000d5b80000)
  object space 73728K, 19% used [0x0000000081200000,0x0000000081fc2b60,0x0000000085a00000)
 Metaspace       used 33274K, capacity 35332K, committed 35416K, reserved 1079296K
  class space    used 4575K, capacity 4958K, committed 4992K, reserved 1048576K
}
Event: 5.760 GC heap before
{Heap before GC invocations=12 (full 2):
 PSYoungGen      total 203776K, used 190464K [0x00000000d5b80000, 0x00000000e8c00000, 0x0000000100000000)
  eden space 190464K, 100% used [0x00000000d5b80000,0x00000000e1580000,0x00000000e1580000)
  from space 13312K, 0% used [0x00000000e1580000,0x00000000e1580000,0x00000000e2280000)
  to   space 12800K, 0% used [0x00000000e7f80000,0x00000000e7f80000,0x00000000e8c00000)
 ParOldGen       total 73728K, used 14090K [0x0000000081200000, 0x0000000085a00000, 0x00000000d5b80000)
  object space 73728K, 19% used [0x0000000081200000,0x0000000081fc2b60,0x0000000085a00000)
 Metaspace       used 44476K, capacity 47346K, committed 47704K, reserved 1089536K
  class space    used 6118K, capacity 6668K, committed 6784K, reserved 1048576K
Event: 5.771 GC heap after
Heap after GC invocations=12 (full 2):
 PSYoungGen      total 278528K, used 12768K [0x00000000d5b80000, 0x00000000e8c00000, 0x0000000100000000)
  eden space 265728K, 0% used [0x00000000d5b80000,0x00000000d5b80000,0x00000000e5f00000)
  from space 12800K, 99% used [0x00000000e7f80000,0x00000000e8bf8240,0x00000000e8c00000)
  to   space 15872K, 0% used [0x00000000e6d00000,0x00000000e6d00000,0x00000000e7c80000)
 ParOldGen       total 73728K, used 18725K [0x0000000081200000, 0x0000000085a00000, 0x00000000d5b80000)
  object space 73728K, 25% used [0x0000000081200000,0x0000000082449648,0x0000000085a00000)
 Metaspace       used 44476K, capacity 47346K, committed 47704K, reserved 1089536K
  class space    used 6118K, capacity 6668K, committed 6784K, reserved 1048576K
}
Event: 18.366 GC heap before
{Heap before GC invocations=13 (full 2):
 PSYoungGen      total 278528K, used 164734K [0x00000000d5b80000, 0x00000000e8c00000, 0x0000000100000000)
  eden space 265728K, 57% used [0x00000000d5b80000,0x00000000defe77f8,0x00000000e5f00000)
  from space 12800K, 99% used [0x00000000e7f80000,0x00000000e8bf8240,0x00000000e8c00000)
  to   space 15872K, 0% used [0x00000000e6d00000,0x00000000e6d00000,0x00000000e7c80000)
 ParOldGen       total 73728K, used 18725K [0x0000000081200000, 0x0000000085a00000, 0x00000000d5b80000)
  object space 73728K, 25% used [0x0000000081200000,0x0000000082449648,0x0000000085a00000)
 Metaspace       used 55140K, capacity 58792K, committed 58968K, reserved 1099776K
  class space    used 7526K, capacity 8193K, committed 8320K, reserved 1048576K
Event: 18.380 GC heap after
Heap after GC invocations=13 (full 2):
 PSYoungGen      total 295936K, used 15235K [0x00000000d5b80000, 0x00000000edd00000, 0x0000000100000000)
  eden space 280064K, 0% used [0x00000000d5b80000,0x00000000d5b80000,0x00000000e6d00000)
  from space 15872K, 95% used [0x00000000e6d00000,0x00000000e7be0e98,0x00000000e7c80000)
  to   space 17408K, 0% used [0x00000000ecc00000,0x00000000ecc00000,0x00000000edd00000)
 ParOldGen       total 73728K, used 26861K [0x0000000081200000, 0x0000000085a00000, 0x00000000d5b80000)
  object space 73728K, 36% used [0x0000000081200000,0x0000000082c3b708,0x0000000085a00000)
 Metaspace       used 55140K, capacity 58792K, committed 58968K, reserved 1099776K
  class space    used 7526K, capacity 8193K, committed 8320K, reserved 1048576K
}
Event: 18.380 GC heap before
{Heap before GC invocations=14 (full 3):
 PSYoungGen      total 295936K, used 15235K [0x00000000d5b80000, 0x00000000edd00000, 0x0000000100000000)
  eden space 280064K, 0% used [0x00000000d5b80000,0x00000000d5b80000,0x00000000e6d00000)
  from space 15872K, 95% used [0x00000000e6d00000,0x00000000e7be0e98,0x00000000e7c80000)
  to   space 17408K, 0% used [0x00000000ecc00000,0x00000000ecc00000,0x00000000edd00000)
 ParOldGen       total 73728K, used 26861K [0x0000000081200000, 0x0000000085a00000, 0x00000000d5b80000)
  object space 73728K, 36% used [0x0000000081200000,0x0000000082c3b708,0x0000000085a00000)
 Metaspace       used 55140K, capacity 58792K, committed 58968K, reserved 1099776K
  class space    used 7526K, capacity 8193K, committed 8320K, reserved 1048576K
Event: 18.504 GC heap after
Heap after GC invocations=14 (full 3):
 PSYoungGen      total 295936K, used 0K [0x00000000d5b80000, 0x00000000edd00000, 0x0000000100000000)
  eden space 280064K, 0% used [0x00000000d5b80000,0x00000000d5b80000,0x00000000e6d00000)
  from space 15872K, 0% used [0x00000000e6d00000,0x00000000e6d00000,0x00000000e7c80000)
  to   space 17408K, 0% used [0x00000000ecc00000,0x00000000ecc00000,0x00000000edd00000)
 ParOldGen       total 108032K, used 33303K [0x0000000081200000, 0x0000000087b80000, 0x00000000d5b80000)
  object space 108032K, 30% used [0x0000000081200000,0x0000000083285da8,0x0000000087b80000)
 Metaspace       used 55140K, capacity 58792K, committed 58968K, reserved 1099776K
  class space    used 7526K, capacity 8193K, committed 8320K, reserved 1048576K
}
Event: 35.443 GC heap before
{Heap before GC invocations=15 (full 3):
 PSYoungGen      total 295936K, used 280064K [0x00000000d5b80000, 0x00000000edd00000, 0x0000000100000000)
  eden space 280064K, 100% used [0x00000000d5b80000,0x00000000e6d00000,0x00000000e6d00000)
  from space 15872K, 0% used [0x00000000e6d00000,0x00000000e6d00000,0x00000000e7c80000)
  to   space 17408K, 0% used [0x00000000ecc00000,0x00000000ecc00000,0x00000000edd00000)
 ParOldGen       total 108032K, used 33303K [0x0000000081200000, 0x0000000087b80000, 0x00000000d5b80000)
  object space 108032K, 30% used [0x0000000081200000,0x0000000083285da8,0x0000000087b80000)
 Metaspace       used 55554K, capacity 59248K, committed 59480K, reserved 1099776K
  class space    used 7587K, capacity 8235K, committed 8320K, reserved 1048576K
Event: 35.456 GC heap after
Heap after GC invocations=15 (full 3):
 PSYoungGen      total 367104K, used 17382K [0x00000000d5b80000, 0x00000000f0100000, 0x0000000100000000)
  eden space 349696K, 0% used [0x00000000d5b80000,0x00000000d5b80000,0x00000000eb100000)
  from space 17408K, 99% used [0x00000000ecc00000,0x00000000edcf98e0,0x00000000edd00000)
  to   space 27648K, 0% used [0x00000000eb100000,0x00000000eb100000,0x00000000ecc00000)
 ParOldGen       total 108032K, used 54939K [0x0000000081200000, 0x0000000087b80000, 0x00000000d5b80000)
  object space 108032K, 50% used [0x0000000081200000,0x00000000847a6c40,0x0000000087b80000)
 Metaspace       used 55554K, capacity 59248K, committed 59480K, reserved 1099776K
  class space    used 7587K, capacity 8235K, committed 8320K, reserved 1048576K
}

