# JRE version: Java(TM) SE Runtime Environment (8.0_201-b09) (build 1.8.0_201-b09)
# Java VM: Java HotSpot(TM) 64-Bit Server VM (25.201-b09 mixed mode windows-amd64 compressed oops)
Heap:
 PSYoungGen      total 236032K, used 74618K [0x00000000d5b80000, 0x00000000e9600000, 0x0000000100000000)
  eden space 199680K, 33% used [0x00000000d5b80000,0x00000000d9d72d58,0x00000000e1e80000)
  from space 36352K, 19% used [0x00000000e1e80000,0x00000000e256bdb8,0x00000000e4200000)
  to   space 35328K, 0% used [0x00000000e7380000,0x00000000e7380000,0x00000000e9600000)
 ParOldGen       total 153600K, used 53944K [0x0000000081200000, 0x000000008a800000, 0x00000000d5b80000)
  object space 153600K, 35% used [0x0000000081200000,0x00000000846ae368,0x000000008a800000)
 Metaspace       used 54203K, capacity 57802K, committed 57984K, reserved 1099776K
  class space    used 7410K, capacity 8035K, committed 8064K, reserved 1048576K
GC Heap History (10 events):
Event: 5.690 GC heap before
{Heap before GC invocations=12 (full 2):
 PSYoungGen      total 178176K, used 10224K [0x00000000d5b80000, 0x00000000e2800000, 0x0000000100000000)
  eden space 167936K, 0% used [0x00000000d5b80000,0x00000000d5b80000,0x00000000dff80000)
  from space 10240K, 99% used [0x00000000e0b00000,0x00000000e14fc050,0x00000000e1500000)
  to   space 11776K, 0% used [0x00000000dff80000,0x00000000dff80000,0x00000000e0b00000)
 ParOldGen       total 52736K, used 13797K [0x0000000081200000, 0x0000000084580000, 0x00000000d5b80000)
  object space 52736K, 26% used [0x0000000081200000,0x0000000081f796d8,0x0000000084580000)
 Metaspace       used 33233K, capacity 35364K, committed 35416K, reserved 1079296K
  class space    used 4570K, capacity 4964K, committed 4992K, reserved 1048576K
Event: 5.731 GC heap after
Heap after GC invocations=12 (full 2):
 PSYoungGen      total 178176K, used 0K [0x00000000d5b80000, 0x00000000e2800000, 0x0000000100000000)
  eden space 167936K, 0% used [0x00000000d5b80000,0x00000000d5b80000,0x00000000dff80000)
  from space 10240K, 0% used [0x00000000e0b00000,0x00000000e0b00000,0x00000000e1500000)
  to   space 11776K, 0% used [0x00000000dff80000,0x00000000dff80000,0x00000000e0b00000)
 ParOldGen       total 79872K, used 18186K [0x0000000081200000, 0x0000000086000000, 0x00000000d5b80000)
  object space 79872K, 22% used [0x0000000081200000,0x00000000823c29d8,0x0000000086000000)
 Metaspace       used 33233K, capacity 35364K, committed 35416K, reserved 1079296K
  class space    used 4570K, capacity 4964K, committed 4992K, reserved 1048576K
}
Event: 7.956 GC heap before
{Heap before GC invocations=13 (full 2):
 PSYoungGen      total 178176K, used 167936K [0x00000000d5b80000, 0x00000000e2800000, 0x0000000100000000)
  eden space 167936K, 100% used [0x00000000d5b80000,0x00000000dff80000,0x00000000dff80000)
  from space 10240K, 0% used [0x00000000e0b00000,0x00000000e0b00000,0x00000000e1500000)
  to   space 11776K, 0% used [0x00000000dff80000,0x00000000dff80000,0x00000000e0b00000)
 ParOldGen       total 79872K, used 18186K [0x0000000081200000, 0x0000000086000000, 0x00000000d5b80000)
  object space 79872K, 22% used [0x0000000081200000,0x00000000823c29d8,0x0000000086000000)
 Metaspace       used 43168K, capacity 45986K, committed 46208K, reserved 1089536K
  class space    used 5951K, capacity 6471K, committed 6528K, reserved 1048576K
Event: 7.968 GC heap after
Heap after GC invocations=13 (full 2):
 PSYoungGen      total 179712K, used 11756K [0x00000000d5b80000, 0x00000000e5000000, 0x0000000100000000)
  eden space 167936K, 0% used [0x00000000d5b80000,0x00000000d5b80000,0x00000000dff80000)
  from space 11776K, 99% used [0x00000000dff80000,0x00000000e0afb068,0x00000000e0b00000)
  to   space 14336K, 0% used [0x00000000e4200000,0x00000000e4200000,0x00000000e5000000)
 ParOldGen       total 79872K, used 21888K [0x0000000081200000, 0x0000000086000000, 0x00000000d5b80000)
  object space 79872K, 27% used [0x0000000081200000,0x0000000082760238,0x0000000086000000)
 Metaspace       used 43168K, capacity 45986K, committed 46208K, reserved 1089536K
  class space    used 5951K, capacity 6471K, committed 6528K, reserved 1048576K
}
Event: 17.378 GC heap before
{Heap before GC invocations=14 (full 2):
 PSYoungGen      total 179712K, used 179692K [0x00000000d5b80000, 0x00000000e5000000, 0x0000000100000000)
  eden space 167936K, 100% used [0x00000000d5b80000,0x00000000dff80000,0x00000000dff80000)
  from space 11776K, 99% used [0x00000000dff80000,0x00000000e0afb068,0x00000000e0b00000)
  to   space 14336K, 0% used [0x00000000e4200000,0x00000000e4200000,0x00000000e5000000)
 ParOldGen       total 79872K, used 21888K [0x0000000081200000, 0x0000000086000000, 0x00000000d5b80000)
  object space 79872K, 27% used [0x0000000081200000,0x0000000082760238,0x0000000086000000)
 Metaspace       used 54029K, capacity 57690K, committed 57984K, reserved 1099776K
  class space    used 7369K, capacity 8023K, committed 8064K, reserved 1048576K
Event: 17.409 GC heap after
Heap after GC invocations=14 (full 2):
 PSYoungGen      total 214016K, used 14333K [0x00000000d5b80000, 0x00000000e7580000, 0x0000000100000000)
  eden space 199680K, 0% used [0x00000000d5b80000,0x00000000d5b80000,0x00000000e1e80000)
  from space 14336K, 99% used [0x00000000e4200000,0x00000000e4fff5c0,0x00000000e5000000)
  to   space 36352K, 0% used [0x00000000e1e80000,0x00000000e1e80000,0x00000000e4200000)
 ParOldGen       total 79872K, used 76979K [0x0000000081200000, 0x0000000086000000, 0x00000000d5b80000)
  object space 79872K, 96% used [0x0000000081200000,0x0000000085d2cf00,0x0000000086000000)
 Metaspace       used 54029K, capacity 57690K, committed 57984K, reserved 1099776K
  class space    used 7369K, capacity 8023K, committed 8064K, reserved 1048576K
}
Event: 17.409 GC heap before
{Heap before GC invocations=15 (full 3):
 PSYoungGen      total 214016K, used 14333K [0x00000000d5b80000, 0x00000000e7580000, 0x0000000100000000)
  eden space 199680K, 0% used [0x00000000d5b80000,0x00000000d5b80000,0x00000000e1e80000)
  from space 14336K, 99% used [0x00000000e4200000,0x00000000e4fff5c0,0x00000000e5000000)
  to   space 36352K, 0% used [0x00000000e1e80000,0x00000000e1e80000,0x00000000e4200000)
 ParOldGen       total 79872K, used 76979K [0x0000000081200000, 0x0000000086000000, 0x00000000d5b80000)
  object space 79872K, 96% used [0x0000000081200000,0x0000000085d2cf00,0x0000000086000000)
 Metaspace       used 54029K, capacity 57690K, committed 57984K, reserved 1099776K
  class space    used 7369K, capacity 8023K, committed 8064K, reserved 1048576K
Event: 17.530 GC heap after
Heap after GC invocations=15 (full 3):
 PSYoungGen      total 214016K, used 0K [0x00000000d5b80000, 0x00000000e7580000, 0x0000000100000000)
  eden space 199680K, 0% used [0x00000000d5b80000,0x00000000d5b80000,0x00000000e1e80000)
  from space 14336K, 0% used [0x00000000e4200000,0x00000000e4200000,0x00000000e5000000)
  to   space 36352K, 0% used [0x00000000e1e80000,0x00000000e1e80000,0x00000000e4200000)
 ParOldGen       total 153600K, used 53936K [0x0000000081200000, 0x000000008a800000, 0x00000000d5b80000)
  object space 153600K, 35% used [0x0000000081200000,0x00000000846ac368,0x000000008a800000)
 Metaspace       used 54029K, capacity 57690K, committed 57984K, reserved 1099776K
  class space    used 7369K, capacity 8023K, committed 8064K, reserved 1048576K
}
Event: 38.162 GC heap before
{Heap before GC invocations=16 (full 3):
 PSYoungGen      total 214016K, used 199680K [0x00000000d5b80000, 0x00000000e7580000, 0x0000000100000000)
  eden space 199680K, 100% used [0x00000000d5b80000,0x00000000e1e80000,0x00000000e1e80000)
  from space 14336K, 0% used [0x00000000e4200000,0x00000000e4200000,0x00000000e5000000)
  to   space 36352K, 0% used [0x00000000e1e80000,0x00000000e1e80000,0x00000000e4200000)
 ParOldGen       total 153600K, used 53936K [0x0000000081200000, 0x000000008a800000, 0x00000000d5b80000)
  object space 153600K, 35% used [0x0000000081200000,0x00000000846ac368,0x000000008a800000)
 Metaspace       used 54179K, capacity 57794K, committed 57984K, reserved 1099776K
  class space    used 7405K, capacity 8033K, committed 8064K, reserved 1048576K
Event: 38.165 GC heap after
Heap after GC invocations=16 (full 3):
 PSYoungGen      total 236032K, used 7087K [0x00000000d5b80000, 0x00000000e9600000, 0x0000000100000000)
  eden space 199680K, 0% used [0x00000000d5b80000,0x00000000d5b80000,0x00000000e1e80000)
  from space 36352K, 19% used [0x00000000e1e80000,0x00000000e256bdb8,0x00000000e4200000)
  to   space 35328K, 0% used [0x00000000e7380000,0x00000000e7380000,0x00000000e9600000)
 ParOldGen       total 153600K, used 53944K [0x0000000081200000, 0x000000008a800000, 0x00000000d5b80000)
  object space 153600K, 35% used [0x0000000081200000,0x00000000846ae368,0x000000008a800000)
 Metaspace       used 54179K, capacity 57794K, committed 57984K, reserved 1099776K
  class space    used 7405K, capacity 8033K, committed 8064K, reserved 1048576K
}

