# JRE version: Java(TM) SE Runtime Environment (8.0_201-b09) (build 1.8.0_201-b09)
# Java VM: Java HotSpot(TM) 64-Bit Server VM (25.201-b09 mixed mode windows-amd64 compressed oops)
Heap:
 PSYoungGen      total 437248K, used 403514K [0x00000000d5580000, 0x00000000f2680000, 0x0000000100000000)
  eden space 410624K, 91% used [0x00000000d5580000,0x00000000ec5a6bb8,0x00000000ee680000)
  from space 26624K, 99% used [0x00000000f0480000,0x00000000f1e67de0,0x00000000f1e80000)
  to   space 30720K, 0% used [0x00000000ee680000,0x00000000ee680000,0x00000000f0480000)
 ParOldGen       total 87552K, used 35247K [0x0000000080000000, 0x0000000085580000, 0x00000000d5580000)
  object space 87552K, 40% used [0x0000000080000000,0x000000008226bf38,0x0000000085580000)
 Metaspace       used 53750K, capacity 57350K, committed 57472K, reserved 1099776K
  class space    used 7337K, capacity 7979K, committed 8064K, reserved 1048576K
GC Heap History (10 events):
Event: 1.747 GC heap before
{Heap before GC invocations=6 (full 0):
 PSYoungGen      total 71680K, used 71670K [0x00000000d5580000, 0x00000000dea80000, 0x0000000100000000)
  eden space 66560K, 100% used [0x00000000d5580000,0x00000000d9680000,0x00000000d9680000)
  from space 5120K, 99% used [0x00000000d9680000,0x00000000d9b7da48,0x00000000d9b80000)
  to   space 9728K, 0% used [0x00000000de100000,0x00000000de100000,0x00000000dea80000)
 ParOldGen       total 87552K, used 7687K [0x0000000080000000, 0x0000000085580000, 0x00000000d5580000)
  object space 87552K, 8% used [0x0000000080000000,0x0000000080781e40,0x0000000085580000)
 Metaspace       used 21710K, capacity 22760K, committed 23040K, reserved 1069056K
  class space    used 2953K, capacity 3212K, committed 3328K, reserved 1048576K
Event: 1.755 GC heap after
Heap after GC invocations=6 (full 0):
 PSYoungGen      total 140288K, used 9727K [0x00000000d5580000, 0x00000000def80000, 0x0000000100000000)
  eden space 130560K, 0% used [0x00000000d5580000,0x00000000d5580000,0x00000000dd500000)
  from space 9728K, 99% used [0x00000000de100000,0x00000000dea7fcc0,0x00000000dea80000)
  to   space 12288K, 0% used [0x00000000dd500000,0x00000000dd500000,0x00000000de100000)
 ParOldGen       total 87552K, used 9429K [0x0000000080000000, 0x0000000085580000, 0x00000000d5580000)
  object space 87552K, 10% used [0x0000000080000000,0x00000000809355b8,0x0000000085580000)
 Metaspace       used 21710K, capacity 22760K, committed 23040K, reserved 1069056K
  class space    used 2953K, capacity 3212K, committed 3328K, reserved 1048576K
}
Event: 2.454 GC heap before
{Heap before GC invocations=7 (full 0):
 PSYoungGen      total 140288K, used 140287K [0x00000000d5580000, 0x00000000def80000, 0x0000000100000000)
  eden space 130560K, 100% used [0x00000000d5580000,0x00000000dd500000,0x00000000dd500000)
  from space 9728K, 99% used [0x00000000de100000,0x00000000dea7fcc0,0x00000000dea80000)
  to   space 12288K, 0% used [0x00000000dd500000,0x00000000dd500000,0x00000000de100000)
 ParOldGen       total 87552K, used 9429K [0x0000000080000000, 0x0000000085580000, 0x00000000d5580000)
  object space 87552K, 10% used [0x0000000080000000,0x00000000809355b8,0x0000000085580000)
 Metaspace       used 27242K, capacity 28716K, committed 28928K, reserved 1075200K
  class space    used 3731K, capacity 4038K, committed 4096K, reserved 1048576K
Event: 2.464 GC heap after
Heap after GC invocations=7 (full 0):
 PSYoungGen      total 142848K, used 12284K [0x00000000d5580000, 0x00000000e7480000, 0x0000000100000000)
  eden space 130560K, 0% used [0x00000000d5580000,0x00000000d5580000,0x00000000dd500000)
  from space 12288K, 99% used [0x00000000dd500000,0x00000000de0ff148,0x00000000de100000)
  to   space 16384K, 0% used [0x00000000e6480000,0x00000000e6480000,0x00000000e7480000)
 ParOldGen       total 87552K, used 13830K [0x0000000080000000, 0x0000000085580000, 0x00000000d5580000)
  object space 87552K, 15% used [0x0000000080000000,0x0000000080d81a90,0x0000000085580000)
 Metaspace       used 27242K, capacity 28716K, committed 28928K, reserved 1075200K
  class space    used 3731K, capacity 4038K, committed 4096K, reserved 1048576K
}
Event: 3.557 GC heap before
{Heap before GC invocations=8 (full 0):
 PSYoungGen      total 142848K, used 142844K [0x00000000d5580000, 0x00000000e7480000, 0x0000000100000000)
  eden space 130560K, 100% used [0x00000000d5580000,0x00000000dd500000,0x00000000dd500000)
  from space 12288K, 99% used [0x00000000dd500000,0x00000000de0ff148,0x00000000de100000)
  to   space 16384K, 0% used [0x00000000e6480000,0x00000000e6480000,0x00000000e7480000)
 ParOldGen       total 87552K, used 13830K [0x0000000080000000, 0x0000000085580000, 0x00000000d5580000)
  object space 87552K, 15% used [0x0000000080000000,0x0000000080d81a90,0x0000000085580000)
 Metaspace       used 34679K, capacity 36972K, committed 37248K, reserved 1081344K
  class space    used 4758K, capacity 5186K, committed 5248K, reserved 1048576K
Event: 3.567 GC heap after
Heap after GC invocations=8 (full 0):
 PSYoungGen      total 275456K, used 15639K [0x00000000d5580000, 0x00000000e7880000, 0x0000000100000000)
  eden space 259072K, 0% used [0x00000000d5580000,0x00000000d5580000,0x00000000e5280000)
  from space 16384K, 95% used [0x00000000e6480000,0x00000000e73c5cb0,0x00000000e7480000)
  to   space 18432K, 0% used [0x00000000e5280000,0x00000000e5280000,0x00000000e6480000)
 ParOldGen       total 87552K, used 15077K [0x0000000080000000, 0x0000000085580000, 0x00000000d5580000)
  object space 87552K, 17% used [0x0000000080000000,0x0000000080eb95b8,0x0000000085580000)
 Metaspace       used 34679K, capacity 36972K, committed 37248K, reserved 1081344K
  class space    used 4758K, capacity 5186K, committed 5248K, reserved 1048576K
}
Event: 15.578 GC heap before
{Heap before GC invocations=9 (full 0):
 PSYoungGen      total 275456K, used 274711K [0x00000000d5580000, 0x00000000e7880000, 0x0000000100000000)
  eden space 259072K, 100% used [0x00000000d5580000,0x00000000e5280000,0x00000000e5280000)
  from space 16384K, 95% used [0x00000000e6480000,0x00000000e73c5cb0,0x00000000e7480000)
  to   space 18432K, 0% used [0x00000000e5280000,0x00000000e5280000,0x00000000e6480000)
 ParOldGen       total 87552K, used 15077K [0x0000000080000000, 0x0000000085580000, 0x00000000d5580000)
  object space 87552K, 17% used [0x0000000080000000,0x0000000080eb95b8,0x0000000085580000)
 Metaspace       used 52080K, capacity 55608K, committed 55680K, reserved 1097728K
  class space    used 7128K, capacity 7758K, committed 7808K, reserved 1048576K
Event: 15.596 GC heap after
Heap after GC invocations=9 (full 0):
 PSYoungGen      total 277504K, used 18400K [0x00000000d5580000, 0x00000000f1e80000, 0x0000000100000000)
  eden space 259072K, 0% used [0x00000000d5580000,0x00000000d5580000,0x00000000e5280000)
  from space 18432K, 99% used [0x00000000e5280000,0x00000000e64780d0,0x00000000e6480000)
  to   space 26624K, 0% used [0x00000000f0480000,0x00000000f0480000,0x00000000f1e80000)
 ParOldGen       total 87552K, used 29047K [0x0000000080000000, 0x0000000085580000, 0x00000000d5580000)
  object space 87552K, 33% used [0x0000000080000000,0x0000000081c5deb0,0x0000000085580000)
 Metaspace       used 52080K, capacity 55608K, committed 55680K, reserved 1097728K
  class space    used 7128K, capacity 7758K, committed 7808K, reserved 1048576K
}
Event: 587.148 GC heap before
{Heap before GC invocations=10 (full 0):
 PSYoungGen      total 277504K, used 277472K [0x00000000d5580000, 0x00000000f1e80000, 0x0000000100000000)
  eden space 259072K, 100% used [0x00000000d5580000,0x00000000e5280000,0x00000000e5280000)
  from space 18432K, 99% used [0x00000000e5280000,0x00000000e64780d0,0x00000000e6480000)
  to   space 26624K, 0% used [0x00000000f0480000,0x00000000f0480000,0x00000000f1e80000)
 ParOldGen       total 87552K, used 29047K [0x0000000080000000, 0x0000000085580000, 0x00000000d5580000)
  object space 87552K, 33% used [0x0000000080000000,0x0000000081c5deb0,0x0000000085580000)
 Metaspace       used 53727K, capacity 57350K, committed 57472K, reserved 1099776K
  class space    used 7337K, capacity 7979K, committed 8064K, reserved 1048576K
Event: 587.165 GC heap after
Heap after GC invocations=10 (full 0):
 PSYoungGen      total 437248K, used 26527K [0x00000000d5580000, 0x00000000f2680000, 0x0000000100000000)
  eden space 410624K, 0% used [0x00000000d5580000,0x00000000d5580000,0x00000000ee680000)
  from space 26624K, 99% used [0x00000000f0480000,0x00000000f1e67de0,0x00000000f1e80000)
  to   space 30720K, 0% used [0x00000000ee680000,0x00000000ee680000,0x00000000f0480000)
 ParOldGen       total 87552K, used 35247K [0x0000000080000000, 0x0000000085580000, 0x00000000d5580000)
  object space 87552K, 40% used [0x0000000080000000,0x000000008226bf38,0x0000000085580000)
 Metaspace       used 53727K, capacity 57350K, committed 57472K, reserved 1099776K
  class space    used 7337K, capacity 7979K, committed 8064K, reserved 1048576K
}

