# JRE version: Java(TM) SE Runtime Environment (8.0_201-b09) (build 1.8.0_201-b09)
# Java VM: Java HotSpot(TM) 64-Bit Server VM (25.201-b09 mixed mode windows-amd64 compressed oops)
Heap:
 PSYoungGen      total 238080K, used 132540K [0x00000000d5b80000, 0x00000000e5c00000, 0x0000000100000000)
  eden space 224768K, 58% used [0x00000000d5b80000,0x00000000ddcef2f8,0x00000000e3700000)
  from space 13312K, 0% used [0x00000000e4b80000,0x00000000e4b80000,0x00000000e5880000)
  to   space 18944K, 0% used [0x00000000e3700000,0x00000000e3700000,0x00000000e4980000)
 ParOldGen       total 112640K, used 34014K [0x0000000081200000, 0x0000000088000000, 0x00000000d5b80000)
  object space 112640K, 30% used [0x0000000081200000,0x0000000083337a10,0x0000000088000000)
 Metaspace       used 55548K, capacity 59258K, committed 59480K, reserved 1099776K
  class space    used 7599K, capacity 8248K, committed 8320K, reserved 1048576K
GC Heap History (10 events):
Event: 6.485 GC heap before
{Heap before GC invocations=11 (full 1):
 PSYoungGen      total 128512K, used 78672K [0x00000000d5b80000, 0x00000000e1c00000, 0x0000000100000000)
  eden space 120320K, 58% used [0x00000000d5b80000,0x00000000da055010,0x00000000dd100000)
  from space 8192K, 99% used [0x00000000dd100000,0x00000000dd8ff2f8,0x00000000dd900000)
  to   space 10752K, 0% used [0x00000000e1180000,0x00000000e1180000,0x00000000e1c00000)
 ParOldGen       total 49152K, used 11299K [0x0000000081200000, 0x0000000084200000, 0x00000000d5b80000)
  object space 49152K, 22% used [0x0000000081200000,0x0000000081d08dc8,0x0000000084200000)
 Metaspace       used 33258K, capacity 35338K, committed 35416K, reserved 1079296K
  class space    used 4582K, capacity 4959K, committed 4992K, reserved 1048576K
Event: 6.492 GC heap after
Heap after GC invocations=11 (full 1):
 PSYoungGen      total 185344K, used 7979K [0x00000000d5b80000, 0x00000000e1b80000, 0x0000000100000000)
  eden space 175104K, 0% used [0x00000000d5b80000,0x00000000d5b80000,0x00000000e0680000)
  from space 10240K, 77% used [0x00000000e1180000,0x00000000e194aea8,0x00000000e1b80000)
  to   space 10752K, 0% used [0x00000000e0680000,0x00000000e0680000,0x00000000e1100000)
 ParOldGen       total 49152K, used 13963K [0x0000000081200000, 0x0000000084200000, 0x00000000d5b80000)
  object space 49152K, 28% used [0x0000000081200000,0x0000000081fa2c50,0x0000000084200000)
 Metaspace       used 33258K, capacity 35338K, committed 35416K, reserved 1079296K
  class space    used 4582K, capacity 4959K, committed 4992K, reserved 1048576K
}
Event: 6.492 GC heap before
{Heap before GC invocations=12 (full 2):
 PSYoungGen      total 185344K, used 7979K [0x00000000d5b80000, 0x00000000e1b80000, 0x0000000100000000)
  eden space 175104K, 0% used [0x00000000d5b80000,0x00000000d5b80000,0x00000000e0680000)
  from space 10240K, 77% used [0x00000000e1180000,0x00000000e194aea8,0x00000000e1b80000)
  to   space 10752K, 0% used [0x00000000e0680000,0x00000000e0680000,0x00000000e1100000)
 ParOldGen       total 49152K, used 13963K [0x0000000081200000, 0x0000000084200000, 0x00000000d5b80000)
  object space 49152K, 28% used [0x0000000081200000,0x0000000081fa2c50,0x0000000084200000)
 Metaspace       used 33258K, capacity 35338K, committed 35416K, reserved 1079296K
  class space    used 4582K, capacity 4959K, committed 4992K, reserved 1048576K
Event: 6.541 GC heap after
Heap after GC invocations=12 (full 2):
 PSYoungGen      total 185344K, used 0K [0x00000000d5b80000, 0x00000000e1b80000, 0x0000000100000000)
  eden space 175104K, 0% used [0x00000000d5b80000,0x00000000d5b80000,0x00000000e0680000)
  from space 10240K, 0% used [0x00000000e1180000,0x00000000e1180000,0x00000000e1b80000)
  to   space 10752K, 0% used [0x00000000e0680000,0x00000000e0680000,0x00000000e1100000)
 ParOldGen       total 75264K, used 16214K [0x0000000081200000, 0x0000000085b80000, 0x00000000d5b80000)
  object space 75264K, 21% used [0x0000000081200000,0x00000000821d5828,0x0000000085b80000)
 Metaspace       used 33258K, capacity 35338K, committed 35416K, reserved 1079296K
  class space    used 4582K, capacity 4959K, committed 4992K, reserved 1048576K
}
Event: 8.927 GC heap before
{Heap before GC invocations=13 (full 2):
 PSYoungGen      total 185344K, used 175104K [0x00000000d5b80000, 0x00000000e1b80000, 0x0000000100000000)
  eden space 175104K, 100% used [0x00000000d5b80000,0x00000000e0680000,0x00000000e0680000)
  from space 10240K, 0% used [0x00000000e1180000,0x00000000e1180000,0x00000000e1b80000)
  to   space 10752K, 0% used [0x00000000e0680000,0x00000000e0680000,0x00000000e1100000)
 ParOldGen       total 75264K, used 16214K [0x0000000081200000, 0x0000000085b80000, 0x00000000d5b80000)
  object space 75264K, 21% used [0x0000000081200000,0x00000000821d5828,0x0000000085b80000)
 Metaspace       used 43537K, capacity 46402K, committed 46552K, reserved 1089536K
  class space    used 5995K, capacity 6532K, committed 6656K, reserved 1048576K
Event: 8.939 GC heap after
Heap after GC invocations=13 (full 2):
 PSYoungGen      total 185856K, used 10731K [0x00000000d5b80000, 0x00000000e5880000, 0x0000000100000000)
  eden space 175104K, 0% used [0x00000000d5b80000,0x00000000d5b80000,0x00000000e0680000)
  from space 10752K, 99% used [0x00000000e0680000,0x00000000e10fac40,0x00000000e1100000)
  to   space 13312K, 0% used [0x00000000e4b80000,0x00000000e4b80000,0x00000000e5880000)
 ParOldGen       total 75264K, used 21236K [0x0000000081200000, 0x0000000085b80000, 0x00000000d5b80000)
  object space 75264K, 28% used [0x0000000081200000,0x00000000826bd240,0x0000000085b80000)
 Metaspace       used 43537K, capacity 46402K, committed 46552K, reserved 1089536K
  class space    used 5995K, capacity 6532K, committed 6656K, reserved 1048576K
}
Event: 71.915 GC heap before
{Heap before GC invocations=14 (full 2):
 PSYoungGen      total 185856K, used 165478K [0x00000000d5b80000, 0x00000000e5880000, 0x0000000100000000)
  eden space 175104K, 88% used [0x00000000d5b80000,0x00000000df29eeb0,0x00000000e0680000)
  from space 10752K, 99% used [0x00000000e0680000,0x00000000e10fac40,0x00000000e1100000)
  to   space 13312K, 0% used [0x00000000e4b80000,0x00000000e4b80000,0x00000000e5880000)
 ParOldGen       total 75264K, used 21236K [0x0000000081200000, 0x0000000085b80000, 0x00000000d5b80000)
  object space 75264K, 28% used [0x0000000081200000,0x00000000826bd240,0x0000000085b80000)
 Metaspace       used 55088K, capacity 58766K, committed 58968K, reserved 1099776K
  class space    used 7533K, capacity 8200K, committed 8320K, reserved 1048576K
Event: 71.933 GC heap after
Heap after GC invocations=14 (full 2):
 PSYoungGen      total 238080K, used 13297K [0x00000000d5b80000, 0x00000000e5c00000, 0x0000000100000000)
  eden space 224768K, 0% used [0x00000000d5b80000,0x00000000d5b80000,0x00000000e3700000)
  from space 13312K, 99% used [0x00000000e4b80000,0x00000000e587c4d8,0x00000000e5880000)
  to   space 18944K, 0% used [0x00000000e3700000,0x00000000e3700000,0x00000000e4980000)
 ParOldGen       total 75264K, used 31959K [0x0000000081200000, 0x0000000085b80000, 0x00000000d5b80000)
  object space 75264K, 42% used [0x0000000081200000,0x0000000083135ee0,0x0000000085b80000)
 Metaspace       used 55088K, capacity 58766K, committed 58968K, reserved 1099776K
  class space    used 7533K, capacity 8200K, committed 8320K, reserved 1048576K
}
Event: 71.933 GC heap before
{Heap before GC invocations=15 (full 3):
 PSYoungGen      total 238080K, used 13297K [0x00000000d5b80000, 0x00000000e5c00000, 0x0000000100000000)
  eden space 224768K, 0% used [0x00000000d5b80000,0x00000000d5b80000,0x00000000e3700000)
  from space 13312K, 99% used [0x00000000e4b80000,0x00000000e587c4d8,0x00000000e5880000)
  to   space 18944K, 0% used [0x00000000e3700000,0x00000000e3700000,0x00000000e4980000)
 ParOldGen       total 75264K, used 31959K [0x0000000081200000, 0x0000000085b80000, 0x00000000d5b80000)
  object space 75264K, 42% used [0x0000000081200000,0x0000000083135ee0,0x0000000085b80000)
 Metaspace       used 55088K, capacity 58766K, committed 58968K, reserved 1099776K
  class space    used 7533K, capacity 8200K, committed 8320K, reserved 1048576K
Event: 72.065 GC heap after
Heap after GC invocations=15 (full 3):
 PSYoungGen      total 238080K, used 0K [0x00000000d5b80000, 0x00000000e5c00000, 0x0000000100000000)
  eden space 224768K, 0% used [0x00000000d5b80000,0x00000000d5b80000,0x00000000e3700000)
  from space 13312K, 0% used [0x00000000e4b80000,0x00000000e4b80000,0x00000000e5880000)
  to   space 18944K, 0% used [0x00000000e3700000,0x00000000e3700000,0x00000000e4980000)
 ParOldGen       total 112640K, used 34014K [0x0000000081200000, 0x0000000088000000, 0x00000000d5b80000)
  object space 112640K, 30% used [0x0000000081200000,0x0000000083337a10,0x0000000088000000)
 Metaspace       used 55088K, capacity 58766K, committed 58968K, reserved 1099776K
  class space    used 7533K, capacity 8200K, committed 8320K, reserved 1048576K
}

