# JRE version: Java(TM) SE Runtime Environment (8.0_201-b09) (build 1.8.0_201-b09)
# Java VM: Java HotSpot(TM) 64-Bit Server VM (25.201-b09 mixed mode windows-amd64 compressed oops)
Heap:
 PSYoungGen      total 295424K, used 192529K [0x00000000d5b80000, 0x00000000e9980000, 0x0000000100000000)
  eden space 282624K, 66% used [0x00000000d5b80000,0x00000000e13cfbf0,0x00000000e6f80000)
  from space 12800K, 29% used [0x00000000e8d00000,0x00000000e90b4ba0,0x00000000e9980000)
  to   space 21504K, 0% used [0x00000000e6f80000,0x00000000e6f80000,0x00000000e8480000)
 ParOldGen       total 111616K, used 48089K [0x0000000081200000, 0x0000000087f00000, 0x00000000d5b80000)
  object space 111616K, 43% used [0x0000000081200000,0x00000000840f67e8,0x0000000087f00000)
 Metaspace       used 55739K, capacity 59494K, committed 59736K, reserved 1101824K
  class space    used 7639K, capacity 8294K, committed 8320K, reserved 1048576K
GC Heap History (10 events):
Event: 9.532 GC heap before
{Heap before GC invocations=13 (full 2):
 PSYoungGen      total 186368K, used 175616K [0x00000000d5b80000, 0x00000000e1d80000, 0x0000000100000000)
  eden space 175616K, 100% used [0x00000000d5b80000,0x00000000e0700000,0x00000000e0700000)
  from space 10752K, 0% used [0x00000000e1180000,0x00000000e1180000,0x00000000e1c00000)
  to   space 10752K, 0% used [0x00000000e0700000,0x00000000e0700000,0x00000000e1180000)
 ParOldGen       total 75264K, used 16160K [0x0000000081200000, 0x0000000085b80000, 0x00000000d5b80000)
  object space 75264K, 21% used [0x0000000081200000,0x00000000821c8258,0x0000000085b80000)
 Metaspace       used 43511K, capacity 46434K, committed 46552K, reserved 1089536K
  class space    used 5996K, capacity 6538K, committed 6656K, reserved 1048576K
Event: 9.546 GC heap after
Heap after GC invocations=13 (full 2):
 PSYoungGen      total 186368K, used 10749K [0x00000000d5b80000, 0x00000000e5800000, 0x0000000100000000)
  eden space 175616K, 0% used [0x00000000d5b80000,0x00000000d5b80000,0x00000000e0700000)
  from space 10752K, 99% used [0x00000000e0700000,0x00000000e117f5e0,0x00000000e1180000)
  to   space 13312K, 0% used [0x00000000e4b00000,0x00000000e4b00000,0x00000000e5800000)
 ParOldGen       total 75264K, used 21107K [0x0000000081200000, 0x0000000085b80000, 0x00000000d5b80000)
  object space 75264K, 28% used [0x0000000081200000,0x000000008269cd50,0x0000000085b80000)
 Metaspace       used 43511K, capacity 46434K, committed 46552K, reserved 1089536K
  class space    used 5996K, capacity 6538K, committed 6656K, reserved 1048576K
}
Event: 1096.132 GC heap before
{Heap before GC invocations=14 (full 2):
 PSYoungGen      total 186368K, used 180670K [0x00000000d5b80000, 0x00000000e5800000, 0x0000000100000000)
  eden space 175616K, 96% used [0x00000000d5b80000,0x00000000e0170410,0x00000000e0700000)
  from space 10752K, 99% used [0x00000000e0700000,0x00000000e117f5e0,0x00000000e1180000)
  to   space 13312K, 0% used [0x00000000e4b00000,0x00000000e4b00000,0x00000000e5800000)
 ParOldGen       total 75264K, used 21107K [0x0000000081200000, 0x0000000085b80000, 0x00000000d5b80000)
  object space 75264K, 28% used [0x0000000081200000,0x000000008269cd50,0x0000000085b80000)
 Metaspace       used 55108K, capacity 58816K, committed 58968K, reserved 1099776K
  class space    used 7539K, capacity 8209K, committed 8320K, reserved 1048576K
Event: 1096.149 GC heap after
Heap after GC invocations=14 (full 2):
 PSYoungGen      total 238080K, used 13286K [0x00000000d5b80000, 0x00000000e5b00000, 0x0000000100000000)
  eden space 224768K, 0% used [0x00000000d5b80000,0x00000000d5b80000,0x00000000e3700000)
  from space 13312K, 99% used [0x00000000e4b00000,0x00000000e57f9ad0,0x00000000e5800000)
  to   space 18432K, 0% used [0x00000000e3700000,0x00000000e3700000,0x00000000e4900000)
 ParOldGen       total 75264K, used 30890K [0x0000000081200000, 0x0000000085b80000, 0x00000000d5b80000)
  object space 75264K, 41% used [0x0000000081200000,0x000000008302aa98,0x0000000085b80000)
 Metaspace       used 55108K, capacity 58816K, committed 58968K, reserved 1099776K
  class space    used 7539K, capacity 8209K, committed 8320K, reserved 1048576K
}
Event: 1096.149 GC heap before
{Heap before GC invocations=15 (full 3):
 PSYoungGen      total 238080K, used 13286K [0x00000000d5b80000, 0x00000000e5b00000, 0x0000000100000000)
  eden space 224768K, 0% used [0x00000000d5b80000,0x00000000d5b80000,0x00000000e3700000)
  from space 13312K, 99% used [0x00000000e4b00000,0x00000000e57f9ad0,0x00000000e5800000)
  to   space 18432K, 0% used [0x00000000e3700000,0x00000000e3700000,0x00000000e4900000)
 ParOldGen       total 75264K, used 30890K [0x0000000081200000, 0x0000000085b80000, 0x00000000d5b80000)
  object space 75264K, 41% used [0x0000000081200000,0x000000008302aa98,0x0000000085b80000)
 Metaspace       used 55108K, capacity 58816K, committed 58968K, reserved 1099776K
  class space    used 7539K, capacity 8209K, committed 8320K, reserved 1048576K
Event: 1096.273 GC heap after
Heap after GC invocations=15 (full 3):
 PSYoungGen      total 238080K, used 0K [0x00000000d5b80000, 0x00000000e5b00000, 0x0000000100000000)
  eden space 224768K, 0% used [0x00000000d5b80000,0x00000000d5b80000,0x00000000e3700000)
  from space 13312K, 0% used [0x00000000e4b00000,0x00000000e4b00000,0x00000000e5800000)
  to   space 18432K, 0% used [0x00000000e3700000,0x00000000e3700000,0x00000000e4900000)
 ParOldGen       total 111616K, used 34051K [0x0000000081200000, 0x0000000087f00000, 0x00000000d5b80000)
  object space 111616K, 30% used [0x0000000081200000,0x0000000083340d58,0x0000000087f00000)
 Metaspace       used 55108K, capacity 58816K, committed 58968K, reserved 1099776K
  class space    used 7539K, capacity 8209K, committed 8320K, reserved 1048576K
}
Event: 1138.761 GC heap before
{Heap before GC invocations=16 (full 3):
 PSYoungGen      total 238080K, used 224617K [0x00000000d5b80000, 0x00000000e5b00000, 0x0000000100000000)
  eden space 224768K, 99% used [0x00000000d5b80000,0x00000000e36da7f0,0x00000000e3700000)
  from space 13312K, 0% used [0x00000000e4b00000,0x00000000e4b00000,0x00000000e5800000)
  to   space 18432K, 0% used [0x00000000e3700000,0x00000000e3700000,0x00000000e4900000)
 ParOldGen       total 111616K, used 34051K [0x0000000081200000, 0x0000000087f00000, 0x00000000d5b80000)
  object space 111616K, 30% used [0x0000000081200000,0x0000000083340d58,0x0000000087f00000)
 Metaspace       used 55727K, capacity 59482K, committed 59736K, reserved 1101824K
  class space    used 7638K, capacity 8292K, committed 8320K, reserved 1048576K
Event: 1138.769 GC heap after
Heap after GC invocations=16 (full 3):
 PSYoungGen      total 243200K, used 18405K [0x00000000d5b80000, 0x00000000ea200000, 0x0000000100000000)
  eden space 224768K, 0% used [0x00000000d5b80000,0x00000000d5b80000,0x00000000e3700000)
  from space 18432K, 99% used [0x00000000e3700000,0x00000000e48f9598,0x00000000e4900000)
  to   space 21504K, 0% used [0x00000000e8d00000,0x00000000e8d00000,0x00000000ea200000)
 ParOldGen       total 111616K, used 35554K [0x0000000081200000, 0x0000000087f00000, 0x00000000d5b80000)
  object space 111616K, 31% used [0x0000000081200000,0x00000000834b8848,0x0000000087f00000)
 Metaspace       used 55727K, capacity 59482K, committed 59736K, reserved 1101824K
  class space    used 7638K, capacity 8292K, committed 8320K, reserved 1048576K
}
Event: 1145.146 GC heap before
{Heap before GC invocations=17 (full 3):
 PSYoungGen      total 243200K, used 243173K [0x00000000d5b80000, 0x00000000ea200000, 0x0000000100000000)
  eden space 224768K, 100% used [0x00000000d5b80000,0x00000000e3700000,0x00000000e3700000)
  from space 18432K, 99% used [0x00000000e3700000,0x00000000e48f9598,0x00000000e4900000)
  to   space 21504K, 0% used [0x00000000e8d00000,0x00000000e8d00000,0x00000000ea200000)
 ParOldGen       total 111616K, used 35554K [0x0000000081200000, 0x0000000087f00000, 0x00000000d5b80000)
  object space 111616K, 31% used [0x0000000081200000,0x00000000834b8848,0x0000000087f00000)
 Metaspace       used 55728K, capacity 59482K, committed 59736K, reserved 1101824K
  class space    used 7638K, capacity 8292K, committed 8320K, reserved 1048576K
Event: 1145.153 GC heap after
Heap after GC invocations=17 (full 3):
 PSYoungGen      total 295424K, used 3794K [0x00000000d5b80000, 0x00000000e9980000, 0x0000000100000000)
  eden space 282624K, 0% used [0x00000000d5b80000,0x00000000d5b80000,0x00000000e6f80000)
  from space 12800K, 29% used [0x00000000e8d00000,0x00000000e90b4ba0,0x00000000e9980000)
  to   space 21504K, 0% used [0x00000000e6f80000,0x00000000e6f80000,0x00000000e8480000)
 ParOldGen       total 111616K, used 48089K [0x0000000081200000, 0x0000000087f00000, 0x00000000d5b80000)
  object space 111616K, 43% used [0x0000000081200000,0x00000000840f67e8,0x0000000087f00000)
 Metaspace       used 55728K, capacity 59482K, committed 59736K, reserved 1101824K
  class space    used 7638K, capacity 8292K, committed 8320K, reserved 1048576K
}

