# JRE version: Java(TM) SE Runtime Environment (8.0_201-b09) (build 1.8.0_201-b09)
# Java VM: Java HotSpot(TM) 64-Bit Server VM (25.201-b09 mixed mode windows-amd64 compressed oops)
Heap:
 PSYoungGen      total 274432K, used 68487K [0x00000000d5580000, 0x00000000f1e80000, 0x0000000100000000)
  eden space 247808K, 16% used [0x00000000d5580000,0x00000000d7e66108,0x00000000e4780000)
  from space 26624K, 99% used [0x00000000f0480000,0x00000000f1e7bd30,0x00000000f1e80000)
  to   space 34304K, 0% used [0x00000000edb80000,0x00000000edb80000,0x00000000efd00000)
 ParOldGen       total 87552K, used 38290K [0x0000000080000000, 0x0000000085580000, 0x00000000d5580000)
  object space 87552K, 43% used [0x0000000080000000,0x0000000082564b18,0x0000000085580000)
 Metaspace       used 53644K, capacity 57218K, committed 57472K, reserved 1099776K
  class space    used 7338K, capacity 7983K, committed 8064K, reserved 1048576K
GC Heap History (10 events):
Event: 2.807 GC heap before
{Heap before GC invocations=6 (full 0):
 PSYoungGen      total 71680K, used 71651K [0x00000000d5580000, 0x00000000dea80000, 0x0000000100000000)
  eden space 66560K, 100% used [0x00000000d5580000,0x00000000d9680000,0x00000000d9680000)
  from space 5120K, 99% used [0x00000000d9680000,0x00000000d9b78f60,0x00000000d9b80000)
  to   space 9728K, 0% used [0x00000000de100000,0x00000000de100000,0x00000000dea80000)
 ParOldGen       total 87552K, used 7679K [0x0000000080000000, 0x0000000085580000, 0x00000000d5580000)
  object space 87552K, 8% used [0x0000000080000000,0x000000008077ff98,0x0000000085580000)
 Metaspace       used 21675K, capacity 22752K, committed 23040K, reserved 1069056K
  class space    used 2955K, capacity 3212K, committed 3328K, reserved 1048576K
Event: 2.815 GC heap after
Heap after GC invocations=6 (full 0):
 PSYoungGen      total 140288K, used 9700K [0x00000000d5580000, 0x00000000def80000, 0x0000000100000000)
  eden space 130560K, 0% used [0x00000000d5580000,0x00000000d5580000,0x00000000dd500000)
  from space 9728K, 99% used [0x00000000de100000,0x00000000dea791a8,0x00000000dea80000)
  to   space 12288K, 0% used [0x00000000dd500000,0x00000000dd500000,0x00000000de100000)
 ParOldGen       total 87552K, used 9420K [0x0000000080000000, 0x0000000085580000, 0x00000000d5580000)
  object space 87552K, 10% used [0x0000000080000000,0x0000000080933218,0x0000000085580000)
 Metaspace       used 21675K, capacity 22752K, committed 23040K, reserved 1069056K
  class space    used 2955K, capacity 3212K, committed 3328K, reserved 1048576K
}
Event: 4.175 GC heap before
{Heap before GC invocations=7 (full 0):
 PSYoungGen      total 140288K, used 140260K [0x00000000d5580000, 0x00000000def80000, 0x0000000100000000)
  eden space 130560K, 100% used [0x00000000d5580000,0x00000000dd500000,0x00000000dd500000)
  from space 9728K, 99% used [0x00000000de100000,0x00000000dea791a8,0x00000000dea80000)
  to   space 12288K, 0% used [0x00000000dd500000,0x00000000dd500000,0x00000000de100000)
 ParOldGen       total 87552K, used 9420K [0x0000000080000000, 0x0000000085580000, 0x00000000d5580000)
  object space 87552K, 10% used [0x0000000080000000,0x0000000080933218,0x0000000085580000)
 Metaspace       used 27189K, capacity 28648K, committed 28928K, reserved 1075200K
  class space    used 3732K, capacity 4038K, committed 4096K, reserved 1048576K
Event: 4.191 GC heap after
Heap after GC invocations=7 (full 0):
 PSYoungGen      total 142848K, used 12273K [0x00000000d5580000, 0x00000000e7480000, 0x0000000100000000)
  eden space 130560K, 0% used [0x00000000d5580000,0x00000000d5580000,0x00000000dd500000)
  from space 12288K, 99% used [0x00000000dd500000,0x00000000de0fc6f0,0x00000000de100000)
  to   space 16384K, 0% used [0x00000000e6480000,0x00000000e6480000,0x00000000e7480000)
 ParOldGen       total 87552K, used 13647K [0x0000000080000000, 0x0000000085580000, 0x00000000d5580000)
  object space 87552K, 15% used [0x0000000080000000,0x0000000080d53e98,0x0000000085580000)
 Metaspace       used 27189K, capacity 28648K, committed 28928K, reserved 1075200K
  class space    used 3732K, capacity 4038K, committed 4096K, reserved 1048576K
}
Event: 5.984 GC heap before
{Heap before GC invocations=8 (full 0):
 PSYoungGen      total 142848K, used 142833K [0x00000000d5580000, 0x00000000e7480000, 0x0000000100000000)
  eden space 130560K, 100% used [0x00000000d5580000,0x00000000dd500000,0x00000000dd500000)
  from space 12288K, 99% used [0x00000000dd500000,0x00000000de0fc6f0,0x00000000de100000)
  to   space 16384K, 0% used [0x00000000e6480000,0x00000000e6480000,0x00000000e7480000)
 ParOldGen       total 87552K, used 13647K [0x0000000080000000, 0x0000000085580000, 0x00000000d5580000)
  object space 87552K, 15% used [0x0000000080000000,0x0000000080d53e98,0x0000000085580000)
 Metaspace       used 34619K, capacity 36836K, committed 36992K, reserved 1081344K
  class space    used 4759K, capacity 5186K, committed 5248K, reserved 1048576K
Event: 5.997 GC heap after
Heap after GC invocations=8 (full 0):
 PSYoungGen      total 275456K, used 15612K [0x00000000d5580000, 0x00000000e7880000, 0x0000000100000000)
  eden space 259072K, 0% used [0x00000000d5580000,0x00000000d5580000,0x00000000e5280000)
  from space 16384K, 95% used [0x00000000e6480000,0x00000000e73bf320,0x00000000e7480000)
  to   space 18432K, 0% used [0x00000000e5280000,0x00000000e5280000,0x00000000e6480000)
 ParOldGen       total 87552K, used 14908K [0x0000000080000000, 0x0000000085580000, 0x00000000d5580000)
  object space 87552K, 17% used [0x0000000080000000,0x0000000080e8f000,0x0000000085580000)
 Metaspace       used 34619K, capacity 36836K, committed 36992K, reserved 1081344K
  class space    used 4759K, capacity 5186K, committed 5248K, reserved 1048576K
}
Event: 48.175 GC heap before
{Heap before GC invocations=9 (full 0):
 PSYoungGen      total 275456K, used 274684K [0x00000000d5580000, 0x00000000e7880000, 0x0000000100000000)
  eden space 259072K, 100% used [0x00000000d5580000,0x00000000e5280000,0x00000000e5280000)
  from space 16384K, 95% used [0x00000000e6480000,0x00000000e73bf320,0x00000000e7480000)
  to   space 18432K, 0% used [0x00000000e5280000,0x00000000e5280000,0x00000000e6480000)
 ParOldGen       total 87552K, used 14908K [0x0000000080000000, 0x0000000085580000, 0x00000000d5580000)
  object space 87552K, 17% used [0x0000000080000000,0x0000000080e8f000,0x0000000085580000)
 Metaspace       used 51406K, capacity 54812K, committed 55040K, reserved 1097728K
  class space    used 7013K, capacity 7614K, committed 7680K, reserved 1048576K
Event: 48.195 GC heap after
Heap after GC invocations=9 (full 0):
 PSYoungGen      total 277504K, used 18400K [0x00000000d5580000, 0x00000000f1e80000, 0x0000000100000000)
  eden space 259072K, 0% used [0x00000000d5580000,0x00000000d5580000,0x00000000e5280000)
  from space 18432K, 99% used [0x00000000e5280000,0x00000000e64780e0,0x00000000e6480000)
  to   space 26624K, 0% used [0x00000000f0480000,0x00000000f0480000,0x00000000f1e80000)
 ParOldGen       total 87552K, used 28325K [0x0000000080000000, 0x0000000085580000, 0x00000000d5580000)
  object space 87552K, 32% used [0x0000000080000000,0x0000000081ba96d8,0x0000000085580000)
 Metaspace       used 51406K, capacity 54812K, committed 55040K, reserved 1097728K
  class space    used 7013K, capacity 7614K, committed 7680K, reserved 1048576K
}
Event: 92.925 GC heap before
{Heap before GC invocations=10 (full 0):
 PSYoungGen      total 277504K, used 277472K [0x00000000d5580000, 0x00000000f1e80000, 0x0000000100000000)
  eden space 259072K, 100% used [0x00000000d5580000,0x00000000e5280000,0x00000000e5280000)
  from space 18432K, 99% used [0x00000000e5280000,0x00000000e64780e0,0x00000000e6480000)
  to   space 26624K, 0% used [0x00000000f0480000,0x00000000f0480000,0x00000000f1e80000)
 ParOldGen       total 87552K, used 28325K [0x0000000080000000, 0x0000000085580000, 0x00000000d5580000)
  object space 87552K, 32% used [0x0000000080000000,0x0000000081ba96d8,0x0000000085580000)
 Metaspace       used 53636K, capacity 57194K, committed 57472K, reserved 1099776K
  class space    used 7336K, capacity 7979K, committed 8064K, reserved 1048576K
Event: 92.948 GC heap after
Heap after GC invocations=10 (full 0):
 PSYoungGen      total 274432K, used 26607K [0x00000000d5580000, 0x00000000f1e80000, 0x0000000100000000)
  eden space 247808K, 0% used [0x00000000d5580000,0x00000000d5580000,0x00000000e4780000)
  from space 26624K, 99% used [0x00000000f0480000,0x00000000f1e7bd30,0x00000000f1e80000)
  to   space 34304K, 0% used [0x00000000edb80000,0x00000000edb80000,0x00000000efd00000)
 ParOldGen       total 87552K, used 38290K [0x0000000080000000, 0x0000000085580000, 0x00000000d5580000)
  object space 87552K, 43% used [0x0000000080000000,0x0000000082564b18,0x0000000085580000)
 Metaspace       used 53636K, capacity 57194K, committed 57472K, reserved 1099776K
  class space    used 7336K, capacity 7979K, committed 8064K, reserved 1048576K
}

