# JRE version: Java(TM) SE Runtime Environment (8.0_201-b09) (build 1.8.0_201-b09)
# Java VM: Java HotSpot(TM) 64-Bit Server VM (25.201-b09 mixed mode windows-amd64 compressed oops)
Heap:
 PSYoungGen      total 434176K, used 71117K [0x00000000d5580000, 0x00000000f2c80000, 0x0000000100000000)
  eden space 407552K, 10% used [0x00000000d5580000,0x00000000d80f5738,0x00000000ee380000)
  from space 26624K, 99% used [0x00000000f0480000,0x00000000f1e7de90,0x00000000f1e80000)
  to   space 33792K, 0% used [0x00000000ee380000,0x00000000ee380000,0x00000000f0480000)
 ParOldGen       total 87552K, used 37172K [0x0000000080000000, 0x0000000085580000, 0x00000000d5580000)
  object space 87552K, 42% used [0x0000000080000000,0x000000008244d150,0x0000000085580000)
 Metaspace       used 53623K, capacity 57226K, committed 57472K, reserved 1099776K
  class space    used 7333K, capacity 7971K, committed 8064K, reserved 1048576K
GC Heap History (10 events):
Event: 2.972 GC heap before
{Heap before GC invocations=6 (full 0):
 PSYoungGen      total 71680K, used 71676K [0x00000000d5580000, 0x00000000dea80000, 0x0000000100000000)
  eden space 66560K, 100% used [0x00000000d5580000,0x00000000d9680000,0x00000000d9680000)
  from space 5120K, 99% used [0x00000000d9680000,0x00000000d9b7f038,0x00000000d9b80000)
  to   space 9728K, 0% used [0x00000000de100000,0x00000000de100000,0x00000000dea80000)
 ParOldGen       total 87552K, used 7545K [0x0000000080000000, 0x0000000085580000, 0x00000000d5580000)
  object space 87552K, 8% used [0x0000000080000000,0x000000008075e4f8,0x0000000085580000)
 Metaspace       used 21668K, capacity 22748K, committed 23040K, reserved 1069056K
  class space    used 2953K, capacity 3212K, committed 3328K, reserved 1048576K
Event: 2.979 GC heap after
Heap after GC invocations=6 (full 0):
 PSYoungGen      total 140288K, used 9703K [0x00000000d5580000, 0x00000000def80000, 0x0000000100000000)
  eden space 130560K, 0% used [0x00000000d5580000,0x00000000d5580000,0x00000000dd500000)
  from space 9728K, 99% used [0x00000000de100000,0x00000000dea79ff0,0x00000000dea80000)
  to   space 12288K, 0% used [0x00000000dd500000,0x00000000dd500000,0x00000000de100000)
 ParOldGen       total 87552K, used 9193K [0x0000000080000000, 0x0000000085580000, 0x00000000d5580000)
  object space 87552K, 10% used [0x0000000080000000,0x00000000808fa7c0,0x0000000085580000)
 Metaspace       used 21668K, capacity 22748K, committed 23040K, reserved 1069056K
  class space    used 2953K, capacity 3212K, committed 3328K, reserved 1048576K
}
Event: 3.631 GC heap before
{Heap before GC invocations=7 (full 0):
 PSYoungGen      total 140288K, used 140263K [0x00000000d5580000, 0x00000000def80000, 0x0000000100000000)
  eden space 130560K, 100% used [0x00000000d5580000,0x00000000dd500000,0x00000000dd500000)
  from space 9728K, 99% used [0x00000000de100000,0x00000000dea79ff0,0x00000000dea80000)
  to   space 12288K, 0% used [0x00000000dd500000,0x00000000dd500000,0x00000000de100000)
 ParOldGen       total 87552K, used 9193K [0x0000000080000000, 0x0000000085580000, 0x00000000d5580000)
  object space 87552K, 10% used [0x0000000080000000,0x00000000808fa7c0,0x0000000085580000)
 Metaspace       used 27195K, capacity 28644K, committed 28928K, reserved 1075200K
  class space    used 3731K, capacity 4038K, committed 4096K, reserved 1048576K
Event: 3.643 GC heap after
Heap after GC invocations=7 (full 0):
 PSYoungGen      total 142848K, used 12283K [0x00000000d5580000, 0x00000000e7480000, 0x0000000100000000)
  eden space 130560K, 0% used [0x00000000d5580000,0x00000000d5580000,0x00000000dd500000)
  from space 12288K, 99% used [0x00000000dd500000,0x00000000de0fedb8,0x00000000de100000)
  to   space 16384K, 0% used [0x00000000e6480000,0x00000000e6480000,0x00000000e7480000)
 ParOldGen       total 87552K, used 13490K [0x0000000080000000, 0x0000000085580000, 0x00000000d5580000)
  object space 87552K, 15% used [0x0000000080000000,0x0000000080d2ca78,0x0000000085580000)
 Metaspace       used 27195K, capacity 28644K, committed 28928K, reserved 1075200K
  class space    used 3731K, capacity 4038K, committed 4096K, reserved 1048576K
}
Event: 4.579 GC heap before
{Heap before GC invocations=8 (full 0):
 PSYoungGen      total 142848K, used 142843K [0x00000000d5580000, 0x00000000e7480000, 0x0000000100000000)
  eden space 130560K, 100% used [0x00000000d5580000,0x00000000dd500000,0x00000000dd500000)
  from space 12288K, 99% used [0x00000000dd500000,0x00000000de0fedb8,0x00000000de100000)
  to   space 16384K, 0% used [0x00000000e6480000,0x00000000e6480000,0x00000000e7480000)
 ParOldGen       total 87552K, used 13490K [0x0000000080000000, 0x0000000085580000, 0x00000000d5580000)
  object space 87552K, 15% used [0x0000000080000000,0x0000000080d2ca78,0x0000000085580000)
 Metaspace       used 34624K, capacity 36896K, committed 36992K, reserved 1081344K
  class space    used 4757K, capacity 5186K, committed 5248K, reserved 1048576K
Event: 4.589 GC heap after
Heap after GC invocations=8 (full 0):
 PSYoungGen      total 275456K, used 15373K [0x00000000d5580000, 0x00000000e7880000, 0x0000000100000000)
  eden space 259072K, 0% used [0x00000000d5580000,0x00000000d5580000,0x00000000e5280000)
  from space 16384K, 93% used [0x00000000e6480000,0x00000000e7383450,0x00000000e7480000)
  to   space 18432K, 0% used [0x00000000e5280000,0x00000000e5280000,0x00000000e6480000)
 ParOldGen       total 87552K, used 14649K [0x0000000080000000, 0x0000000085580000, 0x00000000d5580000)
  object space 87552K, 16% used [0x0000000080000000,0x0000000080e4e5a0,0x0000000085580000)
 Metaspace       used 34624K, capacity 36896K, committed 36992K, reserved 1081344K
  class space    used 4757K, capacity 5186K, committed 5248K, reserved 1048576K
}
Event: 12.538 GC heap before
{Heap before GC invocations=9 (full 0):
 PSYoungGen      total 275456K, used 274445K [0x00000000d5580000, 0x00000000e7880000, 0x0000000100000000)
  eden space 259072K, 100% used [0x00000000d5580000,0x00000000e5280000,0x00000000e5280000)
  from space 16384K, 93% used [0x00000000e6480000,0x00000000e7383450,0x00000000e7480000)
  to   space 18432K, 0% used [0x00000000e5280000,0x00000000e5280000,0x00000000e6480000)
 ParOldGen       total 87552K, used 14649K [0x0000000080000000, 0x0000000085580000, 0x00000000d5580000)
  object space 87552K, 16% used [0x0000000080000000,0x0000000080e4e5a0,0x0000000085580000)
 Metaspace       used 52020K, capacity 55532K, committed 55680K, reserved 1097728K
  class space    used 7127K, capacity 7758K, committed 7808K, reserved 1048576K
Event: 12.556 GC heap after
Heap after GC invocations=9 (full 0):
 PSYoungGen      total 277504K, used 18416K [0x00000000d5580000, 0x00000000f1e80000, 0x0000000100000000)
  eden space 259072K, 0% used [0x00000000d5580000,0x00000000d5580000,0x00000000e5280000)
  from space 18432K, 99% used [0x00000000e5280000,0x00000000e647c0f0,0x00000000e6480000)
  to   space 26624K, 0% used [0x00000000f0480000,0x00000000f0480000,0x00000000f1e80000)
 ParOldGen       total 87552K, used 28455K [0x0000000080000000, 0x0000000085580000, 0x00000000d5580000)
  object space 87552K, 32% used [0x0000000080000000,0x0000000081bc9d18,0x0000000085580000)
 Metaspace       used 52020K, capacity 55532K, committed 55680K, reserved 1097728K
  class space    used 7127K, capacity 7758K, committed 7808K, reserved 1048576K
}
Event: 48.204 GC heap before
{Heap before GC invocations=10 (full 0):
 PSYoungGen      total 277504K, used 277488K [0x00000000d5580000, 0x00000000f1e80000, 0x0000000100000000)
  eden space 259072K, 100% used [0x00000000d5580000,0x00000000e5280000,0x00000000e5280000)
  from space 18432K, 99% used [0x00000000e5280000,0x00000000e647c0f0,0x00000000e6480000)
  to   space 26624K, 0% used [0x00000000f0480000,0x00000000f0480000,0x00000000f1e80000)
 ParOldGen       total 87552K, used 28455K [0x0000000080000000, 0x0000000085580000, 0x00000000d5580000)
  object space 87552K, 32% used [0x0000000080000000,0x0000000081bc9d18,0x0000000085580000)
 Metaspace       used 53622K, capacity 57226K, committed 57472K, reserved 1099776K
  class space    used 7333K, capacity 7971K, committed 8064K, reserved 1048576K
Event: 48.218 GC heap after
Heap after GC invocations=10 (full 0):
 PSYoungGen      total 434176K, used 26615K [0x00000000d5580000, 0x00000000f2c80000, 0x0000000100000000)
  eden space 407552K, 0% used [0x00000000d5580000,0x00000000d5580000,0x00000000ee380000)
  from space 26624K, 99% used [0x00000000f0480000,0x00000000f1e7de90,0x00000000f1e80000)
  to   space 33792K, 0% used [0x00000000ee380000,0x00000000ee380000,0x00000000f0480000)
 ParOldGen       total 87552K, used 37172K [0x0000000080000000, 0x0000000085580000, 0x00000000d5580000)
  object space 87552K, 42% used [0x0000000080000000,0x000000008244d150,0x0000000085580000)
 Metaspace       used 53622K, capacity 57226K, committed 57472K, reserved 1099776K
  class space    used 7333K, capacity 7971K, committed 8064K, reserved 1048576K
}

