# JRE version: Java(TM) SE Runtime Environment (8.0_201-b09) (build 1.8.0_201-b09)
# Java VM: Java HotSpot(TM) 64-Bit Server VM (25.201-b09 mixed mode windows-amd64 compressed oops)
Heap:
 PSYoungGen      total 318464K, used 311407K [0x00000000d5b80000, 0x00000000f1580000, 0x0000000100000000)
  eden space 301056K, 97% used [0x00000000d5b80000,0x00000000e7a9e418,0x00000000e8180000)
  from space 17408K, 99% used [0x00000000e8180000,0x00000000e927d990,0x00000000e9280000)
  to   space 33792K, 0% used [0x00000000ef480000,0x00000000ef480000,0x00000000f1580000)
 ParOldGen       total 78848K, used 59741K [0x0000000081200000, 0x0000000085f00000, 0x00000000d5b80000)
  object space 78848K, 75% used [0x0000000081200000,0x0000000084c577b8,0x0000000085f00000)
 Metaspace       used 54521K, capacity 58216K, committed 58328K, reserved 1099776K
  class space    used 7453K, capacity 8108K, committed 8192K, reserved 1048576K
GC Heap History (10 events):
Event: 4.528 GC heap before
{Heap before GC invocations=9 (full 1):
 PSYoungGen      total 142848K, used 142825K [0x00000000d5b80000, 0x00000000e4b80000, 0x0000000100000000)
  eden space 132608K, 100% used [0x00000000d5b80000,0x00000000ddd00000,0x00000000ddd00000)
  from space 10240K, 99% used [0x00000000ddd00000,0x00000000de6fa798,0x00000000de700000)
  to   space 12288K, 0% used [0x00000000e3f80000,0x00000000e3f80000,0x00000000e4b80000)
 ParOldGen       total 56832K, used 10151K [0x0000000081200000, 0x0000000084980000, 0x00000000d5b80000)
  object space 56832K, 17% used [0x0000000081200000,0x0000000081be9e68,0x0000000084980000)
 Metaspace       used 31540K, capacity 33594K, committed 33920K, reserved 1079296K
  class space    used 4341K, capacity 4709K, committed 4736K, reserved 1048576K
Event: 4.541 GC heap after
Heap after GC invocations=9 (full 1):
 PSYoungGen      total 229376K, used 12266K [0x00000000d5b80000, 0x00000000e4b80000, 0x0000000100000000)
  eden space 217088K, 0% used [0x00000000d5b80000,0x00000000d5b80000,0x00000000e2f80000)
  from space 12288K, 99% used [0x00000000e3f80000,0x00000000e4b7ab00,0x00000000e4b80000)
  to   space 13824K, 0% used [0x00000000e3080000,0x00000000e3080000,0x00000000e3e00000)
 ParOldGen       total 56832K, used 10453K [0x0000000081200000, 0x0000000084980000, 0x00000000d5b80000)
  object space 56832K, 18% used [0x0000000081200000,0x0000000081c35620,0x0000000084980000)
 Metaspace       used 31540K, capacity 33594K, committed 33920K, reserved 1079296K
  class space    used 4341K, capacity 4709K, committed 4736K, reserved 1048576K
}
Event: 4.693 GC heap before
{Heap before GC invocations=10 (full 1):
 PSYoungGen      total 229376K, used 34341K [0x00000000d5b80000, 0x00000000e4b80000, 0x0000000100000000)
  eden space 217088K, 10% used [0x00000000d5b80000,0x00000000d710e948,0x00000000e2f80000)
  from space 12288K, 99% used [0x00000000e3f80000,0x00000000e4b7ab00,0x00000000e4b80000)
  to   space 13824K, 0% used [0x00000000e3080000,0x00000000e3080000,0x00000000e3e00000)
 ParOldGen       total 56832K, used 10453K [0x0000000081200000, 0x0000000084980000, 0x00000000d5b80000)
  object space 56832K, 18% used [0x0000000081200000,0x0000000081c35620,0x0000000084980000)
 Metaspace       used 33259K, capacity 35344K, committed 35416K, reserved 1079296K
  class space    used 4573K, capacity 4964K, committed 4992K, reserved 1048576K
Event: 4.701 GC heap after
Heap after GC invocations=10 (full 1):
 PSYoungGen      total 231936K, used 9249K [0x00000000d5b80000, 0x00000000ea380000, 0x0000000100000000)
  eden space 218112K, 0% used [0x00000000d5b80000,0x00000000d5b80000,0x00000000e3080000)
  from space 13824K, 66% used [0x00000000e3080000,0x00000000e3988418,0x00000000e3e00000)
  to   space 13824K, 0% used [0x00000000e9600000,0x00000000e9600000,0x00000000ea380000)
 ParOldGen       total 56832K, used 10461K [0x0000000081200000, 0x0000000084980000, 0x00000000d5b80000)
  object space 56832K, 18% used [0x0000000081200000,0x0000000081c37620,0x0000000084980000)
 Metaspace       used 33259K, capacity 35344K, committed 35416K, reserved 1079296K
  class space    used 4573K, capacity 4964K, committed 4992K, reserved 1048576K
}
Event: 4.701 GC heap before
{Heap before GC invocations=11 (full 2):
 PSYoungGen      total 231936K, used 9249K [0x00000000d5b80000, 0x00000000ea380000, 0x0000000100000000)
  eden space 218112K, 0% used [0x00000000d5b80000,0x00000000d5b80000,0x00000000e3080000)
  from space 13824K, 66% used [0x00000000e3080000,0x00000000e3988418,0x00000000e3e00000)
  to   space 13824K, 0% used [0x00000000e9600000,0x00000000e9600000,0x00000000ea380000)
 ParOldGen       total 56832K, used 10461K [0x0000000081200000, 0x0000000084980000, 0x00000000d5b80000)
  object space 56832K, 18% used [0x0000000081200000,0x0000000081c37620,0x0000000084980000)
 Metaspace       used 33259K, capacity 35344K, committed 35416K, reserved 1079296K
  class space    used 4573K, capacity 4964K, committed 4992K, reserved 1048576K
Event: 4.743 GC heap after
Heap after GC invocations=11 (full 2):
 PSYoungGen      total 231936K, used 0K [0x00000000d5b80000, 0x00000000ea380000, 0x0000000100000000)
  eden space 218112K, 0% used [0x00000000d5b80000,0x00000000d5b80000,0x00000000e3080000)
  from space 13824K, 0% used [0x00000000e3080000,0x00000000e3080000,0x00000000e3e00000)
  to   space 13824K, 0% used [0x00000000e9600000,0x00000000e9600000,0x00000000ea380000)
 ParOldGen       total 78848K, used 15192K [0x0000000081200000, 0x0000000085f00000, 0x00000000d5b80000)
  object space 78848K, 19% used [0x0000000081200000,0x00000000820d63b0,0x0000000085f00000)
 Metaspace       used 33259K, capacity 35344K, committed 35416K, reserved 1079296K
  class space    used 4573K, capacity 4964K, committed 4992K, reserved 1048576K
}
Event: 7.941 GC heap before
{Heap before GC invocations=12 (full 2):
 PSYoungGen      total 231936K, used 218112K [0x00000000d5b80000, 0x00000000ea380000, 0x0000000100000000)
  eden space 218112K, 100% used [0x00000000d5b80000,0x00000000e3080000,0x00000000e3080000)
  from space 13824K, 0% used [0x00000000e3080000,0x00000000e3080000,0x00000000e3e00000)
  to   space 13824K, 0% used [0x00000000e9600000,0x00000000e9600000,0x00000000ea380000)
 ParOldGen       total 78848K, used 15192K [0x0000000081200000, 0x0000000085f00000, 0x00000000d5b80000)
  object space 78848K, 19% used [0x0000000081200000,0x00000000820d63b0,0x0000000085f00000)
 Metaspace       used 47015K, capacity 50284K, committed 50392K, reserved 1093632K
  class space    used 6552K, capacity 7150K, committed 7168K, reserved 1048576K
Event: 7.956 GC heap after
Heap after GC invocations=12 (full 2):
 PSYoungGen      total 308224K, used 13794K [0x00000000d5b80000, 0x00000000ea380000, 0x0000000100000000)
  eden space 294400K, 0% used [0x00000000d5b80000,0x00000000d5b80000,0x00000000e7b00000)
  from space 13824K, 99% used [0x00000000e9600000,0x00000000ea378970,0x00000000ea380000)
  to   space 17408K, 0% used [0x00000000e8180000,0x00000000e8180000,0x00000000e9280000)
 ParOldGen       total 78848K, used 20324K [0x0000000081200000, 0x0000000085f00000, 0x00000000d5b80000)
  object space 78848K, 25% used [0x0000000081200000,0x00000000825d9000,0x0000000085f00000)
 Metaspace       used 47015K, capacity 50284K, committed 50392K, reserved 1093632K
  class space    used 6552K, capacity 7150K, committed 7168K, reserved 1048576K
}
Event: 49.226 GC heap before
{Heap before GC invocations=13 (full 2):
 PSYoungGen      total 308224K, used 303536K [0x00000000d5b80000, 0x00000000ea380000, 0x0000000100000000)
  eden space 294400K, 98% used [0x00000000d5b80000,0x00000000e7673a30,0x00000000e7b00000)
  from space 13824K, 99% used [0x00000000e9600000,0x00000000ea378970,0x00000000ea380000)
  to   space 17408K, 0% used [0x00000000e8180000,0x00000000e8180000,0x00000000e9280000)
 ParOldGen       total 78848K, used 20324K [0x0000000081200000, 0x0000000085f00000, 0x00000000d5b80000)
  object space 78848K, 25% used [0x0000000081200000,0x00000000825d9000,0x0000000085f00000)
 Metaspace       used 54179K, capacity 57758K, committed 57944K, reserved 1099776K
  class space    used 7398K, capacity 8029K, committed 8064K, reserved 1048576K
Event: 49.249 GC heap after
Heap after GC invocations=13 (full 2):
 PSYoungGen      total 318464K, used 17398K [0x00000000d5b80000, 0x00000000f1580000, 0x0000000100000000)
  eden space 301056K, 0% used [0x00000000d5b80000,0x00000000d5b80000,0x00000000e8180000)
  from space 17408K, 99% used [0x00000000e8180000,0x00000000e927d990,0x00000000e9280000)
  to   space 33792K, 0% used [0x00000000ef480000,0x00000000ef480000,0x00000000f1580000)
 ParOldGen       total 78848K, used 59741K [0x0000000081200000, 0x0000000085f00000, 0x00000000d5b80000)
  object space 78848K, 75% used [0x0000000081200000,0x0000000084c577b8,0x0000000085f00000)
 Metaspace       used 54179K, capacity 57758K, committed 57944K, reserved 1099776K
  class space    used 7398K, capacity 8029K, committed 8064K, reserved 1048576K
}

