# JRE version: Java(TM) SE Runtime Environment (8.0_201-b09) (build 1.8.0_201-b09)
# Java VM: Java HotSpot(TM) 64-Bit Server VM (25.201-b09 mixed mode windows-amd64 compressed oops)
Heap:
 PSYoungGen      total 503808K, used 482118K [0x00000000d5b80000, 0x00000000f6280000, 0x0000000100000000)
  eden space 496640K, 97% used [0x00000000d5b80000,0x00000000f32519f8,0x00000000f4080000)
  from space 7168K, 0% used [0x00000000f5b80000,0x00000000f5b80000,0x00000000f6280000)
  to   space 17408K, 0% used [0x00000000f4080000,0x00000000f4080000,0x00000000f5180000)
 ParOldGen       total 138240K, used 43295K [0x0000000081200000, 0x0000000089900000, 0x00000000d5b80000)
  object space 138240K, 31% used [0x0000000081200000,0x0000000083c47f70,0x0000000089900000)
 Metaspace       used 56096K, capacity 59810K, committed 59992K, reserved 1101824K
  class space    used 7635K, capacity 8282K, committed 8320K, reserved 1048576K
GC Heap History (10 events):
Event: 20.661 GC heap before
{Heap before GC invocations=21 (full 2):
 PSYoungGen      total 419328K, used 403784K [0x00000000d5b80000, 0x00000000f0c00000, 0x0000000100000000)
  eden space 400896K, 100% used [0x00000000d5b80000,0x00000000ee300000,0x00000000ee300000)
  from space 18432K, 15% used [0x00000000efa00000,0x00000000efcd23e8,0x00000000f0c00000)
  to   space 20992K, 0% used [0x00000000ee300000,0x00000000ee300000,0x00000000ef780000)
 ParOldGen       total 79360K, used 57374K [0x0000000081200000, 0x0000000085f80000, 0x00000000d5b80000)
  object space 79360K, 72% used [0x0000000081200000,0x0000000084a07970,0x0000000085f80000)
 Metaspace       used 50960K, capacity 54444K, committed 54616K, reserved 1095680K
  class space    used 7036K, capacity 7683K, committed 7808K, reserved 1048576K
Event: 20.671 GC heap after
Heap after GC invocations=21 (full 2):
 PSYoungGen      total 421888K, used 4870K [0x00000000d5b80000, 0x00000000f4480000, 0x0000000100000000)
  eden space 400896K, 0% used [0x00000000d5b80000,0x00000000d5b80000,0x00000000ee300000)
  from space 20992K, 23% used [0x00000000ee300000,0x00000000ee7c1b38,0x00000000ef780000)
  to   space 19968K, 0% used [0x00000000f3100000,0x00000000f3100000,0x00000000f4480000)
 ParOldGen       total 79360K, used 57382K [0x0000000081200000, 0x0000000085f80000, 0x00000000d5b80000)
  object space 79360K, 72% used [0x0000000081200000,0x0000000084a09970,0x0000000085f80000)
 Metaspace       used 50960K, capacity 54444K, committed 54616K, reserved 1095680K
  class space    used 7036K, capacity 7683K, committed 7808K, reserved 1048576K
}
Event: 22.229 GC heap before
{Heap before GC invocations=22 (full 2):
 PSYoungGen      total 421888K, used 405766K [0x00000000d5b80000, 0x00000000f4480000, 0x0000000100000000)
  eden space 400896K, 100% used [0x00000000d5b80000,0x00000000ee300000,0x00000000ee300000)
  from space 20992K, 23% used [0x00000000ee300000,0x00000000ee7c1b38,0x00000000ef780000)
  to   space 19968K, 0% used [0x00000000f3100000,0x00000000f3100000,0x00000000f4480000)
 ParOldGen       total 79360K, used 57382K [0x0000000081200000, 0x0000000085f80000, 0x00000000d5b80000)
  object space 79360K, 72% used [0x0000000081200000,0x0000000084a09970,0x0000000085f80000)
 Metaspace       used 50961K, capacity 54444K, committed 54616K, reserved 1095680K
  class space    used 7036K, capacity 7683K, committed 7808K, reserved 1048576K
Event: 22.234 GC heap after
Heap after GC invocations=22 (full 2):
 PSYoungGen      total 464384K, used 3939K [0x00000000d5b80000, 0x00000000f3b80000, 0x0000000100000000)
  eden space 453632K, 0% used [0x00000000d5b80000,0x00000000d5b80000,0x00000000f1680000)
  from space 10752K, 36% used [0x00000000f3100000,0x00000000f34d8ed0,0x00000000f3b80000)
  to   space 18944K, 0% used [0x00000000f1680000,0x00000000f1680000,0x00000000f2900000)
 ParOldGen       total 79360K, used 57390K [0x0000000081200000, 0x0000000085f80000, 0x00000000d5b80000)
  object space 79360K, 72% used [0x0000000081200000,0x0000000084a0b970,0x0000000085f80000)
 Metaspace       used 50961K, capacity 54444K, committed 54616K, reserved 1095680K
  class space    used 7036K, capacity 7683K, committed 7808K, reserved 1048576K
}
Event: 24.049 GC heap before
{Heap before GC invocations=23 (full 2):
 PSYoungGen      total 464384K, used 457459K [0x00000000d5b80000, 0x00000000f3b80000, 0x0000000100000000)
  eden space 453632K, 99% used [0x00000000d5b80000,0x00000000f1663ef0,0x00000000f1680000)
  from space 10752K, 36% used [0x00000000f3100000,0x00000000f34d8ed0,0x00000000f3b80000)
  to   space 18944K, 0% used [0x00000000f1680000,0x00000000f1680000,0x00000000f2900000)
 ParOldGen       total 79360K, used 57390K [0x0000000081200000, 0x0000000085f80000, 0x00000000d5b80000)
  object space 79360K, 72% used [0x0000000081200000,0x0000000084a0b970,0x0000000085f80000)
 Metaspace       used 51110K, capacity 54572K, committed 54872K, reserved 1095680K
  class space    used 7036K, capacity 7683K, committed 7808K, reserved 1048576K
Event: 24.055 GC heap after
Heap after GC invocations=23 (full 2):
 PSYoungGen      total 472576K, used 3726K [0x00000000d5b80000, 0x00000000f6d80000, 0x0000000100000000)
  eden space 453632K, 0% used [0x00000000d5b80000,0x00000000d5b80000,0x00000000f1680000)
  from space 18944K, 19% used [0x00000000f1680000,0x00000000f1a23b00,0x00000000f2900000)
  to   space 18432K, 0% used [0x00000000f5b80000,0x00000000f5b80000,0x00000000f6d80000)
 ParOldGen       total 79360K, used 57398K [0x0000000081200000, 0x0000000085f80000, 0x00000000d5b80000)
  object space 79360K, 72% used [0x0000000081200000,0x0000000084a0d970,0x0000000085f80000)
 Metaspace       used 51110K, capacity 54572K, committed 54872K, reserved 1095680K
  class space    used 7036K, capacity 7683K, committed 7808K, reserved 1048576K
}
Event: 42.528 GC heap before
{Heap before GC invocations=24 (full 2):
 PSYoungGen      total 472576K, used 451293K [0x00000000d5b80000, 0x00000000f6d80000, 0x0000000100000000)
  eden space 453632K, 98% used [0x00000000d5b80000,0x00000000f1093b58,0x00000000f1680000)
  from space 18944K, 19% used [0x00000000f1680000,0x00000000f1a23b00,0x00000000f2900000)
  to   space 18432K, 0% used [0x00000000f5b80000,0x00000000f5b80000,0x00000000f6d80000)
 ParOldGen       total 79360K, used 57398K [0x0000000081200000, 0x0000000085f80000, 0x00000000d5b80000)
  object space 79360K, 72% used [0x0000000081200000,0x0000000084a0d970,0x0000000085f80000)
 Metaspace       used 55157K, capacity 58840K, committed 58968K, reserved 1099776K
  class space    used 7518K, capacity 8213K, committed 8320K, reserved 1048576K
Event: 42.535 GC heap after
Heap after GC invocations=24 (full 2):
 PSYoungGen      total 503808K, used 5779K [0x00000000d5b80000, 0x00000000f6280000, 0x0000000100000000)
  eden space 496640K, 0% used [0x00000000d5b80000,0x00000000d5b80000,0x00000000f4080000)
  from space 7168K, 80% used [0x00000000f5b80000,0x00000000f6124c40,0x00000000f6280000)
  to   space 17408K, 0% used [0x00000000f4080000,0x00000000f4080000,0x00000000f5180000)
 ParOldGen       total 79360K, used 57406K [0x0000000081200000, 0x0000000085f80000, 0x00000000d5b80000)
  object space 79360K, 72% used [0x0000000081200000,0x0000000084a0f970,0x0000000085f80000)
 Metaspace       used 55157K, capacity 58840K, committed 58968K, reserved 1099776K
  class space    used 7518K, capacity 8213K, committed 8320K, reserved 1048576K
}
Event: 42.535 GC heap before
{Heap before GC invocations=25 (full 3):
 PSYoungGen      total 503808K, used 5779K [0x00000000d5b80000, 0x00000000f6280000, 0x0000000100000000)
  eden space 496640K, 0% used [0x00000000d5b80000,0x00000000d5b80000,0x00000000f4080000)
  from space 7168K, 80% used [0x00000000f5b80000,0x00000000f6124c40,0x00000000f6280000)
  to   space 17408K, 0% used [0x00000000f4080000,0x00000000f4080000,0x00000000f5180000)
 ParOldGen       total 79360K, used 57406K [0x0000000081200000, 0x0000000085f80000, 0x00000000d5b80000)
  object space 79360K, 72% used [0x0000000081200000,0x0000000084a0f970,0x0000000085f80000)
 Metaspace       used 55157K, capacity 58840K, committed 58968K, reserved 1099776K
  class space    used 7518K, capacity 8213K, committed 8320K, reserved 1048576K
Event: 42.748 GC heap after
Heap after GC invocations=25 (full 3):
 PSYoungGen      total 503808K, used 0K [0x00000000d5b80000, 0x00000000f6280000, 0x0000000100000000)
  eden space 496640K, 0% used [0x00000000d5b80000,0x00000000d5b80000,0x00000000f4080000)
  from space 7168K, 0% used [0x00000000f5b80000,0x00000000f5b80000,0x00000000f6280000)
  to   space 17408K, 0% used [0x00000000f4080000,0x00000000f4080000,0x00000000f5180000)
 ParOldGen       total 138240K, used 43295K [0x0000000081200000, 0x0000000089900000, 0x00000000d5b80000)
  object space 138240K, 31% used [0x0000000081200000,0x0000000083c47f70,0x0000000089900000)
 Metaspace       used 55142K, capacity 58792K, committed 58968K, reserved 1099776K
  class space    used 7513K, capacity 8205K, committed 8320K, reserved 1048576K
}

