# JRE version: Java(TM) SE Runtime Environment (8.0_201-b09) (build 1.8.0_201-b09)
# Java VM: Java HotSpot(TM) 64-Bit Server VM (25.201-b09 mixed mode windows-amd64 compressed oops)
Heap:
 PSYoungGen      total 401408K, used 346083K [0x00000000d5b80000, 0x00000000f0a00000, 0x0000000100000000)
  eden space 388608K, 87% used [0x00000000d5b80000,0x00000000ea86eb38,0x00000000ed700000)
  from space 12800K, 40% used [0x00000000efd80000,0x00000000f028a1b0,0x00000000f0a00000)
  to   space 26112K, 0% used [0x00000000ed700000,0x00000000ed700000,0x00000000ef080000)
 ParOldGen       total 115200K, used 65395K [0x0000000081200000, 0x0000000088280000, 0x00000000d5b80000)
  object space 115200K, 56% used [0x0000000081200000,0x00000000851dce88,0x0000000088280000)
 Metaspace       used 55903K, capacity 59614K, committed 59736K, reserved 1101824K
  class space    used 7630K, capacity 8278K, committed 8320K, reserved 1048576K
GC Heap History (10 events):
Event: 21.228 GC heap before
{Heap before GC invocations=13 (full 2):
 PSYoungGen      total 265728K, used 162764K [0x00000000d5b80000, 0x00000000e8380000, 0x0000000100000000)
  eden space 253440K, 59% used [0x00000000d5b80000,0x00000000dee78cd8,0x00000000e5300000)
  from space 12288K, 99% used [0x00000000e7780000,0x00000000e837a4e0,0x00000000e8380000)
  to   space 15360K, 0% used [0x00000000e6580000,0x00000000e6580000,0x00000000e7480000)
 ParOldGen       total 77312K, used 19234K [0x0000000081200000, 0x0000000085d80000, 0x00000000d5b80000)
  object space 77312K, 24% used [0x0000000081200000,0x00000000824c8930,0x0000000085d80000)
 Metaspace       used 55074K, capacity 58740K, committed 58968K, reserved 1099776K
  class space    used 7523K, capacity 8193K, committed 8320K, reserved 1048576K
Event: 21.245 GC heap after
Heap after GC invocations=13 (full 2):
 PSYoungGen      total 287744K, used 14172K [0x00000000d5b80000, 0x00000000ebe00000, 0x0000000100000000)
  eden space 272384K, 0% used [0x00000000d5b80000,0x00000000d5b80000,0x00000000e6580000)
  from space 15360K, 92% used [0x00000000e6580000,0x00000000e7357210,0x00000000e7480000)
  to   space 16896K, 0% used [0x00000000ead80000,0x00000000ead80000,0x00000000ebe00000)
 ParOldGen       total 77312K, used 27446K [0x0000000081200000, 0x0000000085d80000, 0x00000000d5b80000)
  object space 77312K, 35% used [0x0000000081200000,0x0000000082ccd9d8,0x0000000085d80000)
 Metaspace       used 55074K, capacity 58740K, committed 58968K, reserved 1099776K
  class space    used 7523K, capacity 8193K, committed 8320K, reserved 1048576K
}
Event: 21.245 GC heap before
{Heap before GC invocations=14 (full 3):
 PSYoungGen      total 287744K, used 14172K [0x00000000d5b80000, 0x00000000ebe00000, 0x0000000100000000)
  eden space 272384K, 0% used [0x00000000d5b80000,0x00000000d5b80000,0x00000000e6580000)
  from space 15360K, 92% used [0x00000000e6580000,0x00000000e7357210,0x00000000e7480000)
  to   space 16896K, 0% used [0x00000000ead80000,0x00000000ead80000,0x00000000ebe00000)
 ParOldGen       total 77312K, used 27446K [0x0000000081200000, 0x0000000085d80000, 0x00000000d5b80000)
  object space 77312K, 35% used [0x0000000081200000,0x0000000082ccd9d8,0x0000000085d80000)
 Metaspace       used 55074K, capacity 58740K, committed 58968K, reserved 1099776K
  class space    used 7523K, capacity 8193K, committed 8320K, reserved 1048576K
Event: 21.366 GC heap after
Heap after GC invocations=14 (full 3):
 PSYoungGen      total 287744K, used 0K [0x00000000d5b80000, 0x00000000ebe00000, 0x0000000100000000)
  eden space 272384K, 0% used [0x00000000d5b80000,0x00000000d5b80000,0x00000000e6580000)
  from space 15360K, 0% used [0x00000000e6580000,0x00000000e6580000,0x00000000e7480000)
  to   space 16896K, 0% used [0x00000000ead80000,0x00000000ead80000,0x00000000ebe00000)
 ParOldGen       total 115200K, used 33285K [0x0000000081200000, 0x0000000088280000, 0x00000000d5b80000)
  object space 115200K, 28% used [0x0000000081200000,0x0000000083281508,0x0000000088280000)
 Metaspace       used 55074K, capacity 58740K, committed 58968K, reserved 1099776K
  class space    used 7523K, capacity 8193K, committed 8320K, reserved 1048576K
}
Event: 57.651 GC heap before
{Heap before GC invocations=15 (full 3):
 PSYoungGen      total 287744K, used 272384K [0x00000000d5b80000, 0x00000000ebe00000, 0x0000000100000000)
  eden space 272384K, 100% used [0x00000000d5b80000,0x00000000e6580000,0x00000000e6580000)
  from space 15360K, 0% used [0x00000000e6580000,0x00000000e6580000,0x00000000e7480000)
  to   space 16896K, 0% used [0x00000000ead80000,0x00000000ead80000,0x00000000ebe00000)
 ParOldGen       total 115200K, used 33285K [0x0000000081200000, 0x0000000088280000, 0x00000000d5b80000)
  object space 115200K, 28% used [0x0000000081200000,0x0000000083281508,0x0000000088280000)
 Metaspace       used 55540K, capacity 59268K, committed 59480K, reserved 1099776K
  class space    used 7592K, capacity 8237K, committed 8320K, reserved 1048576K
Event: 57.673 GC heap after
Heap after GC invocations=15 (full 3):
 PSYoungGen      total 336896K, used 16866K [0x00000000d5b80000, 0x00000000ee700000, 0x0000000100000000)
  eden space 320000K, 0% used [0x00000000d5b80000,0x00000000d5b80000,0x00000000e9400000)
  from space 16896K, 99% used [0x00000000ead80000,0x00000000ebdf8a70,0x00000000ebe00000)
  to   space 26112K, 0% used [0x00000000e9400000,0x00000000e9400000,0x00000000ead80000)
 ParOldGen       total 115200K, used 53113K [0x0000000081200000, 0x0000000088280000, 0x00000000d5b80000)
  object space 115200K, 46% used [0x0000000081200000,0x00000000845de7e0,0x0000000088280000)
 Metaspace       used 55540K, capacity 59268K, committed 59480K, reserved 1099776K
  class space    used 7592K, capacity 8237K, committed 8320K, reserved 1048576K
}
Event: 71.482 GC heap before
{Heap before GC invocations=16 (full 3):
 PSYoungGen      total 336896K, used 336645K [0x00000000d5b80000, 0x00000000ee700000, 0x0000000100000000)
  eden space 320000K, 99% used [0x00000000d5b80000,0x00000000e93c8bb8,0x00000000e9400000)
  from space 16896K, 99% used [0x00000000ead80000,0x00000000ebdf8a70,0x00000000ebe00000)
  to   space 26112K, 0% used [0x00000000e9400000,0x00000000e9400000,0x00000000ead80000)
 ParOldGen       total 115200K, used 53113K [0x0000000081200000, 0x0000000088280000, 0x00000000d5b80000)
  object space 115200K, 46% used [0x0000000081200000,0x00000000845de7e0,0x0000000088280000)
 Metaspace       used 55581K, capacity 59298K, committed 59480K, reserved 1099776K
  class space    used 7596K, capacity 8242K, committed 8320K, reserved 1048576K
Event: 71.493 GC heap after
Heap after GC invocations=16 (full 3):
 PSYoungGen      total 346112K, used 3295K [0x00000000d5b80000, 0x00000000f1780000, 0x0000000100000000)
  eden space 320000K, 0% used [0x00000000d5b80000,0x00000000d5b80000,0x00000000e9400000)
  from space 26112K, 12% used [0x00000000e9400000,0x00000000e9737d50,0x00000000ead80000)
  to   space 26624K, 0% used [0x00000000efd80000,0x00000000efd80000,0x00000000f1780000)
 ParOldGen       total 115200K, used 65387K [0x0000000081200000, 0x0000000088280000, 0x00000000d5b80000)
  object space 115200K, 56% used [0x0000000081200000,0x00000000851dae88,0x0000000088280000)
 Metaspace       used 55581K, capacity 59298K, committed 59480K, reserved 1099776K
  class space    used 7596K, capacity 8242K, committed 8320K, reserved 1048576K
}
Event: 87.052 GC heap before
{Heap before GC invocations=17 (full 3):
 PSYoungGen      total 346112K, used 323295K [0x00000000d5b80000, 0x00000000f1780000, 0x0000000100000000)
  eden space 320000K, 100% used [0x00000000d5b80000,0x00000000e9400000,0x00000000e9400000)
  from space 26112K, 12% used [0x00000000e9400000,0x00000000e9737d50,0x00000000ead80000)
  to   space 26624K, 0% used [0x00000000efd80000,0x00000000efd80000,0x00000000f1780000)
 ParOldGen       total 115200K, used 65387K [0x0000000081200000, 0x0000000088280000, 0x00000000d5b80000)
  object space 115200K, 56% used [0x0000000081200000,0x00000000851dae88,0x0000000088280000)
 Metaspace       used 55608K, capacity 59298K, committed 59480K, reserved 1099776K
  class space    used 7597K, capacity 8242K, committed 8320K, reserved 1048576K
Event: 87.055 GC heap after
Heap after GC invocations=17 (full 3):
 PSYoungGen      total 401408K, used 5160K [0x00000000d5b80000, 0x00000000f0a00000, 0x0000000100000000)
  eden space 388608K, 0% used [0x00000000d5b80000,0x00000000d5b80000,0x00000000ed700000)
  from space 12800K, 40% used [0x00000000efd80000,0x00000000f028a1b0,0x00000000f0a00000)
  to   space 26112K, 0% used [0x00000000ed700000,0x00000000ed700000,0x00000000ef080000)
 ParOldGen       total 115200K, used 65395K [0x0000000081200000, 0x0000000088280000, 0x00000000d5b80000)
  object space 115200K, 56% used [0x0000000081200000,0x00000000851dce88,0x0000000088280000)
 Metaspace       used 55608K, capacity 59298K, committed 59480K, reserved 1099776K
  class space    used 7597K, capacity 8242K, committed 8320K, reserved 1048576K
}

