# JRE version: Java(TM) SE Runtime Environment (8.0_201-b09) (build 1.8.0_201-b09)
# Java VM: Java HotSpot(TM) 64-Bit Server VM (25.201-b09 mixed mode windows-amd64 compressed oops)
Heap:
 PSYoungGen      total 354304K, used 58566K [0x00000000d5580000, 0x00000000ec800000, 0x0000000100000000)
  eden space 330752K, 17% used [0x00000000d5580000,0x00000000d8c7ab88,0x00000000e9880000)
  from space 23552K, 9% used [0x00000000eb000000,0x00000000eb236ca8,0x00000000ec700000)
  to   space 24064K, 0% used [0x00000000e9880000,0x00000000e9880000,0x00000000eb000000)
 ParOldGen       total 87552K, used 39307K [0x0000000080000000, 0x0000000085580000, 0x00000000d5580000)
  object space 87552K, 44% used [0x0000000080000000,0x0000000082662ff0,0x0000000085580000)
 Metaspace       used 54363K, capacity 57984K, committed 58240K, reserved 1099776K
  class space    used 7405K, capacity 8032K, committed 8064K, reserved 1048576K
GC Heap History (10 events):
Event: 3.947 GC heap before
{Heap before GC invocations=8 (full 0):
 PSYoungGen      total 74752K, used 74751K [0x00000000d5580000, 0x00000000deb80000, 0x0000000100000000)
  eden space 65536K, 100% used [0x00000000d5580000,0x00000000d9580000,0x00000000d9580000)
  from space 9216K, 99% used [0x00000000d9580000,0x00000000d9e7fe08,0x00000000d9e80000)
  to   space 11264K, 0% used [0x00000000de080000,0x00000000de080000,0x00000000deb80000)
 ParOldGen       total 87552K, used 7468K [0x0000000080000000, 0x0000000085580000, 0x00000000d5580000)
  object space 87552K, 8% used [0x0000000080000000,0x000000008074b178,0x0000000085580000)
 Metaspace       used 23594K, capacity 24792K, committed 25088K, reserved 1071104K
  class space    used 3214K, capacity 3492K, committed 3584K, reserved 1048576K
Event: 3.955 GC heap after
Heap after GC invocations=8 (full 0):
 PSYoungGen      total 142336K, used 7936K [0x00000000d5580000, 0x00000000deb80000, 0x0000000100000000)
  eden space 131072K, 0% used [0x00000000d5580000,0x00000000d5580000,0x00000000dd580000)
  from space 11264K, 70% used [0x00000000de080000,0x00000000de840238,0x00000000deb80000)
  to   space 11264K, 0% used [0x00000000dd580000,0x00000000dd580000,0x00000000de080000)
 ParOldGen       total 87552K, used 8849K [0x0000000080000000, 0x0000000085580000, 0x00000000d5580000)
  object space 87552K, 10% used [0x0000000080000000,0x00000000808a47b8,0x0000000085580000)
 Metaspace       used 23594K, capacity 24792K, committed 25088K, reserved 1071104K
  class space    used 3214K, capacity 3492K, committed 3584K, reserved 1048576K
}
Event: 5.908 GC heap before
{Heap before GC invocations=9 (full 0):
 PSYoungGen      total 142336K, used 139008K [0x00000000d5580000, 0x00000000deb80000, 0x0000000100000000)
  eden space 131072K, 100% used [0x00000000d5580000,0x00000000dd580000,0x00000000dd580000)
  from space 11264K, 70% used [0x00000000de080000,0x00000000de840238,0x00000000deb80000)
  to   space 11264K, 0% used [0x00000000dd580000,0x00000000dd580000,0x00000000de080000)
 ParOldGen       total 87552K, used 8849K [0x0000000080000000, 0x0000000085580000, 0x00000000d5580000)
  object space 87552K, 10% used [0x0000000080000000,0x00000000808a47b8,0x0000000085580000)
 Metaspace       used 30487K, capacity 32428K, committed 32768K, reserved 1077248K
  class space    used 4181K, capacity 4518K, committed 4608K, reserved 1048576K
Event: 5.924 GC heap after
Heap after GC invocations=9 (full 0):
 PSYoungGen      total 142336K, used 11252K [0x00000000d5580000, 0x00000000e3e80000, 0x0000000100000000)
  eden space 131072K, 0% used [0x00000000d5580000,0x00000000d5580000,0x00000000dd580000)
  from space 11264K, 99% used [0x00000000dd580000,0x00000000de07d0e0,0x00000000de080000)
  to   space 14336K, 0% used [0x00000000e3080000,0x00000000e3080000,0x00000000e3e80000)
 ParOldGen       total 87552K, used 13530K [0x0000000080000000, 0x0000000085580000, 0x00000000d5580000)
  object space 87552K, 15% used [0x0000000080000000,0x0000000080d36b30,0x0000000085580000)
 Metaspace       used 30487K, capacity 32428K, committed 32768K, reserved 1077248K
  class space    used 4181K, capacity 4518K, committed 4608K, reserved 1048576K
}
Event: 7.015 GC heap before
{Heap before GC invocations=10 (full 0):
 PSYoungGen      total 142336K, used 142324K [0x00000000d5580000, 0x00000000e3e80000, 0x0000000100000000)
  eden space 131072K, 100% used [0x00000000d5580000,0x00000000dd580000,0x00000000dd580000)
  from space 11264K, 99% used [0x00000000dd580000,0x00000000de07d0e0,0x00000000de080000)
  to   space 14336K, 0% used [0x00000000e3080000,0x00000000e3080000,0x00000000e3e80000)
 ParOldGen       total 87552K, used 13530K [0x0000000080000000, 0x0000000085580000, 0x00000000d5580000)
  object space 87552K, 15% used [0x0000000080000000,0x0000000080d36b30,0x0000000085580000)
 Metaspace       used 37959K, capacity 40628K, committed 40832K, reserved 1085440K
  class space    used 5214K, capacity 5690K, committed 5760K, reserved 1048576K
Event: 7.031 GC heap after
Heap after GC invocations=10 (full 0):
 PSYoungGen      total 221184K, used 14323K [0x00000000d5580000, 0x00000000e4480000, 0x0000000100000000)
  eden space 206848K, 0% used [0x00000000d5580000,0x00000000d5580000,0x00000000e1f80000)
  from space 14336K, 99% used [0x00000000e3080000,0x00000000e3e7cd88,0x00000000e3e80000)
  to   space 17408K, 0% used [0x00000000e1f80000,0x00000000e1f80000,0x00000000e3080000)
 ParOldGen       total 87552K, used 17141K [0x0000000080000000, 0x0000000085580000, 0x00000000d5580000)
  object space 87552K, 19% used [0x0000000080000000,0x00000000810bd438,0x0000000085580000)
 Metaspace       used 37959K, capacity 40628K, committed 40832K, reserved 1085440K
  class space    used 5214K, capacity 5690K, committed 5760K, reserved 1048576K
}
Event: 57.154 GC heap before
{Heap before GC invocations=11 (full 0):
 PSYoungGen      total 221184K, used 221171K [0x00000000d5580000, 0x00000000e4480000, 0x0000000100000000)
  eden space 206848K, 100% used [0x00000000d5580000,0x00000000e1f80000,0x00000000e1f80000)
  from space 14336K, 99% used [0x00000000e3080000,0x00000000e3e7cd88,0x00000000e3e80000)
  to   space 17408K, 0% used [0x00000000e1f80000,0x00000000e1f80000,0x00000000e3080000)
 ParOldGen       total 87552K, used 17141K [0x0000000080000000, 0x0000000085580000, 0x00000000d5580000)
  object space 87552K, 19% used [0x0000000080000000,0x00000000810bd438,0x0000000085580000)
 Metaspace       used 52805K, capacity 56406K, committed 56576K, reserved 1097728K
  class space    used 7207K, capacity 7829K, committed 7936K, reserved 1048576K
Event: 57.175 GC heap after
Heap after GC invocations=11 (full 0):
 PSYoungGen      total 224256K, used 17389K [0x00000000d5580000, 0x00000000ec700000, 0x0000000100000000)
  eden space 206848K, 0% used [0x00000000d5580000,0x00000000d5580000,0x00000000e1f80000)
  from space 17408K, 99% used [0x00000000e1f80000,0x00000000e307b670,0x00000000e3080000)
  to   space 23552K, 0% used [0x00000000eb000000,0x00000000eb000000,0x00000000ec700000)
 ParOldGen       total 87552K, used 28004K [0x0000000080000000, 0x0000000085580000, 0x00000000d5580000)
  object space 87552K, 31% used [0x0000000080000000,0x0000000081b59078,0x0000000085580000)
 Metaspace       used 52805K, capacity 56406K, committed 56576K, reserved 1097728K
  class space    used 7207K, capacity 7829K, committed 7936K, reserved 1048576K
}
Event: 60.133 GC heap before
{Heap before GC invocations=12 (full 0):
 PSYoungGen      total 224256K, used 224237K [0x00000000d5580000, 0x00000000ec700000, 0x0000000100000000)
  eden space 206848K, 100% used [0x00000000d5580000,0x00000000e1f80000,0x00000000e1f80000)
  from space 17408K, 99% used [0x00000000e1f80000,0x00000000e307b670,0x00000000e3080000)
  to   space 23552K, 0% used [0x00000000eb000000,0x00000000eb000000,0x00000000ec700000)
 ParOldGen       total 87552K, used 28004K [0x0000000080000000, 0x0000000085580000, 0x00000000d5580000)
  object space 87552K, 31% used [0x0000000080000000,0x0000000081b59078,0x0000000085580000)
 Metaspace       used 54325K, capacity 57970K, committed 58240K, reserved 1099776K
  class space    used 7398K, capacity 8029K, committed 8064K, reserved 1048576K
Event: 60.143 GC heap after
Heap after GC invocations=12 (full 0):
 PSYoungGen      total 354304K, used 2267K [0x00000000d5580000, 0x00000000ec800000, 0x0000000100000000)
  eden space 330752K, 0% used [0x00000000d5580000,0x00000000d5580000,0x00000000e9880000)
  from space 23552K, 9% used [0x00000000eb000000,0x00000000eb236ca8,0x00000000ec700000)
  to   space 24064K, 0% used [0x00000000e9880000,0x00000000e9880000,0x00000000eb000000)
 ParOldGen       total 87552K, used 39307K [0x0000000080000000, 0x0000000085580000, 0x00000000d5580000)
  object space 87552K, 44% used [0x0000000080000000,0x0000000082662ff0,0x0000000085580000)
 Metaspace       used 54325K, capacity 57970K, committed 58240K, reserved 1099776K
  class space    used 7398K, capacity 8029K, committed 8064K, reserved 1048576K
}

