# JRE version: Java(TM) SE Runtime Environment (8.0_201-b09) (build 1.8.0_201-b09)
# Java VM: Java HotSpot(TM) 64-Bit Server VM (25.201-b09 mixed mode windows-amd64 compressed oops)
Heap:
 PSYoungGen      total 313856K, used 263671K [0x00000000d5b80000, 0x00000000f2c80000, 0x0000000100000000)
  eden space 295424K, 89% used [0x00000000d5b80000,0x00000000e5cfde98,0x00000000e7c00000)
  from space 18432K, 0% used [0x00000000e7c00000,0x00000000e7c00000,0x00000000e8e00000)
  to   space 42496K, 0% used [0x00000000f0300000,0x00000000f0300000,0x00000000f2c80000)
 ParOldGen       total 154112K, used 54834K [0x0000000081200000, 0x000000008a880000, 0x00000000d5b80000)
  object space 154112K, 35% used [0x0000000081200000,0x000000008478c8b8,0x000000008a880000)
 Metaspace       used 54445K, capacity 58054K, committed 58624K, reserved 1099776K
  class space    used 7419K, capacity 8049K, committed 8192K, reserved 1048576K
GC Heap History (10 events):
Event: 4.884 GC heap before
{Heap before GC invocations=10 (full 1):
 PSYoungGen      total 226816K, used 37521K [0x00000000d5b80000, 0x00000000e4a80000, 0x0000000100000000)
  eden space 214528K, 11% used [0x00000000d5b80000,0x00000000d7425e88,0x00000000e2d00000)
  from space 12288K, 99% used [0x00000000e3e80000,0x00000000e4a7e880,0x00000000e4a80000)
  to   space 13824K, 0% used [0x00000000e2f80000,0x00000000e2f80000,0x00000000e3d00000)
 ParOldGen       total 56832K, used 10048K [0x0000000081200000, 0x0000000084980000, 0x00000000d5b80000)
  object space 56832K, 17% used [0x0000000081200000,0x0000000081bd0350,0x0000000084980000)
 Metaspace       used 33256K, capacity 35364K, committed 35416K, reserved 1079296K
  class space    used 4571K, capacity 4964K, committed 4992K, reserved 1048576K
Event: 4.889 GC heap after
Heap after GC invocations=10 (full 1):
 PSYoungGen      total 230912K, used 9369K [0x00000000d5b80000, 0x00000000e9b80000, 0x0000000100000000)
  eden space 217088K, 0% used [0x00000000d5b80000,0x00000000d5b80000,0x00000000e2f80000)
  from space 13824K, 67% used [0x00000000e2f80000,0x00000000e38a6410,0x00000000e3d00000)
  to   space 13824K, 0% used [0x00000000e8e00000,0x00000000e8e00000,0x00000000e9b80000)
 ParOldGen       total 56832K, used 10056K [0x0000000081200000, 0x0000000084980000, 0x00000000d5b80000)
  object space 56832K, 17% used [0x0000000081200000,0x0000000081bd2350,0x0000000084980000)
 Metaspace       used 33256K, capacity 35364K, committed 35416K, reserved 1079296K
  class space    used 4571K, capacity 4964K, committed 4992K, reserved 1048576K
}
Event: 4.889 GC heap before
{Heap before GC invocations=11 (full 2):
 PSYoungGen      total 230912K, used 9369K [0x00000000d5b80000, 0x00000000e9b80000, 0x0000000100000000)
  eden space 217088K, 0% used [0x00000000d5b80000,0x00000000d5b80000,0x00000000e2f80000)
  from space 13824K, 67% used [0x00000000e2f80000,0x00000000e38a6410,0x00000000e3d00000)
  to   space 13824K, 0% used [0x00000000e8e00000,0x00000000e8e00000,0x00000000e9b80000)
 ParOldGen       total 56832K, used 10056K [0x0000000081200000, 0x0000000084980000, 0x00000000d5b80000)
  object space 56832K, 17% used [0x0000000081200000,0x0000000081bd2350,0x0000000084980000)
 Metaspace       used 33256K, capacity 35364K, committed 35416K, reserved 1079296K
  class space    used 4571K, capacity 4964K, committed 4992K, reserved 1048576K
Event: 4.920 GC heap after
Heap after GC invocations=11 (full 2):
 PSYoungGen      total 230912K, used 0K [0x00000000d5b80000, 0x00000000e9b80000, 0x0000000100000000)
  eden space 217088K, 0% used [0x00000000d5b80000,0x00000000d5b80000,0x00000000e2f80000)
  from space 13824K, 0% used [0x00000000e2f80000,0x00000000e2f80000,0x00000000e3d00000)
  to   space 13824K, 0% used [0x00000000e8e00000,0x00000000e8e00000,0x00000000e9b80000)
 ParOldGen       total 78336K, used 15772K [0x0000000081200000, 0x0000000085e80000, 0x00000000d5b80000)
  object space 78336K, 20% used [0x0000000081200000,0x0000000082167188,0x0000000085e80000)
 Metaspace       used 33256K, capacity 35364K, committed 35416K, reserved 1079296K
  class space    used 4571K, capacity 4964K, committed 4992K, reserved 1048576K
}
Event: 7.940 GC heap before
{Heap before GC invocations=12 (full 2):
 PSYoungGen      total 230912K, used 216756K [0x00000000d5b80000, 0x00000000e9b80000, 0x0000000100000000)
  eden space 217088K, 99% used [0x00000000d5b80000,0x00000000e2f2d398,0x00000000e2f80000)
  from space 13824K, 0% used [0x00000000e2f80000,0x00000000e2f80000,0x00000000e3d00000)
  to   space 13824K, 0% used [0x00000000e8e00000,0x00000000e8e00000,0x00000000e9b80000)
 ParOldGen       total 78336K, used 15772K [0x0000000081200000, 0x0000000085e80000, 0x00000000d5b80000)
  object space 78336K, 20% used [0x0000000081200000,0x0000000082167188,0x0000000085e80000)
 Metaspace       used 46747K, capacity 49618K, committed 49792K, reserved 1091584K
  class space    used 6432K, capacity 6963K, committed 7040K, reserved 1048576K
Event: 7.961 GC heap after
Heap after GC invocations=12 (full 2):
 PSYoungGen      total 309248K, used 13801K [0x00000000d5b80000, 0x00000000ea180000, 0x0000000100000000)
  eden space 295424K, 0% used [0x00000000d5b80000,0x00000000d5b80000,0x00000000e7c00000)
  from space 13824K, 99% used [0x00000000e8e00000,0x00000000e9b7a430,0x00000000e9b80000)
  to   space 18432K, 0% used [0x00000000e7c00000,0x00000000e7c00000,0x00000000e8e00000)
 ParOldGen       total 78336K, used 24466K [0x0000000081200000, 0x0000000085e80000, 0x00000000d5b80000)
  object space 78336K, 31% used [0x0000000081200000,0x00000000829e4bf8,0x0000000085e80000)
 Metaspace       used 46747K, capacity 49618K, committed 49792K, reserved 1091584K
  class space    used 6432K, capacity 6963K, committed 7040K, reserved 1048576K
}
Event: 7247.931 GC heap before
{Heap before GC invocations=13 (full 2):
 PSYoungGen      total 309248K, used 309225K [0x00000000d5b80000, 0x00000000ea180000, 0x0000000100000000)
  eden space 295424K, 100% used [0x00000000d5b80000,0x00000000e7c00000,0x00000000e7c00000)
  from space 13824K, 99% used [0x00000000e8e00000,0x00000000e9b7a430,0x00000000e9b80000)
  to   space 18432K, 0% used [0x00000000e7c00000,0x00000000e7c00000,0x00000000e8e00000)
 ParOldGen       total 78336K, used 24466K [0x0000000081200000, 0x0000000085e80000, 0x00000000d5b80000)
  object space 78336K, 31% used [0x0000000081200000,0x00000000829e4bf8,0x0000000085e80000)
 Metaspace       used 54585K, capacity 58378K, committed 58624K, reserved 1099776K
  class space    used 7439K, capacity 8103K, committed 8192K, reserved 1048576K
Event: 7247.977 GC heap after
Heap after GC invocations=13 (full 2):
 PSYoungGen      total 313856K, used 18415K [0x00000000d5b80000, 0x00000000f2c80000, 0x0000000100000000)
  eden space 295424K, 0% used [0x00000000d5b80000,0x00000000d5b80000,0x00000000e7c00000)
  from space 18432K, 99% used [0x00000000e7c00000,0x00000000e8dfbe68,0x00000000e8e00000)
  to   space 42496K, 0% used [0x00000000f0300000,0x00000000f0300000,0x00000000f2c80000)
 ParOldGen       total 83456K, used 83094K [0x0000000081200000, 0x0000000086380000, 0x00000000d5b80000)
  object space 83456K, 99% used [0x0000000081200000,0x00000000863259b0,0x0000000086380000)
 Metaspace       used 54585K, capacity 58378K, committed 58624K, reserved 1099776K
  class space    used 7439K, capacity 8103K, committed 8192K, reserved 1048576K
}
Event: 7247.977 GC heap before
{Heap before GC invocations=14 (full 3):
 PSYoungGen      total 313856K, used 18415K [0x00000000d5b80000, 0x00000000f2c80000, 0x0000000100000000)
  eden space 295424K, 0% used [0x00000000d5b80000,0x00000000d5b80000,0x00000000e7c00000)
  from space 18432K, 99% used [0x00000000e7c00000,0x00000000e8dfbe68,0x00000000e8e00000)
  to   space 42496K, 0% used [0x00000000f0300000,0x00000000f0300000,0x00000000f2c80000)
 ParOldGen       total 83456K, used 83094K [0x0000000081200000, 0x0000000086380000, 0x00000000d5b80000)
  object space 83456K, 99% used [0x0000000081200000,0x00000000863259b0,0x0000000086380000)
 Metaspace       used 54585K, capacity 58378K, committed 58624K, reserved 1099776K
  class space    used 7439K, capacity 8103K, committed 8192K, reserved 1048576K
Event: 7248.108 GC heap after
Heap after GC invocations=14 (full 3):
 PSYoungGen      total 313856K, used 0K [0x00000000d5b80000, 0x00000000f2c80000, 0x0000000100000000)
  eden space 295424K, 0% used [0x00000000d5b80000,0x00000000d5b80000,0x00000000e7c00000)
  from space 18432K, 0% used [0x00000000e7c00000,0x00000000e7c00000,0x00000000e8e00000)
  to   space 42496K, 0% used [0x00000000f0300000,0x00000000f0300000,0x00000000f2c80000)
 ParOldGen       total 154112K, used 54834K [0x0000000081200000, 0x000000008a880000, 0x00000000d5b80000)
  object space 154112K, 35% used [0x0000000081200000,0x000000008478c8b8,0x000000008a880000)
 Metaspace       used 54289K, capacity 57818K, committed 58624K, reserved 1099776K
  class space    used 7381K, capacity 7999K, committed 8192K, reserved 1048576K
}

