# JRE version: Java(TM) SE Runtime Environment (8.0_201-b09) (build 1.8.0_201-b09)
# Java VM: Java HotSpot(TM) 64-Bit Server VM (25.201-b09 mixed mode windows-amd64 compressed oops)
Heap:
 PSYoungGen      total 391680K, used 100588K [0x00000000d5b80000, 0x00000000ef780000, 0x0000000100000000)
  eden space 377344K, 22% used [0x00000000d5b80000,0x00000000db02e508,0x00000000ecc00000)
  from space 14336K, 96% used [0x00000000ee980000,0x00000000ef70cc00,0x00000000ef780000)
  to   space 18432K, 0% used [0x00000000ed380000,0x00000000ed380000,0x00000000ee580000)
 ParOldGen       total 77824K, used 37174K [0x0000000081200000, 0x0000000085e00000, 0x00000000d5b80000)
  object space 77824K, 47% used [0x0000000081200000,0x000000008364dbd8,0x0000000085e00000)
 Metaspace       used 54575K, capacity 58214K, committed 58328K, reserved 1099776K
  class space    used 7450K, capacity 8107K, committed 8192K, reserved 1048576K
GC Heap History (10 events):
Event: 3.828 GC heap before
{Heap before GC invocations=10 (full 1):
 PSYoungGen      total 226816K, used 34079K [0x00000000d5b80000, 0x00000000e4a00000, 0x0000000100000000)
  eden space 214528K, 10% used [0x00000000d5b80000,0x00000000d70ce550,0x00000000e2d00000)
  from space 12288K, 99% used [0x00000000e3e00000,0x00000000e49f9880,0x00000000e4a00000)
  to   space 13824K, 0% used [0x00000000e2f00000,0x00000000e2f00000,0x00000000e3c80000)
 ParOldGen       total 56832K, used 10405K [0x0000000081200000, 0x0000000084980000, 0x00000000d5b80000)
  object space 56832K, 18% used [0x0000000081200000,0x0000000081c29680,0x0000000084980000)
 Metaspace       used 33204K, capacity 35336K, committed 35416K, reserved 1079296K
  class space    used 4568K, capacity 4962K, committed 4992K, reserved 1048576K
Event: 3.833 GC heap after
Heap after GC invocations=10 (full 1):
 PSYoungGen      total 230400K, used 9116K [0x00000000d5b80000, 0x00000000e9d80000, 0x0000000100000000)
  eden space 216576K, 0% used [0x00000000d5b80000,0x00000000d5b80000,0x00000000e2f00000)
  from space 13824K, 65% used [0x00000000e2f00000,0x00000000e37e7220,0x00000000e3c80000)
  to   space 13824K, 0% used [0x00000000e9000000,0x00000000e9000000,0x00000000e9d80000)
 ParOldGen       total 56832K, used 10413K [0x0000000081200000, 0x0000000084980000, 0x00000000d5b80000)
  object space 56832K, 18% used [0x0000000081200000,0x0000000081c2b680,0x0000000084980000)
 Metaspace       used 33204K, capacity 35336K, committed 35416K, reserved 1079296K
  class space    used 4568K, capacity 4962K, committed 4992K, reserved 1048576K
}
Event: 3.833 GC heap before
{Heap before GC invocations=11 (full 2):
 PSYoungGen      total 230400K, used 9116K [0x00000000d5b80000, 0x00000000e9d80000, 0x0000000100000000)
  eden space 216576K, 0% used [0x00000000d5b80000,0x00000000d5b80000,0x00000000e2f00000)
  from space 13824K, 65% used [0x00000000e2f00000,0x00000000e37e7220,0x00000000e3c80000)
  to   space 13824K, 0% used [0x00000000e9000000,0x00000000e9000000,0x00000000e9d80000)
 ParOldGen       total 56832K, used 10413K [0x0000000081200000, 0x0000000084980000, 0x00000000d5b80000)
  object space 56832K, 18% used [0x0000000081200000,0x0000000081c2b680,0x0000000084980000)
 Metaspace       used 33204K, capacity 35336K, committed 35416K, reserved 1079296K
  class space    used 4568K, capacity 4962K, committed 4992K, reserved 1048576K
Event: 3.861 GC heap after
Heap after GC invocations=11 (full 2):
 PSYoungGen      total 230400K, used 0K [0x00000000d5b80000, 0x00000000e9d80000, 0x0000000100000000)
  eden space 216576K, 0% used [0x00000000d5b80000,0x00000000d5b80000,0x00000000e2f00000)
  from space 13824K, 0% used [0x00000000e2f00000,0x00000000e2f00000,0x00000000e3c80000)
  to   space 13824K, 0% used [0x00000000e9000000,0x00000000e9000000,0x00000000e9d80000)
 ParOldGen       total 77824K, used 15145K [0x0000000081200000, 0x0000000085e00000, 0x00000000d5b80000)
  object space 77824K, 19% used [0x0000000081200000,0x00000000820ca5e8,0x0000000085e00000)
 Metaspace       used 33204K, capacity 35336K, committed 35416K, reserved 1079296K
  class space    used 4568K, capacity 4962K, committed 4992K, reserved 1048576K
}
Event: 6.531 GC heap before
{Heap before GC invocations=12 (full 2):
 PSYoungGen      total 230400K, used 216576K [0x00000000d5b80000, 0x00000000e9d80000, 0x0000000100000000)
  eden space 216576K, 100% used [0x00000000d5b80000,0x00000000e2f00000,0x00000000e2f00000)
  from space 13824K, 0% used [0x00000000e2f00000,0x00000000e2f00000,0x00000000e3c80000)
  to   space 13824K, 0% used [0x00000000e9000000,0x00000000e9000000,0x00000000e9d80000)
 ParOldGen       total 77824K, used 15145K [0x0000000081200000, 0x0000000085e00000, 0x00000000d5b80000)
  object space 77824K, 19% used [0x0000000081200000,0x00000000820ca5e8,0x0000000085e00000)
 Metaspace       used 47042K, capacity 50294K, committed 50392K, reserved 1093632K
  class space    used 6538K, capacity 7115K, committed 7168K, reserved 1048576K
Event: 6.544 GC heap after
Heap after GC invocations=12 (full 2):
 PSYoungGen      total 308736K, used 13793K [0x00000000d5b80000, 0x00000000e9d80000, 0x0000000100000000)
  eden space 294912K, 0% used [0x00000000d5b80000,0x00000000d5b80000,0x00000000e7b80000)
  from space 13824K, 99% used [0x00000000e9000000,0x00000000e9d785e8,0x00000000e9d80000)
  to   space 17408K, 0% used [0x00000000e7b80000,0x00000000e7b80000,0x00000000e8c80000)
 ParOldGen       total 77824K, used 20983K [0x0000000081200000, 0x0000000085e00000, 0x00000000d5b80000)
  object space 77824K, 26% used [0x0000000081200000,0x000000008267dcc0,0x0000000085e00000)
 Metaspace       used 47042K, capacity 50294K, committed 50392K, reserved 1093632K
  class space    used 6538K, capacity 7115K, committed 7168K, reserved 1048576K
}
Event: 18.713 GC heap before
{Heap before GC invocations=13 (full 2):
 PSYoungGen      total 308736K, used 308705K [0x00000000d5b80000, 0x00000000e9d80000, 0x0000000100000000)
  eden space 294912K, 100% used [0x00000000d5b80000,0x00000000e7b80000,0x00000000e7b80000)
  from space 13824K, 99% used [0x00000000e9000000,0x00000000e9d785e8,0x00000000e9d80000)
  to   space 17408K, 0% used [0x00000000e7b80000,0x00000000e7b80000,0x00000000e8c80000)
 ParOldGen       total 77824K, used 20983K [0x0000000081200000, 0x0000000085e00000, 0x00000000d5b80000)
  object space 77824K, 26% used [0x0000000081200000,0x000000008267dcc0,0x0000000085e00000)
 Metaspace       used 54223K, capacity 57820K, committed 57944K, reserved 1099776K
  class space    used 7393K, capacity 8028K, committed 8064K, reserved 1048576K
Event: 18.727 GC heap after
Heap after GC invocations=13 (full 2):
 PSYoungGen      total 312320K, used 12516K [0x00000000d5b80000, 0x00000000efb00000, 0x0000000100000000)
  eden space 294912K, 0% used [0x00000000d5b80000,0x00000000d5b80000,0x00000000e7b80000)
  from space 17408K, 71% used [0x00000000e7b80000,0x00000000e87b9380,0x00000000e8c80000)
  to   space 17920K, 0% used [0x00000000ee980000,0x00000000ee980000,0x00000000efb00000)
 ParOldGen       total 77824K, used 30187K [0x0000000081200000, 0x0000000085e00000, 0x00000000d5b80000)
  object space 77824K, 38% used [0x0000000081200000,0x0000000082f7ac40,0x0000000085e00000)
 Metaspace       used 54223K, capacity 57820K, committed 57944K, reserved 1099776K
  class space    used 7393K, capacity 8028K, committed 8064K, reserved 1048576K
}
Event: 38.205 GC heap before
{Heap before GC invocations=14 (full 2):
 PSYoungGen      total 312320K, used 307428K [0x00000000d5b80000, 0x00000000efb00000, 0x0000000100000000)
  eden space 294912K, 100% used [0x00000000d5b80000,0x00000000e7b80000,0x00000000e7b80000)
  from space 17408K, 71% used [0x00000000e7b80000,0x00000000e87b9380,0x00000000e8c80000)
  to   space 17920K, 0% used [0x00000000ee980000,0x00000000ee980000,0x00000000efb00000)
 ParOldGen       total 77824K, used 30187K [0x0000000081200000, 0x0000000085e00000, 0x00000000d5b80000)
  object space 77824K, 38% used [0x0000000081200000,0x0000000082f7ac40,0x0000000085e00000)
 Metaspace       used 54561K, capacity 58214K, committed 58328K, reserved 1099776K
  class space    used 7450K, capacity 8107K, committed 8192K, reserved 1048576K
Event: 38.214 GC heap after
Heap after GC invocations=14 (full 2):
 PSYoungGen      total 391680K, used 13875K [0x00000000d5b80000, 0x00000000ef780000, 0x0000000100000000)
  eden space 377344K, 0% used [0x00000000d5b80000,0x00000000d5b80000,0x00000000ecc00000)
  from space 14336K, 96% used [0x00000000ee980000,0x00000000ef70cc00,0x00000000ef780000)
  to   space 18432K, 0% used [0x00000000ed380000,0x00000000ed380000,0x00000000ee580000)
 ParOldGen       total 77824K, used 37174K [0x0000000081200000, 0x0000000085e00000, 0x00000000d5b80000)
  object space 77824K, 47% used [0x0000000081200000,0x000000008364dbd8,0x0000000085e00000)
 Metaspace       used 54561K, capacity 58214K, committed 58328K, reserved 1099776K
  class space    used 7450K, capacity 8107K, committed 8192K, reserved 1048576K
}

