# JRE version: Java(TM) SE Runtime Environment (8.0_201-b09) (build 1.8.0_201-b09)
# Java VM: Java HotSpot(TM) 64-Bit Server VM (25.201-b09 mixed mode windows-amd64 compressed oops)
Heap:
 PSYoungGen      total 262656K, used 51189K [0x00000000d5b80000, 0x00000000e7f80000, 0x0000000100000000)
  eden space 243200K, 13% used [0x00000000d5b80000,0x00000000d7a82e90,0x00000000e4900000)
  from space 19456K, 99% used [0x00000000e6380000,0x00000000e767a8a0,0x00000000e7680000)
  to   space 27136K, 0% used [0x00000000e4900000,0x00000000e4900000,0x00000000e6380000)
 ParOldGen       total 123392K, used 54331K [0x0000000081200000, 0x0000000088a80000, 0x00000000d5b80000)
  object space 123392K, 44% used [0x0000000081200000,0x000000008470eed0,0x0000000088a80000)
 Metaspace       used 55730K, capacity 59460K, committed 59736K, reserved 1101824K
  class space    used 7631K, capacity 8287K, committed 8320K, reserved 1048576K
GC Heap History (10 events):
Event: 6.256 GC heap before
{Heap before GC invocations=13 (full 2):
 PSYoungGen      total 172544K, used 162304K [0x00000000d5b80000, 0x00000000e1000000, 0x0000000100000000)
  eden space 162304K, 100% used [0x00000000d5b80000,0x00000000dfa00000,0x00000000dfa00000)
  from space 10240K, 0% used [0x00000000e0480000,0x00000000e0480000,0x00000000e0e80000)
  to   space 10752K, 0% used [0x00000000dfa00000,0x00000000dfa00000,0x00000000e0480000)
 ParOldGen       total 81920K, used 16461K [0x0000000081200000, 0x0000000086200000, 0x00000000d5b80000)
  object space 81920K, 20% used [0x0000000081200000,0x0000000082213408,0x0000000086200000)
 Metaspace       used 42051K, capacity 44994K, committed 45272K, reserved 1087488K
  class space    used 5818K, capacity 6340K, committed 6400K, reserved 1048576K
Event: 6.265 GC heap after
Heap after GC invocations=13 (full 2):
 PSYoungGen      total 173056K, used 10725K [0x00000000d5b80000, 0x00000000e4180000, 0x0000000100000000)
  eden space 162304K, 0% used [0x00000000d5b80000,0x00000000d5b80000,0x00000000dfa00000)
  from space 10752K, 99% used [0x00000000dfa00000,0x00000000e04794b8,0x00000000e0480000)
  to   space 12800K, 0% used [0x00000000e3500000,0x00000000e3500000,0x00000000e4180000)
 ParOldGen       total 81920K, used 19761K [0x0000000081200000, 0x0000000086200000, 0x00000000d5b80000)
  object space 81920K, 24% used [0x0000000081200000,0x000000008254c440,0x0000000086200000)
 Metaspace       used 42051K, capacity 44994K, committed 45272K, reserved 1087488K
  class space    used 5818K, capacity 6340K, committed 6400K, reserved 1048576K
}
Event: 17.482 GC heap before
{Heap before GC invocations=14 (full 2):
 PSYoungGen      total 173056K, used 170209K [0x00000000d5b80000, 0x00000000e4180000, 0x0000000100000000)
  eden space 162304K, 98% used [0x00000000d5b80000,0x00000000df73f198,0x00000000dfa00000)
  from space 10752K, 99% used [0x00000000dfa00000,0x00000000e04794b8,0x00000000e0480000)
  to   space 12800K, 0% used [0x00000000e3500000,0x00000000e3500000,0x00000000e4180000)
 ParOldGen       total 81920K, used 19761K [0x0000000081200000, 0x0000000086200000, 0x00000000d5b80000)
  object space 81920K, 24% used [0x0000000081200000,0x000000008254c440,0x0000000086200000)
 Metaspace       used 55073K, capacity 58770K, committed 58968K, reserved 1099776K
  class space    used 7524K, capacity 8200K, committed 8320K, reserved 1048576K
Event: 17.499 GC heap after
Heap after GC invocations=14 (full 2):
 PSYoungGen      total 216064K, used 12787K [0x00000000d5b80000, 0x00000000e4500000, 0x0000000100000000)
  eden space 203264K, 0% used [0x00000000d5b80000,0x00000000d5b80000,0x00000000e2200000)
  from space 12800K, 99% used [0x00000000e3500000,0x00000000e417ce10,0x00000000e4180000)
  to   space 17920K, 0% used [0x00000000e2200000,0x00000000e2200000,0x00000000e3380000)
 ParOldGen       total 81920K, used 30249K [0x0000000081200000, 0x0000000086200000, 0x00000000d5b80000)
  object space 81920K, 36% used [0x0000000081200000,0x0000000082f8a4e8,0x0000000086200000)
 Metaspace       used 55073K, capacity 58770K, committed 58968K, reserved 1099776K
  class space    used 7524K, capacity 8200K, committed 8320K, reserved 1048576K
}
Event: 17.499 GC heap before
{Heap before GC invocations=15 (full 3):
 PSYoungGen      total 216064K, used 12787K [0x00000000d5b80000, 0x00000000e4500000, 0x0000000100000000)
  eden space 203264K, 0% used [0x00000000d5b80000,0x00000000d5b80000,0x00000000e2200000)
  from space 12800K, 99% used [0x00000000e3500000,0x00000000e417ce10,0x00000000e4180000)
  to   space 17920K, 0% used [0x00000000e2200000,0x00000000e2200000,0x00000000e3380000)
 ParOldGen       total 81920K, used 30249K [0x0000000081200000, 0x0000000086200000, 0x00000000d5b80000)
  object space 81920K, 36% used [0x0000000081200000,0x0000000082f8a4e8,0x0000000086200000)
 Metaspace       used 55073K, capacity 58770K, committed 58968K, reserved 1099776K
  class space    used 7524K, capacity 8200K, committed 8320K, reserved 1048576K
Event: 17.633 GC heap after
Heap after GC invocations=15 (full 3):
 PSYoungGen      total 216064K, used 0K [0x00000000d5b80000, 0x00000000e4500000, 0x0000000100000000)
  eden space 203264K, 0% used [0x00000000d5b80000,0x00000000d5b80000,0x00000000e2200000)
  from space 12800K, 0% used [0x00000000e3500000,0x00000000e3500000,0x00000000e4180000)
  to   space 17920K, 0% used [0x00000000e2200000,0x00000000e2200000,0x00000000e3380000)
 ParOldGen       total 123392K, used 34302K [0x0000000081200000, 0x0000000088a80000, 0x00000000d5b80000)
  object space 123392K, 27% used [0x0000000081200000,0x000000008337f848,0x0000000088a80000)
 Metaspace       used 55064K, capacity 58752K, committed 58968K, reserved 1099776K
  class space    used 7522K, capacity 8197K, committed 8320K, reserved 1048576K
}
Event: 30.992 GC heap before
{Heap before GC invocations=16 (full 3):
 PSYoungGen      total 216064K, used 203264K [0x00000000d5b80000, 0x00000000e4500000, 0x0000000100000000)
  eden space 203264K, 100% used [0x00000000d5b80000,0x00000000e2200000,0x00000000e2200000)
  from space 12800K, 0% used [0x00000000e3500000,0x00000000e3500000,0x00000000e4180000)
  to   space 17920K, 0% used [0x00000000e2200000,0x00000000e2200000,0x00000000e3380000)
 ParOldGen       total 123392K, used 34302K [0x0000000081200000, 0x0000000088a80000, 0x00000000d5b80000)
  object space 123392K, 27% used [0x0000000081200000,0x000000008337f848,0x0000000088a80000)
 Metaspace       used 55522K, capacity 59192K, committed 59480K, reserved 1099776K
  class space    used 7584K, capacity 8235K, committed 8320K, reserved 1048576K
Event: 30.998 GC heap after
Heap after GC invocations=16 (full 3):
 PSYoungGen      total 221184K, used 15518K [0x00000000d5b80000, 0x00000000e7680000, 0x0000000100000000)
  eden space 203264K, 0% used [0x00000000d5b80000,0x00000000d5b80000,0x00000000e2200000)
  from space 17920K, 86% used [0x00000000e2200000,0x00000000e31278b0,0x00000000e3380000)
  to   space 19456K, 0% used [0x00000000e6380000,0x00000000e6380000,0x00000000e7680000)
 ParOldGen       total 123392K, used 40702K [0x0000000081200000, 0x0000000088a80000, 0x00000000d5b80000)
  object space 123392K, 32% used [0x0000000081200000,0x00000000839bfa60,0x0000000088a80000)
 Metaspace       used 55522K, capacity 59192K, committed 59480K, reserved 1099776K
  class space    used 7584K, capacity 8235K, committed 8320K, reserved 1048576K
}
Event: 36.434 GC heap before
{Heap before GC invocations=17 (full 3):
 PSYoungGen      total 221184K, used 218782K [0x00000000d5b80000, 0x00000000e7680000, 0x0000000100000000)
  eden space 203264K, 100% used [0x00000000d5b80000,0x00000000e2200000,0x00000000e2200000)
  from space 17920K, 86% used [0x00000000e2200000,0x00000000e31278b0,0x00000000e3380000)
  to   space 19456K, 0% used [0x00000000e6380000,0x00000000e6380000,0x00000000e7680000)
 ParOldGen       total 123392K, used 40702K [0x0000000081200000, 0x0000000088a80000, 0x00000000d5b80000)
  object space 123392K, 32% used [0x0000000081200000,0x00000000839bfa60,0x0000000088a80000)
 Metaspace       used 55626K, capacity 59390K, committed 59480K, reserved 1099776K
  class space    used 7614K, capacity 8286K, committed 8320K, reserved 1048576K
Event: 36.444 GC heap after
Heap after GC invocations=17 (full 3):
 PSYoungGen      total 262656K, used 19434K [0x00000000d5b80000, 0x00000000e7f80000, 0x0000000100000000)
  eden space 243200K, 0% used [0x00000000d5b80000,0x00000000d5b80000,0x00000000e4900000)
  from space 19456K, 99% used [0x00000000e6380000,0x00000000e767a8a0,0x00000000e7680000)
  to   space 27136K, 0% used [0x00000000e4900000,0x00000000e4900000,0x00000000e6380000)
 ParOldGen       total 123392K, used 54331K [0x0000000081200000, 0x0000000088a80000, 0x00000000d5b80000)
  object space 123392K, 44% used [0x0000000081200000,0x000000008470eed0,0x0000000088a80000)
 Metaspace       used 55626K, capacity 59390K, committed 59480K, reserved 1099776K
  class space    used 7614K, capacity 8286K, committed 8320K, reserved 1048576K
}

