# JRE version: Java(TM) SE Runtime Environment (8.0_201-b09) (build 1.8.0_201-b09)
# Java VM: Java HotSpot(TM) 64-Bit Server VM (25.201-b09 mixed mode windows-amd64 compressed oops)
Heap:
 PSYoungGen      total 240128K, used 28974K [0x00000000d5b80000, 0x00000000e6e80000, 0x0000000100000000)
  eden space 226816K, 6% used [0x00000000d5b80000,0x00000000d6acdc20,0x00000000e3900000)
  from space 13312K, 99% used [0x00000000e5180000,0x00000000e5e7de70,0x00000000e5e80000)
  to   space 25088K, 0% used [0x00000000e3900000,0x00000000e3900000,0x00000000e5180000)
 ParOldGen       total 74240K, used 48764K [0x0000000081200000, 0x0000000085a80000, 0x00000000d5b80000)
  object space 74240K, 65% used [0x0000000081200000,0x000000008419f118,0x0000000085a80000)
 Metaspace       used 54469K, capacity 58132K, committed 58328K, reserved 1099776K
  class space    used 7471K, capacity 8141K, committed 8192K, reserved 1048576K
GC Heap History (10 events):
Event: 6.215 GC heap before
{Heap before GC invocations=10 (full 1):
 PSYoungGen      total 128512K, used 126868K [0x00000000d5b80000, 0x00000000de100000, 0x0000000100000000)
  eden space 120320K, 100% used [0x00000000d5b80000,0x00000000dd100000,0x00000000dd100000)
  from space 8192K, 79% used [0x00000000dd900000,0x00000000ddf65300,0x00000000de100000)
  to   space 8192K, 0% used [0x00000000dd100000,0x00000000dd100000,0x00000000dd900000)
 ParOldGen       total 49664K, used 7158K [0x0000000081200000, 0x0000000084280000, 0x00000000d5b80000)
  object space 49664K, 14% used [0x0000000081200000,0x00000000818fd8d0,0x0000000084280000)
 Metaspace       used 30499K, capacity 32148K, committed 32256K, reserved 1077248K
  class space    used 4227K, capacity 4558K, committed 4608K, reserved 1048576K
Event: 6.229 GC heap after
Heap after GC invocations=10 (full 1):
 PSYoungGen      total 128512K, used 8179K [0x00000000d5b80000, 0x00000000e1d00000, 0x0000000100000000)
  eden space 120320K, 0% used [0x00000000d5b80000,0x00000000d5b80000,0x00000000dd100000)
  from space 8192K, 99% used [0x00000000dd100000,0x00000000dd8fccd0,0x00000000dd900000)
  to   space 10752K, 0% used [0x00000000e1280000,0x00000000e1280000,0x00000000e1d00000)
 ParOldGen       total 49664K, used 11590K [0x0000000081200000, 0x0000000084280000, 0x00000000d5b80000)
  object space 49664K, 23% used [0x0000000081200000,0x0000000081d51bc8,0x0000000084280000)
 Metaspace       used 30499K, capacity 32148K, committed 32256K, reserved 1077248K
  class space    used 4227K, capacity 4558K, committed 4608K, reserved 1048576K
}
Event: 6.727 GC heap before
{Heap before GC invocations=11 (full 1):
 PSYoungGen      total 128512K, used 76247K [0x00000000d5b80000, 0x00000000e1d00000, 0x0000000100000000)
  eden space 120320K, 56% used [0x00000000d5b80000,0x00000000d9df9018,0x00000000dd100000)
  from space 8192K, 99% used [0x00000000dd100000,0x00000000dd8fccd0,0x00000000dd900000)
  to   space 10752K, 0% used [0x00000000e1280000,0x00000000e1280000,0x00000000e1d00000)
 ParOldGen       total 49664K, used 11590K [0x0000000081200000, 0x0000000084280000, 0x00000000d5b80000)
  object space 49664K, 23% used [0x0000000081200000,0x0000000081d51bc8,0x0000000084280000)
 Metaspace       used 33270K, capacity 35336K, committed 35416K, reserved 1079296K
  class space    used 4583K, capacity 4960K, committed 4992K, reserved 1048576K
Event: 6.736 GC heap after
Heap after GC invocations=11 (full 1):
 PSYoungGen      total 185344K, used 7895K [0x00000000d5b80000, 0x00000000e1c00000, 0x0000000100000000)
  eden space 175616K, 0% used [0x00000000d5b80000,0x00000000d5b80000,0x00000000e0700000)
  from space 9728K, 81% used [0x00000000e1280000,0x00000000e1a35ed8,0x00000000e1c00000)
  to   space 10752K, 0% used [0x00000000e0700000,0x00000000e0700000,0x00000000e1180000)
 ParOldGen       total 49664K, used 14230K [0x0000000081200000, 0x0000000084280000, 0x00000000d5b80000)
  object space 49664K, 28% used [0x0000000081200000,0x0000000081fe5a50,0x0000000084280000)
 Metaspace       used 33270K, capacity 35336K, committed 35416K, reserved 1079296K
  class space    used 4583K, capacity 4960K, committed 4992K, reserved 1048576K
}
Event: 6.736 GC heap before
{Heap before GC invocations=12 (full 2):
 PSYoungGen      total 185344K, used 7895K [0x00000000d5b80000, 0x00000000e1c00000, 0x0000000100000000)
  eden space 175616K, 0% used [0x00000000d5b80000,0x00000000d5b80000,0x00000000e0700000)
  from space 9728K, 81% used [0x00000000e1280000,0x00000000e1a35ed8,0x00000000e1c00000)
  to   space 10752K, 0% used [0x00000000e0700000,0x00000000e0700000,0x00000000e1180000)
 ParOldGen       total 49664K, used 14230K [0x0000000081200000, 0x0000000084280000, 0x00000000d5b80000)
  object space 49664K, 28% used [0x0000000081200000,0x0000000081fe5a50,0x0000000084280000)
 Metaspace       used 33270K, capacity 35336K, committed 35416K, reserved 1079296K
  class space    used 4583K, capacity 4960K, committed 4992K, reserved 1048576K
Event: 6.790 GC heap after
Heap after GC invocations=12 (full 2):
 PSYoungGen      total 185344K, used 0K [0x00000000d5b80000, 0x00000000e1c00000, 0x0000000100000000)
  eden space 175616K, 0% used [0x00000000d5b80000,0x00000000d5b80000,0x00000000e0700000)
  from space 9728K, 0% used [0x00000000e1280000,0x00000000e1280000,0x00000000e1c00000)
  to   space 10752K, 0% used [0x00000000e0700000,0x00000000e0700000,0x00000000e1180000)
 ParOldGen       total 74240K, used 16163K [0x0000000081200000, 0x0000000085a80000, 0x00000000d5b80000)
  object space 74240K, 21% used [0x0000000081200000,0x00000000821c8f70,0x0000000085a80000)
 Metaspace       used 33270K, capacity 35336K, committed 35416K, reserved 1079296K
  class space    used 4583K, capacity 4960K, committed 4992K, reserved 1048576K
}
Event: 9.545 GC heap before
{Heap before GC invocations=13 (full 2):
 PSYoungGen      total 185344K, used 175616K [0x00000000d5b80000, 0x00000000e1c00000, 0x0000000100000000)
  eden space 175616K, 100% used [0x00000000d5b80000,0x00000000e0700000,0x00000000e0700000)
  from space 9728K, 0% used [0x00000000e1280000,0x00000000e1280000,0x00000000e1c00000)
  to   space 10752K, 0% used [0x00000000e0700000,0x00000000e0700000,0x00000000e1180000)
 ParOldGen       total 74240K, used 16163K [0x0000000081200000, 0x0000000085a80000, 0x00000000d5b80000)
  object space 74240K, 21% used [0x0000000081200000,0x00000000821c8f70,0x0000000085a80000)
 Metaspace       used 42859K, capacity 45794K, committed 45912K, reserved 1089536K
  class space    used 5922K, capacity 6474K, committed 6528K, reserved 1048576K
Event: 9.560 GC heap after
Heap after GC invocations=13 (full 2):
 PSYoungGen      total 186368K, used 10736K [0x00000000d5b80000, 0x00000000e5e80000, 0x0000000100000000)
  eden space 175616K, 0% used [0x00000000d5b80000,0x00000000d5b80000,0x00000000e0700000)
  from space 10752K, 99% used [0x00000000e0700000,0x00000000e117c1e0,0x00000000e1180000)
  to   space 13312K, 0% used [0x00000000e5180000,0x00000000e5180000,0x00000000e5e80000)
 ParOldGen       total 74240K, used 20921K [0x0000000081200000, 0x0000000085a80000, 0x00000000d5b80000)
  object space 74240K, 28% used [0x0000000081200000,0x000000008266e408,0x0000000085a80000)
 Metaspace       used 42859K, capacity 45794K, committed 45912K, reserved 1089536K
  class space    used 5922K, capacity 6474K, committed 6528K, reserved 1048576K
}
Event: 80.599 GC heap before
{Heap before GC invocations=14 (full 2):
 PSYoungGen      total 186368K, used 186352K [0x00000000d5b80000, 0x00000000e5e80000, 0x0000000100000000)
  eden space 175616K, 100% used [0x00000000d5b80000,0x00000000e0700000,0x00000000e0700000)
  from space 10752K, 99% used [0x00000000e0700000,0x00000000e117c1e0,0x00000000e1180000)
  to   space 13312K, 0% used [0x00000000e5180000,0x00000000e5180000,0x00000000e5e80000)
 ParOldGen       total 74240K, used 20921K [0x0000000081200000, 0x0000000085a80000, 0x00000000d5b80000)
  object space 74240K, 28% used [0x0000000081200000,0x000000008266e408,0x0000000085a80000)
 Metaspace       used 54453K, capacity 58132K, committed 58328K, reserved 1099776K
  class space    used 7466K, capacity 8141K, committed 8192K, reserved 1048576K
Event: 80.637 GC heap after
Heap after GC invocations=14 (full 2):
 PSYoungGen      total 240128K, used 13303K [0x00000000d5b80000, 0x00000000e6e80000, 0x0000000100000000)
  eden space 226816K, 0% used [0x00000000d5b80000,0x00000000d5b80000,0x00000000e3900000)
  from space 13312K, 99% used [0x00000000e5180000,0x00000000e5e7de70,0x00000000e5e80000)
  to   space 25088K, 0% used [0x00000000e3900000,0x00000000e3900000,0x00000000e5180000)
 ParOldGen       total 74240K, used 48764K [0x0000000081200000, 0x0000000085a80000, 0x00000000d5b80000)
  object space 74240K, 65% used [0x0000000081200000,0x000000008419f118,0x0000000085a80000)
 Metaspace       used 54453K, capacity 58132K, committed 58328K, reserved 1099776K
  class space    used 7466K, capacity 8141K, committed 8192K, reserved 1048576K
}

