# JRE version: Java(TM) SE Runtime Environment (8.0_201-b09) (build 1.8.0_201-b09)
# Java VM: Java HotSpot(TM) 64-Bit Server VM (25.201-b09 mixed mode windows-amd64 compressed oops)
Heap:
 PSYoungGen      total 290816K, used 76283K [0x00000000d5b80000, 0x00000000e9200000, 0x0000000100000000)
  eden space 275456K, 22% used [0x00000000d5b80000,0x00000000d974cf68,0x00000000e6880000)
  from space 15360K, 97% used [0x00000000e8300000,0x00000000e91b2020,0x00000000e9200000)
  to   space 20992K, 0% used [0x00000000e6900000,0x00000000e6900000,0x00000000e7d80000)
 ParOldGen       total 114688K, used 47019K [0x0000000081200000, 0x0000000088200000, 0x00000000d5b80000)
  object space 114688K, 40% used [0x0000000081200000,0x0000000083fead18,0x0000000088200000)
 Metaspace       used 55711K, capacity 59488K, committed 59736K, reserved 1101824K
  class space    used 7629K, capacity 8281K, committed 8320K, reserved 1048576K
GC Heap History (10 events):
Event: 6.635 GC heap before
{Heap before GC invocations=13 (full 2):
 PSYoungGen      total 182784K, used 172544K [0x00000000d5b80000, 0x00000000e1900000, 0x0000000100000000)
  eden space 172544K, 100% used [0x00000000d5b80000,0x00000000e0400000,0x00000000e0400000)
  from space 10240K, 0% used [0x00000000e0f00000,0x00000000e0f00000,0x00000000e1900000)
  to   space 10752K, 0% used [0x00000000e0400000,0x00000000e0400000,0x00000000e0e80000)
 ParOldGen       total 76800K, used 16179K [0x0000000081200000, 0x0000000085d00000, 0x00000000d5b80000)
  object space 76800K, 21% used [0x0000000081200000,0x00000000821ccde0,0x0000000085d00000)
 Metaspace       used 42199K, capacity 45090K, committed 45272K, reserved 1087488K
  class space    used 5849K, capacity 6372K, committed 6400K, reserved 1048576K
Event: 6.646 GC heap after
Heap after GC invocations=13 (full 2):
 PSYoungGen      total 183296K, used 10731K [0x00000000d5b80000, 0x00000000e5300000, 0x0000000100000000)
  eden space 172544K, 0% used [0x00000000d5b80000,0x00000000d5b80000,0x00000000e0400000)
  from space 10752K, 99% used [0x00000000e0400000,0x00000000e0e7ad98,0x00000000e0e80000)
  to   space 12800K, 0% used [0x00000000e4680000,0x00000000e4680000,0x00000000e5300000)
 ParOldGen       total 76800K, used 19808K [0x0000000081200000, 0x0000000085d00000, 0x00000000d5b80000)
  object space 76800K, 25% used [0x0000000081200000,0x0000000082558108,0x0000000085d00000)
 Metaspace       used 42199K, capacity 45090K, committed 45272K, reserved 1087488K
  class space    used 5849K, capacity 6372K, committed 6400K, reserved 1048576K
}
Event: 38.649 GC heap before
{Heap before GC invocations=14 (full 2):
 PSYoungGen      total 183296K, used 173744K [0x00000000d5b80000, 0x00000000e5300000, 0x0000000100000000)
  eden space 172544K, 94% used [0x00000000d5b80000,0x00000000dfab1630,0x00000000e0400000)
  from space 10752K, 99% used [0x00000000e0400000,0x00000000e0e7ad98,0x00000000e0e80000)
  to   space 12800K, 0% used [0x00000000e4680000,0x00000000e4680000,0x00000000e5300000)
 ParOldGen       total 76800K, used 19808K [0x0000000081200000, 0x0000000085d00000, 0x00000000d5b80000)
  object space 76800K, 25% used [0x0000000081200000,0x0000000082558108,0x0000000085d00000)
 Metaspace       used 55148K, capacity 58822K, committed 58968K, reserved 1099776K
  class space    used 7533K, capacity 8198K, committed 8320K, reserved 1048576K
Event: 38.666 GC heap after
Heap after GC invocations=14 (full 2):
 PSYoungGen      total 233472K, used 12772K [0x00000000d5b80000, 0x00000000e5600000, 0x0000000100000000)
  eden space 220672K, 0% used [0x00000000d5b80000,0x00000000d5b80000,0x00000000e3300000)
  from space 12800K, 99% used [0x00000000e4680000,0x00000000e52f90b8,0x00000000e5300000)
  to   space 17920K, 0% used [0x00000000e3300000,0x00000000e3300000,0x00000000e4480000)
 ParOldGen       total 76800K, used 30350K [0x0000000081200000, 0x0000000085d00000, 0x00000000d5b80000)
  object space 76800K, 39% used [0x0000000081200000,0x0000000082fa3910,0x0000000085d00000)
 Metaspace       used 55148K, capacity 58822K, committed 58968K, reserved 1099776K
  class space    used 7533K, capacity 8198K, committed 8320K, reserved 1048576K
}
Event: 38.666 GC heap before
{Heap before GC invocations=15 (full 3):
 PSYoungGen      total 233472K, used 12772K [0x00000000d5b80000, 0x00000000e5600000, 0x0000000100000000)
  eden space 220672K, 0% used [0x00000000d5b80000,0x00000000d5b80000,0x00000000e3300000)
  from space 12800K, 99% used [0x00000000e4680000,0x00000000e52f90b8,0x00000000e5300000)
  to   space 17920K, 0% used [0x00000000e3300000,0x00000000e3300000,0x00000000e4480000)
 ParOldGen       total 76800K, used 30350K [0x0000000081200000, 0x0000000085d00000, 0x00000000d5b80000)
  object space 76800K, 39% used [0x0000000081200000,0x0000000082fa3910,0x0000000085d00000)
 Metaspace       used 55148K, capacity 58822K, committed 58968K, reserved 1099776K
  class space    used 7533K, capacity 8198K, committed 8320K, reserved 1048576K
Event: 38.806 GC heap after
Heap after GC invocations=15 (full 3):
 PSYoungGen      total 233472K, used 0K [0x00000000d5b80000, 0x00000000e5600000, 0x0000000100000000)
  eden space 220672K, 0% used [0x00000000d5b80000,0x00000000d5b80000,0x00000000e3300000)
  from space 12800K, 0% used [0x00000000e4680000,0x00000000e4680000,0x00000000e5300000)
  to   space 17920K, 0% used [0x00000000e3300000,0x00000000e3300000,0x00000000e4480000)
 ParOldGen       total 114688K, used 34218K [0x0000000081200000, 0x0000000088200000, 0x00000000d5b80000)
  object space 114688K, 29% used [0x0000000081200000,0x000000008336a8e8,0x0000000088200000)
 Metaspace       used 55148K, capacity 58822K, committed 58968K, reserved 1099776K
  class space    used 7533K, capacity 8198K, committed 8320K, reserved 1048576K
}
Event: 54.500 GC heap before
{Heap before GC invocations=16 (full 3):
 PSYoungGen      total 233472K, used 220672K [0x00000000d5b80000, 0x00000000e5600000, 0x0000000100000000)
  eden space 220672K, 100% used [0x00000000d5b80000,0x00000000e3300000,0x00000000e3300000)
  from space 12800K, 0% used [0x00000000e4680000,0x00000000e4680000,0x00000000e5300000)
  to   space 17920K, 0% used [0x00000000e3300000,0x00000000e3300000,0x00000000e4480000)
 ParOldGen       total 114688K, used 34218K [0x0000000081200000, 0x0000000088200000, 0x00000000d5b80000)
  object space 114688K, 29% used [0x0000000081200000,0x000000008336a8e8,0x0000000088200000)
 Metaspace       used 55510K, capacity 59210K, committed 59480K, reserved 1099776K
  class space    used 7587K, capacity 8238K, committed 8320K, reserved 1048576K
Event: 54.514 GC heap after
Heap after GC invocations=16 (full 3):
 PSYoungGen      total 238592K, used 17131K [0x00000000d5b80000, 0x00000000e9680000, 0x0000000100000000)
  eden space 220672K, 0% used [0x00000000d5b80000,0x00000000d5b80000,0x00000000e3300000)
  from space 17920K, 95% used [0x00000000e3300000,0x00000000e43bae48,0x00000000e4480000)
  to   space 19968K, 0% used [0x00000000e8300000,0x00000000e8300000,0x00000000e9680000)
 ParOldGen       total 114688K, used 47011K [0x0000000081200000, 0x0000000088200000, 0x00000000d5b80000)
  object space 114688K, 40% used [0x0000000081200000,0x0000000083fe8d18,0x0000000088200000)
 Metaspace       used 55510K, capacity 59210K, committed 59480K, reserved 1099776K
  class space    used 7587K, capacity 8238K, committed 8320K, reserved 1048576K
}
Event: 57.780 GC heap before
{Heap before GC invocations=17 (full 3):
 PSYoungGen      total 238592K, used 237803K [0x00000000d5b80000, 0x00000000e9680000, 0x0000000100000000)
  eden space 220672K, 100% used [0x00000000d5b80000,0x00000000e3300000,0x00000000e3300000)
  from space 17920K, 95% used [0x00000000e3300000,0x00000000e43bae48,0x00000000e4480000)
  to   space 19968K, 0% used [0x00000000e8300000,0x00000000e8300000,0x00000000e9680000)
 ParOldGen       total 114688K, used 47011K [0x0000000081200000, 0x0000000088200000, 0x00000000d5b80000)
  object space 114688K, 40% used [0x0000000081200000,0x0000000083fe8d18,0x0000000088200000)
 Metaspace       used 55711K, capacity 59488K, committed 59736K, reserved 1101824K
  class space    used 7629K, capacity 8281K, committed 8320K, reserved 1048576K
Event: 57.788 GC heap after
Heap after GC invocations=17 (full 3):
 PSYoungGen      total 290816K, used 15048K [0x00000000d5b80000, 0x00000000e9200000, 0x0000000100000000)
  eden space 275456K, 0% used [0x00000000d5b80000,0x00000000d5b80000,0x00000000e6880000)
  from space 15360K, 97% used [0x00000000e8300000,0x00000000e91b2020,0x00000000e9200000)
  to   space 20992K, 0% used [0x00000000e6900000,0x00000000e6900000,0x00000000e7d80000)
 ParOldGen       total 114688K, used 47019K [0x0000000081200000, 0x0000000088200000, 0x00000000d5b80000)
  object space 114688K, 40% used [0x0000000081200000,0x0000000083fead18,0x0000000088200000)
 Metaspace       used 55711K, capacity 59488K, committed 59736K, reserved 1101824K
  class space    used 7629K, capacity 8281K, committed 8320K, reserved 1048576K
}

