# JRE version: Java(TM) SE Runtime Environment (8.0_201-b09) (build 1.8.0_201-b09)
# Java VM: Java HotSpot(TM) 64-Bit Server VM (25.201-b09 mixed mode windows-amd64 compressed oops)
Heap:
 PSYoungGen      total 356352K, used 156464K [0x00000000d5b80000, 0x00000000ed900000, 0x0000000100000000)
  eden space 342016K, 41% used [0x00000000d5b80000,0x00000000de650020,0x00000000ea980000)
  from space 14336K, 99% used [0x00000000ecb00000,0x00000000ed8fc0a8,0x00000000ed900000)
  to   space 17920K, 0% used [0x00000000eb600000,0x00000000eb600000,0x00000000ec780000)
 ParOldGen       total 68608K, used 21417K [0x0000000081200000, 0x0000000085500000, 0x00000000d5b80000)
  object space 68608K, 31% used [0x0000000081200000,0x00000000826ea5e8,0x0000000085500000)
 Metaspace       used 54654K, capacity 58338K, committed 58576K, reserved 1099776K
  class space    used 7500K, capacity 8168K, committed 8188K, reserved 1048576K
GC Heap History (10 events):
Event: 3.869 GC heap before
{Heap before GC invocations=8 (full 1):
 PSYoungGen      total 141824K, used 133120K [0x00000000d5b80000, 0x00000000def80000, 0x0000000100000000)
  eden space 133120K, 100% used [0x00000000d5b80000,0x00000000ddd80000,0x00000000ddd80000)
  from space 8704K, 0% used [0x00000000de700000,0x00000000de700000,0x00000000def80000)
  to   space 9216K, 0% used [0x00000000ddd80000,0x00000000ddd80000,0x00000000de680000)
 ParOldGen       total 49152K, used 7343K [0x0000000081200000, 0x0000000084200000, 0x00000000d5b80000)
  object space 49152K, 14% used [0x0000000081200000,0x000000008192bc08,0x0000000084200000)
 Metaspace       used 25225K, capacity 26426K, committed 26620K, reserved 1073152K
  class space    used 3452K, capacity 3719K, committed 3836K, reserved 1048576K
Event: 3.877 GC heap after
Heap after GC invocations=8 (full 1):
 PSYoungGen      total 142336K, used 9188K [0x00000000d5b80000, 0x00000000e6380000, 0x0000000100000000)
  eden space 133120K, 0% used [0x00000000d5b80000,0x00000000d5b80000,0x00000000ddd80000)
  from space 9216K, 99% used [0x00000000ddd80000,0x00000000de679118,0x00000000de680000)
  to   space 11776K, 0% used [0x00000000e5800000,0x00000000e5800000,0x00000000e6380000)
 ParOldGen       total 49152K, used 9840K [0x0000000081200000, 0x0000000084200000, 0x00000000d5b80000)
  object space 49152K, 20% used [0x0000000081200000,0x0000000081b9c250,0x0000000084200000)
 Metaspace       used 25225K, capacity 26426K, committed 26620K, reserved 1073152K
  class space    used 3452K, capacity 3719K, committed 3836K, reserved 1048576K
}
Event: 4.924 GC heap before
{Heap before GC invocations=9 (full 1):
 PSYoungGen      total 142336K, used 142308K [0x00000000d5b80000, 0x00000000e6380000, 0x0000000100000000)
  eden space 133120K, 100% used [0x00000000d5b80000,0x00000000ddd80000,0x00000000ddd80000)
  from space 9216K, 99% used [0x00000000ddd80000,0x00000000de679118,0x00000000de680000)
  to   space 11776K, 0% used [0x00000000e5800000,0x00000000e5800000,0x00000000e6380000)
 ParOldGen       total 49152K, used 9840K [0x0000000081200000, 0x0000000084200000, 0x00000000d5b80000)
  object space 49152K, 20% used [0x0000000081200000,0x0000000081b9c250,0x0000000084200000)
 Metaspace       used 31992K, capacity 34046K, committed 34300K, reserved 1079296K
  class space    used 4423K, capacity 4805K, committed 4860K, reserved 1048576K
Event: 4.934 GC heap after
Heap after GC invocations=9 (full 1):
 PSYoungGen      total 254976K, used 11751K [0x00000000d5b80000, 0x00000000e6500000, 0x0000000100000000)
  eden space 243200K, 0% used [0x00000000d5b80000,0x00000000d5b80000,0x00000000e4900000)
  from space 11776K, 99% used [0x00000000e5800000,0x00000000e6379d48,0x00000000e6380000)
  to   space 14336K, 0% used [0x00000000e4900000,0x00000000e4900000,0x00000000e5700000)
 ParOldGen       total 49152K, used 12310K [0x0000000081200000, 0x0000000084200000, 0x00000000d5b80000)
  object space 49152K, 25% used [0x0000000081200000,0x0000000081e05ba0,0x0000000084200000)
 Metaspace       used 31992K, capacity 34046K, committed 34300K, reserved 1079296K
  class space    used 4423K, capacity 4805K, committed 4860K, reserved 1048576K
}
Event: 5.215 GC heap before
{Heap before GC invocations=10 (full 1):
 PSYoungGen      total 254976K, used 63931K [0x00000000d5b80000, 0x00000000e6500000, 0x0000000100000000)
  eden space 243200K, 21% used [0x00000000d5b80000,0x00000000d8e75178,0x00000000e4900000)
  from space 11776K, 99% used [0x00000000e5800000,0x00000000e6379d48,0x00000000e6380000)
  to   space 14336K, 0% used [0x00000000e4900000,0x00000000e4900000,0x00000000e5700000)
 ParOldGen       total 49152K, used 12310K [0x0000000081200000, 0x0000000084200000, 0x00000000d5b80000)
  object space 49152K, 25% used [0x0000000081200000,0x0000000081e05ba0,0x0000000084200000)
 Metaspace       used 33910K, capacity 35990K, committed 36048K, reserved 1081344K
  class space    used 4673K, capacity 5097K, committed 5116K, reserved 1048576K
Event: 5.222 GC heap after
Heap after GC invocations=10 (full 1):
 PSYoungGen      total 257536K, used 9872K [0x00000000d5b80000, 0x00000000ed900000, 0x0000000100000000)
  eden space 243200K, 0% used [0x00000000d5b80000,0x00000000d5b80000,0x00000000e4900000)
  from space 14336K, 68% used [0x00000000e4900000,0x00000000e52a42a8,0x00000000e5700000)
  to   space 14336K, 0% used [0x00000000ecb00000,0x00000000ecb00000,0x00000000ed900000)
 ParOldGen       total 49152K, used 12318K [0x0000000081200000, 0x0000000084200000, 0x00000000d5b80000)
  object space 49152K, 25% used [0x0000000081200000,0x0000000081e07ba0,0x0000000084200000)
 Metaspace       used 33910K, capacity 35990K, committed 36048K, reserved 1081344K
  class space    used 4673K, capacity 5097K, committed 5116K, reserved 1048576K
}
Event: 5.222 GC heap before
{Heap before GC invocations=11 (full 2):
 PSYoungGen      total 257536K, used 9872K [0x00000000d5b80000, 0x00000000ed900000, 0x0000000100000000)
  eden space 243200K, 0% used [0x00000000d5b80000,0x00000000d5b80000,0x00000000e4900000)
  from space 14336K, 68% used [0x00000000e4900000,0x00000000e52a42a8,0x00000000e5700000)
  to   space 14336K, 0% used [0x00000000ecb00000,0x00000000ecb00000,0x00000000ed900000)
 ParOldGen       total 49152K, used 12318K [0x0000000081200000, 0x0000000084200000, 0x00000000d5b80000)
  object space 49152K, 25% used [0x0000000081200000,0x0000000081e07ba0,0x0000000084200000)
 Metaspace       used 33910K, capacity 35990K, committed 36048K, reserved 1081344K
  class space    used 4673K, capacity 5097K, committed 5116K, reserved 1048576K
Event: 5.254 GC heap after
Heap after GC invocations=11 (full 2):
 PSYoungGen      total 257536K, used 0K [0x00000000d5b80000, 0x00000000ed900000, 0x0000000100000000)
  eden space 243200K, 0% used [0x00000000d5b80000,0x00000000d5b80000,0x00000000e4900000)
  from space 14336K, 0% used [0x00000000e4900000,0x00000000e4900000,0x00000000e5700000)
  to   space 14336K, 0% used [0x00000000ecb00000,0x00000000ecb00000,0x00000000ed900000)
 ParOldGen       total 68608K, used 15740K [0x0000000081200000, 0x0000000085500000, 0x00000000d5b80000)
  object space 68608K, 22% used [0x0000000081200000,0x000000008215f3b8,0x0000000085500000)
 Metaspace       used 33910K, capacity 35990K, committed 36048K, reserved 1081344K
  class space    used 4673K, capacity 5097K, committed 5116K, reserved 1048576K
}
Event: 8.654 GC heap before
{Heap before GC invocations=12 (full 2):
 PSYoungGen      total 257536K, used 243200K [0x00000000d5b80000, 0x00000000ed900000, 0x0000000100000000)
  eden space 243200K, 100% used [0x00000000d5b80000,0x00000000e4900000,0x00000000e4900000)
  from space 14336K, 0% used [0x00000000e4900000,0x00000000e4900000,0x00000000e5700000)
  to   space 14336K, 0% used [0x00000000ecb00000,0x00000000ecb00000,0x00000000ed900000)
 ParOldGen       total 68608K, used 15740K [0x0000000081200000, 0x0000000085500000, 0x00000000d5b80000)
  object space 68608K, 22% used [0x0000000081200000,0x000000008215f3b8,0x0000000085500000)
 Metaspace       used 48362K, capacity 51742K, committed 51920K, reserved 1093632K
  class space    used 6729K, capacity 7352K, committed 7420K, reserved 1048576K
Event: 8.671 GC heap after
Heap after GC invocations=12 (full 2):
 PSYoungGen      total 356352K, used 14320K [0x00000000d5b80000, 0x00000000ed900000, 0x0000000100000000)
  eden space 342016K, 0% used [0x00000000d5b80000,0x00000000d5b80000,0x00000000ea980000)
  from space 14336K, 99% used [0x00000000ecb00000,0x00000000ed8fc0a8,0x00000000ed900000)
  to   space 17920K, 0% used [0x00000000eb600000,0x00000000eb600000,0x00000000ec780000)
 ParOldGen       total 68608K, used 21417K [0x0000000081200000, 0x0000000085500000, 0x00000000d5b80000)
  object space 68608K, 31% used [0x0000000081200000,0x00000000826ea5e8,0x0000000085500000)
 Metaspace       used 48362K, capacity 51742K, committed 51920K, reserved 1093632K
  class space    used 6729K, capacity 7352K, committed 7420K, reserved 1048576K
}

