# JRE version: Java(TM) SE Runtime Environment (8.0_201-b09) (build 1.8.0_201-b09)
# Java VM: Java HotSpot(TM) 64-Bit Server VM (25.201-b09 mixed mode windows-amd64 compressed oops)
Heap:
 PSYoungGen      total 278528K, used 61129K [0x00000000d5580000, 0x00000000f2000000, 0x0000000100000000)
  eden space 260096K, 16% used [0x00000000d5580000,0x00000000d7f3a3c8,0x00000000e5380000)
  from space 18432K, 99% used [0x00000000e5380000,0x00000000e6578100,0x00000000e6580000)
  to   space 26624K, 0% used [0x00000000f0600000,0x00000000f0600000,0x00000000f2000000)
 ParOldGen       total 87552K, used 27877K [0x0000000080000000, 0x0000000085580000, 0x00000000d5580000)
  object space 87552K, 31% used [0x0000000080000000,0x0000000081b39768,0x0000000085580000)
 Metaspace       used 53234K, capacity 56792K, committed 56832K, reserved 1097728K
  class space    used 7274K, capacity 7920K, committed 7936K, reserved 1048576K
GC Heap History (10 events):
Event: 2.627 GC heap before
{Heap before GC invocations=5 (full 0):
 PSYoungGen      total 71680K, used 71676K [0x00000000d5580000, 0x00000000da080000, 0x0000000100000000)
  eden space 66560K, 100% used [0x00000000d5580000,0x00000000d9680000,0x00000000d9680000)
  from space 5120K, 99% used [0x00000000d9b80000,0x00000000da07f018,0x00000000da080000)
  to   space 5120K, 0% used [0x00000000d9680000,0x00000000d9680000,0x00000000d9b80000)
 ParOldGen       total 87552K, used 3060K [0x0000000080000000, 0x0000000085580000, 0x00000000d5580000)
  object space 87552K, 3% used [0x0000000080000000,0x00000000802fd260,0x0000000085580000)
 Metaspace       used 19066K, capacity 20016K, committed 20352K, reserved 1067008K
  class space    used 2628K, capacity 2842K, committed 2944K, reserved 1048576K
Event: 2.642 GC heap after
Heap after GC invocations=5 (full 0):
 PSYoungGen      total 71680K, used 5116K [0x00000000d5580000, 0x00000000deb80000, 0x0000000100000000)
  eden space 66560K, 0% used [0x00000000d5580000,0x00000000d5580000,0x00000000d9680000)
  from space 5120K, 99% used [0x00000000d9680000,0x00000000d9b7f110,0x00000000d9b80000)
  to   space 10240K, 0% used [0x00000000de180000,0x00000000de180000,0x00000000deb80000)
 ParOldGen       total 87552K, used 7690K [0x0000000080000000, 0x0000000085580000, 0x00000000d5580000)
  object space 87552K, 8% used [0x0000000080000000,0x0000000080782850,0x0000000085580000)
 Metaspace       used 19066K, capacity 20016K, committed 20352K, reserved 1067008K
  class space    used 2628K, capacity 2842K, committed 2944K, reserved 1048576K
}
Event: 2.967 GC heap before
{Heap before GC invocations=6 (full 0):
 PSYoungGen      total 71680K, used 71676K [0x00000000d5580000, 0x00000000deb80000, 0x0000000100000000)
  eden space 66560K, 100% used [0x00000000d5580000,0x00000000d9680000,0x00000000d9680000)
  from space 5120K, 99% used [0x00000000d9680000,0x00000000d9b7f110,0x00000000d9b80000)
  to   space 10240K, 0% used [0x00000000de180000,0x00000000de180000,0x00000000deb80000)
 ParOldGen       total 87552K, used 7690K [0x0000000080000000, 0x0000000085580000, 0x00000000d5580000)
  object space 87552K, 8% used [0x0000000080000000,0x0000000080782850,0x0000000085580000)
 Metaspace       used 21706K, capacity 22752K, committed 23040K, reserved 1069056K
  class space    used 2956K, capacity 3212K, committed 3328K, reserved 1048576K
Event: 2.977 GC heap after
Heap after GC invocations=6 (full 0):
 PSYoungGen      total 141312K, used 10230K [0x00000000d5580000, 0x00000000def80000, 0x0000000100000000)
  eden space 131072K, 0% used [0x00000000d5580000,0x00000000d5580000,0x00000000dd580000)
  from space 10240K, 99% used [0x00000000de180000,0x00000000deb7d958,0x00000000deb80000)
  to   space 12288K, 0% used [0x00000000dd580000,0x00000000dd580000,0x00000000de180000)
 ParOldGen       total 87552K, used 8756K [0x0000000080000000, 0x0000000085580000, 0x00000000d5580000)
  object space 87552K, 10% used [0x0000000080000000,0x000000008088d358,0x0000000085580000)
 Metaspace       used 21706K, capacity 22752K, committed 23040K, reserved 1069056K
  class space    used 2956K, capacity 3212K, committed 3328K, reserved 1048576K
}
Event: 4.027 GC heap before
{Heap before GC invocations=7 (full 0):
 PSYoungGen      total 141312K, used 141302K [0x00000000d5580000, 0x00000000def80000, 0x0000000100000000)
  eden space 131072K, 100% used [0x00000000d5580000,0x00000000dd580000,0x00000000dd580000)
  from space 10240K, 99% used [0x00000000de180000,0x00000000deb7d958,0x00000000deb80000)
  to   space 12288K, 0% used [0x00000000dd580000,0x00000000dd580000,0x00000000de180000)
 ParOldGen       total 87552K, used 8756K [0x0000000080000000, 0x0000000085580000, 0x00000000d5580000)
  object space 87552K, 10% used [0x0000000080000000,0x000000008088d358,0x0000000085580000)
 Metaspace       used 27198K, capacity 28652K, committed 28928K, reserved 1075200K
  class space    used 3738K, capacity 4038K, committed 4096K, reserved 1048576K
Event: 4.041 GC heap after
Heap after GC invocations=7 (full 0):
 PSYoungGen      total 143360K, used 12267K [0x00000000d5580000, 0x00000000e7580000, 0x0000000100000000)
  eden space 131072K, 0% used [0x00000000d5580000,0x00000000d5580000,0x00000000dd580000)
  from space 12288K, 99% used [0x00000000dd580000,0x00000000de17adf8,0x00000000de180000)
  to   space 16384K, 0% used [0x00000000e6580000,0x00000000e6580000,0x00000000e7580000)
 ParOldGen       total 87552K, used 13057K [0x0000000080000000, 0x0000000085580000, 0x00000000d5580000)
  object space 87552K, 14% used [0x0000000080000000,0x0000000080cc07a8,0x0000000085580000)
 Metaspace       used 27198K, capacity 28652K, committed 28928K, reserved 1075200K
  class space    used 3738K, capacity 4038K, committed 4096K, reserved 1048576K
}
Event: 5.799 GC heap before
{Heap before GC invocations=8 (full 0):
 PSYoungGen      total 143360K, used 143339K [0x00000000d5580000, 0x00000000e7580000, 0x0000000100000000)
  eden space 131072K, 100% used [0x00000000d5580000,0x00000000dd580000,0x00000000dd580000)
  from space 12288K, 99% used [0x00000000dd580000,0x00000000de17adf8,0x00000000de180000)
  to   space 16384K, 0% used [0x00000000e6580000,0x00000000e6580000,0x00000000e7580000)
 ParOldGen       total 87552K, used 13057K [0x0000000080000000, 0x0000000085580000, 0x00000000d5580000)
  object space 87552K, 14% used [0x0000000080000000,0x0000000080cc07a8,0x0000000085580000)
 Metaspace       used 34698K, capacity 37000K, committed 37248K, reserved 1081344K
  class space    used 4769K, capacity 5218K, committed 5248K, reserved 1048576K
Event: 5.813 GC heap after
Heap after GC invocations=8 (full 0):
 PSYoungGen      total 276480K, used 15647K [0x00000000d5580000, 0x00000000e7980000, 0x0000000100000000)
  eden space 260096K, 0% used [0x00000000d5580000,0x00000000d5580000,0x00000000e5380000)
  from space 16384K, 95% used [0x00000000e6580000,0x00000000e74c7ec0,0x00000000e7580000)
  to   space 18432K, 0% used [0x00000000e5380000,0x00000000e5380000,0x00000000e6580000)
 ParOldGen       total 87552K, used 14353K [0x0000000080000000, 0x0000000085580000, 0x00000000d5580000)
  object space 87552K, 16% used [0x0000000080000000,0x0000000080e047a8,0x0000000085580000)
 Metaspace       used 34698K, capacity 37000K, committed 37248K, reserved 1081344K
  class space    used 4769K, capacity 5218K, committed 5248K, reserved 1048576K
}
Event: 53.117 GC heap before
{Heap before GC invocations=9 (full 0):
 PSYoungGen      total 276480K, used 275743K [0x00000000d5580000, 0x00000000e7980000, 0x0000000100000000)
  eden space 260096K, 100% used [0x00000000d5580000,0x00000000e5380000,0x00000000e5380000)
  from space 16384K, 95% used [0x00000000e6580000,0x00000000e74c7ec0,0x00000000e7580000)
  to   space 18432K, 0% used [0x00000000e5380000,0x00000000e5380000,0x00000000e6580000)
 ParOldGen       total 87552K, used 14353K [0x0000000080000000, 0x0000000085580000, 0x00000000d5580000)
  object space 87552K, 16% used [0x0000000080000000,0x0000000080e047a8,0x0000000085580000)
 Metaspace       used 51604K, capacity 55080K, committed 55296K, reserved 1097728K
  class space    used 7055K, capacity 7678K, committed 7680K, reserved 1048576K
Event: 53.140 GC heap after
Heap after GC invocations=9 (full 0):
 PSYoungGen      total 278528K, used 18400K [0x00000000d5580000, 0x00000000f2000000, 0x0000000100000000)
  eden space 260096K, 0% used [0x00000000d5580000,0x00000000d5580000,0x00000000e5380000)
  from space 18432K, 99% used [0x00000000e5380000,0x00000000e6578100,0x00000000e6580000)
  to   space 26624K, 0% used [0x00000000f0600000,0x00000000f0600000,0x00000000f2000000)
 ParOldGen       total 87552K, used 27877K [0x0000000080000000, 0x0000000085580000, 0x00000000d5580000)
  object space 87552K, 31% used [0x0000000080000000,0x0000000081b39768,0x0000000085580000)
 Metaspace       used 51604K, capacity 55080K, committed 55296K, reserved 1097728K
  class space    used 7055K, capacity 7678K, committed 7680K, reserved 1048576K
}

