# JRE version: Java(TM) SE Runtime Environment (8.0_201-b09) (build 1.8.0_201-b09)
# Java VM: Java HotSpot(TM) 64-Bit Server VM (25.201-b09 mixed mode windows-amd64 compressed oops)
Heap:
 PSYoungGen      total 240128K, used 32105K [0x00000000d5b80000, 0x00000000e9580000, 0x0000000100000000)
  eden space 221696K, 8% used [0x00000000d5b80000,0x00000000d6d56cd0,0x00000000e3400000)
  from space 18432K, 75% used [0x00000000e3400000,0x00000000e41839e0,0x00000000e4600000)
  to   space 18944K, 0% used [0x00000000e8300000,0x00000000e8300000,0x00000000e9580000)
 ParOldGen       total 115200K, used 46798K [0x0000000081200000, 0x0000000088280000, 0x00000000d5b80000)
  object space 115200K, 40% used [0x0000000081200000,0x0000000083fb3820,0x0000000088280000)
 Metaspace       used 55502K, capacity 59212K, committed 59480K, reserved 1099776K
  class space    used 7591K, capacity 8239K, committed 8320K, reserved 1048576K
GC Heap History (10 events):
Event: 4.329 GC heap before
{Heap before GC invocations=12 (full 2):
 PSYoungGen      total 184832K, used 7608K [0x00000000d5b80000, 0x00000000e1b00000, 0x0000000100000000)
  eden space 174080K, 0% used [0x00000000d5b80000,0x00000000d5b80000,0x00000000e0580000)
  from space 10752K, 70% used [0x00000000e1000000,0x00000000e176e390,0x00000000e1a80000)
  to   space 10752K, 0% used [0x00000000e0580000,0x00000000e0580000,0x00000000e1000000)
 ParOldGen       total 49664K, used 14508K [0x0000000081200000, 0x0000000084280000, 0x00000000d5b80000)
  object space 49664K, 29% used [0x0000000081200000,0x000000008202b2b0,0x0000000084280000)
 Metaspace       used 33237K, capacity 35332K, committed 35416K, reserved 1079296K
  class space    used 4581K, capacity 4958K, committed 4992K, reserved 1048576K
Event: 4.371 GC heap after
Heap after GC invocations=12 (full 2):
 PSYoungGen      total 184832K, used 0K [0x00000000d5b80000, 0x00000000e1b00000, 0x0000000100000000)
  eden space 174080K, 0% used [0x00000000d5b80000,0x00000000d5b80000,0x00000000e0580000)
  from space 10752K, 0% used [0x00000000e1000000,0x00000000e1000000,0x00000000e1a80000)
  to   space 10752K, 0% used [0x00000000e0580000,0x00000000e0580000,0x00000000e1000000)
 ParOldGen       total 77312K, used 16031K [0x0000000081200000, 0x0000000085d80000, 0x00000000d5b80000)
  object space 77312K, 20% used [0x0000000081200000,0x00000000821a7cc0,0x0000000085d80000)
 Metaspace       used 33237K, capacity 35332K, committed 35416K, reserved 1079296K
  class space    used 4581K, capacity 4958K, committed 4992K, reserved 1048576K
}
Event: 6.704 GC heap before
{Heap before GC invocations=13 (full 2):
 PSYoungGen      total 184832K, used 174080K [0x00000000d5b80000, 0x00000000e1b00000, 0x0000000100000000)
  eden space 174080K, 100% used [0x00000000d5b80000,0x00000000e0580000,0x00000000e0580000)
  from space 10752K, 0% used [0x00000000e1000000,0x00000000e1000000,0x00000000e1a80000)
  to   space 10752K, 0% used [0x00000000e0580000,0x00000000e0580000,0x00000000e1000000)
 ParOldGen       total 77312K, used 16031K [0x0000000081200000, 0x0000000085d80000, 0x00000000d5b80000)
  object space 77312K, 20% used [0x0000000081200000,0x00000000821a7cc0,0x0000000085d80000)
 Metaspace       used 43463K, capacity 46338K, committed 46552K, reserved 1089536K
  class space    used 5987K, capacity 6532K, committed 6656K, reserved 1048576K
Event: 6.725 GC heap after
Heap after GC invocations=13 (full 2):
 PSYoungGen      total 184832K, used 10749K [0x00000000d5b80000, 0x00000000e5500000, 0x0000000100000000)
  eden space 174080K, 0% used [0x00000000d5b80000,0x00000000d5b80000,0x00000000e0580000)
  from space 10752K, 99% used [0x00000000e0580000,0x00000000e0fff788,0x00000000e1000000)
  to   space 13312K, 0% used [0x00000000e4800000,0x00000000e4800000,0x00000000e5500000)
 ParOldGen       total 77312K, used 20958K [0x0000000081200000, 0x0000000085d80000, 0x00000000d5b80000)
  object space 77312K, 27% used [0x0000000081200000,0x0000000082677bb8,0x0000000085d80000)
 Metaspace       used 43463K, capacity 46338K, committed 46552K, reserved 1089536K
  class space    used 5987K, capacity 6532K, committed 6656K, reserved 1048576K
}
Event: 46.390 GC heap before
{Heap before GC invocations=14 (full 2):
 PSYoungGen      total 184832K, used 170566K [0x00000000d5b80000, 0x00000000e5500000, 0x0000000100000000)
  eden space 174080K, 91% used [0x00000000d5b80000,0x00000000df792178,0x00000000e0580000)
  from space 10752K, 99% used [0x00000000e0580000,0x00000000e0fff788,0x00000000e1000000)
  to   space 13312K, 0% used [0x00000000e4800000,0x00000000e4800000,0x00000000e5500000)
 ParOldGen       total 77312K, used 20958K [0x0000000081200000, 0x0000000085d80000, 0x00000000d5b80000)
  object space 77312K, 27% used [0x0000000081200000,0x0000000082677bb8,0x0000000085d80000)
 Metaspace       used 55091K, capacity 58760K, committed 58968K, reserved 1099776K
  class space    used 7535K, capacity 8199K, committed 8320K, reserved 1048576K
Event: 46.407 GC heap after
Heap after GC invocations=14 (full 2):
 PSYoungGen      total 235008K, used 13308K [0x00000000d5b80000, 0x00000000e5800000, 0x0000000100000000)
  eden space 221696K, 0% used [0x00000000d5b80000,0x00000000d5b80000,0x00000000e3400000)
  from space 13312K, 99% used [0x00000000e4800000,0x00000000e54ff080,0x00000000e5500000)
  to   space 18432K, 0% used [0x00000000e3400000,0x00000000e3400000,0x00000000e4600000)
 ParOldGen       total 77312K, used 30745K [0x0000000081200000, 0x0000000085d80000, 0x00000000d5b80000)
  object space 77312K, 39% used [0x0000000081200000,0x0000000083006598,0x0000000085d80000)
 Metaspace       used 55091K, capacity 58760K, committed 58968K, reserved 1099776K
  class space    used 7535K, capacity 8199K, committed 8320K, reserved 1048576K
}
Event: 46.407 GC heap before
{Heap before GC invocations=15 (full 3):
 PSYoungGen      total 235008K, used 13308K [0x00000000d5b80000, 0x00000000e5800000, 0x0000000100000000)
  eden space 221696K, 0% used [0x00000000d5b80000,0x00000000d5b80000,0x00000000e3400000)
  from space 13312K, 99% used [0x00000000e4800000,0x00000000e54ff080,0x00000000e5500000)
  to   space 18432K, 0% used [0x00000000e3400000,0x00000000e3400000,0x00000000e4600000)
 ParOldGen       total 77312K, used 30745K [0x0000000081200000, 0x0000000085d80000, 0x00000000d5b80000)
  object space 77312K, 39% used [0x0000000081200000,0x0000000083006598,0x0000000085d80000)
 Metaspace       used 55091K, capacity 58760K, committed 58968K, reserved 1099776K
  class space    used 7535K, capacity 8199K, committed 8320K, reserved 1048576K
Event: 46.522 GC heap after
Heap after GC invocations=15 (full 3):
 PSYoungGen      total 235008K, used 0K [0x00000000d5b80000, 0x00000000e5800000, 0x0000000100000000)
  eden space 221696K, 0% used [0x00000000d5b80000,0x00000000d5b80000,0x00000000e3400000)
  from space 13312K, 0% used [0x00000000e4800000,0x00000000e4800000,0x00000000e5500000)
  to   space 18432K, 0% used [0x00000000e3400000,0x00000000e3400000,0x00000000e4600000)
 ParOldGen       total 115200K, used 34004K [0x0000000081200000, 0x0000000088280000, 0x00000000d5b80000)
  object space 115200K, 29% used [0x0000000081200000,0x00000000833353f0,0x0000000088280000)
 Metaspace       used 55091K, capacity 58760K, committed 58968K, reserved 1099776K
  class space    used 7535K, capacity 8199K, committed 8320K, reserved 1048576K
}
Event: 109.187 GC heap before
{Heap before GC invocations=16 (full 3):
 PSYoungGen      total 235008K, used 221696K [0x00000000d5b80000, 0x00000000e5800000, 0x0000000100000000)
  eden space 221696K, 100% used [0x00000000d5b80000,0x00000000e3400000,0x00000000e3400000)
  from space 13312K, 0% used [0x00000000e4800000,0x00000000e4800000,0x00000000e5500000)
  to   space 18432K, 0% used [0x00000000e3400000,0x00000000e3400000,0x00000000e4600000)
 ParOldGen       total 115200K, used 34004K [0x0000000081200000, 0x0000000088280000, 0x00000000d5b80000)
  object space 115200K, 29% used [0x0000000081200000,0x00000000833353f0,0x0000000088280000)
 Metaspace       used 55502K, capacity 59212K, committed 59480K, reserved 1099776K
  class space    used 7591K, capacity 8239K, committed 8320K, reserved 1048576K
Event: 109.208 GC heap after
Heap after GC invocations=16 (full 3):
 PSYoungGen      total 240128K, used 13838K [0x00000000d5b80000, 0x00000000e9580000, 0x0000000100000000)
  eden space 221696K, 0% used [0x00000000d5b80000,0x00000000d5b80000,0x00000000e3400000)
  from space 18432K, 75% used [0x00000000e3400000,0x00000000e41839e0,0x00000000e4600000)
  to   space 18944K, 0% used [0x00000000e8300000,0x00000000e8300000,0x00000000e9580000)
 ParOldGen       total 115200K, used 46798K [0x0000000081200000, 0x0000000088280000, 0x00000000d5b80000)
  object space 115200K, 40% used [0x0000000081200000,0x0000000083fb3820,0x0000000088280000)
 Metaspace       used 55502K, capacity 59212K, committed 59480K, reserved 1099776K
  class space    used 7591K, capacity 8239K, committed 8320K, reserved 1048576K
}

