# JRE version: Java(TM) SE Runtime Environment (8.0_201-b09) (build 1.8.0_201-b09)
# Java VM: Java HotSpot(TM) 64-Bit Server VM (25.201-b09 mixed mode windows-amd64 compressed oops)
Heap:
 PSYoungGen      total 298496K, used 254775K [0x00000000d5b80000, 0x00000000e9800000, 0x0000000100000000)
  eden space 280576K, 84% used [0x00000000d5b80000,0x00000000e42d10e0,0x00000000e6d80000)
  from space 17920K, 99% used [0x00000000e8680000,0x00000000e97fce58,0x00000000e9800000)
  to   space 20480K, 0% used [0x00000000e7000000,0x00000000e7000000,0x00000000e8400000)
 ParOldGen       total 112640K, used 73594K [0x0000000081200000, 0x0000000088000000, 0x00000000d5b80000)
  object space 112640K, 65% used [0x0000000081200000,0x00000000859de868,0x0000000088000000)
 Metaspace       used 55810K, capacity 59588K, committed 59736K, reserved 1101824K
  class space    used 7630K, capacity 8277K, committed 8320K, reserved 1048576K
GC Heap History (10 events):
Event: 5.650 GC heap before
{Heap before GC invocations=13 (full 2):
 PSYoungGen      total 184832K, used 174592K [0x00000000d5b80000, 0x00000000e1b00000, 0x0000000100000000)
  eden space 174592K, 100% used [0x00000000d5b80000,0x00000000e0600000,0x00000000e0600000)
  from space 10240K, 0% used [0x00000000e1100000,0x00000000e1100000,0x00000000e1b00000)
  to   space 10752K, 0% used [0x00000000e0600000,0x00000000e0600000,0x00000000e1080000)
 ParOldGen       total 75776K, used 16016K [0x0000000081200000, 0x0000000085c00000, 0x00000000d5b80000)
  object space 75776K, 21% used [0x0000000081200000,0x00000000821a40d8,0x0000000085c00000)
 Metaspace       used 42752K, capacity 45666K, committed 45912K, reserved 1089536K
  class space    used 5899K, capacity 6436K, committed 6528K, reserved 1048576K
Event: 5.661 GC heap after
Heap after GC invocations=13 (full 2):
 PSYoungGen      total 185344K, used 10746K [0x00000000d5b80000, 0x00000000e5700000, 0x0000000100000000)
  eden space 174592K, 0% used [0x00000000d5b80000,0x00000000d5b80000,0x00000000e0600000)
  from space 10752K, 99% used [0x00000000e0600000,0x00000000e107ea90,0x00000000e1080000)
  to   space 13312K, 0% used [0x00000000e4a00000,0x00000000e4a00000,0x00000000e5700000)
 ParOldGen       total 75776K, used 20760K [0x0000000081200000, 0x0000000085c00000, 0x00000000d5b80000)
  object space 75776K, 27% used [0x0000000081200000,0x0000000082646040,0x0000000085c00000)
 Metaspace       used 42752K, capacity 45666K, committed 45912K, reserved 1089536K
  class space    used 5899K, capacity 6436K, committed 6528K, reserved 1048576K
}
Event: 70.207 GC heap before
{Heap before GC invocations=14 (full 2):
 PSYoungGen      total 185344K, used 169621K [0x00000000d5b80000, 0x00000000e5700000, 0x0000000100000000)
  eden space 174592K, 90% used [0x00000000d5b80000,0x00000000df6a6b00,0x00000000e0600000)
  from space 10752K, 99% used [0x00000000e0600000,0x00000000e107ea90,0x00000000e1080000)
  to   space 13312K, 0% used [0x00000000e4a00000,0x00000000e4a00000,0x00000000e5700000)
 ParOldGen       total 75776K, used 20760K [0x0000000081200000, 0x0000000085c00000, 0x00000000d5b80000)
  object space 75776K, 27% used [0x0000000081200000,0x0000000082646040,0x0000000085c00000)
 Metaspace       used 55108K, capacity 58800K, committed 58968K, reserved 1099776K
  class space    used 7525K, capacity 8195K, committed 8320K, reserved 1048576K
Event: 70.221 GC heap after
Heap after GC invocations=14 (full 2):
 PSYoungGen      total 236544K, used 13281K [0x00000000d5b80000, 0x00000000e5980000, 0x0000000100000000)
  eden space 223232K, 0% used [0x00000000d5b80000,0x00000000d5b80000,0x00000000e3580000)
  from space 13312K, 99% used [0x00000000e4a00000,0x00000000e56f8778,0x00000000e5700000)
  to   space 18432K, 0% used [0x00000000e3580000,0x00000000e3580000,0x00000000e4780000)
 ParOldGen       total 75776K, used 30618K [0x0000000081200000, 0x0000000085c00000, 0x00000000d5b80000)
  object space 75776K, 40% used [0x0000000081200000,0x0000000082fe6a68,0x0000000085c00000)
 Metaspace       used 55108K, capacity 58800K, committed 58968K, reserved 1099776K
  class space    used 7525K, capacity 8195K, committed 8320K, reserved 1048576K
}
Event: 70.221 GC heap before
{Heap before GC invocations=15 (full 3):
 PSYoungGen      total 236544K, used 13281K [0x00000000d5b80000, 0x00000000e5980000, 0x0000000100000000)
  eden space 223232K, 0% used [0x00000000d5b80000,0x00000000d5b80000,0x00000000e3580000)
  from space 13312K, 99% used [0x00000000e4a00000,0x00000000e56f8778,0x00000000e5700000)
  to   space 18432K, 0% used [0x00000000e3580000,0x00000000e3580000,0x00000000e4780000)
 ParOldGen       total 75776K, used 30618K [0x0000000081200000, 0x0000000085c00000, 0x00000000d5b80000)
  object space 75776K, 40% used [0x0000000081200000,0x0000000082fe6a68,0x0000000085c00000)
 Metaspace       used 55108K, capacity 58800K, committed 58968K, reserved 1099776K
  class space    used 7525K, capacity 8195K, committed 8320K, reserved 1048576K
Event: 70.335 GC heap after
Heap after GC invocations=15 (full 3):
 PSYoungGen      total 236544K, used 0K [0x00000000d5b80000, 0x00000000e5980000, 0x0000000100000000)
  eden space 223232K, 0% used [0x00000000d5b80000,0x00000000d5b80000,0x00000000e3580000)
  from space 13312K, 0% used [0x00000000e4a00000,0x00000000e4a00000,0x00000000e5700000)
  to   space 18432K, 0% used [0x00000000e3580000,0x00000000e3580000,0x00000000e4780000)
 ParOldGen       total 112640K, used 34047K [0x0000000081200000, 0x0000000088000000, 0x00000000d5b80000)
  object space 112640K, 30% used [0x0000000081200000,0x000000008333ff50,0x0000000088000000)
 Metaspace       used 55108K, capacity 58800K, committed 58968K, reserved 1099776K
  class space    used 7525K, capacity 8195K, committed 8320K, reserved 1048576K
}
Event: 101.965 GC heap before
{Heap before GC invocations=16 (full 3):
 PSYoungGen      total 236544K, used 223232K [0x00000000d5b80000, 0x00000000e5980000, 0x0000000100000000)
  eden space 223232K, 100% used [0x00000000d5b80000,0x00000000e3580000,0x00000000e3580000)
  from space 13312K, 0% used [0x00000000e4a00000,0x00000000e4a00000,0x00000000e5700000)
  to   space 18432K, 0% used [0x00000000e3580000,0x00000000e3580000,0x00000000e4780000)
 ParOldGen       total 112640K, used 34047K [0x0000000081200000, 0x0000000088000000, 0x00000000d5b80000)
  object space 112640K, 30% used [0x0000000081200000,0x000000008333ff50,0x0000000088000000)
 Metaspace       used 55595K, capacity 59256K, committed 59480K, reserved 1099776K
  class space    used 7593K, capacity 8237K, committed 8320K, reserved 1048576K
Event: 101.975 GC heap after
Heap after GC invocations=16 (full 3):
 PSYoungGen      total 241664K, used 12264K [0x00000000d5b80000, 0x00000000e9880000, 0x0000000100000000)
  eden space 223232K, 0% used [0x00000000d5b80000,0x00000000d5b80000,0x00000000e3580000)
  from space 18432K, 66% used [0x00000000e3580000,0x00000000e417a288,0x00000000e4780000)
  to   space 18432K, 0% used [0x00000000e8680000,0x00000000e8680000,0x00000000e9880000)
 ParOldGen       total 112640K, used 46840K [0x0000000081200000, 0x0000000088000000, 0x00000000d5b80000)
  object space 112640K, 41% used [0x0000000081200000,0x0000000083fbe380,0x0000000088000000)
 Metaspace       used 55595K, capacity 59256K, committed 59480K, reserved 1099776K
  class space    used 7593K, capacity 8237K, committed 8320K, reserved 1048576K
}
Event: 107.390 GC heap before
{Heap before GC invocations=17 (full 3):
 PSYoungGen      total 241664K, used 235496K [0x00000000d5b80000, 0x00000000e9880000, 0x0000000100000000)
  eden space 223232K, 100% used [0x00000000d5b80000,0x00000000e3580000,0x00000000e3580000)
  from space 18432K, 66% used [0x00000000e3580000,0x00000000e417a288,0x00000000e4780000)
  to   space 18432K, 0% used [0x00000000e8680000,0x00000000e8680000,0x00000000e9880000)
 ParOldGen       total 112640K, used 46840K [0x0000000081200000, 0x0000000088000000, 0x00000000d5b80000)
  object space 112640K, 41% used [0x0000000081200000,0x0000000083fbe380,0x0000000088000000)
 Metaspace       used 55781K, capacity 59460K, committed 59736K, reserved 1101824K
  class space    used 7629K, capacity 8277K, committed 8320K, reserved 1048576K
Event: 107.404 GC heap after
Heap after GC invocations=17 (full 3):
 PSYoungGen      total 298496K, used 17907K [0x00000000d5b80000, 0x00000000e9800000, 0x0000000100000000)
  eden space 280576K, 0% used [0x00000000d5b80000,0x00000000d5b80000,0x00000000e6d80000)
  from space 17920K, 99% used [0x00000000e8680000,0x00000000e97fce58,0x00000000e9800000)
  to   space 20480K, 0% used [0x00000000e7000000,0x00000000e7000000,0x00000000e8400000)
 ParOldGen       total 112640K, used 73594K [0x0000000081200000, 0x0000000088000000, 0x00000000d5b80000)
  object space 112640K, 65% used [0x0000000081200000,0x00000000859de868,0x0000000088000000)
 Metaspace       used 55781K, capacity 59460K, committed 59736K, reserved 1101824K
  class space    used 7629K, capacity 8277K, committed 8320K, reserved 1048576K
}

