# JRE version: Java(TM) SE Runtime Environment (8.0_201-b09) (build 1.8.0_201-b09)
# Java VM: Java HotSpot(TM) 64-Bit Server VM (25.201-b09 mixed mode windows-amd64 compressed oops)
Heap:
 PSYoungGen      total 224768K, used 22490K [0x00000000d5580000, 0x00000000ecb00000, 0x0000000100000000)
  eden space 206848K, 2% used [0x00000000d5580000,0x00000000d59f7768,0x00000000e1f80000)
  from space 17920K, 99% used [0x00000000e1f80000,0x00000000e30ff2e8,0x00000000e3100000)
  to   space 25600K, 0% used [0x00000000eb200000,0x00000000eb200000,0x00000000ecb00000)
 ParOldGen       total 87552K, used 33057K [0x0000000080000000, 0x0000000085580000, 0x00000000d5580000)
  object space 87552K, 37% used [0x0000000080000000,0x00000000820487f8,0x0000000085580000)
 Metaspace       used 53321K, capacity 56874K, committed 57088K, reserved 1097728K
  class space    used 7275K, capacity 7923K, committed 7936K, reserved 1048576K
GC Heap History (10 events):
Event: 2.107 GC heap before
{Heap before GC invocations=7 (full 0):
 PSYoungGen      total 73728K, used 73714K [0x00000000d5580000, 0x00000000da880000, 0x0000000100000000)
  eden space 65536K, 100% used [0x00000000d5580000,0x00000000d9580000,0x00000000d9580000)
  from space 8192K, 99% used [0x00000000d9e80000,0x00000000da67c9c0,0x00000000da680000)
  to   space 9216K, 0% used [0x00000000d9580000,0x00000000d9580000,0x00000000d9e80000)
 ParOldGen       total 87552K, used 4922K [0x0000000080000000, 0x0000000085580000, 0x00000000d5580000)
  object space 87552K, 5% used [0x0000000080000000,0x00000000804cea58,0x0000000085580000)
 Metaspace       used 21674K, capacity 22700K, committed 23040K, reserved 1069056K
  class space    used 2953K, capacity 3212K, committed 3328K, reserved 1048576K
Event: 2.114 GC heap after
Heap after GC invocations=7 (full 0):
 PSYoungGen      total 74752K, used 9203K [0x00000000d5580000, 0x00000000dec80000, 0x0000000100000000)
  eden space 65536K, 0% used [0x00000000d5580000,0x00000000d5580000,0x00000000d9580000)
  from space 9216K, 99% used [0x00000000d9580000,0x00000000d9e7cc18,0x00000000d9e80000)
  to   space 11776K, 0% used [0x00000000de100000,0x00000000de100000,0x00000000dec80000)
 ParOldGen       total 87552K, used 7805K [0x0000000080000000, 0x0000000085580000, 0x00000000d5580000)
  object space 87552K, 8% used [0x0000000080000000,0x000000008079f688,0x0000000085580000)
 Metaspace       used 21674K, capacity 22700K, committed 23040K, reserved 1069056K
  class space    used 2953K, capacity 3212K, committed 3328K, reserved 1048576K
}
Event: 2.394 GC heap before
{Heap before GC invocations=8 (full 0):
 PSYoungGen      total 74752K, used 74739K [0x00000000d5580000, 0x00000000dec80000, 0x0000000100000000)
  eden space 65536K, 100% used [0x00000000d5580000,0x00000000d9580000,0x00000000d9580000)
  from space 9216K, 99% used [0x00000000d9580000,0x00000000d9e7cc18,0x00000000d9e80000)
  to   space 11776K, 0% used [0x00000000de100000,0x00000000de100000,0x00000000dec80000)
 ParOldGen       total 87552K, used 7805K [0x0000000080000000, 0x0000000085580000, 0x00000000d5580000)
  object space 87552K, 8% used [0x0000000080000000,0x000000008079f688,0x0000000085580000)
 Metaspace       used 23661K, capacity 24864K, committed 25088K, reserved 1071104K
  class space    used 3218K, capacity 3492K, committed 3584K, reserved 1048576K
Event: 2.399 GC heap after
Heap after GC invocations=8 (full 0):
 PSYoungGen      total 141824K, used 7954K [0x00000000d5580000, 0x00000000deb80000, 0x0000000100000000)
  eden space 131072K, 0% used [0x00000000d5580000,0x00000000d5580000,0x00000000dd580000)
  from space 10752K, 73% used [0x00000000de100000,0x00000000de8c4870,0x00000000deb80000)
  to   space 11264K, 0% used [0x00000000dd580000,0x00000000dd580000,0x00000000de080000)
 ParOldGen       total 87552K, used 9265K [0x0000000080000000, 0x0000000085580000, 0x00000000d5580000)
  object space 87552K, 10% used [0x0000000080000000,0x000000008090c7f0,0x0000000085580000)
 Metaspace       used 23661K, capacity 24864K, committed 25088K, reserved 1071104K
  class space    used 3218K, capacity 3492K, committed 3584K, reserved 1048576K
}
Event: 3.345 GC heap before
{Heap before GC invocations=9 (full 0):
 PSYoungGen      total 141824K, used 139026K [0x00000000d5580000, 0x00000000deb80000, 0x0000000100000000)
  eden space 131072K, 100% used [0x00000000d5580000,0x00000000dd580000,0x00000000dd580000)
  from space 10752K, 73% used [0x00000000de100000,0x00000000de8c4870,0x00000000deb80000)
  to   space 11264K, 0% used [0x00000000dd580000,0x00000000dd580000,0x00000000de080000)
 ParOldGen       total 87552K, used 9265K [0x0000000080000000, 0x0000000085580000, 0x00000000d5580000)
  object space 87552K, 10% used [0x0000000080000000,0x000000008090c7f0,0x0000000085580000)
 Metaspace       used 30560K, capacity 32532K, committed 32768K, reserved 1077248K
  class space    used 4183K, capacity 4550K, committed 4608K, reserved 1048576K
Event: 3.355 GC heap after
Heap after GC invocations=9 (full 0):
 PSYoungGen      total 142336K, used 11237K [0x00000000d5580000, 0x00000000e3f80000, 0x0000000100000000)
  eden space 131072K, 0% used [0x00000000d5580000,0x00000000d5580000,0x00000000dd580000)
  from space 11264K, 99% used [0x00000000dd580000,0x00000000de0794a8,0x00000000de080000)
  to   space 14848K, 0% used [0x00000000e3100000,0x00000000e3100000,0x00000000e3f80000)
 ParOldGen       total 87552K, used 14449K [0x0000000080000000, 0x0000000085580000, 0x00000000d5580000)
  object space 87552K, 16% used [0x0000000080000000,0x0000000080e1c7e8,0x0000000085580000)
 Metaspace       used 30560K, capacity 32532K, committed 32768K, reserved 1077248K
  class space    used 4183K, capacity 4550K, committed 4608K, reserved 1048576K
}
Event: 4.100 GC heap before
{Heap before GC invocations=10 (full 0):
 PSYoungGen      total 142336K, used 142309K [0x00000000d5580000, 0x00000000e3f80000, 0x0000000100000000)
  eden space 131072K, 100% used [0x00000000d5580000,0x00000000dd580000,0x00000000dd580000)
  from space 11264K, 99% used [0x00000000dd580000,0x00000000de0794a8,0x00000000de080000)
  to   space 14848K, 0% used [0x00000000e3100000,0x00000000e3100000,0x00000000e3f80000)
 ParOldGen       total 87552K, used 14449K [0x0000000080000000, 0x0000000085580000, 0x00000000d5580000)
  object space 87552K, 16% used [0x0000000080000000,0x0000000080e1c7e8,0x0000000085580000)
 Metaspace       used 38091K, capacity 40768K, committed 41088K, reserved 1085440K
  class space    used 5223K, capacity 5692K, committed 5760K, reserved 1048576K
Event: 4.110 GC heap after
Heap after GC invocations=10 (full 0):
 PSYoungGen      total 221696K, used 14836K [0x00000000d5580000, 0x00000000e4580000, 0x0000000100000000)
  eden space 206848K, 0% used [0x00000000d5580000,0x00000000d5580000,0x00000000e1f80000)
  from space 14848K, 99% used [0x00000000e3100000,0x00000000e3f7d3a8,0x00000000e3f80000)
  to   space 17920K, 0% used [0x00000000e1f80000,0x00000000e1f80000,0x00000000e3100000)
 ParOldGen       total 87552K, used 17611K [0x0000000080000000, 0x0000000085580000, 0x00000000d5580000)
  object space 87552K, 20% used [0x0000000080000000,0x0000000081132ed8,0x0000000085580000)
 Metaspace       used 38091K, capacity 40768K, committed 41088K, reserved 1085440K
  class space    used 5223K, capacity 5692K, committed 5760K, reserved 1048576K
}
Event: 32.919 GC heap before
{Heap before GC invocations=11 (full 0):
 PSYoungGen      total 221696K, used 221684K [0x00000000d5580000, 0x00000000e4580000, 0x0000000100000000)
  eden space 206848K, 100% used [0x00000000d5580000,0x00000000e1f80000,0x00000000e1f80000)
  from space 14848K, 99% used [0x00000000e3100000,0x00000000e3f7d3a8,0x00000000e3f80000)
  to   space 17920K, 0% used [0x00000000e1f80000,0x00000000e1f80000,0x00000000e3100000)
 ParOldGen       total 87552K, used 17611K [0x0000000080000000, 0x0000000085580000, 0x00000000d5580000)
  object space 87552K, 20% used [0x0000000080000000,0x0000000081132ed8,0x0000000085580000)
 Metaspace       used 53305K, capacity 56874K, committed 57088K, reserved 1097728K
  class space    used 7271K, capacity 7923K, committed 7936K, reserved 1048576K
Event: 32.939 GC heap after
Heap after GC invocations=11 (full 0):
 PSYoungGen      total 224768K, used 17916K [0x00000000d5580000, 0x00000000ecb00000, 0x0000000100000000)
  eden space 206848K, 0% used [0x00000000d5580000,0x00000000d5580000,0x00000000e1f80000)
  from space 17920K, 99% used [0x00000000e1f80000,0x00000000e30ff2e8,0x00000000e3100000)
  to   space 25600K, 0% used [0x00000000eb200000,0x00000000eb200000,0x00000000ecb00000)
 ParOldGen       total 87552K, used 33057K [0x0000000080000000, 0x0000000085580000, 0x00000000d5580000)
  object space 87552K, 37% used [0x0000000080000000,0x00000000820487f8,0x0000000085580000)
 Metaspace       used 53305K, capacity 56874K, committed 57088K, reserved 1097728K
  class space    used 7271K, capacity 7923K, committed 7936K, reserved 1048576K
}

