# JRE version: Java(TM) SE Runtime Environment (8.0_201-b09) (build 1.8.0_201-b09)
# Java VM: Java HotSpot(TM) 64-Bit Server VM (25.201-b09 mixed mode windows-amd64 compressed oops)
Heap:
 PSYoungGen      total 228864K, used 35791K [0x00000000d5b80000, 0x00000000e5f00000, 0x0000000100000000)
  eden space 215552K, 10% used [0x00000000d5b80000,0x00000000d71755c8,0x00000000e2e00000)
  from space 13312K, 99% used [0x00000000e4500000,0x00000000e51fe9a8,0x00000000e5200000)
  to   space 23552K, 0% used [0x00000000e2e00000,0x00000000e2e00000,0x00000000e4500000)
 ParOldGen       total 77824K, used 43997K [0x0000000081200000, 0x0000000085e00000, 0x00000000d5b80000)
  object space 77824K, 56% used [0x0000000081200000,0x0000000083cf7470,0x0000000085e00000)
 Metaspace       used 54489K, capacity 58140K, committed 58328K, reserved 1099776K
  class space    used 7472K, capacity 8141K, committed 8192K, reserved 1048576K
GC Heap History (10 events):
Event: 5.038 GC heap before
{Heap before GC invocations=10 (full 1):
 PSYoungGen      total 125440K, used 125390K [0x00000000d5b80000, 0x00000000de000000, 0x0000000100000000)
  eden space 118784K, 100% used [0x00000000d5b80000,0x00000000dcf80000,0x00000000dcf80000)
  from space 6656K, 99% used [0x00000000dd980000,0x00000000ddff3990,0x00000000de000000)
  to   space 8192K, 0% used [0x00000000dd000000,0x00000000dd000000,0x00000000dd800000)
 ParOldGen       total 49664K, used 7147K [0x0000000081200000, 0x0000000084280000, 0x00000000d5b80000)
  object space 49664K, 14% used [0x0000000081200000,0x00000000818fae18,0x0000000084280000)
 Metaspace       used 30497K, capacity 32150K, committed 32256K, reserved 1077248K
  class space    used 4228K, capacity 4559K, committed 4608K, reserved 1048576K
Event: 5.048 GC heap after
Heap after GC invocations=10 (full 1):
 PSYoungGen      total 127488K, used 8172K [0x00000000d5b80000, 0x00000000e1900000, 0x0000000100000000)
  eden space 119296K, 0% used [0x00000000d5b80000,0x00000000d5b80000,0x00000000dd000000)
  from space 8192K, 99% used [0x00000000dd000000,0x00000000dd7fb170,0x00000000dd800000)
  to   space 10752K, 0% used [0x00000000e0e80000,0x00000000e0e80000,0x00000000e1900000)
 ParOldGen       total 49664K, used 11518K [0x0000000081200000, 0x0000000084280000, 0x00000000d5b80000)
  object space 49664K, 23% used [0x0000000081200000,0x0000000081d3f980,0x0000000084280000)
 Metaspace       used 30497K, capacity 32150K, committed 32256K, reserved 1077248K
  class space    used 4228K, capacity 4559K, committed 4608K, reserved 1048576K
}
Event: 5.390 GC heap before
{Heap before GC invocations=11 (full 1):
 PSYoungGen      total 127488K, used 76260K [0x00000000d5b80000, 0x00000000e1900000, 0x0000000100000000)
  eden space 119296K, 57% used [0x00000000d5b80000,0x00000000d9dfe228,0x00000000dd000000)
  from space 8192K, 99% used [0x00000000dd000000,0x00000000dd7fb170,0x00000000dd800000)
  to   space 10752K, 0% used [0x00000000e0e80000,0x00000000e0e80000,0x00000000e1900000)
 ParOldGen       total 49664K, used 11518K [0x0000000081200000, 0x0000000084280000, 0x00000000d5b80000)
  object space 49664K, 23% used [0x0000000081200000,0x0000000081d3f980,0x0000000084280000)
 Metaspace       used 33253K, capacity 35336K, committed 35416K, reserved 1079296K
  class space    used 4582K, capacity 4960K, committed 4992K, reserved 1048576K
Event: 5.397 GC heap after
Heap after GC invocations=11 (full 1):
 PSYoungGen      total 183296K, used 7846K [0x00000000d5b80000, 0x00000000e1980000, 0x0000000100000000)
  eden space 172544K, 0% used [0x00000000d5b80000,0x00000000d5b80000,0x00000000e0400000)
  from space 10752K, 72% used [0x00000000e0e80000,0x00000000e1629868,0x00000000e1900000)
  to   space 10752K, 0% used [0x00000000e0400000,0x00000000e0400000,0x00000000e0e80000)
 ParOldGen       total 49664K, used 14174K [0x0000000081200000, 0x0000000084280000, 0x00000000d5b80000)
  object space 49664K, 28% used [0x0000000081200000,0x0000000081fd7808,0x0000000084280000)
 Metaspace       used 33253K, capacity 35336K, committed 35416K, reserved 1079296K
  class space    used 4582K, capacity 4960K, committed 4992K, reserved 1048576K
}
Event: 5.397 GC heap before
{Heap before GC invocations=12 (full 2):
 PSYoungGen      total 183296K, used 7846K [0x00000000d5b80000, 0x00000000e1980000, 0x0000000100000000)
  eden space 172544K, 0% used [0x00000000d5b80000,0x00000000d5b80000,0x00000000e0400000)
  from space 10752K, 72% used [0x00000000e0e80000,0x00000000e1629868,0x00000000e1900000)
  to   space 10752K, 0% used [0x00000000e0400000,0x00000000e0400000,0x00000000e0e80000)
 ParOldGen       total 49664K, used 14174K [0x0000000081200000, 0x0000000084280000, 0x00000000d5b80000)
  object space 49664K, 28% used [0x0000000081200000,0x0000000081fd7808,0x0000000084280000)
 Metaspace       used 33253K, capacity 35336K, committed 35416K, reserved 1079296K
  class space    used 4582K, capacity 4960K, committed 4992K, reserved 1048576K
Event: 5.448 GC heap after
Heap after GC invocations=12 (full 2):
 PSYoungGen      total 183296K, used 0K [0x00000000d5b80000, 0x00000000e1980000, 0x0000000100000000)
  eden space 172544K, 0% used [0x00000000d5b80000,0x00000000d5b80000,0x00000000e0400000)
  from space 10752K, 0% used [0x00000000e0e80000,0x00000000e0e80000,0x00000000e1900000)
  to   space 10752K, 0% used [0x00000000e0400000,0x00000000e0400000,0x00000000e0e80000)
 ParOldGen       total 77824K, used 16193K [0x0000000081200000, 0x0000000085e00000, 0x00000000d5b80000)
  object space 77824K, 20% used [0x0000000081200000,0x00000000821d0648,0x0000000085e00000)
 Metaspace       used 33253K, capacity 35336K, committed 35416K, reserved 1079296K
  class space    used 4582K, capacity 4960K, committed 4992K, reserved 1048576K
}
Event: 7.511 GC heap before
{Heap before GC invocations=13 (full 2):
 PSYoungGen      total 183296K, used 172544K [0x00000000d5b80000, 0x00000000e1980000, 0x0000000100000000)
  eden space 172544K, 100% used [0x00000000d5b80000,0x00000000e0400000,0x00000000e0400000)
  from space 10752K, 0% used [0x00000000e0e80000,0x00000000e0e80000,0x00000000e1900000)
  to   space 10752K, 0% used [0x00000000e0400000,0x00000000e0400000,0x00000000e0e80000)
 ParOldGen       total 77824K, used 16193K [0x0000000081200000, 0x0000000085e00000, 0x00000000d5b80000)
  object space 77824K, 20% used [0x0000000081200000,0x00000000821d0648,0x0000000085e00000)
 Metaspace       used 42324K, capacity 45246K, committed 45400K, reserved 1087488K
  class space    used 5865K, capacity 6404K, committed 6528K, reserved 1048576K
Event: 7.526 GC heap after
Heap after GC invocations=13 (full 2):
 PSYoungGen      total 183296K, used 10727K [0x00000000d5b80000, 0x00000000e5200000, 0x0000000100000000)
  eden space 172544K, 0% used [0x00000000d5b80000,0x00000000d5b80000,0x00000000e0400000)
  from space 10752K, 99% used [0x00000000e0400000,0x00000000e0e79fa0,0x00000000e0e80000)
  to   space 13312K, 0% used [0x00000000e4500000,0x00000000e4500000,0x00000000e5200000)
 ParOldGen       total 77824K, used 20605K [0x0000000081200000, 0x0000000085e00000, 0x00000000d5b80000)
  object space 77824K, 26% used [0x0000000081200000,0x000000008261f610,0x0000000085e00000)
 Metaspace       used 42324K, capacity 45246K, committed 45400K, reserved 1087488K
  class space    used 5865K, capacity 6404K, committed 6528K, reserved 1048576K
}
Event: 120.018 GC heap before
{Heap before GC invocations=14 (full 2):
 PSYoungGen      total 183296K, used 183271K [0x00000000d5b80000, 0x00000000e5200000, 0x0000000100000000)
  eden space 172544K, 100% used [0x00000000d5b80000,0x00000000e0400000,0x00000000e0400000)
  from space 10752K, 99% used [0x00000000e0400000,0x00000000e0e79fa0,0x00000000e0e80000)
  to   space 13312K, 0% used [0x00000000e4500000,0x00000000e4500000,0x00000000e5200000)
 ParOldGen       total 77824K, used 20605K [0x0000000081200000, 0x0000000085e00000, 0x00000000d5b80000)
  object space 77824K, 26% used [0x0000000081200000,0x000000008261f610,0x0000000085e00000)
 Metaspace       used 54476K, capacity 58140K, committed 58328K, reserved 1099776K
  class space    used 7468K, capacity 8141K, committed 8192K, reserved 1048576K
Event: 120.035 GC heap after
Heap after GC invocations=14 (full 2):
 PSYoungGen      total 228864K, used 13306K [0x00000000d5b80000, 0x00000000e5f00000, 0x0000000100000000)
  eden space 215552K, 0% used [0x00000000d5b80000,0x00000000d5b80000,0x00000000e2e00000)
  from space 13312K, 99% used [0x00000000e4500000,0x00000000e51fe9a8,0x00000000e5200000)
  to   space 23552K, 0% used [0x00000000e2e00000,0x00000000e2e00000,0x00000000e4500000)
 ParOldGen       total 77824K, used 43997K [0x0000000081200000, 0x0000000085e00000, 0x00000000d5b80000)
  object space 77824K, 56% used [0x0000000081200000,0x0000000083cf7470,0x0000000085e00000)
 Metaspace       used 54476K, capacity 58140K, committed 58328K, reserved 1099776K
  class space    used 7468K, capacity 8141K, committed 8192K, reserved 1048576K
}

