# JRE version: Java(TM) SE Runtime Environment (8.0_201-b09) (build 1.8.0_201-b09)
# Java VM: Java HotSpot(TM) 64-Bit Server VM (25.201-b09 mixed mode windows-amd64 compressed oops)
Heap:
 PSYoungGen      total 418816K, used 24745K [0x00000000d5b80000, 0x00000000f6a00000, 0x0000000100000000)
  eden space 400896K, 1% used [0x00000000d5b80000,0x00000000d622c8a0,0x00000000ee300000)
  from space 17920K, 99% used [0x00000000ee300000,0x00000000ef47ddf8,0x00000000ef480000)
  to   space 22016K, 0% used [0x00000000f5480000,0x00000000f5480000,0x00000000f6a00000)
 ParOldGen       total 74752K, used 37977K [0x0000000081200000, 0x0000000085b00000, 0x00000000d5b80000)
  object space 74752K, 50% used [0x0000000081200000,0x00000000837167e0,0x0000000085b00000)
 Metaspace       used 54535K, capacity 58138K, committed 58368K, reserved 1099776K
  class space    used 7451K, capacity 8103K, committed 8192K, reserved 1048576K
GC Heap History (10 events):
Event: 5.133 GC heap before
{Heap before GC invocations=10 (full 1):
 PSYoungGen      total 237056K, used 38796K [0x00000000d5b80000, 0x00000000e5380000, 0x0000000100000000)
  eden space 224768K, 11% used [0x00000000d5b80000,0x00000000d7569b00,0x00000000e3700000)
  from space 12288K, 99% used [0x00000000e4780000,0x00000000e53797f8,0x00000000e5380000)
  to   space 13824K, 0% used [0x00000000e3880000,0x00000000e3880000,0x00000000e4600000)
 ParOldGen       total 54784K, used 10185K [0x0000000081200000, 0x0000000084780000, 0x00000000d5b80000)
  object space 54784K, 18% used [0x0000000081200000,0x0000000081bf27a0,0x0000000084780000)
 Metaspace       used 33238K, capacity 35360K, committed 35416K, reserved 1079296K
  class space    used 4574K, capacity 4964K, committed 4992K, reserved 1048576K
Event: 5.141 GC heap after
Heap after GC invocations=10 (full 1):
 PSYoungGen      total 240128K, used 9452K [0x00000000d5b80000, 0x00000000eb080000, 0x0000000100000000)
  eden space 226304K, 0% used [0x00000000d5b80000,0x00000000d5b80000,0x00000000e3880000)
  from space 13824K, 68% used [0x00000000e3880000,0x00000000e41bb2d8,0x00000000e4600000)
  to   space 13824K, 0% used [0x00000000ea300000,0x00000000ea300000,0x00000000eb080000)
 ParOldGen       total 54784K, used 10193K [0x0000000081200000, 0x0000000084780000, 0x00000000d5b80000)
  object space 54784K, 18% used [0x0000000081200000,0x0000000081bf47a0,0x0000000084780000)
 Metaspace       used 33238K, capacity 35360K, committed 35416K, reserved 1079296K
  class space    used 4574K, capacity 4964K, committed 4992K, reserved 1048576K
}
Event: 5.141 GC heap before
{Heap before GC invocations=11 (full 2):
 PSYoungGen      total 240128K, used 9452K [0x00000000d5b80000, 0x00000000eb080000, 0x0000000100000000)
  eden space 226304K, 0% used [0x00000000d5b80000,0x00000000d5b80000,0x00000000e3880000)
  from space 13824K, 68% used [0x00000000e3880000,0x00000000e41bb2d8,0x00000000e4600000)
  to   space 13824K, 0% used [0x00000000ea300000,0x00000000ea300000,0x00000000eb080000)
 ParOldGen       total 54784K, used 10193K [0x0000000081200000, 0x0000000084780000, 0x00000000d5b80000)
  object space 54784K, 18% used [0x0000000081200000,0x0000000081bf47a0,0x0000000084780000)
 Metaspace       used 33238K, capacity 35360K, committed 35416K, reserved 1079296K
  class space    used 4574K, capacity 4964K, committed 4992K, reserved 1048576K
Event: 5.184 GC heap after
Heap after GC invocations=11 (full 2):
 PSYoungGen      total 240128K, used 0K [0x00000000d5b80000, 0x00000000eb080000, 0x0000000100000000)
  eden space 226304K, 0% used [0x00000000d5b80000,0x00000000d5b80000,0x00000000e3880000)
  from space 13824K, 0% used [0x00000000e3880000,0x00000000e3880000,0x00000000e4600000)
  to   space 13824K, 0% used [0x00000000ea300000,0x00000000ea300000,0x00000000eb080000)
 ParOldGen       total 74752K, used 15323K [0x0000000081200000, 0x0000000085b00000, 0x00000000d5b80000)
  object space 74752K, 20% used [0x0000000081200000,0x00000000820f6e40,0x0000000085b00000)
 Metaspace       used 33238K, capacity 35360K, committed 35416K, reserved 1079296K
  class space    used 4574K, capacity 4964K, committed 4992K, reserved 1048576K
}
Event: 15.525 GC heap before
{Heap before GC invocations=12 (full 2):
 PSYoungGen      total 240128K, used 226304K [0x00000000d5b80000, 0x00000000eb080000, 0x0000000100000000)
  eden space 226304K, 100% used [0x00000000d5b80000,0x00000000e3880000,0x00000000e3880000)
  from space 13824K, 0% used [0x00000000e3880000,0x00000000e3880000,0x00000000e4600000)
  to   space 13824K, 0% used [0x00000000ea300000,0x00000000ea300000,0x00000000eb080000)
 ParOldGen       total 74752K, used 15323K [0x0000000081200000, 0x0000000085b00000, 0x00000000d5b80000)
  object space 74752K, 20% used [0x0000000081200000,0x00000000820f6e40,0x0000000085b00000)
 Metaspace       used 47370K, capacity 50604K, committed 50816K, reserved 1093632K
  class space    used 6587K, capacity 7186K, committed 7296K, reserved 1048576K
Event: 15.541 GC heap after
Heap after GC invocations=12 (full 2):
 PSYoungGen      total 321024K, used 13809K [0x00000000d5b80000, 0x00000000eb080000, 0x0000000100000000)
  eden space 307200K, 0% used [0x00000000d5b80000,0x00000000d5b80000,0x00000000e8780000)
  from space 13824K, 99% used [0x00000000ea300000,0x00000000eb07c610,0x00000000eb080000)
  to   space 17408K, 0% used [0x00000000e8e80000,0x00000000e8e80000,0x00000000e9f80000)
 ParOldGen       total 74752K, used 20651K [0x0000000081200000, 0x0000000085b00000, 0x00000000d5b80000)
  object space 74752K, 27% used [0x0000000081200000,0x000000008262af68,0x0000000085b00000)
 Metaspace       used 47370K, capacity 50604K, committed 50816K, reserved 1093632K
  class space    used 6587K, capacity 7186K, committed 7296K, reserved 1048576K
}
Event: 36.795 GC heap before
{Heap before GC invocations=13 (full 2):
 PSYoungGen      total 321024K, used 321009K [0x00000000d5b80000, 0x00000000eb080000, 0x0000000100000000)
  eden space 307200K, 100% used [0x00000000d5b80000,0x00000000e8780000,0x00000000e8780000)
  from space 13824K, 99% used [0x00000000ea300000,0x00000000eb07c610,0x00000000eb080000)
  to   space 17408K, 0% used [0x00000000e8e80000,0x00000000e8e80000,0x00000000e9f80000)
 ParOldGen       total 74752K, used 20651K [0x0000000081200000, 0x0000000085b00000, 0x00000000d5b80000)
  object space 74752K, 27% used [0x0000000081200000,0x000000008262af68,0x0000000085b00000)
 Metaspace       used 49540K, capacity 52908K, committed 53120K, reserved 1095680K
  class space    used 6854K, capacity 7468K, committed 7552K, reserved 1048576K
Event: 36.805 GC heap after
Heap after GC invocations=13 (full 2):
 PSYoungGen      total 331776K, used 5334K [0x00000000d5b80000, 0x00000000f0800000, 0x0000000100000000)
  eden space 314368K, 0% used [0x00000000d5b80000,0x00000000d5b80000,0x00000000e8e80000)
  from space 17408K, 30% used [0x00000000e8e80000,0x00000000e93b58f0,0x00000000e9f80000)
  to   space 17408K, 0% used [0x00000000ef700000,0x00000000ef700000,0x00000000f0800000)
 ParOldGen       total 74752K, used 29923K [0x0000000081200000, 0x0000000085b00000, 0x00000000d5b80000)
  object space 74752K, 40% used [0x0000000081200000,0x0000000082f38ef0,0x0000000085b00000)
 Metaspace       used 49540K, capacity 52908K, committed 53120K, reserved 1095680K
  class space    used 6854K, capacity 7468K, committed 7552K, reserved 1048576K
}
Event: 44.061 GC heap before
{Heap before GC invocations=14 (full 2):
 PSYoungGen      total 331776K, used 319702K [0x00000000d5b80000, 0x00000000f0800000, 0x0000000100000000)
  eden space 314368K, 100% used [0x00000000d5b80000,0x00000000e8e80000,0x00000000e8e80000)
  from space 17408K, 30% used [0x00000000e8e80000,0x00000000e93b58f0,0x00000000e9f80000)
  to   space 17408K, 0% used [0x00000000ef700000,0x00000000ef700000,0x00000000f0800000)
 ParOldGen       total 74752K, used 29923K [0x0000000081200000, 0x0000000085b00000, 0x00000000d5b80000)
  object space 74752K, 40% used [0x0000000081200000,0x0000000082f38ef0,0x0000000085b00000)
 Metaspace       used 49585K, capacity 52916K, committed 53120K, reserved 1095680K
  class space    used 6859K, capacity 7470K, committed 7552K, reserved 1048576K
Event: 44.069 GC heap after
Heap after GC invocations=14 (full 2):
 PSYoungGen      total 416256K, used 525K [0x00000000d5b80000, 0x00000000f0600000, 0x0000000100000000)
  eden space 400896K, 0% used [0x00000000d5b80000,0x00000000d5b80000,0x00000000ee300000)
  from space 15360K, 3% used [0x00000000ef700000,0x00000000ef783670,0x00000000f0600000)
  to   space 17920K, 0% used [0x00000000ee300000,0x00000000ee300000,0x00000000ef480000)
 ParOldGen       total 74752K, used 33798K [0x0000000081200000, 0x0000000085b00000, 0x00000000d5b80000)
  object space 74752K, 45% used [0x0000000081200000,0x0000000083301aa8,0x0000000085b00000)
 Metaspace       used 49585K, capacity 52916K, committed 53120K, reserved 1095680K
  class space    used 6859K, capacity 7470K, committed 7552K, reserved 1048576K
}

